data dir
/lunarc/nobackup/users/albheim/EEG-klassificering
script
#!/bin/sh
#SBATCH -t 60:00:00
#SBATCH -J tdiffs5
#SBATCH -A lu2018-2-3
#// SBATCH -o stdout_%j.out
#// SBATCH -e stderr_%j.err

# shold be lu or gpu
#SBATCH -p gpu

# how many gpus, 4 per node, using many seems to crash more often so stick with 1
#SBATCH --gres=gpu:1

# use 5 cores per GPU
#SBATCH -n 5
#SBATCH --mem-per-cpu=3100

DATA_DIR="$(cat ../data_location.txt)"
echo "data dir"
echo $DATA_DIR

echo "script"
cat $0

PY_FILE="time_diff.py"
echo "py file"
cat $PY_FILE

echo "nvidia smi"
nvidia-smi

echo "start time"
date

cp -r "${DATA_DIR}/DATA" $SNIC_TMP
ls $SNIC_TMP
du -h "${SNIC_TMP}/DATA"

echo "copy done time"
date

python $PY_FILE $SNIC_TMP

echo "end time"
date
py file
import sys
from datetime import datetime

import numpy as np
from scipy import io

import tensorflow as tf

from keras.models import Sequential, Model
from keras.layers import Dense, Dropout, Input, GaussianNoise, BatchNormalization
from keras.layers import TimeDistributed, Lambda, AlphaDropout
from keras.layers import SimpleRNN, RNN, LSTM, GRU
from keras.layers import Conv1D, MaxPooling1D, Flatten
from keras.layers import ELU, PReLU, Activation, AveragePooling1D

from keras.optimizers import SGD, Adam, RMSprop, Nadam
from keras import backend as K

from tensorflow.python.client import device_lib
print(device_lib.list_local_devices())

import data
import util

# import data
x, y = data.load_single(cut=False, visual=True, transpose=True)
xt, yt = data.load_single(cut=False, visual=True, study=False, transpose=True)
print(x[0].shape, xt[0].shape)


#settings
splits = 10
n_subs = len(x)
bin_size = 40
n_bins = 6
p_size = bin_size * n_bins

start = 700
end = 1600
last = end - p_size
timepoints = range(start, last, bin_size)
steps = len(timepoints)

heatmap = np.zeros((steps, steps))


# create net
m_in = Input(shape=(p_size, 31))
m_noise = GaussianNoise(np.std(x[0][0] / 100))(m_in) # how much noice to have????

m_t = Conv1D(20, 64, padding='causal')(m_noise)
m_t = BatchNormalization()(m_t)
m_t = ELU()(m_t)
m_t = AveragePooling1D(2)(m_t)
m_t = Dropout(0.2)(m_t)

m_t = Conv1D(10, 32, padding='causal')(m_t)
m_t = BatchNormalization()(m_t)
m_t = ELU()(m_t)
m_t = AveragePooling1D(2)(m_t)
m_t = Dropout(0.3)(m_t)

m_t = Conv1D(7, 16, padding='causal')(m_t)
m_t = BatchNormalization()(m_t)
m_t = ELU()(m_t)
m_t = AveragePooling1D(2)(m_t)
m_t = Dropout(0.4)(m_t)

m_t = Flatten()(m_t)
# m_t = Dense(35)(m_t)
# m_t = BatchNormalization()(m_t)
# m_t = Activation('tanh')(m_t)
m_t = Dense(15)(m_t)
m_t = BatchNormalization()(m_t)
m_t = Activation('tanh')(m_t)
m_out = Dense(3, activation='softmax')(m_t)

model = Model(inputs=m_in, outputs=m_out)

m_save = model.get_config()
model.summary()

# train
for i in range(n_subs):
    n = x[i].shape[0]

    # get data for sub i
    i = 4
    xtr = x[i]
    ytr = y[i]
    xte = xt[i]
    yte = yt[i]

    for t in range(steps):
        # recreate model
        model = Model.from_config(m_save)
        model.compile(loss='categorical_crossentropy',
                      optimizer='adam',
                      metrics=['accuracy'])

        # train model for time t
        model.fit(xtr[:, timepoints[t]:timepoints[t]+p_size], ytr,
                  batch_size=8, epochs=50, verbose=0)

        for t2 in range(steps):
            # eval model on test data for time t2
            _, a = model.evaluate(xte[:, timepoints[t2]:timepoints[t2]+p_size], yte, verbose=0)
            heatmap[t, t2] += a

        K.clear_session()

heatmap /= n_subs
print(heatmap)
np.savetxt("timepoints_sub5_18reps.csv", heatmap, delimiter=',')

nvidia smi
Wed Apr 11 09:43:38 2018       
+-----------------------------------------------------------------------------+
| NVIDIA-SMI 384.81                 Driver Version: 384.81                    |
|-------------------------------+----------------------+----------------------+
| GPU  Name        Persistence-M| Bus-Id        Disp.A | Volatile Uncorr. ECC |
| Fan  Temp  Perf  Pwr:Usage/Cap|         Memory-Usage | GPU-Util  Compute M. |
|===============================+======================+======================|
|   0  Tesla K80           On   | 00000000:04:00.0 Off |                    0 |
| N/A   24C    P8    27W / 149W |      1MiB / 11439MiB |      0%      Default |
+-------------------------------+----------------------+----------------------+
|   1  Tesla K80           On   | 00000000:05:00.0 Off |                    0 |
| N/A   30C    P8    31W / 149W |      1MiB / 11439MiB |      0%      Default |
+-------------------------------+----------------------+----------------------+
|   2  Tesla K80           On   | 00000000:84:00.0 Off |                    0 |
| N/A   25C    P8    25W / 149W |      1MiB / 11439MiB |      0%      Default |
+-------------------------------+----------------------+----------------------+
|   3  Tesla K80           On   | 00000000:85:00.0 Off |                    0 |
| N/A   31C    P8    30W / 149W |      1MiB / 11439MiB |      0%      Default |
+-------------------------------+----------------------+----------------------+
                                                                               
+-----------------------------------------------------------------------------+
| Processes:                                                       GPU Memory |
|  GPU       PID   Type   Process name                             Usage      |
|=============================================================================|
|  No running processes found                                                 |
+-----------------------------------------------------------------------------+
start time
Wed Apr 11 09:43:38 CEST 2018
DATA
2.4G	/local/slurmtmp.605333/DATA/Visual
2.4G	/local/slurmtmp.605333/DATA/Verbal
388M	/local/slurmtmp.605333/DATA/Modified/marginal
2.9G	/local/slurmtmp.605333/DATA/Modified/spectogram
3.3G	/local/slurmtmp.605333/DATA/Modified
7.9G	/local/slurmtmp.605333/DATA
copy done time
Wed Apr 11 09:45:27 CEST 2018
2018-04-11 09:45:35.039685: I tensorflow/core/platform/cpu_feature_guard.cc:137] Your CPU supports instructions that this TensorFlow binary was not compiled to use: SSE4.1 SSE4.2 AVX AVX2 FMA
2018-04-11 09:45:35.143607: E tensorflow/stream_executor/cuda/cuda_driver.cc:406] failed call to cuInit: CUDA_ERROR_NOT_INITIALIZED
2018-04-11 09:45:35.143746: I tensorflow/stream_executor/cuda/cuda_diagnostics.cc:158] retrieving CUDA diagnostic information for host: ag05
2018-04-11 09:45:35.143780: I tensorflow/stream_executor/cuda/cuda_diagnostics.cc:165] hostname: ag05
2018-04-11 09:45:35.143878: I tensorflow/stream_executor/cuda/cuda_diagnostics.cc:189] libcuda reported version is: 384.81.0
2018-04-11 09:45:35.143939: I tensorflow/stream_executor/cuda/cuda_diagnostics.cc:369] driver version file contents: """NVRM version: NVIDIA UNIX x86_64 Kernel Module  384.81  Sat Sep  2 02:43:11 PDT 2017
GCC version:  gcc version 4.8.5 20150623 (Red Hat 4.8.5-16) (GCC) 
"""
2018-04-11 09:45:35.143990: I tensorflow/stream_executor/cuda/cuda_diagnostics.cc:193] kernel reported version is: 384.81.0
2018-04-11 09:45:35.144019: I tensorflow/stream_executor/cuda/cuda_diagnostics.cc:300] kernel version seems to match DSO: 384.81.0
/home/albheim/.conda/envs/test/lib/python3.6/site-packages/h5py/__init__.py:36: FutureWarning: Conversion of the second argument of issubdtype from `float` to `np.floating` is deprecated. In future, it will be treated as `np.float64 == np.dtype(float).type`.
  from ._conv import register_converters as _register_converters
Using TensorFlow backend.
[name: "/device:CPU:0"
device_type: "CPU"
memory_limit: 268435456
locality {
}
incarnation: 17723078025800551714
]
loading:  Subj01_CleanData_study_FA
loading:  Subj01_CleanData_study_LM
loading:  Subj01_CleanData_study_OB
loading:  Subj02_CleanData_study_FA
loading:  Subj02_CleanData_study_LM
loading:  Subj02_CleanData_study_OB
loading:  Subj03_CleanData_study_FA
loading:  Subj03_CleanData_study_LM
loading:  Subj03_CleanData_study_OB
loading:  Subj04_CleanData_study_FA
loading:  Subj04_CleanData_study_LM
loading:  Subj04_CleanData_study_OB
loading:  Subj05_CleanData_study_FA
loading:  Subj05_CleanData_study_LM
loading:  Subj05_CleanData_study_OB
loading:  Subj06_CleanData_study_FA
loading:  Subj06_CleanData_study_LM
loading:  Subj06_CleanData_study_OB
loading:  Subj07_CleanData_study_FA
loading:  Subj07_CleanData_study_LM
loading:  Subj07_CleanData_study_OB
loading:  Subj08_CleanData_study_FA
loading:  Subj08_CleanData_study_LM
loading:  Subj08_CleanData_study_OB
loading:  Subj09_CleanData_study_FA
loading:  Subj09_CleanData_study_LM
loading:  Subj09_CleanData_study_OB
loading:  Subj11_CleanData_study_FA
loading:  Subj11_CleanData_study_LM
loading:  Subj11_CleanData_study_OB
loading:  Subj12_CleanData_study_FA
loading:  Subj12_CleanData_study_LM
loading:  Subj12_CleanData_study_OB
loading:  Subj13_CleanData_study_FA
loading:  Subj13_CleanData_study_LM
loading:  Subj13_CleanData_study_OB
loading:  Subj14_CleanData_study_FA
loading:  Subj14_CleanData_study_LM
loading:  Subj14_CleanData_study_OB
loading:  Subj15_CleanData_study_FA
loading:  Subj15_CleanData_study_LM
loading:  Subj15_CleanData_study_OB
loading:  Subj16_CleanData_study_FA
loading:  Subj16_CleanData_study_LM
loading:  Subj16_CleanData_study_OB
loading:  Subj17_CleanData_study_FA
loading:  Subj17_CleanData_study_LM
loading:  Subj17_CleanData_study_OB
loading:  Subj18_CleanData_study_FA
loading:  Subj18_CleanData_study_LM
loading:  Subj18_CleanData_study_OB
loading:  Subj19_CleanData_study_FA
loading:  Subj19_CleanData_study_LM
loading:  Subj19_CleanData_study_OB
loading:  Subj01_CleanData_test_FA_visual
loading:  Subj01_CleanData_test_LM_visual
loading:  Subj01_CleanData_test_OB_visual
loading:  Subj02_CleanData_test_FA_visual
loading:  Subj02_CleanData_test_LM_visual
loading:  Subj02_CleanData_test_OB_visual
loading:  Subj03_CleanData_test_FA_visual
loading:  Subj03_CleanData_test_LM_visual
loading:  Subj03_CleanData_test_OB_visual
loading:  Subj04_CleanData_test_FA_visual
loading:  Subj04_CleanData_test_LM_visual
loading:  Subj04_CleanData_test_OB_visual
loading:  Subj05_CleanData_test_FA_visual
loading:  Subj05_CleanData_test_LM_visual
loading:  Subj05_CleanData_test_OB_visual
loading:  Subj06_CleanData_test_FA_visual
loading:  Subj06_CleanData_test_LM_visual
loading:  Subj06_CleanData_test_OB_visual
loading:  Subj07_CleanData_test_FA_visual
loading:  Subj07_CleanData_test_LM_visual
loading:  Subj07_CleanData_test_OB_visual
loading:  Subj08_CleanData_test_FA_visual
loading:  Subj08_CleanData_test_LM_visual
loading:  Subj08_CleanData_test_OB_visual
loading:  Subj09_CleanData_test_FA_visual
loading:  Subj09_CleanData_test_LM_visual
loading:  Subj09_CleanData_test_OB_visual
loading:  Subj11_CleanData_test_FA_visual
loading:  Subj11_CleanData_test_LM_visual
loading:  Subj11_CleanData_test_OB_visual
loading:  Subj12_CleanData_test_FA_visual
loading:  Subj12_CleanData_test_LM_visual
loading:  Subj12_CleanData_test_OB_visual
loading:  Subj13_CleanData_test_FA_visual
loading:  Subj13_CleanData_test_LM_visual
loading:  Subj13_CleanData_test_OB_visual
loading:  Subj14_CleanData_test_FA_visual
loading:  Subj14_CleanData_test_LM_visual
loading:  Subj14_CleanData_test_OB_visual
loading:  Subj15_CleanData_test_FA_visual
loading:  Subj15_CleanData_test_LM_visual
loading:  Subj15_CleanData_test_OB_visual
loading:  Subj16_CleanData_test_FA_visual
loading:  Subj16_CleanData_test_LM_visual
loading:  Subj16_CleanData_test_OB_visual
loading:  Subj17_CleanData_test_FA_visual
loading:  Subj17_CleanData_test_LM_visual
loading:  Subj17_CleanData_test_OB_visual
loading:  Subj18_CleanData_test_FA_visual
loading:  Subj18_CleanData_test_LM_visual
loading:  Subj18_CleanData_test_OB_visual
loading:  Subj19_CleanData_test_FA_visual
loading:  Subj19_CleanData_test_LM_visual
loading:  Subj19_CleanData_test_OB_visual
(185, 2049, 31) (90, 2049, 31)
_________________________________________________________________
Layer (type)                 Output Shape              Param #   
=================================================================
input_1 (InputLayer)         (None, 240, 31)           0         
_________________________________________________________________
gaussian_noise_1 (GaussianNo (None, 240, 31)           0         
_________________________________________________________________
conv1d_1 (Conv1D)            (None, 240, 20)           39700     
_________________________________________________________________
batch_normalization_1 (Batch (None, 240, 20)           80        
_________________________________________________________________
elu_1 (ELU)                  (None, 240, 20)           0         
_________________________________________________________________
average_pooling1d_1 (Average (None, 120, 20)           0         
_________________________________________________________________
dropout_1 (Dropout)          (None, 120, 20)           0         
_________________________________________________________________
conv1d_2 (Conv1D)            (None, 120, 10)           6410      
_________________________________________________________________
batch_normalization_2 (Batch (None, 120, 10)           40        
_________________________________________________________________
elu_2 (ELU)                  (None, 120, 10)           0         
_________________________________________________________________
average_pooling1d_2 (Average (None, 60, 10)            0         
_________________________________________________________________
dropout_2 (Dropout)          (None, 60, 10)            0         
_________________________________________________________________
conv1d_3 (Conv1D)            (None, 60, 7)             1127      
_________________________________________________________________
batch_normalization_3 (Batch (None, 60, 7)             28        
_________________________________________________________________
elu_3 (ELU)                  (None, 60, 7)             0         
_________________________________________________________________
average_pooling1d_3 (Average (None, 30, 7)             0         
_________________________________________________________________
dropout_3 (Dropout)          (None, 30, 7)             0         
_________________________________________________________________
flatten_1 (Flatten)          (None, 210)               0         
_________________________________________________________________
dense_1 (Dense)              (None, 15)                3165      
_________________________________________________________________
batch_normalization_4 (Batch (None, 15)                60        
_________________________________________________________________
activation_1 (Activation)    (None, 15)                0         
_________________________________________________________________
dense_2 (Dense)              (None, 3)                 48        
=================================================================
Total params: 50,658
Trainable params: 50,554
Non-trainable params: 104
_________________________________________________________________
[[0.32262997 0.26605505 0.35219164 0.31141692 0.39755352 0.3312946
  0.32721713 0.35015291 0.34250765 0.34199796 0.33384302 0.29969419
  0.30020387 0.28950051 0.32517839 0.32517839 0.32364934]
 [0.32466871 0.33588175 0.24821611 0.33588175 0.34250765 0.39347605
  0.31549439 0.33639144 0.36238532 0.37461774 0.34760449 0.29918451
  0.31906218 0.33384302 0.27624873 0.31651376 0.33027523]
 [0.3088685  0.33180428 0.35066259 0.27420999 0.34658512 0.34964322
  0.39194699 0.32313965 0.32874618 0.33843017 0.3343527  0.3216106
  0.33944954 0.31447503 0.36697248 0.29204893 0.31243629]
 [0.33282365 0.31498471 0.30937819 0.35066259 0.25229358 0.3440367
  0.32313965 0.37359837 0.3058104  0.33843017 0.33944954 0.3567788
  0.32466871 0.34811417 0.35219164 0.34505607 0.28899083]
 [0.31906218 0.31549439 0.3058104  0.32670744 0.36442406 0.28644241
  0.34607543 0.32619776 0.34862385 0.3312946  0.36391437 0.37206932
  0.35270133 0.30784913 0.31345566 0.34862385 0.34250765]
 [0.30377166 0.32364934 0.27522936 0.30173293 0.31651376 0.32364934
  0.3185525  0.34352701 0.32466871 0.32110092 0.31243629 0.35728848
  0.34913354 0.38837921 0.31345566 0.31039755 0.34097859]
 [0.30479103 0.30682977 0.28797146 0.30632008 0.34454638 0.35015291
  0.3440367  0.34556575 0.372579   0.32874618 0.30530071 0.32262997
  0.34097859 0.30937819 0.32976555 0.32059123 0.29663609]
 [0.31549439 0.26299694 0.27268094 0.29153925 0.30835882 0.33588175
  0.37155963 0.34250765 0.36646279 0.36646279 0.34454638 0.3440367
  0.36493374 0.36799185 0.31345566 0.37206932 0.31294597]
 [0.31294597 0.27675841 0.26350663 0.27828746 0.30326198 0.34505607
  0.34607543 0.34250765 0.33537207 0.36289501 0.38939857 0.36136595
  0.3567788  0.34964322 0.38837921 0.33690112 0.35066259]
 [0.31957187 0.31549439 0.26044852 0.25025484 0.28389399 0.33995923
  0.31192661 0.37461774 0.33588175 0.37767584 0.38634047 0.37104995
  0.39194699 0.32874618 0.34607543 0.35270133 0.32823649]
 [0.30428135 0.34913354 0.31804281 0.30377166 0.3312946  0.31090724
  0.30784913 0.35219164 0.38175331 0.32364934 0.32976555 0.37869521
  0.35372069 0.35728848 0.32976555 0.35881753 0.35117227]
 [0.30632008 0.31651376 0.33843017 0.29816514 0.31345566 0.33944954
  0.3440367  0.3185525  0.31906218 0.3853211  0.36901121 0.32262997
  0.32670744 0.33384302 0.34556575 0.34352701 0.35423038]
 [0.31549439 0.30682977 0.33944954 0.35117227 0.32823649 0.31141692
  0.33231397 0.34250765 0.30173293 0.32466871 0.37308869 0.39245668
  0.32976555 0.31906218 0.3088685  0.34964322 0.37767584]
 [0.30071356 0.29510703 0.30632008 0.3216106  0.37461774 0.30835882
  0.33995923 0.34199796 0.35270133 0.29969419 0.34046891 0.37716616
  0.37563711 0.3343527  0.31549439 0.31039755 0.33078491]
 [0.32415902 0.31702345 0.30275229 0.28083588 0.33792049 0.34811417
  0.29153925 0.32212029 0.34811417 0.31090724 0.32517839 0.37206932
  0.39551478 0.37359837 0.3216106  0.27828746 0.28797146]
 [0.32008155 0.30224261 0.32772681 0.33537207 0.28236493 0.36034659
  0.32772681 0.34199796 0.34964322 0.33588175 0.29714577 0.36748216
  0.38735984 0.38073395 0.33995923 0.33690112 0.31396534]
 [0.35881753 0.32823649 0.29867482 0.32568807 0.32212029 0.30937819
  0.34046891 0.35066259 0.32670744 0.34097859 0.34607543 0.32823649
  0.34964322 0.36391437 0.36442406 0.37767584 0.34148828]]
end time
Wed Apr 11 12:08:17 CEST 2018
slurmstepd: error: Exceeded step memory limit at some point.
