data dir
/lunarc/nobackup/users/albheim/EEG-klassificering
script
#!/bin/sh
#SBATCH -t 60:00:00
#SBATCH -J lstmbest
#SBATCH -A lu2018-2-3
#// SBATCH -o stdout_%j.out
#// SBATCH -e stderr_%j.err

# shold be lu or gpu
#SBATCH -p gpu

# how many gpus, 4 per node, using many seems to crash more often so stick with 1
#SBATCH --gres=gpu:1

# use 5 cores per GPU
#SBATCH -n 5
#SBATCH --mem-per-cpu=3100

DATA_DIR="$(cat ../data_location.txt)"
echo "data dir"
echo $DATA_DIR

echo "script"
cat $0

PY_FILE="lstm.py"
echo "py file"
cat $PY_FILE

echo "nvidia smi"
nvidia-smi

echo "start time"
date

CURR_DIR="$(pwd)"
cd $DATA_DIR
cp -r --parents DATA/Visual $SNIC_TMP
cd $CURR_DIR
ls $SNIC_TMP
du -h "${SNIC_TMP}/DATA"

echo "copy done time"
date

python $PY_FILE $SNIC_TMP

echo "end time"
date
py file
import sys

import numpy as np
from scipy import io

import tensorflow as tf

from keras.models import Model, Sequential
from keras.layers import Dense, Dropout, Flatten, Input, Activation
from keras.layers import Conv2D, MaxPooling2D
from keras.layers import TimeDistributed
from keras.layers import Lambda, concatenate
from keras.layers import CuDNNLSTM, CuDNNGRU, SimpleRNN, RNN, LSTM, GRU

from keras.optimizers import SGD, Adam, RMSprop, Nadam
from keras import backend as K

from tensorflow.python.client import device_lib
print(device_lib.list_local_devices())

import data
import util


x, y = data.load_single(cut=True, visual=True, transpose=True)
xt, yt = data.load_single(cut=True, visual=True, study=False, transpose=True)
    
print(x[0].shape, xt[0].shape)

splits = 10
n_subs = len(x)
n_models = 3
msets = [None for j in range(n_models)]
accs = [0 for j in range(n_models)]
accs2 = [0 for j in range(n_models)]


for j in range(n_models):

    msets[j] = " " # mset

    m_in = Input(shape=x[0][0].shape)

    m_t = LSTM(70, return_sequences=True)(m_in)
    m_t = Dropout(0.5)(m_t)
    m_t = LSTM(25)(m_t)
    m_t = Dropout(0.36)(m_t)

    m_out = Dense(3, activation='softmax')(m_t)

    model = Model(inputs=m_in, outputs=m_out)

    m_save = model.get_config()
    if j == 0:
        model.summary()

    avgacc = 0
    avgacc2 = 0
    for i in range(n_subs):
        n = x[i].shape[0]
        acc = 0
        acc2 = 0
        for tr, val in util.kfold(n, splits, shuffle=True):
            # recreate model
            model = Model.from_config(m_save)
            model.compile(loss='categorical_crossentropy',
                          optimizer='adam',
                          metrics=['accuracy'])
            # print(len(model.get_weights()))
            # print(model.get_weights()[0].shape)

            # fit with next kfold data
            h = model.fit(x[i][tr], y[i][tr],
                          # validation_data=(x[i][val], y[i][val]),
                          batch_size=64, epochs=50, verbose=0)
            h = h.history

            # vals += np.sum(np.absolute(model.get_weights()[0]), (0, 2))
            _, a = model.evaluate(x[i][val], y[i][val], verbose=0)
            _, a2 = model.evaluate(xt[i], yt[i], verbose=0)
            acc += a
            acc2 += a2

        K.clear_session()

        acc /= splits
        acc2 /= splits
        avgacc += acc
        avgacc2 += acc2

        print("subject {}, avg accuracy {}/{} over {} splits".format(i + 1 if i + 1 < 10 else i + 2,
                                                                     acc, acc2, splits))

    avgacc /= n_subs
    accs[j] = avgacc
    avgacc2 /= n_subs
    accs2[j] = avgacc2
    print("avg accuracy over all subjects {}/{}".format(avgacc, avgacc2))

# print("channel values")
# for v in vals:
    # print(v)

for a, a2 in sorted(zip(accs, accs2)):
    print("acc {}/{}\n".format(a, a2))

print("avg over all trials and subjects {}/{}".format(sum(accs) / len(accs), sum(accs2) / len(accs2)))
nvidia smi
Tue May 15 10:11:18 2018       
+-----------------------------------------------------------------------------+
| NVIDIA-SMI 390.46                 Driver Version: 390.46                    |
|-------------------------------+----------------------+----------------------+
| GPU  Name        Persistence-M| Bus-Id        Disp.A | Volatile Uncorr. ECC |
| Fan  Temp  Perf  Pwr:Usage/Cap|         Memory-Usage | GPU-Util  Compute M. |
|===============================+======================+======================|
|   0  Tesla K80           On   | 00000000:04:00.0 Off |                    0 |
| N/A   47C    P0    81W / 149W |  10975MiB / 11441MiB |     19%      Default |
+-------------------------------+----------------------+----------------------+
|   1  Tesla K80           On   | 00000000:05:00.0 Off |                    0 |
| N/A   77C    P0   147W / 149W |  10975MiB / 11441MiB |     71%      Default |
+-------------------------------+----------------------+----------------------+
|   2  Tesla K80           On   | 00000000:84:00.0 Off |                    0 |
| N/A   36C    P0    68W / 149W |  10920MiB / 11441MiB |     45%      Default |
+-------------------------------+----------------------+----------------------+
|   3  Tesla K80           On   | 00000000:85:00.0 Off |                    0 |
| N/A   35C    P8    30W / 149W |      0MiB / 11441MiB |      0%      Default |
+-------------------------------+----------------------+----------------------+
                                                                               
+-----------------------------------------------------------------------------+
| Processes:                                                       GPU Memory |
|  GPU       PID   Type   Process name                             Usage      |
|=============================================================================|
|    0    314021      C   python                                     10962MiB |
|    1    314147      C   python                                     10962MiB |
|    2    315166      C   python                                     10907MiB |
+-----------------------------------------------------------------------------+
start time
Tue May 15 10:11:18 CEST 2018
DATA
2.4G	/local/slurmtmp.768310/DATA/Visual
2.4G	/local/slurmtmp.768310/DATA
copy done time
Tue May 15 10:11:20 CEST 2018
2018-05-15 10:11:21.921176: I tensorflow/core/platform/cpu_feature_guard.cc:137] Your CPU supports instructions that this TensorFlow binary was not compiled to use: SSE4.1 SSE4.2 AVX AVX2 FMA
2018-05-15 10:11:22.105341: I tensorflow/core/common_runtime/gpu/gpu_device.cc:1030] Found device 0 with properties: 
name: Tesla K80 major: 3 minor: 7 memoryClockRate(GHz): 0.8235
pciBusID: 0000:85:00.0
totalMemory: 11.17GiB freeMemory: 11.10GiB
2018-05-15 10:11:22.105444: I tensorflow/core/common_runtime/gpu/gpu_device.cc:1120] Creating TensorFlow device (/device:GPU:0) -> (device: 0, name: Tesla K80, pci bus id: 0000:85:00.0, compute capability: 3.7)
2018-05-15 10:11:43.166498: I tensorflow/core/common_runtime/gpu/gpu_device.cc:1120] Creating TensorFlow device (/device:GPU:0) -> (device: 0, name: Tesla K80, pci bus id: 0000:85:00.0, compute capability: 3.7)
2018-05-15 11:08:09.540374: I tensorflow/core/common_runtime/gpu/gpu_device.cc:1120] Creating TensorFlow device (/device:GPU:0) -> (device: 0, name: Tesla K80, pci bus id: 0000:85:00.0, compute capability: 3.7)
2018-05-15 12:02:45.060254: I tensorflow/core/common_runtime/gpu/gpu_device.cc:1120] Creating TensorFlow device (/device:GPU:0) -> (device: 0, name: Tesla K80, pci bus id: 0000:85:00.0, compute capability: 3.7)
2018-05-15 12:57:01.339561: I tensorflow/core/common_runtime/gpu/gpu_device.cc:1120] Creating TensorFlow device (/device:GPU:0) -> (device: 0, name: Tesla K80, pci bus id: 0000:85:00.0, compute capability: 3.7)
2018-05-15 13:51:08.081106: I tensorflow/core/common_runtime/gpu/gpu_device.cc:1120] Creating TensorFlow device (/device:GPU:0) -> (device: 0, name: Tesla K80, pci bus id: 0000:85:00.0, compute capability: 3.7)
2018-05-15 14:45:37.228413: I tensorflow/core/common_runtime/gpu/gpu_device.cc:1120] Creating TensorFlow device (/device:GPU:0) -> (device: 0, name: Tesla K80, pci bus id: 0000:85:00.0, compute capability: 3.7)
2018-05-15 15:39:48.998141: I tensorflow/core/common_runtime/gpu/gpu_device.cc:1120] Creating TensorFlow device (/device:GPU:0) -> (device: 0, name: Tesla K80, pci bus id: 0000:85:00.0, compute capability: 3.7)
2018-05-15 16:34:05.417311: I tensorflow/core/common_runtime/gpu/gpu_device.cc:1120] Creating TensorFlow device (/device:GPU:0) -> (device: 0, name: Tesla K80, pci bus id: 0000:85:00.0, compute capability: 3.7)
2018-05-15 17:28:45.983117: I tensorflow/core/common_runtime/gpu/gpu_device.cc:1120] Creating TensorFlow device (/device:GPU:0) -> (device: 0, name: Tesla K80, pci bus id: 0000:85:00.0, compute capability: 3.7)
2018-05-15 18:23:15.273378: I tensorflow/core/common_runtime/gpu/gpu_device.cc:1120] Creating TensorFlow device (/device:GPU:0) -> (device: 0, name: Tesla K80, pci bus id: 0000:85:00.0, compute capability: 3.7)
2018-05-15 19:17:36.869281: I tensorflow/core/common_runtime/gpu/gpu_device.cc:1120] Creating TensorFlow device (/device:GPU:0) -> (device: 0, name: Tesla K80, pci bus id: 0000:85:00.0, compute capability: 3.7)
2018-05-15 20:12:34.056283: I tensorflow/core/common_runtime/gpu/gpu_device.cc:1120] Creating TensorFlow device (/device:GPU:0) -> (device: 0, name: Tesla K80, pci bus id: 0000:85:00.0, compute capability: 3.7)
2018-05-15 21:06:11.387475: I tensorflow/core/common_runtime/gpu/gpu_device.cc:1120] Creating TensorFlow device (/device:GPU:0) -> (device: 0, name: Tesla K80, pci bus id: 0000:85:00.0, compute capability: 3.7)
2018-05-15 21:59:19.135356: I tensorflow/core/common_runtime/gpu/gpu_device.cc:1120] Creating TensorFlow device (/device:GPU:0) -> (device: 0, name: Tesla K80, pci bus id: 0000:85:00.0, compute capability: 3.7)
2018-05-15 22:52:57.037405: I tensorflow/core/common_runtime/gpu/gpu_device.cc:1120] Creating TensorFlow device (/device:GPU:0) -> (device: 0, name: Tesla K80, pci bus id: 0000:85:00.0, compute capability: 3.7)
2018-05-15 23:46:23.012124: I tensorflow/core/common_runtime/gpu/gpu_device.cc:1120] Creating TensorFlow device (/device:GPU:0) -> (device: 0, name: Tesla K80, pci bus id: 0000:85:00.0, compute capability: 3.7)
2018-05-16 00:39:42.579748: I tensorflow/core/common_runtime/gpu/gpu_device.cc:1120] Creating TensorFlow device (/device:GPU:0) -> (device: 0, name: Tesla K80, pci bus id: 0000:85:00.0, compute capability: 3.7)
2018-05-16 01:33:27.206123: I tensorflow/core/common_runtime/gpu/gpu_device.cc:1120] Creating TensorFlow device (/device:GPU:0) -> (device: 0, name: Tesla K80, pci bus id: 0000:85:00.0, compute capability: 3.7)
2018-05-16 02:26:50.460066: I tensorflow/core/common_runtime/gpu/gpu_device.cc:1120] Creating TensorFlow device (/device:GPU:0) -> (device: 0, name: Tesla K80, pci bus id: 0000:85:00.0, compute capability: 3.7)
2018-05-16 03:20:05.853903: I tensorflow/core/common_runtime/gpu/gpu_device.cc:1120] Creating TensorFlow device (/device:GPU:0) -> (device: 0, name: Tesla K80, pci bus id: 0000:85:00.0, compute capability: 3.7)
2018-05-16 04:13:39.302529: I tensorflow/core/common_runtime/gpu/gpu_device.cc:1120] Creating TensorFlow device (/device:GPU:0) -> (device: 0, name: Tesla K80, pci bus id: 0000:85:00.0, compute capability: 3.7)
2018-05-16 05:07:08.219120: I tensorflow/core/common_runtime/gpu/gpu_device.cc:1120] Creating TensorFlow device (/device:GPU:0) -> (device: 0, name: Tesla K80, pci bus id: 0000:85:00.0, compute capability: 3.7)
2018-05-16 06:00:32.309705: I tensorflow/core/common_runtime/gpu/gpu_device.cc:1120] Creating TensorFlow device (/device:GPU:0) -> (device: 0, name: Tesla K80, pci bus id: 0000:85:00.0, compute capability: 3.7)
2018-05-16 06:54:49.724105: I tensorflow/core/common_runtime/gpu/gpu_device.cc:1120] Creating TensorFlow device (/device:GPU:0) -> (device: 0, name: Tesla K80, pci bus id: 0000:85:00.0, compute capability: 3.7)
2018-05-16 07:48:29.088899: I tensorflow/core/common_runtime/gpu/gpu_device.cc:1120] Creating TensorFlow device (/device:GPU:0) -> (device: 0, name: Tesla K80, pci bus id: 0000:85:00.0, compute capability: 3.7)
2018-05-16 08:41:53.819425: I tensorflow/core/common_runtime/gpu/gpu_device.cc:1120] Creating TensorFlow device (/device:GPU:0) -> (device: 0, name: Tesla K80, pci bus id: 0000:85:00.0, compute capability: 3.7)
2018-05-16 09:35:41.318052: I tensorflow/core/common_runtime/gpu/gpu_device.cc:1120] Creating TensorFlow device (/device:GPU:0) -> (device: 0, name: Tesla K80, pci bus id: 0000:85:00.0, compute capability: 3.7)
2018-05-16 10:29:03.519351: I tensorflow/core/common_runtime/gpu/gpu_device.cc:1120] Creating TensorFlow device (/device:GPU:0) -> (device: 0, name: Tesla K80, pci bus id: 0000:85:00.0, compute capability: 3.7)
2018-05-16 11:22:17.128244: I tensorflow/core/common_runtime/gpu/gpu_device.cc:1120] Creating TensorFlow device (/device:GPU:0) -> (device: 0, name: Tesla K80, pci bus id: 0000:85:00.0, compute capability: 3.7)
2018-05-16 12:15:33.736241: I tensorflow/core/common_runtime/gpu/gpu_device.cc:1120] Creating TensorFlow device (/device:GPU:0) -> (device: 0, name: Tesla K80, pci bus id: 0000:85:00.0, compute capability: 3.7)
2018-05-16 13:09:04.944212: I tensorflow/core/common_runtime/gpu/gpu_device.cc:1120] Creating TensorFlow device (/device:GPU:0) -> (device: 0, name: Tesla K80, pci bus id: 0000:85:00.0, compute capability: 3.7)
2018-05-16 14:02:20.326498: I tensorflow/core/common_runtime/gpu/gpu_device.cc:1120] Creating TensorFlow device (/device:GPU:0) -> (device: 0, name: Tesla K80, pci bus id: 0000:85:00.0, compute capability: 3.7)
2018-05-16 14:55:17.578981: I tensorflow/core/common_runtime/gpu/gpu_device.cc:1120] Creating TensorFlow device (/device:GPU:0) -> (device: 0, name: Tesla K80, pci bus id: 0000:85:00.0, compute capability: 3.7)
2018-05-16 15:48:34.094627: I tensorflow/core/common_runtime/gpu/gpu_device.cc:1120] Creating TensorFlow device (/device:GPU:0) -> (device: 0, name: Tesla K80, pci bus id: 0000:85:00.0, compute capability: 3.7)
2018-05-16 16:41:58.009310: I tensorflow/core/common_runtime/gpu/gpu_device.cc:1120] Creating TensorFlow device (/device:GPU:0) -> (device: 0, name: Tesla K80, pci bus id: 0000:85:00.0, compute capability: 3.7)
2018-05-16 17:35:31.017023: I tensorflow/core/common_runtime/gpu/gpu_device.cc:1120] Creating TensorFlow device (/device:GPU:0) -> (device: 0, name: Tesla K80, pci bus id: 0000:85:00.0, compute capability: 3.7)
2018-05-16 18:29:20.869258: I tensorflow/core/common_runtime/gpu/gpu_device.cc:1120] Creating TensorFlow device (/device:GPU:0) -> (device: 0, name: Tesla K80, pci bus id: 0000:85:00.0, compute capability: 3.7)
2018-05-16 19:23:08.902367: I tensorflow/core/common_runtime/gpu/gpu_device.cc:1120] Creating TensorFlow device (/device:GPU:0) -> (device: 0, name: Tesla K80, pci bus id: 0000:85:00.0, compute capability: 3.7)
2018-05-16 20:17:20.407710: I tensorflow/core/common_runtime/gpu/gpu_device.cc:1120] Creating TensorFlow device (/device:GPU:0) -> (device: 0, name: Tesla K80, pci bus id: 0000:85:00.0, compute capability: 3.7)
2018-05-16 21:11:23.597509: I tensorflow/core/common_runtime/gpu/gpu_device.cc:1120] Creating TensorFlow device (/device:GPU:0) -> (device: 0, name: Tesla K80, pci bus id: 0000:85:00.0, compute capability: 3.7)
2018-05-16 22:05:27.629831: I tensorflow/core/common_runtime/gpu/gpu_device.cc:1120] Creating TensorFlow device (/device:GPU:0) -> (device: 0, name: Tesla K80, pci bus id: 0000:85:00.0, compute capability: 3.7)
2018-05-16 22:59:45.877132: I tensorflow/core/common_runtime/gpu/gpu_device.cc:1120] Creating TensorFlow device (/device:GPU:0) -> (device: 0, name: Tesla K80, pci bus id: 0000:85:00.0, compute capability: 3.7)
2018-05-16 23:54:07.543261: I tensorflow/core/common_runtime/gpu/gpu_device.cc:1120] Creating TensorFlow device (/device:GPU:0) -> (device: 0, name: Tesla K80, pci bus id: 0000:85:00.0, compute capability: 3.7)
2018-05-17 00:48:26.306607: I tensorflow/core/common_runtime/gpu/gpu_device.cc:1120] Creating TensorFlow device (/device:GPU:0) -> (device: 0, name: Tesla K80, pci bus id: 0000:85:00.0, compute capability: 3.7)
2018-05-17 01:43:17.756454: I tensorflow/core/common_runtime/gpu/gpu_device.cc:1120] Creating TensorFlow device (/device:GPU:0) -> (device: 0, name: Tesla K80, pci bus id: 0000:85:00.0, compute capability: 3.7)
2018-05-17 02:37:07.667512: I tensorflow/core/common_runtime/gpu/gpu_device.cc:1120] Creating TensorFlow device (/device:GPU:0) -> (device: 0, name: Tesla K80, pci bus id: 0000:85:00.0, compute capability: 3.7)
2018-05-17 03:32:06.897106: I tensorflow/core/common_runtime/gpu/gpu_device.cc:1120] Creating TensorFlow device (/device:GPU:0) -> (device: 0, name: Tesla K80, pci bus id: 0000:85:00.0, compute capability: 3.7)
2018-05-17 04:26:13.760263: I tensorflow/core/common_runtime/gpu/gpu_device.cc:1120] Creating TensorFlow device (/device:GPU:0) -> (device: 0, name: Tesla K80, pci bus id: 0000:85:00.0, compute capability: 3.7)
2018-05-17 05:20:51.720288: I tensorflow/core/common_runtime/gpu/gpu_device.cc:1120] Creating TensorFlow device (/device:GPU:0) -> (device: 0, name: Tesla K80, pci bus id: 0000:85:00.0, compute capability: 3.7)
2018-05-17 06:15:02.949863: I tensorflow/core/common_runtime/gpu/gpu_device.cc:1120] Creating TensorFlow device (/device:GPU:0) -> (device: 0, name: Tesla K80, pci bus id: 0000:85:00.0, compute capability: 3.7)
2018-05-17 07:09:39.849650: I tensorflow/core/common_runtime/gpu/gpu_device.cc:1120] Creating TensorFlow device (/device:GPU:0) -> (device: 0, name: Tesla K80, pci bus id: 0000:85:00.0, compute capability: 3.7)
2018-05-17 08:04:02.282777: I tensorflow/core/common_runtime/gpu/gpu_device.cc:1120] Creating TensorFlow device (/device:GPU:0) -> (device: 0, name: Tesla K80, pci bus id: 0000:85:00.0, compute capability: 3.7)
2018-05-17 08:58:04.041642: I tensorflow/core/common_runtime/gpu/gpu_device.cc:1120] Creating TensorFlow device (/device:GPU:0) -> (device: 0, name: Tesla K80, pci bus id: 0000:85:00.0, compute capability: 3.7)
2018-05-17 09:51:42.469663: I tensorflow/core/common_runtime/gpu/gpu_device.cc:1120] Creating TensorFlow device (/device:GPU:0) -> (device: 0, name: Tesla K80, pci bus id: 0000:85:00.0, compute capability: 3.7)
/home/albheim/.conda/envs/test/lib/python3.6/site-packages/h5py/__init__.py:36: FutureWarning: Conversion of the second argument of issubdtype from `float` to `np.floating` is deprecated. In future, it will be treated as `np.float64 == np.dtype(float).type`.
  from ._conv import register_converters as _register_converters
Using TensorFlow backend.
[name: "/device:CPU:0"
device_type: "CPU"
memory_limit: 268435456
locality {
}
incarnation: 731142326993595356
, name: "/device:GPU:0"
device_type: "GPU"
memory_limit: 11325135258
locality {
  bus_id: 2
}
incarnation: 13613354581425576696
physical_device_desc: "device: 0, name: Tesla K80, pci bus id: 0000:85:00.0, compute capability: 3.7"
]
loading:  Subj01_CleanData_study_FA
loading:  Subj01_CleanData_study_LM
loading:  Subj01_CleanData_study_OB
loading:  Subj02_CleanData_study_FA
loading:  Subj02_CleanData_study_LM
loading:  Subj02_CleanData_study_OB
loading:  Subj03_CleanData_study_FA
loading:  Subj03_CleanData_study_LM
loading:  Subj03_CleanData_study_OB
loading:  Subj04_CleanData_study_FA
loading:  Subj04_CleanData_study_LM
loading:  Subj04_CleanData_study_OB
loading:  Subj05_CleanData_study_FA
loading:  Subj05_CleanData_study_LM
loading:  Subj05_CleanData_study_OB
loading:  Subj06_CleanData_study_FA
loading:  Subj06_CleanData_study_LM
loading:  Subj06_CleanData_study_OB
loading:  Subj07_CleanData_study_FA
loading:  Subj07_CleanData_study_LM
loading:  Subj07_CleanData_study_OB
loading:  Subj08_CleanData_study_FA
loading:  Subj08_CleanData_study_LM
loading:  Subj08_CleanData_study_OB
loading:  Subj09_CleanData_study_FA
loading:  Subj09_CleanData_study_LM
loading:  Subj09_CleanData_study_OB
loading:  Subj11_CleanData_study_FA
loading:  Subj11_CleanData_study_LM
loading:  Subj11_CleanData_study_OB
loading:  Subj12_CleanData_study_FA
loading:  Subj12_CleanData_study_LM
loading:  Subj12_CleanData_study_OB
loading:  Subj13_CleanData_study_FA
loading:  Subj13_CleanData_study_LM
loading:  Subj13_CleanData_study_OB
loading:  Subj14_CleanData_study_FA
loading:  Subj14_CleanData_study_LM
loading:  Subj14_CleanData_study_OB
loading:  Subj15_CleanData_study_FA
loading:  Subj15_CleanData_study_LM
loading:  Subj15_CleanData_study_OB
loading:  Subj16_CleanData_study_FA
loading:  Subj16_CleanData_study_LM
loading:  Subj16_CleanData_study_OB
loading:  Subj17_CleanData_study_FA
loading:  Subj17_CleanData_study_LM
loading:  Subj17_CleanData_study_OB
loading:  Subj18_CleanData_study_FA
loading:  Subj18_CleanData_study_LM
loading:  Subj18_CleanData_study_OB
loading:  Subj19_CleanData_study_FA
loading:  Subj19_CleanData_study_LM
loading:  Subj19_CleanData_study_OB
loading:  Subj01_CleanData_test_FA_visual
loading:  Subj01_CleanData_test_LM_visual
loading:  Subj01_CleanData_test_OB_visual
loading:  Subj02_CleanData_test_FA_visual
loading:  Subj02_CleanData_test_LM_visual
loading:  Subj02_CleanData_test_OB_visual
loading:  Subj03_CleanData_test_FA_visual
loading:  Subj03_CleanData_test_LM_visual
loading:  Subj03_CleanData_test_OB_visual
loading:  Subj04_CleanData_test_FA_visual
loading:  Subj04_CleanData_test_LM_visual
loading:  Subj04_CleanData_test_OB_visual
loading:  Subj05_CleanData_test_FA_visual
loading:  Subj05_CleanData_test_LM_visual
loading:  Subj05_CleanData_test_OB_visual
loading:  Subj06_CleanData_test_FA_visual
loading:  Subj06_CleanData_test_LM_visual
loading:  Subj06_CleanData_test_OB_visual
loading:  Subj07_CleanData_test_FA_visual
loading:  Subj07_CleanData_test_LM_visual
loading:  Subj07_CleanData_test_OB_visual
loading:  Subj08_CleanData_test_FA_visual
loading:  Subj08_CleanData_test_LM_visual
loading:  Subj08_CleanData_test_OB_visual
loading:  Subj09_CleanData_test_FA_visual
loading:  Subj09_CleanData_test_LM_visual
loading:  Subj09_CleanData_test_OB_visual
loading:  Subj11_CleanData_test_FA_visual
loading:  Subj11_CleanData_test_LM_visual
loading:  Subj11_CleanData_test_OB_visual
loading:  Subj12_CleanData_test_FA_visual
loading:  Subj12_CleanData_test_LM_visual
loading:  Subj12_CleanData_test_OB_visual
loading:  Subj13_CleanData_test_FA_visual
loading:  Subj13_CleanData_test_LM_visual
loading:  Subj13_CleanData_test_OB_visual
loading:  Subj14_CleanData_test_FA_visual
loading:  Subj14_CleanData_test_LM_visual
loading:  Subj14_CleanData_test_OB_visual
loading:  Subj15_CleanData_test_FA_visual
loading:  Subj15_CleanData_test_LM_visual
loading:  Subj15_CleanData_test_OB_visual
loading:  Subj16_CleanData_test_FA_visual
loading:  Subj16_CleanData_test_LM_visual
loading:  Subj16_CleanData_test_OB_visual
loading:  Subj17_CleanData_test_FA_visual
loading:  Subj17_CleanData_test_LM_visual
loading:  Subj17_CleanData_test_OB_visual
loading:  Subj18_CleanData_test_FA_visual
loading:  Subj18_CleanData_test_LM_visual
loading:  Subj18_CleanData_test_OB_visual
loading:  Subj19_CleanData_test_FA_visual
loading:  Subj19_CleanData_test_LM_visual
loading:  Subj19_CleanData_test_OB_visual
(185, 768, 31) (90, 768, 31)
_________________________________________________________________
Layer (type)                 Output Shape              Param #   
=================================================================
input_1 (InputLayer)         (None, 768, 31)           0         
_________________________________________________________________
lstm_1 (LSTM)                (None, 768, 70)           28560     
_________________________________________________________________
dropout_1 (Dropout)          (None, 768, 70)           0         
_________________________________________________________________
lstm_2 (LSTM)                (None, 25)                9600      
_________________________________________________________________
dropout_2 (Dropout)          (None, 25)                0         
_________________________________________________________________
dense_1 (Dense)              (None, 3)                 78        
=================================================================
Total params: 38,238
Trainable params: 38,238
Non-trainable params: 0
_________________________________________________________________
subject 1, avg accuracy 0.42134503126144407/0.2655555577410592 over 10 splits
subject 2, avg accuracy 0.41140350699424744/0.3054054058484129 over 10 splits
subject 3, avg accuracy 0.48157894909381865/0.36538461538461536 over 10 splits
subject 4, avg accuracy 0.4666666626930237/0.3395833333333334 over 10 splits
subject 5, avg accuracy 0.4222222238779068/0.352293578719874 over 10 splits
subject 6, avg accuracy 0.4891812980175018/0.32148760347203775 over 10 splits
subject 7, avg accuracy 0.42514620423316957/0.3471264352401098 over 10 splits
subject 8, avg accuracy 0.45789473652839663/0.3300884965906101 over 10 splits
subject 9, avg accuracy 0.43596491813659666/0.3409638559243765 over 10 splits
subject 11, avg accuracy 0.3891812935471535/0.3183673469387755 over 10 splits
subject 12, avg accuracy 0.43157894611358644/0.29473683928188527 over 10 splits
subject 13, avg accuracy 0.37836257219314573/0.3716814172808575 over 10 splits
subject 14, avg accuracy 0.3502631574869156/0.37702702749017125 over 10 splits
subject 15, avg accuracy 0.4368421107530594/0.348800000667572 over 10 splits
subject 16, avg accuracy 0.34947368800640105/0.348387100523518 over 10 splits
subject 17, avg accuracy 0.44210526049137117/0.3588235294117647 over 10 splits
subject 18, avg accuracy 0.33450292274355886/0.26285714332546506 over 10 splits
subject 19, avg accuracy 0.35877194106578825/0.34285714223489655 over 10 splits
avg accuracy over all subjects 0.4156936346242825/0.33285702385607413
subject 1, avg accuracy 0.42134503424167635/0.28888889123996103 over 10 splits
subject 2, avg accuracy 0.43391813337802887/0.31756756845358247 over 10 splits
subject 3, avg accuracy 0.4365497142076492/0.3984615384615385 over 10 splits
subject 4, avg accuracy 0.44853801727294923/0.3375 over 10 splits
subject 5, avg accuracy 0.4119883030653/0.3284403676970289 over 10 splits
subject 6, avg accuracy 0.4187134563922882/0.2884297513272152 over 10 splits
subject 7, avg accuracy 0.44795321524143217/0.3379310339004144 over 10 splits
subject 8, avg accuracy 0.4526315912604332/0.33362831937528287 over 10 splits
subject 9, avg accuracy 0.3909356787800789/0.3409638556371252 over 10 splits
subject 11, avg accuracy 0.40058480203151703/0.3326530612244898 over 10 splits
subject 12, avg accuracy 0.41052632331848143/0.3073684183547371 over 10 splits
subject 13, avg accuracy 0.4842105358839035/0.3752212400193763 over 10 splits
subject 14, avg accuracy 0.36105263233184814/0.3337837852537632 over 10 splits
subject 15, avg accuracy 0.4485380157828331/0.34640000023841855 over 10 splits
subject 16, avg accuracy 0.39105263352394104/0.3387096806879967 over 10 splits
subject 17, avg accuracy 0.4631579011678696/0.34117647058823536 over 10 splits
subject 18, avg accuracy 0.29210526645183565/0.2957142861826079 over 10 splits
subject 19, avg accuracy 0.3698830433189869/0.3351648342314657 over 10 splits
avg accuracy over all subjects 0.4157602387583919/0.3321112834929576
subject 1, avg accuracy 0.4154970832169056/0.28555555833710566 over 10 splits
subject 2, avg accuracy 0.38011696338653567/0.30810810943713063 over 10 splits
subject 3, avg accuracy 0.46871345341205595/0.37 over 10 splits
subject 4, avg accuracy 0.3929824635386467/0.32916666666666666 over 10 splits
subject 5, avg accuracy 0.3850877195596695/0.3275229362993065 over 10 splits
subject 6, avg accuracy 0.39853801280260087/0.31074380130807233 over 10 splits
subject 7, avg accuracy 0.4356725186109543/0.3551724123372428 over 10 splits
subject 8, avg accuracy 0.4684210538864136/0.3539823023783686 over 10 splits
subject 9, avg accuracy 0.4102339237928391/0.3469879524176379 over 10 splits
subject 11, avg accuracy 0.42865497767925265/0.33877551020408164 over 10 splits
subject 12, avg accuracy 0.43684210777282717/0.3094736812616649 over 10 splits
subject 13, avg accuracy 0.42017543911933897/0.40796460263365136 over 10 splits
subject 14, avg accuracy 0.39263157844543456/0.35540540653306085 over 10 splits
subject 15, avg accuracy 0.41871345341205596/0.36079999980926514 over 10 splits
subject 16, avg accuracy 0.3800000011920929/0.32096774573287656 over 10 splits
subject 17, avg accuracy 0.4157894805073738/0.3544117647058823 over 10 splits
subject 18, avg accuracy 0.30438596904277804/0.2800000008089202 over 10 splits
subject 19, avg accuracy 0.33070176318287847/0.3450549442689498 over 10 splits
avg accuracy over all subjects 0.4046198868089252/0.3366718552855491
acc 0.4046198868089252/0.3366718552855491

acc 0.4156936346242825/0.33285702385607413

acc 0.4157602387583919/0.3321112834929576

avg over all trials and subjects 0.4120245867305332/0.333880054211527
end time
Thu May 17 10:46:34 CEST 2018
