data dir
/lunarc/nobackup/users/albheim/EEG-klassificering
script
#!/bin/sh
#SBATCH -t 60:00:00
#SBATCH -J lstm
#SBATCH -A lu2018-2-3
#// SBATCH -o stdout_%j.out
#// SBATCH -e stderr_%j.err

# shold be lu or gpu
#SBATCH -p gpu

# how many gpus, 4 per node, using many seems to crash more often so stick with 1
#SBATCH --gres=gpu:1

# use 5 cores per GPU
#SBATCH -n 5
#SBATCH --mem-per-cpu=3100

DATA_DIR="$(cat ../data_location.txt)"
echo "data dir"
echo $DATA_DIR

echo "script"
cat $0

PY_FILE="lstm.py"
echo "py file"
cat $PY_FILE

echo "nvidia smi"
nvidia-smi

echo "start time"
date

CURR_DIR="$(pwd)"
cd $DATA_DIR
cp -r --parents DATA/Visual $SNIC_TMP
cd $CURR_DIR
ls $SNIC_TMP
du -h "${SNIC_TMP}/DATA"

echo "copy done time"
date

python $PY_FILE $SNIC_TMP

echo "end time"
date
py file
import sys

import numpy as np
from scipy import io

import tensorflow as tf

from keras.models import Model, Sequential
from keras.layers import Dense, Dropout, Flatten, Input, Activation
from keras.layers import Conv2D, MaxPooling2D
from keras.layers import TimeDistributed
from keras.layers import Lambda, concatenate
from keras.layers import CuDNNLSTM, CuDNNGRU, SimpleRNN, RNN, LSTM, GRU

from keras.optimizers import SGD, Adam, RMSprop, Nadam
from keras import backend as K

from tensorflow.python.client import device_lib
print(device_lib.list_local_devices())

import data
import util


x, y = data.load_single(cut=True, visual=True, transpose=True)
xt, yt = data.load_single(cut=True, visual=True, study=False, transpose=True)
    
print(x[0].shape, xt[0].shape)

splits = 10
n_subs = len(x)
n_models = 1
msets = [None for j in range(n_models)]
accs = [0 for j in range(n_models)]
accs2 = [0 for j in range(n_models)]


for j in range(n_models):

    msets[j] = " " # mset

    m_in = Input(shape=x[0][0].shape)

    m_t = LSTM(50, return_sequences=True)(m_in)
    m_t = Dropout(0.4)(m_t)
    m_t = LSTM(50)(m_t)
    m_t = Dropout(0.3)(m_t)

    m_t = Dense(15, activation='tanh')(m_t)
    m_out = Dense(3, activation='softmax')(m_t)

    model = Model(inputs=m_in, outputs=m_out)

    m_save = model.get_config()
    if j == 0:
        model.summary()

    avgacc = 0
    avgacc2 = 0
    for i in range(n_subs):
        n = x[i].shape[0]
        acc = 0
        acc2 = 0
        for tr, val in util.kfold(n, splits, shuffle=True):
            # recreate model
            model = Model.from_config(m_save)
            model.compile(loss='categorical_crossentropy',
                          optimizer='adam',
                          metrics=['accuracy'])
            # print(len(model.get_weights()))
            # print(model.get_weights()[0].shape)

            # fit with next kfold data
            h = model.fit(x[i][tr], y[i][tr],
                          # validation_data=(x[i][val], y[i][val]),
                          batch_size=64, epochs=50, verbose=0)
            h = h.history

            # vals += np.sum(np.absolute(model.get_weights()[0]), (0, 2))
            _, a = model.evaluate(x[i][val], y[i][val], verbose=0)
            _, a2 = model.evaluate(xt[i], yt[i], verbose=0)
            acc += a
            acc2 += a2

        K.clear_session()

        acc /= splits
        acc2 /= splits
        avgacc += acc
        avgacc2 += acc2

        print("subject {}, avg accuracy {}/{} over {} splits".format(i + 1 if i + 1 < 10 else i + 2,
                                                                     acc, acc2, splits))

    avgacc /= n_subs
    accs[j] = avgacc
    avgacc2 /= n_subs
    accs2[j] = avgacc2
    print("avg accuracy over all subjects {}/{}".format(avgacc, avgacc2))

# print("channel values")
# for v in vals:
    # print(v)

for a, a2 in sorted(zip(accs, accs2)):
    print("acc {}/{}\n".format(a, a2))

print("avg over all trials and subjects {}/{}".format(sum(accs) / len(accs), sum(accs2) / len(accs2)))
nvidia smi
Mon May 14 10:16:37 2018       
+-----------------------------------------------------------------------------+
| NVIDIA-SMI 390.46                 Driver Version: 390.46                    |
|-------------------------------+----------------------+----------------------+
| GPU  Name        Persistence-M| Bus-Id        Disp.A | Volatile Uncorr. ECC |
| Fan  Temp  Perf  Pwr:Usage/Cap|         Memory-Usage | GPU-Util  Compute M. |
|===============================+======================+======================|
|   0  Tesla K80           Off  | 00000000:04:00.0 Off |                    0 |
| N/A   29C    P0    60W / 149W |      0MiB / 11441MiB |      0%      Default |
+-------------------------------+----------------------+----------------------+
|   1  Tesla K80           Off  | 00000000:05:00.0 Off |                    0 |
| N/A   38C    P0    75W / 149W |      0MiB / 11441MiB |      0%      Default |
+-------------------------------+----------------------+----------------------+
|   2  Tesla K80           Off  | 00000000:84:00.0 Off |                    0 |
| N/A   27C    P0    62W / 149W |      0MiB / 11441MiB |      0%      Default |
+-------------------------------+----------------------+----------------------+
|   3  Tesla K80           Off  | 00000000:85:00.0 Off |                    0 |
| N/A   37C    P0    73W / 149W |      0MiB / 11441MiB |     70%      Default |
+-------------------------------+----------------------+----------------------+
                                                                               
+-----------------------------------------------------------------------------+
| Processes:                                                       GPU Memory |
|  GPU       PID   Type   Process name                             Usage      |
|=============================================================================|
|  No running processes found                                                 |
+-----------------------------------------------------------------------------+
start time
Mon May 14 10:16:37 CEST 2018
DATA
2.4G	/local/slurmtmp.766035/DATA/Visual
2.4G	/local/slurmtmp.766035/DATA
copy done time
Mon May 14 10:16:46 CEST 2018
2018-05-14 10:17:06.705756: I tensorflow/core/platform/cpu_feature_guard.cc:137] Your CPU supports instructions that this TensorFlow binary was not compiled to use: SSE4.1 SSE4.2 AVX AVX2 FMA
2018-05-14 10:17:10.539781: I tensorflow/core/common_runtime/gpu/gpu_device.cc:1030] Found device 0 with properties: 
name: Tesla K80 major: 3 minor: 7 memoryClockRate(GHz): 0.8235
pciBusID: 0000:04:00.0
totalMemory: 11.17GiB freeMemory: 11.10GiB
2018-05-14 10:17:10.539892: I tensorflow/core/common_runtime/gpu/gpu_device.cc:1120] Creating TensorFlow device (/device:GPU:0) -> (device: 0, name: Tesla K80, pci bus id: 0000:04:00.0, compute capability: 3.7)
2018-05-14 10:17:30.489841: I tensorflow/core/common_runtime/gpu/gpu_device.cc:1120] Creating TensorFlow device (/device:GPU:0) -> (device: 0, name: Tesla K80, pci bus id: 0000:04:00.0, compute capability: 3.7)
2018-05-14 11:08:30.619120: I tensorflow/core/common_runtime/gpu/gpu_device.cc:1120] Creating TensorFlow device (/device:GPU:0) -> (device: 0, name: Tesla K80, pci bus id: 0000:04:00.0, compute capability: 3.7)
2018-05-14 11:58:21.517905: I tensorflow/core/common_runtime/gpu/gpu_device.cc:1120] Creating TensorFlow device (/device:GPU:0) -> (device: 0, name: Tesla K80, pci bus id: 0000:04:00.0, compute capability: 3.7)
2018-05-14 12:48:34.963982: I tensorflow/core/common_runtime/gpu/gpu_device.cc:1120] Creating TensorFlow device (/device:GPU:0) -> (device: 0, name: Tesla K80, pci bus id: 0000:04:00.0, compute capability: 3.7)
2018-05-14 13:38:24.217629: I tensorflow/core/common_runtime/gpu/gpu_device.cc:1120] Creating TensorFlow device (/device:GPU:0) -> (device: 0, name: Tesla K80, pci bus id: 0000:04:00.0, compute capability: 3.7)
2018-05-14 14:28:24.061384: I tensorflow/core/common_runtime/gpu/gpu_device.cc:1120] Creating TensorFlow device (/device:GPU:0) -> (device: 0, name: Tesla K80, pci bus id: 0000:04:00.0, compute capability: 3.7)
2018-05-14 15:18:53.509673: I tensorflow/core/common_runtime/gpu/gpu_device.cc:1120] Creating TensorFlow device (/device:GPU:0) -> (device: 0, name: Tesla K80, pci bus id: 0000:04:00.0, compute capability: 3.7)
2018-05-14 16:08:52.933251: I tensorflow/core/common_runtime/gpu/gpu_device.cc:1120] Creating TensorFlow device (/device:GPU:0) -> (device: 0, name: Tesla K80, pci bus id: 0000:04:00.0, compute capability: 3.7)
2018-05-14 16:59:07.206491: I tensorflow/core/common_runtime/gpu/gpu_device.cc:1120] Creating TensorFlow device (/device:GPU:0) -> (device: 0, name: Tesla K80, pci bus id: 0000:04:00.0, compute capability: 3.7)
2018-05-14 17:48:56.407426: I tensorflow/core/common_runtime/gpu/gpu_device.cc:1120] Creating TensorFlow device (/device:GPU:0) -> (device: 0, name: Tesla K80, pci bus id: 0000:04:00.0, compute capability: 3.7)
2018-05-14 18:38:55.073976: I tensorflow/core/common_runtime/gpu/gpu_device.cc:1120] Creating TensorFlow device (/device:GPU:0) -> (device: 0, name: Tesla K80, pci bus id: 0000:04:00.0, compute capability: 3.7)
2018-05-14 19:28:49.194501: I tensorflow/core/common_runtime/gpu/gpu_device.cc:1120] Creating TensorFlow device (/device:GPU:0) -> (device: 0, name: Tesla K80, pci bus id: 0000:04:00.0, compute capability: 3.7)
2018-05-14 20:18:47.676512: I tensorflow/core/common_runtime/gpu/gpu_device.cc:1120] Creating TensorFlow device (/device:GPU:0) -> (device: 0, name: Tesla K80, pci bus id: 0000:04:00.0, compute capability: 3.7)
2018-05-14 21:08:21.771595: I tensorflow/core/common_runtime/gpu/gpu_device.cc:1120] Creating TensorFlow device (/device:GPU:0) -> (device: 0, name: Tesla K80, pci bus id: 0000:04:00.0, compute capability: 3.7)
2018-05-14 21:57:39.963480: I tensorflow/core/common_runtime/gpu/gpu_device.cc:1120] Creating TensorFlow device (/device:GPU:0) -> (device: 0, name: Tesla K80, pci bus id: 0000:04:00.0, compute capability: 3.7)
2018-05-14 22:46:52.108435: I tensorflow/core/common_runtime/gpu/gpu_device.cc:1120] Creating TensorFlow device (/device:GPU:0) -> (device: 0, name: Tesla K80, pci bus id: 0000:04:00.0, compute capability: 3.7)
2018-05-14 23:36:15.642420: I tensorflow/core/common_runtime/gpu/gpu_device.cc:1120] Creating TensorFlow device (/device:GPU:0) -> (device: 0, name: Tesla K80, pci bus id: 0000:04:00.0, compute capability: 3.7)
2018-05-15 00:25:39.110085: I tensorflow/core/common_runtime/gpu/gpu_device.cc:1120] Creating TensorFlow device (/device:GPU:0) -> (device: 0, name: Tesla K80, pci bus id: 0000:04:00.0, compute capability: 3.7)
/home/albheim/.conda/envs/test/lib/python3.6/site-packages/h5py/__init__.py:36: FutureWarning: Conversion of the second argument of issubdtype from `float` to `np.floating` is deprecated. In future, it will be treated as `np.float64 == np.dtype(float).type`.
  from ._conv import register_converters as _register_converters
Using TensorFlow backend.
[name: "/device:CPU:0"
device_type: "CPU"
memory_limit: 268435456
locality {
}
incarnation: 3317462424025688396
, name: "/device:GPU:0"
device_type: "GPU"
memory_limit: 11325135258
locality {
  bus_id: 1
}
incarnation: 9858306766879034478
physical_device_desc: "device: 0, name: Tesla K80, pci bus id: 0000:04:00.0, compute capability: 3.7"
]
loading:  Subj01_CleanData_study_FA
loading:  Subj01_CleanData_study_LM
loading:  Subj01_CleanData_study_OB
loading:  Subj02_CleanData_study_FA
loading:  Subj02_CleanData_study_LM
loading:  Subj02_CleanData_study_OB
loading:  Subj03_CleanData_study_FA
loading:  Subj03_CleanData_study_LM
loading:  Subj03_CleanData_study_OB
loading:  Subj04_CleanData_study_FA
loading:  Subj04_CleanData_study_LM
loading:  Subj04_CleanData_study_OB
loading:  Subj05_CleanData_study_FA
loading:  Subj05_CleanData_study_LM
loading:  Subj05_CleanData_study_OB
loading:  Subj06_CleanData_study_FA
loading:  Subj06_CleanData_study_LM
loading:  Subj06_CleanData_study_OB
loading:  Subj07_CleanData_study_FA
loading:  Subj07_CleanData_study_LM
loading:  Subj07_CleanData_study_OB
loading:  Subj08_CleanData_study_FA
loading:  Subj08_CleanData_study_LM
loading:  Subj08_CleanData_study_OB
loading:  Subj09_CleanData_study_FA
loading:  Subj09_CleanData_study_LM
loading:  Subj09_CleanData_study_OB
loading:  Subj11_CleanData_study_FA
loading:  Subj11_CleanData_study_LM
loading:  Subj11_CleanData_study_OB
loading:  Subj12_CleanData_study_FA
loading:  Subj12_CleanData_study_LM
loading:  Subj12_CleanData_study_OB
loading:  Subj13_CleanData_study_FA
loading:  Subj13_CleanData_study_LM
loading:  Subj13_CleanData_study_OB
loading:  Subj14_CleanData_study_FA
loading:  Subj14_CleanData_study_LM
loading:  Subj14_CleanData_study_OB
loading:  Subj15_CleanData_study_FA
loading:  Subj15_CleanData_study_LM
loading:  Subj15_CleanData_study_OB
loading:  Subj16_CleanData_study_FA
loading:  Subj16_CleanData_study_LM
loading:  Subj16_CleanData_study_OB
loading:  Subj17_CleanData_study_FA
loading:  Subj17_CleanData_study_LM
loading:  Subj17_CleanData_study_OB
loading:  Subj18_CleanData_study_FA
loading:  Subj18_CleanData_study_LM
loading:  Subj18_CleanData_study_OB
loading:  Subj19_CleanData_study_FA
loading:  Subj19_CleanData_study_LM
loading:  Subj19_CleanData_study_OB
loading:  Subj01_CleanData_test_FA_visual
loading:  Subj01_CleanData_test_LM_visual
loading:  Subj01_CleanData_test_OB_visual
loading:  Subj02_CleanData_test_FA_visual
loading:  Subj02_CleanData_test_LM_visual
loading:  Subj02_CleanData_test_OB_visual
loading:  Subj03_CleanData_test_FA_visual
loading:  Subj03_CleanData_test_LM_visual
loading:  Subj03_CleanData_test_OB_visual
loading:  Subj04_CleanData_test_FA_visual
loading:  Subj04_CleanData_test_LM_visual
loading:  Subj04_CleanData_test_OB_visual
loading:  Subj05_CleanData_test_FA_visual
loading:  Subj05_CleanData_test_LM_visual
loading:  Subj05_CleanData_test_OB_visual
loading:  Subj06_CleanData_test_FA_visual
loading:  Subj06_CleanData_test_LM_visual
loading:  Subj06_CleanData_test_OB_visual
loading:  Subj07_CleanData_test_FA_visual
loading:  Subj07_CleanData_test_LM_visual
loading:  Subj07_CleanData_test_OB_visual
loading:  Subj08_CleanData_test_FA_visual
loading:  Subj08_CleanData_test_LM_visual
loading:  Subj08_CleanData_test_OB_visual
loading:  Subj09_CleanData_test_FA_visual
loading:  Subj09_CleanData_test_LM_visual
loading:  Subj09_CleanData_test_OB_visual
loading:  Subj11_CleanData_test_FA_visual
loading:  Subj11_CleanData_test_LM_visual
loading:  Subj11_CleanData_test_OB_visual
loading:  Subj12_CleanData_test_FA_visual
loading:  Subj12_CleanData_test_LM_visual
loading:  Subj12_CleanData_test_OB_visual
loading:  Subj13_CleanData_test_FA_visual
loading:  Subj13_CleanData_test_LM_visual
loading:  Subj13_CleanData_test_OB_visual
loading:  Subj14_CleanData_test_FA_visual
loading:  Subj14_CleanData_test_LM_visual
loading:  Subj14_CleanData_test_OB_visual
loading:  Subj15_CleanData_test_FA_visual
loading:  Subj15_CleanData_test_LM_visual
loading:  Subj15_CleanData_test_OB_visual
loading:  Subj16_CleanData_test_FA_visual
loading:  Subj16_CleanData_test_LM_visual
loading:  Subj16_CleanData_test_OB_visual
loading:  Subj17_CleanData_test_FA_visual
loading:  Subj17_CleanData_test_LM_visual
loading:  Subj17_CleanData_test_OB_visual
loading:  Subj18_CleanData_test_FA_visual
loading:  Subj18_CleanData_test_LM_visual
loading:  Subj18_CleanData_test_OB_visual
loading:  Subj19_CleanData_test_FA_visual
loading:  Subj19_CleanData_test_LM_visual
loading:  Subj19_CleanData_test_OB_visual
(185, 768, 31) (90, 768, 31)
_________________________________________________________________
Layer (type)                 Output Shape              Param #   
=================================================================
input_1 (InputLayer)         (None, 768, 31)           0         
_________________________________________________________________
lstm_1 (LSTM)                (None, 768, 50)           16400     
_________________________________________________________________
dropout_1 (Dropout)          (None, 768, 50)           0         
_________________________________________________________________
lstm_2 (LSTM)                (None, 50)                20200     
_________________________________________________________________
dropout_2 (Dropout)          (None, 50)                0         
_________________________________________________________________
dense_1 (Dense)              (None, 15)                765       
_________________________________________________________________
dense_2 (Dense)              (None, 3)                 48        
=================================================================
Total params: 37,413
Trainable params: 37,413
Non-trainable params: 0
_________________________________________________________________
subject 1, avg accuracy 0.4114035159349442/0.29555555855234467 over 10 splits
subject 2, avg accuracy 0.4368421107530594/0.32702702769153824 over 10 splits
subject 3, avg accuracy 0.4453216403722763/0.37307692307692314 over 10 splits
subject 4, avg accuracy 0.4552631676197052/0.3625 over 10 splits
subject 5, avg accuracy 0.46520468294620515/0.31559633098611045 over 10 splits
subject 6, avg accuracy 0.37543860226869585/0.3322314047616375 over 10 splits
subject 7, avg accuracy 0.37719298899173737/0.3367816079622027 over 10 splits
subject 8, avg accuracy 0.4052631586790085/0.32477876159601504 over 10 splits
subject 9, avg accuracy 0.43479532599449155/0.3626506031277668 over 10 splits
subject 11, avg accuracy 0.4456140398979187/0.3408163265306122 over 10 splits
subject 12, avg accuracy 0.4421052664518356/0.2947368388426931 over 10 splits
subject 13, avg accuracy 0.37807018011808396/0.37699115194578087 over 10 splits
subject 14, avg accuracy 0.36789473965764047/0.3783783795865806 over 10 splits
subject 15, avg accuracy 0.44795321971178054/0.36560000003576276 over 10 splits
subject 16, avg accuracy 0.3639473706483841/0.35645161746971066 over 10 splits
subject 17, avg accuracy 0.4947368443012238/0.3426470588235294 over 10 splits
subject 18, avg accuracy 0.38391813486814497/0.31285714345318927 over 10 splits
subject 19, avg accuracy 0.3368421092629433/0.37582417497268084 over 10 splits
avg accuracy over all subjects 0.4148781721376711/0.34302782830083767
acc 0.4148781721376711/0.34302782830083767

avg over all trials and subjects 0.4148781721376711/0.34302782830083767
end time
Tue May 15 01:14:52 CEST 2018
