data dir
/lunarc/nobackup/users/albheim/EEG-klassificering
script
#!/bin/sh
#SBATCH -t 40:00:00
#SBATCH -J nn_spred
#SBATCH -A lu2018-2-3
#// SBATCH -o stdout_%j.out
#// SBATCH -e stderr_%j.err

# shold be lu or gpu
#SBATCH -p gpu

# how many gpus, 4 per node, using many seems to crash more often so stick with 1
#SBATCH --gres=gpu:1

# use 5 cores per GPU
#SBATCH -n 5
#SBATCH --mem-per-cpu=3100

DATA_DIR="$(cat ../data_location.txt)"
echo "data dir"
echo $DATA_DIR

echo "script"
cat $0

PY_FILE="best.py"
echo "py file"
cat $PY_FILE

echo "nvidia smi"
nvidia-smi

echo "start time"
date

CURR_DIR="$(pwd)"
cd $DATA_DIR
cp -r --parents DATA/Visual $SNIC_TMP
cp -r --parents DATA/Verbal $SNIC_TMP
cd $CURR_DIR
ls $SNIC_TMP
du -h "${SNIC_TMP}/DATA"

echo "copy done time"
date

python $PY_FILE $SNIC_TMP

echo "end time"
date
py file
import sys
from datetime import datetime

import numpy as np
from scipy import io
from scipy.signal import decimate

import tensorflow as tf

from keras.models import Sequential, Model
from keras.layers import Dense, Dropout, Input, GaussianNoise, BatchNormalization
from keras.layers import TimeDistributed, Lambda, AlphaDropout
from keras.layers import SimpleRNN, RNN, LSTM, GRU
from keras.layers import Conv1D, MaxPooling1D, Flatten
from keras.layers import ELU, PReLU, Activation, AveragePooling1D

from keras.optimizers import SGD, Adam, RMSprop, Nadam
from keras import regularizers as rg
from keras import backend as K

from tensorflow.python.client import device_lib
print(device_lib.list_local_devices())

import data
import util


x, y = data.load_single(cut=False, visual=False, transpose=True)
xt, yt = data.load_single(cut=False, visual=False, study=False, transpose=True)
    
print(x[0].shape, xt[0].shape)

splits = 10
n_subs = len(x)
n_models = 5
msets = [None for j in range(n_models)]
accs = [0 for j in range(n_models)]
accs2 = [0 for j in range(n_models)]
vals = np.zeros((31, ))

channels = [1, 12, 29]
ds = 1
for i in range(n_subs):
    x[i] = x[i][:, :, channels]
    xt[i] = xt[i][:, :, channels]
    #x[i] = decimate(x[i], ds, axis=1)
    #xt[i] = decimate(xt[i], ds, axis=1)


def offset_slice(inputs):
    w = 630 // 5
    r = np.random.randint(inputs.shape[1] - w + 1)
    return inputs[:, r:r + w, :]

for j in range(n_models):

    msets[j] = " " # mset

    m_in = Input(shape=x[0][0].shape)
    # m_off = Lambda(offset_slice)(m_in)
    # m_noise = GaussianNoise(np.std(x[0][0] / 100))(m_off) # how much noice to have????

    m_t = Conv1D(30, 64, padding='causal')(m_in)
    m_t = BatchNormalization()(m_t)
    m_t = ELU()(m_t)
    m_t = AveragePooling1D(2)(m_t)
    m_t = Dropout(0.2)(m_t)

    m_t = Conv1D(15, 32, padding='causal')(m_t)
    m_t = BatchNormalization()(m_t)
    m_t = ELU()(m_t)
    m_t = AveragePooling1D(2)(m_t)
    m_t = Dropout(0.3)(m_t)

    m_t = Conv1D(10, 16, padding='causal')(m_t)
    m_t = BatchNormalization()(m_t)
    m_t = ELU()(m_t)
    m_t = AveragePooling1D(2)(m_t)
    m_t = Dropout(0.4)(m_t)

    m_t = Flatten()(m_t)
    # m_t = Dense(35)(m_t)
    # m_t = BatchNormalization()(m_t)
    # m_t = Activation('tanh')(m_t)
    m_t = Dense(15)(m_t)
    m_t = BatchNormalization()(m_t)
    m_t = Activation('tanh')(m_t)
    m_out = Dense(3, activation='softmax')(m_t)

    model = Model(inputs=m_in, outputs=m_out)

    m_save = model.get_config()
    if j == 0:
        model.summary()

    avgacc = 0
    avgacc2 = 0
    for i in range(n_subs):
        xm = np.mean(x[i], axis=(0, 1))[np.newaxis, np.newaxis, :]
        xs = np.std(x[i], axis=(0, 1))[np.newaxis, np.newaxis, :]
        xi = (x[i] - xm) / xs
        xti = (xt[i] - xm) / xs
        
        n = x[i].shape[0]
        acc = 0
        acc2 = 0
        for tr, val in util.kfold(n, splits, shuffle=True):
            # recreate model
            model = Model.from_config(m_save)
            model.compile(loss='categorical_crossentropy',
                          optimizer='adam',
                          metrics=['accuracy'])
            # print(len(model.get_weights()))
            # print(model.get_weights()[0].shape)

            # fit with next kfold data
            h = model.fit(xi[tr], y[i][tr],
                          # validation_data=(x[i][val], y[i][val]),
                          batch_size=64, epochs=200, verbose=0)
            h = h.history

            # vals += np.sum(np.absolute(model.get_weights()[0]), (0, 2))
            _, a = model.evaluate(xi[val], y[i][val], verbose=0)
            _, a2 = model.evaluate(xti, yt[i], verbose=0)
            acc += a
            acc2 += a2

        K.clear_session()

        acc /= splits
        acc2 /= splits
        avgacc += acc
        avgacc2 += acc2

        print("subject {}, avg accuracy {}/{} over {} splits".format(i + 1 if i + 1 < 10 else i + 2,
                                                                     acc, acc2, splits))

    avgacc /= n_subs
    accs[j] = avgacc
    avgacc2 /= n_subs
    accs2[j] = avgacc2
    print("avg accuracy over all subjects {}/{}".format(avgacc, avgacc2))

# print("channel values")
# for v in vals:
#     print(v / (n_models * n_subs * splits * 30 * 64))

for a, a2 in sorted(zip(accs, accs2)):
    print("acc {}/{}\n".format(a, a2))

print("avg over all trials and subjects {}/{}".format(sum(accs) / len(accs), sum(accs2) / len(accs2)))
nvidia smi
Sat Jun  9 22:44:43 2018       
+-----------------------------------------------------------------------------+
| NVIDIA-SMI 390.46                 Driver Version: 390.46                    |
|-------------------------------+----------------------+----------------------+
| GPU  Name        Persistence-M| Bus-Id        Disp.A | Volatile Uncorr. ECC |
| Fan  Temp  Perf  Pwr:Usage/Cap|         Memory-Usage | GPU-Util  Compute M. |
|===============================+======================+======================|
|   0  Tesla K80           On   | 00000000:04:00.0 Off |                    0 |
| N/A   52C    P0   149W / 149W |  10975MiB / 11441MiB |     74%      Default |
+-------------------------------+----------------------+----------------------+
|   1  Tesla K80           On   | 00000000:05:00.0 Off |                    0 |
| N/A   44C    P8    33W / 149W |      0MiB / 11441MiB |      0%      Default |
+-------------------------------+----------------------+----------------------+
|   2  Tesla K80           On   | 00000000:84:00.0 Off |                    0 |
| N/A   53C    P0   134W / 149W |  10975MiB / 11441MiB |     74%      Default |
+-------------------------------+----------------------+----------------------+
|   3  Tesla K80           On   | 00000000:85:00.0 Off |                    0 |
| N/A   77C    P0   147W / 149W |  10975MiB / 11441MiB |     69%      Default |
+-------------------------------+----------------------+----------------------+
                                                                               
+-----------------------------------------------------------------------------+
| Processes:                                                       GPU Memory |
|  GPU       PID   Type   Process name                             Usage      |
|=============================================================================|
|    0    120673      C   python                                     10962MiB |
|    2    121120      C   python                                     10962MiB |
|    3     98524      C   python                                     10962MiB |
+-----------------------------------------------------------------------------+
start time
Sat Jun  9 22:44:43 CEST 2018
DATA
2.4G	/local/slurmtmp.887320/DATA/Visual
2.4G	/local/slurmtmp.887320/DATA/Verbal
4.7G	/local/slurmtmp.887320/DATA
copy done time
Sat Jun  9 22:46:02 CEST 2018
2018-06-09 22:46:10.157946: I tensorflow/core/platform/cpu_feature_guard.cc:137] Your CPU supports instructions that this TensorFlow binary was not compiled to use: SSE4.1 SSE4.2 AVX AVX2 FMA
2018-06-09 22:46:10.371987: I tensorflow/core/common_runtime/gpu/gpu_device.cc:1030] Found device 0 with properties: 
name: Tesla K80 major: 3 minor: 7 memoryClockRate(GHz): 0.8235
pciBusID: 0000:05:00.0
totalMemory: 11.17GiB freeMemory: 11.10GiB
2018-06-09 22:46:10.372116: I tensorflow/core/common_runtime/gpu/gpu_device.cc:1120] Creating TensorFlow device (/device:GPU:0) -> (device: 0, name: Tesla K80, pci bus id: 0000:05:00.0, compute capability: 3.7)
2018-06-09 22:46:33.127470: I tensorflow/core/common_runtime/gpu/gpu_device.cc:1120] Creating TensorFlow device (/device:GPU:0) -> (device: 0, name: Tesla K80, pci bus id: 0000:05:00.0, compute capability: 3.7)
2018-06-09 22:50:20.615662: I tensorflow/core/common_runtime/gpu/gpu_device.cc:1120] Creating TensorFlow device (/device:GPU:0) -> (device: 0, name: Tesla K80, pci bus id: 0000:05:00.0, compute capability: 3.7)
2018-06-09 22:54:17.580709: I tensorflow/core/common_runtime/gpu/gpu_device.cc:1120] Creating TensorFlow device (/device:GPU:0) -> (device: 0, name: Tesla K80, pci bus id: 0000:05:00.0, compute capability: 3.7)
2018-06-09 22:58:14.674241: I tensorflow/core/common_runtime/gpu/gpu_device.cc:1120] Creating TensorFlow device (/device:GPU:0) -> (device: 0, name: Tesla K80, pci bus id: 0000:05:00.0, compute capability: 3.7)
2018-06-09 23:02:14.452384: I tensorflow/core/common_runtime/gpu/gpu_device.cc:1120] Creating TensorFlow device (/device:GPU:0) -> (device: 0, name: Tesla K80, pci bus id: 0000:05:00.0, compute capability: 3.7)
2018-06-09 23:06:18.273404: I tensorflow/core/common_runtime/gpu/gpu_device.cc:1120] Creating TensorFlow device (/device:GPU:0) -> (device: 0, name: Tesla K80, pci bus id: 0000:05:00.0, compute capability: 3.7)
2018-06-09 23:10:20.338364: I tensorflow/core/common_runtime/gpu/gpu_device.cc:1120] Creating TensorFlow device (/device:GPU:0) -> (device: 0, name: Tesla K80, pci bus id: 0000:05:00.0, compute capability: 3.7)
2018-06-09 23:14:14.892739: I tensorflow/core/common_runtime/gpu/gpu_device.cc:1120] Creating TensorFlow device (/device:GPU:0) -> (device: 0, name: Tesla K80, pci bus id: 0000:05:00.0, compute capability: 3.7)
2018-06-09 23:18:20.167320: I tensorflow/core/common_runtime/gpu/gpu_device.cc:1120] Creating TensorFlow device (/device:GPU:0) -> (device: 0, name: Tesla K80, pci bus id: 0000:05:00.0, compute capability: 3.7)
2018-06-09 23:22:23.281400: I tensorflow/core/common_runtime/gpu/gpu_device.cc:1120] Creating TensorFlow device (/device:GPU:0) -> (device: 0, name: Tesla K80, pci bus id: 0000:05:00.0, compute capability: 3.7)
2018-06-09 23:26:25.661672: I tensorflow/core/common_runtime/gpu/gpu_device.cc:1120] Creating TensorFlow device (/device:GPU:0) -> (device: 0, name: Tesla K80, pci bus id: 0000:05:00.0, compute capability: 3.7)
2018-06-09 23:30:23.757331: I tensorflow/core/common_runtime/gpu/gpu_device.cc:1120] Creating TensorFlow device (/device:GPU:0) -> (device: 0, name: Tesla K80, pci bus id: 0000:05:00.0, compute capability: 3.7)
2018-06-09 23:34:22.914802: I tensorflow/core/common_runtime/gpu/gpu_device.cc:1120] Creating TensorFlow device (/device:GPU:0) -> (device: 0, name: Tesla K80, pci bus id: 0000:05:00.0, compute capability: 3.7)
2018-06-09 23:38:25.010305: I tensorflow/core/common_runtime/gpu/gpu_device.cc:1120] Creating TensorFlow device (/device:GPU:0) -> (device: 0, name: Tesla K80, pci bus id: 0000:05:00.0, compute capability: 3.7)
2018-06-09 23:42:29.850749: I tensorflow/core/common_runtime/gpu/gpu_device.cc:1120] Creating TensorFlow device (/device:GPU:0) -> (device: 0, name: Tesla K80, pci bus id: 0000:05:00.0, compute capability: 3.7)
2018-06-09 23:46:27.402290: I tensorflow/core/common_runtime/gpu/gpu_device.cc:1120] Creating TensorFlow device (/device:GPU:0) -> (device: 0, name: Tesla K80, pci bus id: 0000:05:00.0, compute capability: 3.7)
2018-06-09 23:50:32.739652: I tensorflow/core/common_runtime/gpu/gpu_device.cc:1120] Creating TensorFlow device (/device:GPU:0) -> (device: 0, name: Tesla K80, pci bus id: 0000:05:00.0, compute capability: 3.7)
2018-06-09 23:54:32.867698: I tensorflow/core/common_runtime/gpu/gpu_device.cc:1120] Creating TensorFlow device (/device:GPU:0) -> (device: 0, name: Tesla K80, pci bus id: 0000:05:00.0, compute capability: 3.7)
2018-06-09 23:58:38.788923: I tensorflow/core/common_runtime/gpu/gpu_device.cc:1120] Creating TensorFlow device (/device:GPU:0) -> (device: 0, name: Tesla K80, pci bus id: 0000:05:00.0, compute capability: 3.7)
2018-06-10 00:02:27.333519: I tensorflow/core/common_runtime/gpu/gpu_device.cc:1120] Creating TensorFlow device (/device:GPU:0) -> (device: 0, name: Tesla K80, pci bus id: 0000:05:00.0, compute capability: 3.7)
2018-06-10 00:06:25.824483: I tensorflow/core/common_runtime/gpu/gpu_device.cc:1120] Creating TensorFlow device (/device:GPU:0) -> (device: 0, name: Tesla K80, pci bus id: 0000:05:00.0, compute capability: 3.7)
2018-06-10 00:10:23.591493: I tensorflow/core/common_runtime/gpu/gpu_device.cc:1120] Creating TensorFlow device (/device:GPU:0) -> (device: 0, name: Tesla K80, pci bus id: 0000:05:00.0, compute capability: 3.7)
2018-06-10 00:14:23.372723: I tensorflow/core/common_runtime/gpu/gpu_device.cc:1120] Creating TensorFlow device (/device:GPU:0) -> (device: 0, name: Tesla K80, pci bus id: 0000:05:00.0, compute capability: 3.7)
2018-06-10 00:18:26.233719: I tensorflow/core/common_runtime/gpu/gpu_device.cc:1120] Creating TensorFlow device (/device:GPU:0) -> (device: 0, name: Tesla K80, pci bus id: 0000:05:00.0, compute capability: 3.7)
2018-06-10 00:22:29.246789: I tensorflow/core/common_runtime/gpu/gpu_device.cc:1120] Creating TensorFlow device (/device:GPU:0) -> (device: 0, name: Tesla K80, pci bus id: 0000:05:00.0, compute capability: 3.7)
2018-06-10 00:26:22.276521: I tensorflow/core/common_runtime/gpu/gpu_device.cc:1120] Creating TensorFlow device (/device:GPU:0) -> (device: 0, name: Tesla K80, pci bus id: 0000:05:00.0, compute capability: 3.7)
2018-06-10 00:30:28.346635: I tensorflow/core/common_runtime/gpu/gpu_device.cc:1120] Creating TensorFlow device (/device:GPU:0) -> (device: 0, name: Tesla K80, pci bus id: 0000:05:00.0, compute capability: 3.7)
2018-06-10 00:34:29.738449: I tensorflow/core/common_runtime/gpu/gpu_device.cc:1120] Creating TensorFlow device (/device:GPU:0) -> (device: 0, name: Tesla K80, pci bus id: 0000:05:00.0, compute capability: 3.7)
2018-06-10 00:38:32.443806: I tensorflow/core/common_runtime/gpu/gpu_device.cc:1120] Creating TensorFlow device (/device:GPU:0) -> (device: 0, name: Tesla K80, pci bus id: 0000:05:00.0, compute capability: 3.7)
2018-06-10 00:42:31.225138: I tensorflow/core/common_runtime/gpu/gpu_device.cc:1120] Creating TensorFlow device (/device:GPU:0) -> (device: 0, name: Tesla K80, pci bus id: 0000:05:00.0, compute capability: 3.7)
2018-06-10 00:46:31.091449: I tensorflow/core/common_runtime/gpu/gpu_device.cc:1120] Creating TensorFlow device (/device:GPU:0) -> (device: 0, name: Tesla K80, pci bus id: 0000:05:00.0, compute capability: 3.7)
2018-06-10 00:50:31.372263: I tensorflow/core/common_runtime/gpu/gpu_device.cc:1120] Creating TensorFlow device (/device:GPU:0) -> (device: 0, name: Tesla K80, pci bus id: 0000:05:00.0, compute capability: 3.7)
2018-06-10 00:54:37.211268: I tensorflow/core/common_runtime/gpu/gpu_device.cc:1120] Creating TensorFlow device (/device:GPU:0) -> (device: 0, name: Tesla K80, pci bus id: 0000:05:00.0, compute capability: 3.7)
2018-06-10 00:58:34.532144: I tensorflow/core/common_runtime/gpu/gpu_device.cc:1120] Creating TensorFlow device (/device:GPU:0) -> (device: 0, name: Tesla K80, pci bus id: 0000:05:00.0, compute capability: 3.7)
2018-06-10 01:02:40.930872: I tensorflow/core/common_runtime/gpu/gpu_device.cc:1120] Creating TensorFlow device (/device:GPU:0) -> (device: 0, name: Tesla K80, pci bus id: 0000:05:00.0, compute capability: 3.7)
2018-06-10 01:06:40.069498: I tensorflow/core/common_runtime/gpu/gpu_device.cc:1120] Creating TensorFlow device (/device:GPU:0) -> (device: 0, name: Tesla K80, pci bus id: 0000:05:00.0, compute capability: 3.7)
2018-06-10 01:10:47.439718: I tensorflow/core/common_runtime/gpu/gpu_device.cc:1120] Creating TensorFlow device (/device:GPU:0) -> (device: 0, name: Tesla K80, pci bus id: 0000:05:00.0, compute capability: 3.7)
2018-06-10 01:14:36.785400: I tensorflow/core/common_runtime/gpu/gpu_device.cc:1120] Creating TensorFlow device (/device:GPU:0) -> (device: 0, name: Tesla K80, pci bus id: 0000:05:00.0, compute capability: 3.7)
2018-06-10 01:18:35.019021: I tensorflow/core/common_runtime/gpu/gpu_device.cc:1120] Creating TensorFlow device (/device:GPU:0) -> (device: 0, name: Tesla K80, pci bus id: 0000:05:00.0, compute capability: 3.7)
2018-06-10 01:22:31.650635: I tensorflow/core/common_runtime/gpu/gpu_device.cc:1120] Creating TensorFlow device (/device:GPU:0) -> (device: 0, name: Tesla K80, pci bus id: 0000:05:00.0, compute capability: 3.7)
2018-06-10 01:26:30.529422: I tensorflow/core/common_runtime/gpu/gpu_device.cc:1120] Creating TensorFlow device (/device:GPU:0) -> (device: 0, name: Tesla K80, pci bus id: 0000:05:00.0, compute capability: 3.7)
2018-06-10 01:30:34.800418: I tensorflow/core/common_runtime/gpu/gpu_device.cc:1120] Creating TensorFlow device (/device:GPU:0) -> (device: 0, name: Tesla K80, pci bus id: 0000:05:00.0, compute capability: 3.7)
2018-06-10 01:34:35.187139: I tensorflow/core/common_runtime/gpu/gpu_device.cc:1120] Creating TensorFlow device (/device:GPU:0) -> (device: 0, name: Tesla K80, pci bus id: 0000:05:00.0, compute capability: 3.7)
2018-06-10 01:38:29.161381: I tensorflow/core/common_runtime/gpu/gpu_device.cc:1120] Creating TensorFlow device (/device:GPU:0) -> (device: 0, name: Tesla K80, pci bus id: 0000:05:00.0, compute capability: 3.7)
2018-06-10 01:42:32.366793: I tensorflow/core/common_runtime/gpu/gpu_device.cc:1120] Creating TensorFlow device (/device:GPU:0) -> (device: 0, name: Tesla K80, pci bus id: 0000:05:00.0, compute capability: 3.7)
2018-06-10 01:46:35.008120: I tensorflow/core/common_runtime/gpu/gpu_device.cc:1120] Creating TensorFlow device (/device:GPU:0) -> (device: 0, name: Tesla K80, pci bus id: 0000:05:00.0, compute capability: 3.7)
2018-06-10 01:50:37.276874: I tensorflow/core/common_runtime/gpu/gpu_device.cc:1120] Creating TensorFlow device (/device:GPU:0) -> (device: 0, name: Tesla K80, pci bus id: 0000:05:00.0, compute capability: 3.7)
2018-06-10 01:54:37.949266: I tensorflow/core/common_runtime/gpu/gpu_device.cc:1120] Creating TensorFlow device (/device:GPU:0) -> (device: 0, name: Tesla K80, pci bus id: 0000:05:00.0, compute capability: 3.7)
2018-06-10 01:58:35.339338: I tensorflow/core/common_runtime/gpu/gpu_device.cc:1120] Creating TensorFlow device (/device:GPU:0) -> (device: 0, name: Tesla K80, pci bus id: 0000:05:00.0, compute capability: 3.7)
2018-06-10 02:02:37.184704: I tensorflow/core/common_runtime/gpu/gpu_device.cc:1120] Creating TensorFlow device (/device:GPU:0) -> (device: 0, name: Tesla K80, pci bus id: 0000:05:00.0, compute capability: 3.7)
2018-06-10 02:06:42.361855: I tensorflow/core/common_runtime/gpu/gpu_device.cc:1120] Creating TensorFlow device (/device:GPU:0) -> (device: 0, name: Tesla K80, pci bus id: 0000:05:00.0, compute capability: 3.7)
2018-06-10 02:10:41.205096: I tensorflow/core/common_runtime/gpu/gpu_device.cc:1120] Creating TensorFlow device (/device:GPU:0) -> (device: 0, name: Tesla K80, pci bus id: 0000:05:00.0, compute capability: 3.7)
2018-06-10 02:14:45.783440: I tensorflow/core/common_runtime/gpu/gpu_device.cc:1120] Creating TensorFlow device (/device:GPU:0) -> (device: 0, name: Tesla K80, pci bus id: 0000:05:00.0, compute capability: 3.7)
2018-06-10 02:18:47.062554: I tensorflow/core/common_runtime/gpu/gpu_device.cc:1120] Creating TensorFlow device (/device:GPU:0) -> (device: 0, name: Tesla K80, pci bus id: 0000:05:00.0, compute capability: 3.7)
2018-06-10 02:22:53.913391: I tensorflow/core/common_runtime/gpu/gpu_device.cc:1120] Creating TensorFlow device (/device:GPU:0) -> (device: 0, name: Tesla K80, pci bus id: 0000:05:00.0, compute capability: 3.7)
2018-06-10 02:26:43.007208: I tensorflow/core/common_runtime/gpu/gpu_device.cc:1120] Creating TensorFlow device (/device:GPU:0) -> (device: 0, name: Tesla K80, pci bus id: 0000:05:00.0, compute capability: 3.7)
2018-06-10 02:30:41.541719: I tensorflow/core/common_runtime/gpu/gpu_device.cc:1120] Creating TensorFlow device (/device:GPU:0) -> (device: 0, name: Tesla K80, pci bus id: 0000:05:00.0, compute capability: 3.7)
2018-06-10 02:34:38.248561: I tensorflow/core/common_runtime/gpu/gpu_device.cc:1120] Creating TensorFlow device (/device:GPU:0) -> (device: 0, name: Tesla K80, pci bus id: 0000:05:00.0, compute capability: 3.7)
2018-06-10 02:38:37.628548: I tensorflow/core/common_runtime/gpu/gpu_device.cc:1120] Creating TensorFlow device (/device:GPU:0) -> (device: 0, name: Tesla K80, pci bus id: 0000:05:00.0, compute capability: 3.7)
2018-06-10 02:42:41.926801: I tensorflow/core/common_runtime/gpu/gpu_device.cc:1120] Creating TensorFlow device (/device:GPU:0) -> (device: 0, name: Tesla K80, pci bus id: 0000:05:00.0, compute capability: 3.7)
2018-06-10 02:46:44.085472: I tensorflow/core/common_runtime/gpu/gpu_device.cc:1120] Creating TensorFlow device (/device:GPU:0) -> (device: 0, name: Tesla K80, pci bus id: 0000:05:00.0, compute capability: 3.7)
2018-06-10 02:50:36.439605: I tensorflow/core/common_runtime/gpu/gpu_device.cc:1120] Creating TensorFlow device (/device:GPU:0) -> (device: 0, name: Tesla K80, pci bus id: 0000:05:00.0, compute capability: 3.7)
2018-06-10 02:54:39.349089: I tensorflow/core/common_runtime/gpu/gpu_device.cc:1120] Creating TensorFlow device (/device:GPU:0) -> (device: 0, name: Tesla K80, pci bus id: 0000:05:00.0, compute capability: 3.7)
2018-06-10 02:58:39.346031: I tensorflow/core/common_runtime/gpu/gpu_device.cc:1120] Creating TensorFlow device (/device:GPU:0) -> (device: 0, name: Tesla K80, pci bus id: 0000:05:00.0, compute capability: 3.7)
2018-06-10 03:02:39.517431: I tensorflow/core/common_runtime/gpu/gpu_device.cc:1120] Creating TensorFlow device (/device:GPU:0) -> (device: 0, name: Tesla K80, pci bus id: 0000:05:00.0, compute capability: 3.7)
2018-06-10 03:06:35.327608: I tensorflow/core/common_runtime/gpu/gpu_device.cc:1120] Creating TensorFlow device (/device:GPU:0) -> (device: 0, name: Tesla K80, pci bus id: 0000:05:00.0, compute capability: 3.7)
2018-06-10 03:10:31.454473: I tensorflow/core/common_runtime/gpu/gpu_device.cc:1120] Creating TensorFlow device (/device:GPU:0) -> (device: 0, name: Tesla K80, pci bus id: 0000:05:00.0, compute capability: 3.7)
2018-06-10 03:14:30.580864: I tensorflow/core/common_runtime/gpu/gpu_device.cc:1120] Creating TensorFlow device (/device:GPU:0) -> (device: 0, name: Tesla K80, pci bus id: 0000:05:00.0, compute capability: 3.7)
2018-06-10 03:18:32.851218: I tensorflow/core/common_runtime/gpu/gpu_device.cc:1120] Creating TensorFlow device (/device:GPU:0) -> (device: 0, name: Tesla K80, pci bus id: 0000:05:00.0, compute capability: 3.7)
2018-06-10 03:22:28.828771: I tensorflow/core/common_runtime/gpu/gpu_device.cc:1120] Creating TensorFlow device (/device:GPU:0) -> (device: 0, name: Tesla K80, pci bus id: 0000:05:00.0, compute capability: 3.7)
2018-06-10 03:26:30.685351: I tensorflow/core/common_runtime/gpu/gpu_device.cc:1120] Creating TensorFlow device (/device:GPU:0) -> (device: 0, name: Tesla K80, pci bus id: 0000:05:00.0, compute capability: 3.7)
2018-06-10 03:30:28.094485: I tensorflow/core/common_runtime/gpu/gpu_device.cc:1120] Creating TensorFlow device (/device:GPU:0) -> (device: 0, name: Tesla K80, pci bus id: 0000:05:00.0, compute capability: 3.7)
2018-06-10 03:34:30.834106: I tensorflow/core/common_runtime/gpu/gpu_device.cc:1120] Creating TensorFlow device (/device:GPU:0) -> (device: 0, name: Tesla K80, pci bus id: 0000:05:00.0, compute capability: 3.7)
2018-06-10 03:38:18.099876: I tensorflow/core/common_runtime/gpu/gpu_device.cc:1120] Creating TensorFlow device (/device:GPU:0) -> (device: 0, name: Tesla K80, pci bus id: 0000:05:00.0, compute capability: 3.7)
2018-06-10 03:42:14.683365: I tensorflow/core/common_runtime/gpu/gpu_device.cc:1120] Creating TensorFlow device (/device:GPU:0) -> (device: 0, name: Tesla K80, pci bus id: 0000:05:00.0, compute capability: 3.7)
2018-06-10 03:46:09.411966: I tensorflow/core/common_runtime/gpu/gpu_device.cc:1120] Creating TensorFlow device (/device:GPU:0) -> (device: 0, name: Tesla K80, pci bus id: 0000:05:00.0, compute capability: 3.7)
2018-06-10 03:50:06.900944: I tensorflow/core/common_runtime/gpu/gpu_device.cc:1120] Creating TensorFlow device (/device:GPU:0) -> (device: 0, name: Tesla K80, pci bus id: 0000:05:00.0, compute capability: 3.7)
2018-06-10 03:54:06.072936: I tensorflow/core/common_runtime/gpu/gpu_device.cc:1120] Creating TensorFlow device (/device:GPU:0) -> (device: 0, name: Tesla K80, pci bus id: 0000:05:00.0, compute capability: 3.7)
2018-06-10 03:58:06.401841: I tensorflow/core/common_runtime/gpu/gpu_device.cc:1120] Creating TensorFlow device (/device:GPU:0) -> (device: 0, name: Tesla K80, pci bus id: 0000:05:00.0, compute capability: 3.7)
2018-06-10 04:01:57.268178: I tensorflow/core/common_runtime/gpu/gpu_device.cc:1120] Creating TensorFlow device (/device:GPU:0) -> (device: 0, name: Tesla K80, pci bus id: 0000:05:00.0, compute capability: 3.7)
2018-06-10 04:06:01.023656: I tensorflow/core/common_runtime/gpu/gpu_device.cc:1120] Creating TensorFlow device (/device:GPU:0) -> (device: 0, name: Tesla K80, pci bus id: 0000:05:00.0, compute capability: 3.7)
2018-06-10 04:10:00.159750: I tensorflow/core/common_runtime/gpu/gpu_device.cc:1120] Creating TensorFlow device (/device:GPU:0) -> (device: 0, name: Tesla K80, pci bus id: 0000:05:00.0, compute capability: 3.7)
2018-06-10 04:14:00.595753: I tensorflow/core/common_runtime/gpu/gpu_device.cc:1120] Creating TensorFlow device (/device:GPU:0) -> (device: 0, name: Tesla K80, pci bus id: 0000:05:00.0, compute capability: 3.7)
2018-06-10 04:17:56.137461: I tensorflow/core/common_runtime/gpu/gpu_device.cc:1120] Creating TensorFlow device (/device:GPU:0) -> (device: 0, name: Tesla K80, pci bus id: 0000:05:00.0, compute capability: 3.7)
2018-06-10 04:21:53.256262: I tensorflow/core/common_runtime/gpu/gpu_device.cc:1120] Creating TensorFlow device (/device:GPU:0) -> (device: 0, name: Tesla K80, pci bus id: 0000:05:00.0, compute capability: 3.7)
2018-06-10 04:25:51.293146: I tensorflow/core/common_runtime/gpu/gpu_device.cc:1120] Creating TensorFlow device (/device:GPU:0) -> (device: 0, name: Tesla K80, pci bus id: 0000:05:00.0, compute capability: 3.7)
2018-06-10 04:29:54.882191: I tensorflow/core/common_runtime/gpu/gpu_device.cc:1120] Creating TensorFlow device (/device:GPU:0) -> (device: 0, name: Tesla K80, pci bus id: 0000:05:00.0, compute capability: 3.7)
2018-06-10 04:33:50.240578: I tensorflow/core/common_runtime/gpu/gpu_device.cc:1120] Creating TensorFlow device (/device:GPU:0) -> (device: 0, name: Tesla K80, pci bus id: 0000:05:00.0, compute capability: 3.7)
2018-06-10 04:37:53.508788: I tensorflow/core/common_runtime/gpu/gpu_device.cc:1120] Creating TensorFlow device (/device:GPU:0) -> (device: 0, name: Tesla K80, pci bus id: 0000:05:00.0, compute capability: 3.7)
2018-06-10 04:41:50.157938: I tensorflow/core/common_runtime/gpu/gpu_device.cc:1120] Creating TensorFlow device (/device:GPU:0) -> (device: 0, name: Tesla K80, pci bus id: 0000:05:00.0, compute capability: 3.7)
/home/albheim/.conda/envs/test/lib/python3.6/site-packages/h5py/__init__.py:36: FutureWarning: Conversion of the second argument of issubdtype from `float` to `np.floating` is deprecated. In future, it will be treated as `np.float64 == np.dtype(float).type`.
  from ._conv import register_converters as _register_converters
Using TensorFlow backend.
[name: "/device:CPU:0"
device_type: "CPU"
memory_limit: 268435456
locality {
}
incarnation: 4249799477791791312
, name: "/device:GPU:0"
device_type: "GPU"
memory_limit: 11325135258
locality {
  bus_id: 1
}
incarnation: 15974538922160759613
physical_device_desc: "device: 0, name: Tesla K80, pci bus id: 0000:05:00.0, compute capability: 3.7"
]
loading:  Subj01_CleanData_study_FA
loading:  Subj01_CleanData_study_LM
loading:  Subj01_CleanData_study_OB
loading:  Subj02_CleanData_study_FA
loading:  Subj02_CleanData_study_LM
loading:  Subj02_CleanData_study_OB
loading:  Subj06_CleanData_study_FA
loading:  Subj06_CleanData_study_LM
loading:  Subj06_CleanData_study_OB
loading:  Subj07_CleanData_study_FA
loading:  Subj07_CleanData_study_LM
loading:  Subj07_CleanData_study_OB
loading:  Subj08_CleanData_study_FA
loading:  Subj08_CleanData_study_LM
loading:  Subj08_CleanData_study_OB
loading:  Subj09_CleanData_study_FA
loading:  Subj09_CleanData_study_LM
loading:  Subj09_CleanData_study_OB
loading:  Subj10_CleanData_study_FA
loading:  Subj10_CleanData_study_LM
loading:  Subj10_CleanData_study_OB
loading:  Subj11_CleanData_study_FA
loading:  Subj11_CleanData_study_LM
loading:  Subj11_CleanData_study_OB
loading:  Subj12_CleanData_study_FA
loading:  Subj12_CleanData_study_LM
loading:  Subj12_CleanData_study_OB
loading:  Subj14_CleanData_study_FA
loading:  Subj14_CleanData_study_LM
loading:  Subj14_CleanData_study_OB
loading:  Subj15_CleanData_study_FA
loading:  Subj15_CleanData_study_LM
loading:  Subj15_CleanData_study_OB
loading:  Subj16_CleanData_study_FA
loading:  Subj16_CleanData_study_LM
loading:  Subj16_CleanData_study_OB
loading:  Subj17_CleanData_study_FA
loading:  Subj17_CleanData_study_LM
loading:  Subj17_CleanData_study_OB
loading:  Subj18_CleanData_study_FA
loading:  Subj18_CleanData_study_LM
loading:  Subj18_CleanData_study_OB
loading:  Subj19_CleanData_study_FA
loading:  Subj19_CleanData_study_LM
loading:  Subj19_CleanData_study_OB
loading:  Subj20_CleanData_study_FA
loading:  Subj20_CleanData_study_LM
loading:  Subj20_CleanData_study_OB
loading:  Subj21_CleanData_study_FA
loading:  Subj21_CleanData_study_LM
loading:  Subj21_CleanData_study_OB
loading:  Subj22_CleanData_study_FA
loading:  Subj22_CleanData_study_LM
loading:  Subj22_CleanData_study_OB
loading:  Subj01_CleanData_test_FA_lexical
loading:  Subj01_CleanData_test_LM_lexical
loading:  Subj01_CleanData_test_OB_lexical
loading:  Subj02_CleanData_test_FA_lexical
loading:  Subj02_CleanData_test_LM_lexical
loading:  Subj02_CleanData_test_OB_lexical
loading:  Subj06_CleanData_test_FA_lexical
loading:  Subj06_CleanData_test_LM_lexical
loading:  Subj06_CleanData_test_OB_lexical
loading:  Subj07_CleanData_test_FA_lexical
loading:  Subj07_CleanData_test_LM_lexical
loading:  Subj07_CleanData_test_OB_lexical
loading:  Subj08_CleanData_test_FA_lexical
loading:  Subj08_CleanData_test_LM_lexical
loading:  Subj08_CleanData_test_OB_lexical
loading:  Subj09_CleanData_test_FA_lexical
loading:  Subj09_CleanData_test_LM_lexical
loading:  Subj09_CleanData_test_OB_lexical
loading:  Subj10_CleanData_test_FA_lexical
loading:  Subj10_CleanData_test_LM_lexical
loading:  Subj10_CleanData_test_OB_lexical
loading:  Subj11_CleanData_test_FA_lexical
loading:  Subj11_CleanData_test_LM_lexical
loading:  Subj11_CleanData_test_OB_lexical
loading:  Subj12_CleanData_test_FA_lexical
loading:  Subj12_CleanData_test_LM_lexical
loading:  Subj12_CleanData_test_OB_lexical
loading:  Subj14_CleanData_test_FA_lexical
loading:  Subj14_CleanData_test_LM_lexical
loading:  Subj14_CleanData_test_OB_lexical
loading:  Subj15_CleanData_test_FA_lexical
loading:  Subj15_CleanData_test_LM_lexical
loading:  Subj15_CleanData_test_OB_lexical
loading:  Subj16_CleanData_test_FA_lexical
loading:  Subj16_CleanData_test_LM_lexical
loading:  Subj16_CleanData_test_OB_lexical
loading:  Subj17_CleanData_test_FA_lexical
loading:  Subj17_CleanData_test_LM_lexical
loading:  Subj17_CleanData_test_OB_lexical
loading:  Subj18_CleanData_test_FA_lexical
loading:  Subj18_CleanData_test_LM_lexical
loading:  Subj18_CleanData_test_OB_lexical
loading:  Subj19_CleanData_test_FA_lexical
loading:  Subj19_CleanData_test_LM_lexical
loading:  Subj19_CleanData_test_OB_lexical
loading:  Subj20_CleanData_test_FA_lexical
loading:  Subj20_CleanData_test_LM_lexical
loading:  Subj20_CleanData_test_OB_lexical
loading:  Subj21_CleanData_test_FA_lexical
loading:  Subj21_CleanData_test_LM_lexical
loading:  Subj21_CleanData_test_OB_lexical
loading:  Subj22_CleanData_test_FA_lexical
loading:  Subj22_CleanData_test_LM_lexical
loading:  Subj22_CleanData_test_OB_lexical
(175, 2049, 31) (90, 2049, 31)
_________________________________________________________________
Layer (type)                 Output Shape              Param #   
=================================================================
input_1 (InputLayer)         (None, 2049, 3)           0         
_________________________________________________________________
conv1d_1 (Conv1D)            (None, 2049, 30)          5790      
_________________________________________________________________
batch_normalization_1 (Batch (None, 2049, 30)          120       
_________________________________________________________________
elu_1 (ELU)                  (None, 2049, 30)          0         
_________________________________________________________________
average_pooling1d_1 (Average (None, 1024, 30)          0         
_________________________________________________________________
dropout_1 (Dropout)          (None, 1024, 30)          0         
_________________________________________________________________
conv1d_2 (Conv1D)            (None, 1024, 15)          14415     
_________________________________________________________________
batch_normalization_2 (Batch (None, 1024, 15)          60        
_________________________________________________________________
elu_2 (ELU)                  (None, 1024, 15)          0         
_________________________________________________________________
average_pooling1d_2 (Average (None, 512, 15)           0         
_________________________________________________________________
dropout_2 (Dropout)          (None, 512, 15)           0         
_________________________________________________________________
conv1d_3 (Conv1D)            (None, 512, 10)           2410      
_________________________________________________________________
batch_normalization_3 (Batch (None, 512, 10)           40        
_________________________________________________________________
elu_3 (ELU)                  (None, 512, 10)           0         
_________________________________________________________________
average_pooling1d_3 (Average (None, 256, 10)           0         
_________________________________________________________________
dropout_3 (Dropout)          (None, 256, 10)           0         
_________________________________________________________________
flatten_1 (Flatten)          (None, 2560)              0         
_________________________________________________________________
dense_1 (Dense)              (None, 15)                38415     
_________________________________________________________________
batch_normalization_4 (Batch (None, 15)                60        
_________________________________________________________________
activation_1 (Activation)    (None, 15)                0         
_________________________________________________________________
dense_2 (Dense)              (None, 3)                 48        
=================================================================
Total params: 61,358
Trainable params: 61,218
Non-trainable params: 140
_________________________________________________________________
subject 1, avg accuracy 0.43627451807260514/0.3200000013576614 over 10 splits
subject 2, avg accuracy 0.5017543911933899/0.34375 over 10 splits
subject 3, avg accuracy 0.43245614767074586/0.26380952423527126 over 10 splits
subject 4, avg accuracy 0.5143274933099746/0.30000000044564223 over 10 splits
subject 5, avg accuracy 0.5000000029802323/0.375 over 10 splits
subject 6, avg accuracy 0.5377192974090577/0.3294117656603358 over 10 splits
subject 7, avg accuracy 0.5029411911964417/0.3715328473244271 over 10 splits
subject 8, avg accuracy 0.5578947424888611/0.375 over 10 splits
subject 9, avg accuracy 0.4546783685684204/0.3088435379218082 over 10 splits
subject 11, avg accuracy 0.6119883120059967/0.31698113272212586 over 10 splits
subject 12, avg accuracy 0.5207602381706238/0.32520325206280726 over 10 splits
subject 13, avg accuracy 0.4002923995256424/0.31808510790479944 over 10 splits
subject 14, avg accuracy 0.5166666686534882/0.3711340206185567 over 10 splits
subject 15, avg accuracy 0.511578944325447/0.2541666666666667 over 10 splits
subject 16, avg accuracy 0.5394736856222153/0.40000000146089815 over 10 splits
subject 17, avg accuracy 0.44815789759159086/0.304347827123559 over 10 splits
subject 18, avg accuracy 0.4970760256052017/0.35604395568370817 over 10 splits
subject 19, avg accuracy 0.6092105329036712/0.3123809524377187 over 10 splits
avg accuracy over all subjects 0.505180603182978/0.33031614409033255
subject 1, avg accuracy 0.44183007478713987/0.3377777796983719 over 10 splits
subject 2, avg accuracy 0.5076023519039154/0.3104166666666667 over 10 splits
subject 3, avg accuracy 0.43011696338653566/0.278095238336495 over 10 splits
subject 4, avg accuracy 0.511111119389534/0.2869158884075201 over 10 splits
subject 5, avg accuracy 0.5157894790172577/0.375 over 10 splits
subject 6, avg accuracy 0.5315789520740509/0.3333333327879313 over 10 splits
subject 7, avg accuracy 0.5316993579268455/0.36715328497608213 over 10 splits
subject 8, avg accuracy 0.6147368431091309/0.3911764705882353 over 10 splits
subject 9, avg accuracy 0.5026315867900848/0.3129251699869324 over 10 splits
subject 11, avg accuracy 0.6271929860115051/0.33113207609023687 over 10 splits
subject 12, avg accuracy 0.461111119389534/0.31626016258951123 over 10 splits
subject 13, avg accuracy 0.4315789550542831/0.3404255353389902 over 10 splits
subject 14, avg accuracy 0.5154970765113831/0.36391752577319586 over 10 splits
subject 15, avg accuracy 0.5671052604913711/0.23888888888888893 over 10 splits
subject 16, avg accuracy 0.5347953319549561/0.38823529359172376 over 10 splits
subject 17, avg accuracy 0.4639473706483841/0.32173913030520734 over 10 splits
subject 18, avg accuracy 0.4321637436747551/0.33736263745269934 over 10 splits
subject 19, avg accuracy 0.5731579005718231/0.31904761911148116 over 10 splits
avg accuracy over all subjects 0.510758137371805/0.33054459447723167
subject 1, avg accuracy 0.38660131245851515/0.3288888908425967 over 10 splits
subject 2, avg accuracy 0.47485380470752714/0.3291666666666667 over 10 splits
subject 3, avg accuracy 0.39415204972028733/0.26380952443395345 over 10 splits
subject 4, avg accuracy 0.49181286841630933/0.29439252375442293 over 10 splits
subject 5, avg accuracy 0.4947368443012238/0.3666666666666667 over 10 splits
subject 6, avg accuracy 0.5523391842842102/0.3241830069449992 over 10 splits
subject 7, avg accuracy 0.5366013139486313/0.3576642340117127 over 10 splits
subject 8, avg accuracy 0.6094736725091934/0.40147058823529413 over 10 splits
subject 9, avg accuracy 0.5137427002191544/0.3061224493749288 over 10 splits
subject 11, avg accuracy 0.5792397737503052/0.3235849064194931 over 10 splits
subject 12, avg accuracy 0.46257310509681704/0.3211382112488514 over 10 splits
subject 13, avg accuracy 0.3669590726494789/0.32659574677335457 over 10 splits
subject 14, avg accuracy 0.5111111044883728/0.37319587628865974 over 10 splits
subject 15, avg accuracy 0.5621052592992782/0.24722222222222223 over 10 splits
subject 16, avg accuracy 0.5128655076026917/0.384313724672093 over 10 splits
subject 17, avg accuracy 0.45342105329036714/0.3271739122660263 over 10 splits
subject 18, avg accuracy 0.4488304167985916/0.3340659335419372 over 10 splits
subject 19, avg accuracy 0.614473682641983/0.31047619061810633 over 10 splits
avg accuracy over all subjects 0.49810515145460765/0.32889618194344356
subject 1, avg accuracy 0.42156863659620286/0.3344444458683332 over 10 splits
subject 2, avg accuracy 0.4646198898553848/0.3270833333333333 over 10 splits
subject 3, avg accuracy 0.46023392081260683/0.267619048044795 over 10 splits
subject 4, avg accuracy 0.5494152069091797/0.3093457948660182 over 10 splits
subject 5, avg accuracy 0.5105263113975524/0.37361111111111106 over 10 splits
subject 6, avg accuracy 0.5222222208976746/0.3215686275678522 over 10 splits
subject 7, avg accuracy 0.5526143908500671/0.3751824821542649 over 10 splits
subject 8, avg accuracy 0.581842103600502/0.39705882352941174 over 10 splits
subject 9, avg accuracy 0.48128655552864075/0.3251700680474846 over 10 splits
subject 11, avg accuracy 0.6058479607105255/0.3358490576159279 over 10 splits
subject 12, avg accuracy 0.44122807681560516/0.31138211365153146 over 10 splits
subject 13, avg accuracy 0.39444445371627807/0.3223404285438517 over 10 splits
subject 14, avg accuracy 0.5201754450798035/0.36804123711340203 over 10 splits
subject 15, avg accuracy 0.5613157957792282/0.26249999999999996 over 10 splits
subject 16, avg accuracy 0.5365497142076492/0.3745098029865938 over 10 splits
subject 17, avg accuracy 0.4321052610874176/0.3152173918226491 over 10 splits
subject 18, avg accuracy 0.48274853825569153/0.33846153906740983 over 10 splits
subject 19, avg accuracy 0.5523684233427048/0.32285714292100504 over 10 splits
avg accuracy over all subjects 0.5039507169690397/0.33234680268027633
subject 1, avg accuracy 0.3532679818570614/0.32111111293236416 over 10 splits
subject 2, avg accuracy 0.4438596546649933/0.3395833333333333 over 10 splits
subject 3, avg accuracy 0.41432749181985856/0.2800000004470348 over 10 splits
subject 4, avg accuracy 0.5298245638608933/0.3074766359039557 over 10 splits
subject 5, avg accuracy 0.5210526287555695/0.37499999999999994 over 10 splits
subject 6, avg accuracy 0.5850877195596695/0.3169934649093478 over 10 splits
subject 7, avg accuracy 0.5477124273777008/0.36423357708828297 over 10 splits
subject 8, avg accuracy 0.5621052622795105/0.3970588235294118 over 10 splits
subject 9, avg accuracy 0.5023391813039779/0.3278911563003955 over 10 splits
subject 11, avg accuracy 0.5479532182216644/0.3235849065600701 over 10 splits
subject 12, avg accuracy 0.46257310509681704/0.31138211349403955 over 10 splits
subject 13, avg accuracy 0.40555555522441866/0.3159574488059004 over 10 splits
subject 14, avg accuracy 0.4891812831163406/0.3649484536082474 over 10 splits
subject 15, avg accuracy 0.5623684257268906/0.2680555555555556 over 10 splits
subject 16, avg accuracy 0.5090643346309662/0.38039215680430916 over 10 splits
subject 17, avg accuracy 0.45842105448246/0.31956521933493404 over 10 splits
subject 18, avg accuracy 0.4271929860115051/0.3340659339513098 over 10 splits
subject 19, avg accuracy 0.5994736850261688/0.31428571436376795 over 10 splits
avg accuracy over all subjects 0.4956311421675815/0.33119920038457
acc 0.4956311421675815/0.33119920038457

acc 0.49810515145460765/0.32889618194344356

acc 0.5039507169690397/0.33234680268027633

acc 0.505180603182978/0.33031614409033255

acc 0.510758137371805/0.33054459447723167

avg over all trials and subjects 0.5027251502292025/0.3306605847151708
end time
Sun Jun 10 04:45:53 CEST 2018
