data dir
/lunarc/nobackup/users/albheim/EEG-klassificering
script
#!/bin/sh
#SBATCH -t 60:00:00
#SBATCH -J maxpool
#SBATCH -A lu2018-2-3
#// SBATCH -o stdout_%j.out
#// SBATCH -e stderr_%j.err

# shold be lu or gpu
#SBATCH -p gpu

# how many gpus, 4 per node, using many seems to crash more often so stick with 1
#SBATCH --gres=gpu:1

# use 5 cores per GPU
#SBATCH -n 5
#SBATCH --mem-per-cpu=3100

DATA_DIR="$(cat ../data_location.txt)"
echo "data dir"
echo $DATA_DIR

echo "script"
cat $0

PY_FILE="best.py"
echo "py file"
cat $PY_FILE

echo "nvidia smi"
nvidia-smi

echo "start time"
date

CURR_DIR="$(pwd)"
cd $DATA_DIR
cp -r --parents DATA/Visual $SNIC_TMP
cd $CURR_DIR
ls $SNIC_TMP
du -h "${SNIC_TMP}/DATA"

echo "copy done time"
date

python $PY_FILE $SNIC_TMP

echo "end time"
date
py file
import sys
from datetime import datetime

import numpy as np
from scipy import io

import tensorflow as tf

from keras.models import Sequential, Model
from keras.layers import Dense, Dropout, Input, GaussianNoise, BatchNormalization
from keras.layers import TimeDistributed, Lambda, AlphaDropout
from keras.layers import SimpleRNN, RNN, LSTM, GRU
from keras.layers import Conv1D, MaxPooling1D, Flatten
from keras.layers import ELU, PReLU, Activation, AveragePooling1D

from keras.optimizers import SGD, Adam, RMSprop, Nadam
from keras import regularizers as rg
from keras import backend as K

from tensorflow.python.client import device_lib
print(device_lib.list_local_devices())

import data
import util


x, y = data.load_single(cut=True, visual=True, transpose=True)
xt, yt = data.load_single(cut=True, visual=True, study=False, transpose=True)
    
print(x[0].shape, xt[0].shape)

splits = 10
n_subs = len(x)
n_models = 10
msets = [None for j in range(n_models)]
accs = [0 for j in range(n_models)]
accs2 = [0 for j in range(n_models)]
vals = np.zeros((31, ))

#channels = [25, 26, 29]
#for i in range(n_subs):
#    x[i] = x[i][:, :, channels]
#    xt[i] = xt[i][:, :, channels]


def offset_slice(inputs):
    w = 630
    r = np.random.randint(inputs.shape[1] - w + 1)
    return inputs[:, r:r + w, :]

for j in range(n_models):

    msets[j] = " " # mset

    m_in = Input(shape=x[0][0].shape)
    m_off = Lambda(offset_slice)(m_in)
    m_noise = GaussianNoise(np.std(x[0][0] / 100))(m_off) # how much noice to have????

    m_t = Conv1D(30, 64, padding='causal')(m_noise)
    m_t = BatchNormalization()(m_t)
    m_t = ELU()(m_t)
    m_t = MaxPooling1D(2)(m_t)
    m_t = Dropout(0.2)(m_t)

    m_t = Conv1D(15, 32, padding='causal')(m_t)
    m_t = BatchNormalization()(m_t)
    m_t = ELU()(m_t)
    m_t = MaxPooling1D(2)(m_t)
    m_t = Dropout(0.3)(m_t)

    m_t = Conv1D(10, 16, padding='causal')(m_t)
    m_t = BatchNormalization()(m_t)
    m_t = ELU()(m_t)
    m_t = MaxPooling1D(2)(m_t)
    m_t = Dropout(0.4)(m_t)

    m_t = Flatten()(m_t)
    # m_t = Dense(35)(m_t)
    # m_t = BatchNormalization()(m_t)
    # m_t = Activation('tanh')(m_t)
    m_t = Dense(15)(m_t)
    m_t = BatchNormalization()(m_t)
    m_t = Activation('tanh')(m_t)
    m_out = Dense(3, activation='softmax')(m_t)

    model = Model(inputs=m_in, outputs=m_out)

    m_save = model.get_config()
    if j == 0:
        model.summary()

    avgacc = 0
    avgacc2 = 0
    for i in range(n_subs):
        xm = np.mean(x[i], axis=(0, 1))[np.newaxis, np.newaxis, :]
        xs = np.std(x[i], axis=(0, 1))[np.newaxis, np.newaxis, :]
        xi = (x[i] - xm) / xs
        xti = (xt[i] - xm) / xs
        
        n = x[i].shape[0]
        acc = 0
        acc2 = 0
        for tr, val in util.kfold(n, splits, shuffle=True):
            # recreate model
            model = Model.from_config(m_save)
            model.compile(loss='categorical_crossentropy',
                          optimizer='adam',
                          metrics=['accuracy'])
            # print(len(model.get_weights()))
            print(model.get_weights()[0].shape)

            # fit with next kfold data
            h = model.fit(xi[tr], y[i][tr],
                          # validation_data=(x[i][val], y[i][val]),
                          batch_size=64, epochs=200, verbose=0)
            h = h.history

            vals += np.sum(np.absolute(model.get_weights()[0]), (0, 2))
            _, a = model.evaluate(xi[val], y[i][val], verbose=0)
            _, a2 = model.evaluate(xti, yt[i], verbose=0)
            acc += a
            acc2 += a2

        K.clear_session()

        acc /= splits
        acc2 /= splits
        avgacc += acc
        avgacc2 += acc2

        print("subject {}, avg accuracy {}/{} over {} splits".format(i + 1 if i + 1 < 10 else i + 2,
                                                                     acc, acc2, splits))

    avgacc /= n_subs
    accs[j] = avgacc
    avgacc2 /= n_subs
    accs2[j] = avgacc2
    print("avg accuracy over all subjects {}/{}".format(avgacc, avgacc2))

print("channel values")
for v in vals:
    print(v / (n_models * n_subs * splits * 30 * 31))

for a, a2 in sorted(zip(accs, accs2)):
    print("acc {}/{}\n".format(a, a2))

print("avg over all trials and subjects {}/{}".format(sum(accs) / len(accs), sum(accs2) / len(accs2)))
nvidia smi
Wed May 16 11:13:40 2018       
+-----------------------------------------------------------------------------+
| NVIDIA-SMI 390.46                 Driver Version: 390.46                    |
|-------------------------------+----------------------+----------------------+
| GPU  Name        Persistence-M| Bus-Id        Disp.A | Volatile Uncorr. ECC |
| Fan  Temp  Perf  Pwr:Usage/Cap|         Memory-Usage | GPU-Util  Compute M. |
|===============================+======================+======================|
|   0  Tesla K80           On   | 00000000:04:00.0 Off |                    0 |
| N/A   23C    P8    27W / 149W |      0MiB / 11441MiB |      0%      Default |
+-------------------------------+----------------------+----------------------+
|   1  Tesla K80           On   | 00000000:05:00.0 Off |                    0 |
| N/A   33C    P8    28W / 149W |      0MiB / 11441MiB |      0%      Default |
+-------------------------------+----------------------+----------------------+
|   2  Tesla K80           On   | 00000000:84:00.0 Off |                    0 |
| N/A   46C    P0    74W / 149W |  10920MiB / 11441MiB |     49%      Default |
+-------------------------------+----------------------+----------------------+
|   3  Tesla K80           On   | 00000000:85:00.0 Off |                    0 |
| N/A   76C    P0    97W / 149W |  10920MiB / 11441MiB |     49%      Default |
+-------------------------------+----------------------+----------------------+
                                                                               
+-----------------------------------------------------------------------------+
| Processes:                                                       GPU Memory |
|  GPU       PID   Type   Process name                             Usage      |
|=============================================================================|
|    2    315166      C   python                                     10907MiB |
|    3    316299      C   python                                     10907MiB |
+-----------------------------------------------------------------------------+
start time
Wed May 16 11:13:40 CEST 2018
DATA
2.4G	/local/slurmtmp.774048/DATA/Visual
2.4G	/local/slurmtmp.774048/DATA
copy done time
Wed May 16 11:13:47 CEST 2018
2018-05-16 11:13:49.515947: I tensorflow/core/platform/cpu_feature_guard.cc:137] Your CPU supports instructions that this TensorFlow binary was not compiled to use: SSE4.1 SSE4.2 AVX AVX2 FMA
2018-05-16 11:13:49.709652: I tensorflow/core/common_runtime/gpu/gpu_device.cc:1030] Found device 0 with properties: 
name: Tesla K80 major: 3 minor: 7 memoryClockRate(GHz): 0.8235
pciBusID: 0000:04:00.0
totalMemory: 11.17GiB freeMemory: 11.10GiB
2018-05-16 11:13:49.709768: I tensorflow/core/common_runtime/gpu/gpu_device.cc:1120] Creating TensorFlow device (/device:GPU:0) -> (device: 0, name: Tesla K80, pci bus id: 0000:04:00.0, compute capability: 3.7)
2018-05-16 11:14:10.013842: I tensorflow/core/common_runtime/gpu/gpu_device.cc:1120] Creating TensorFlow device (/device:GPU:0) -> (device: 0, name: Tesla K80, pci bus id: 0000:04:00.0, compute capability: 3.7)
2018-05-16 11:17:35.479878: I tensorflow/core/common_runtime/gpu/gpu_device.cc:1120] Creating TensorFlow device (/device:GPU:0) -> (device: 0, name: Tesla K80, pci bus id: 0000:04:00.0, compute capability: 3.7)
2018-05-16 11:21:00.986339: I tensorflow/core/common_runtime/gpu/gpu_device.cc:1120] Creating TensorFlow device (/device:GPU:0) -> (device: 0, name: Tesla K80, pci bus id: 0000:04:00.0, compute capability: 3.7)
2018-05-16 11:24:28.517850: I tensorflow/core/common_runtime/gpu/gpu_device.cc:1120] Creating TensorFlow device (/device:GPU:0) -> (device: 0, name: Tesla K80, pci bus id: 0000:04:00.0, compute capability: 3.7)
2018-05-16 11:27:56.193416: I tensorflow/core/common_runtime/gpu/gpu_device.cc:1120] Creating TensorFlow device (/device:GPU:0) -> (device: 0, name: Tesla K80, pci bus id: 0000:04:00.0, compute capability: 3.7)
2018-05-16 11:31:20.861090: I tensorflow/core/common_runtime/gpu/gpu_device.cc:1120] Creating TensorFlow device (/device:GPU:0) -> (device: 0, name: Tesla K80, pci bus id: 0000:04:00.0, compute capability: 3.7)
2018-05-16 11:34:47.057965: I tensorflow/core/common_runtime/gpu/gpu_device.cc:1120] Creating TensorFlow device (/device:GPU:0) -> (device: 0, name: Tesla K80, pci bus id: 0000:04:00.0, compute capability: 3.7)
2018-05-16 11:38:13.472447: I tensorflow/core/common_runtime/gpu/gpu_device.cc:1120] Creating TensorFlow device (/device:GPU:0) -> (device: 0, name: Tesla K80, pci bus id: 0000:04:00.0, compute capability: 3.7)
2018-05-16 11:41:45.329869: I tensorflow/core/common_runtime/gpu/gpu_device.cc:1120] Creating TensorFlow device (/device:GPU:0) -> (device: 0, name: Tesla K80, pci bus id: 0000:04:00.0, compute capability: 3.7)
2018-05-16 11:45:10.445778: I tensorflow/core/common_runtime/gpu/gpu_device.cc:1120] Creating TensorFlow device (/device:GPU:0) -> (device: 0, name: Tesla K80, pci bus id: 0000:04:00.0, compute capability: 3.7)
2018-05-16 11:48:35.868145: I tensorflow/core/common_runtime/gpu/gpu_device.cc:1120] Creating TensorFlow device (/device:GPU:0) -> (device: 0, name: Tesla K80, pci bus id: 0000:04:00.0, compute capability: 3.7)
2018-05-16 11:52:04.513531: I tensorflow/core/common_runtime/gpu/gpu_device.cc:1120] Creating TensorFlow device (/device:GPU:0) -> (device: 0, name: Tesla K80, pci bus id: 0000:04:00.0, compute capability: 3.7)
2018-05-16 11:55:33.005011: I tensorflow/core/common_runtime/gpu/gpu_device.cc:1120] Creating TensorFlow device (/device:GPU:0) -> (device: 0, name: Tesla K80, pci bus id: 0000:04:00.0, compute capability: 3.7)
2018-05-16 11:59:01.885855: I tensorflow/core/common_runtime/gpu/gpu_device.cc:1120] Creating TensorFlow device (/device:GPU:0) -> (device: 0, name: Tesla K80, pci bus id: 0000:04:00.0, compute capability: 3.7)
2018-05-16 12:02:26.029360: I tensorflow/core/common_runtime/gpu/gpu_device.cc:1120] Creating TensorFlow device (/device:GPU:0) -> (device: 0, name: Tesla K80, pci bus id: 0000:04:00.0, compute capability: 3.7)
2018-05-16 12:05:55.024096: I tensorflow/core/common_runtime/gpu/gpu_device.cc:1120] Creating TensorFlow device (/device:GPU:0) -> (device: 0, name: Tesla K80, pci bus id: 0000:04:00.0, compute capability: 3.7)
2018-05-16 12:09:24.553493: I tensorflow/core/common_runtime/gpu/gpu_device.cc:1120] Creating TensorFlow device (/device:GPU:0) -> (device: 0, name: Tesla K80, pci bus id: 0000:04:00.0, compute capability: 3.7)
2018-05-16 12:12:49.225814: I tensorflow/core/common_runtime/gpu/gpu_device.cc:1120] Creating TensorFlow device (/device:GPU:0) -> (device: 0, name: Tesla K80, pci bus id: 0000:04:00.0, compute capability: 3.7)
2018-05-16 12:16:14.238579: I tensorflow/core/common_runtime/gpu/gpu_device.cc:1120] Creating TensorFlow device (/device:GPU:0) -> (device: 0, name: Tesla K80, pci bus id: 0000:04:00.0, compute capability: 3.7)
2018-05-16 12:19:39.141663: I tensorflow/core/common_runtime/gpu/gpu_device.cc:1120] Creating TensorFlow device (/device:GPU:0) -> (device: 0, name: Tesla K80, pci bus id: 0000:04:00.0, compute capability: 3.7)
2018-05-16 12:23:04.236433: I tensorflow/core/common_runtime/gpu/gpu_device.cc:1120] Creating TensorFlow device (/device:GPU:0) -> (device: 0, name: Tesla K80, pci bus id: 0000:04:00.0, compute capability: 3.7)
2018-05-16 12:26:29.237353: I tensorflow/core/common_runtime/gpu/gpu_device.cc:1120] Creating TensorFlow device (/device:GPU:0) -> (device: 0, name: Tesla K80, pci bus id: 0000:04:00.0, compute capability: 3.7)
2018-05-16 12:29:54.634899: I tensorflow/core/common_runtime/gpu/gpu_device.cc:1120] Creating TensorFlow device (/device:GPU:0) -> (device: 0, name: Tesla K80, pci bus id: 0000:04:00.0, compute capability: 3.7)
2018-05-16 12:33:22.259360: I tensorflow/core/common_runtime/gpu/gpu_device.cc:1120] Creating TensorFlow device (/device:GPU:0) -> (device: 0, name: Tesla K80, pci bus id: 0000:04:00.0, compute capability: 3.7)
2018-05-16 12:36:46.511017: I tensorflow/core/common_runtime/gpu/gpu_device.cc:1120] Creating TensorFlow device (/device:GPU:0) -> (device: 0, name: Tesla K80, pci bus id: 0000:04:00.0, compute capability: 3.7)
2018-05-16 12:40:13.397677: I tensorflow/core/common_runtime/gpu/gpu_device.cc:1120] Creating TensorFlow device (/device:GPU:0) -> (device: 0, name: Tesla K80, pci bus id: 0000:04:00.0, compute capability: 3.7)
2018-05-16 12:43:43.362272: I tensorflow/core/common_runtime/gpu/gpu_device.cc:1120] Creating TensorFlow device (/device:GPU:0) -> (device: 0, name: Tesla K80, pci bus id: 0000:04:00.0, compute capability: 3.7)
2018-05-16 12:47:09.218681: I tensorflow/core/common_runtime/gpu/gpu_device.cc:1120] Creating TensorFlow device (/device:GPU:0) -> (device: 0, name: Tesla K80, pci bus id: 0000:04:00.0, compute capability: 3.7)
2018-05-16 12:50:32.560626: I tensorflow/core/common_runtime/gpu/gpu_device.cc:1120] Creating TensorFlow device (/device:GPU:0) -> (device: 0, name: Tesla K80, pci bus id: 0000:04:00.0, compute capability: 3.7)
2018-05-16 12:54:01.757568: I tensorflow/core/common_runtime/gpu/gpu_device.cc:1120] Creating TensorFlow device (/device:GPU:0) -> (device: 0, name: Tesla K80, pci bus id: 0000:04:00.0, compute capability: 3.7)
2018-05-16 12:57:29.271078: I tensorflow/core/common_runtime/gpu/gpu_device.cc:1120] Creating TensorFlow device (/device:GPU:0) -> (device: 0, name: Tesla K80, pci bus id: 0000:04:00.0, compute capability: 3.7)
2018-05-16 13:00:58.922828: I tensorflow/core/common_runtime/gpu/gpu_device.cc:1120] Creating TensorFlow device (/device:GPU:0) -> (device: 0, name: Tesla K80, pci bus id: 0000:04:00.0, compute capability: 3.7)
2018-05-16 13:04:21.996730: I tensorflow/core/common_runtime/gpu/gpu_device.cc:1120] Creating TensorFlow device (/device:GPU:0) -> (device: 0, name: Tesla K80, pci bus id: 0000:04:00.0, compute capability: 3.7)
2018-05-16 13:07:51.848500: I tensorflow/core/common_runtime/gpu/gpu_device.cc:1120] Creating TensorFlow device (/device:GPU:0) -> (device: 0, name: Tesla K80, pci bus id: 0000:04:00.0, compute capability: 3.7)
2018-05-16 13:11:21.342009: I tensorflow/core/common_runtime/gpu/gpu_device.cc:1120] Creating TensorFlow device (/device:GPU:0) -> (device: 0, name: Tesla K80, pci bus id: 0000:04:00.0, compute capability: 3.7)
2018-05-16 13:14:46.625681: I tensorflow/core/common_runtime/gpu/gpu_device.cc:1120] Creating TensorFlow device (/device:GPU:0) -> (device: 0, name: Tesla K80, pci bus id: 0000:04:00.0, compute capability: 3.7)
2018-05-16 13:18:10.887728: I tensorflow/core/common_runtime/gpu/gpu_device.cc:1120] Creating TensorFlow device (/device:GPU:0) -> (device: 0, name: Tesla K80, pci bus id: 0000:04:00.0, compute capability: 3.7)
2018-05-16 13:21:38.390490: I tensorflow/core/common_runtime/gpu/gpu_device.cc:1120] Creating TensorFlow device (/device:GPU:0) -> (device: 0, name: Tesla K80, pci bus id: 0000:04:00.0, compute capability: 3.7)
2018-05-16 13:25:04.418001: I tensorflow/core/common_runtime/gpu/gpu_device.cc:1120] Creating TensorFlow device (/device:GPU:0) -> (device: 0, name: Tesla K80, pci bus id: 0000:04:00.0, compute capability: 3.7)
2018-05-16 13:28:31.470395: I tensorflow/core/common_runtime/gpu/gpu_device.cc:1120] Creating TensorFlow device (/device:GPU:0) -> (device: 0, name: Tesla K80, pci bus id: 0000:04:00.0, compute capability: 3.7)
2018-05-16 13:31:57.226869: I tensorflow/core/common_runtime/gpu/gpu_device.cc:1120] Creating TensorFlow device (/device:GPU:0) -> (device: 0, name: Tesla K80, pci bus id: 0000:04:00.0, compute capability: 3.7)
2018-05-16 13:35:25.071307: I tensorflow/core/common_runtime/gpu/gpu_device.cc:1120] Creating TensorFlow device (/device:GPU:0) -> (device: 0, name: Tesla K80, pci bus id: 0000:04:00.0, compute capability: 3.7)
2018-05-16 13:38:51.433366: I tensorflow/core/common_runtime/gpu/gpu_device.cc:1120] Creating TensorFlow device (/device:GPU:0) -> (device: 0, name: Tesla K80, pci bus id: 0000:04:00.0, compute capability: 3.7)
2018-05-16 13:42:19.369366: I tensorflow/core/common_runtime/gpu/gpu_device.cc:1120] Creating TensorFlow device (/device:GPU:0) -> (device: 0, name: Tesla K80, pci bus id: 0000:04:00.0, compute capability: 3.7)
2018-05-16 13:45:48.922423: I tensorflow/core/common_runtime/gpu/gpu_device.cc:1120] Creating TensorFlow device (/device:GPU:0) -> (device: 0, name: Tesla K80, pci bus id: 0000:04:00.0, compute capability: 3.7)
2018-05-16 13:49:16.426385: I tensorflow/core/common_runtime/gpu/gpu_device.cc:1120] Creating TensorFlow device (/device:GPU:0) -> (device: 0, name: Tesla K80, pci bus id: 0000:04:00.0, compute capability: 3.7)
2018-05-16 13:52:41.617517: I tensorflow/core/common_runtime/gpu/gpu_device.cc:1120] Creating TensorFlow device (/device:GPU:0) -> (device: 0, name: Tesla K80, pci bus id: 0000:04:00.0, compute capability: 3.7)
2018-05-16 13:56:12.211884: I tensorflow/core/common_runtime/gpu/gpu_device.cc:1120] Creating TensorFlow device (/device:GPU:0) -> (device: 0, name: Tesla K80, pci bus id: 0000:04:00.0, compute capability: 3.7)
2018-05-16 13:59:41.472163: I tensorflow/core/common_runtime/gpu/gpu_device.cc:1120] Creating TensorFlow device (/device:GPU:0) -> (device: 0, name: Tesla K80, pci bus id: 0000:04:00.0, compute capability: 3.7)
2018-05-16 14:03:12.179583: I tensorflow/core/common_runtime/gpu/gpu_device.cc:1120] Creating TensorFlow device (/device:GPU:0) -> (device: 0, name: Tesla K80, pci bus id: 0000:04:00.0, compute capability: 3.7)
2018-05-16 14:06:35.565741: I tensorflow/core/common_runtime/gpu/gpu_device.cc:1120] Creating TensorFlow device (/device:GPU:0) -> (device: 0, name: Tesla K80, pci bus id: 0000:04:00.0, compute capability: 3.7)
2018-05-16 14:10:08.190599: I tensorflow/core/common_runtime/gpu/gpu_device.cc:1120] Creating TensorFlow device (/device:GPU:0) -> (device: 0, name: Tesla K80, pci bus id: 0000:04:00.0, compute capability: 3.7)
2018-05-16 14:13:38.491129: I tensorflow/core/common_runtime/gpu/gpu_device.cc:1120] Creating TensorFlow device (/device:GPU:0) -> (device: 0, name: Tesla K80, pci bus id: 0000:04:00.0, compute capability: 3.7)
2018-05-16 14:17:04.610242: I tensorflow/core/common_runtime/gpu/gpu_device.cc:1120] Creating TensorFlow device (/device:GPU:0) -> (device: 0, name: Tesla K80, pci bus id: 0000:04:00.0, compute capability: 3.7)
2018-05-16 14:20:28.626086: I tensorflow/core/common_runtime/gpu/gpu_device.cc:1120] Creating TensorFlow device (/device:GPU:0) -> (device: 0, name: Tesla K80, pci bus id: 0000:04:00.0, compute capability: 3.7)
2018-05-16 14:23:57.016604: I tensorflow/core/common_runtime/gpu/gpu_device.cc:1120] Creating TensorFlow device (/device:GPU:0) -> (device: 0, name: Tesla K80, pci bus id: 0000:04:00.0, compute capability: 3.7)
2018-05-16 14:27:22.890479: I tensorflow/core/common_runtime/gpu/gpu_device.cc:1120] Creating TensorFlow device (/device:GPU:0) -> (device: 0, name: Tesla K80, pci bus id: 0000:04:00.0, compute capability: 3.7)
2018-05-16 14:30:48.441310: I tensorflow/core/common_runtime/gpu/gpu_device.cc:1120] Creating TensorFlow device (/device:GPU:0) -> (device: 0, name: Tesla K80, pci bus id: 0000:04:00.0, compute capability: 3.7)
2018-05-16 14:34:13.610442: I tensorflow/core/common_runtime/gpu/gpu_device.cc:1120] Creating TensorFlow device (/device:GPU:0) -> (device: 0, name: Tesla K80, pci bus id: 0000:04:00.0, compute capability: 3.7)
2018-05-16 14:37:41.058465: I tensorflow/core/common_runtime/gpu/gpu_device.cc:1120] Creating TensorFlow device (/device:GPU:0) -> (device: 0, name: Tesla K80, pci bus id: 0000:04:00.0, compute capability: 3.7)
2018-05-16 14:41:04.584431: I tensorflow/core/common_runtime/gpu/gpu_device.cc:1120] Creating TensorFlow device (/device:GPU:0) -> (device: 0, name: Tesla K80, pci bus id: 0000:04:00.0, compute capability: 3.7)
2018-05-16 14:44:32.089884: I tensorflow/core/common_runtime/gpu/gpu_device.cc:1120] Creating TensorFlow device (/device:GPU:0) -> (device: 0, name: Tesla K80, pci bus id: 0000:04:00.0, compute capability: 3.7)
2018-05-16 14:48:00.633244: I tensorflow/core/common_runtime/gpu/gpu_device.cc:1120] Creating TensorFlow device (/device:GPU:0) -> (device: 0, name: Tesla K80, pci bus id: 0000:04:00.0, compute capability: 3.7)
2018-05-16 14:51:27.287239: I tensorflow/core/common_runtime/gpu/gpu_device.cc:1120] Creating TensorFlow device (/device:GPU:0) -> (device: 0, name: Tesla K80, pci bus id: 0000:04:00.0, compute capability: 3.7)
2018-05-16 14:54:48.605306: I tensorflow/core/common_runtime/gpu/gpu_device.cc:1120] Creating TensorFlow device (/device:GPU:0) -> (device: 0, name: Tesla K80, pci bus id: 0000:04:00.0, compute capability: 3.7)
2018-05-16 14:58:19.285939: I tensorflow/core/common_runtime/gpu/gpu_device.cc:1120] Creating TensorFlow device (/device:GPU:0) -> (device: 0, name: Tesla K80, pci bus id: 0000:04:00.0, compute capability: 3.7)
2018-05-16 15:01:45.643478: I tensorflow/core/common_runtime/gpu/gpu_device.cc:1120] Creating TensorFlow device (/device:GPU:0) -> (device: 0, name: Tesla K80, pci bus id: 0000:04:00.0, compute capability: 3.7)
2018-05-16 15:05:15.987141: I tensorflow/core/common_runtime/gpu/gpu_device.cc:1120] Creating TensorFlow device (/device:GPU:0) -> (device: 0, name: Tesla K80, pci bus id: 0000:04:00.0, compute capability: 3.7)
2018-05-16 15:08:38.108772: I tensorflow/core/common_runtime/gpu/gpu_device.cc:1120] Creating TensorFlow device (/device:GPU:0) -> (device: 0, name: Tesla K80, pci bus id: 0000:04:00.0, compute capability: 3.7)
2018-05-16 15:12:08.135817: I tensorflow/core/common_runtime/gpu/gpu_device.cc:1120] Creating TensorFlow device (/device:GPU:0) -> (device: 0, name: Tesla K80, pci bus id: 0000:04:00.0, compute capability: 3.7)
2018-05-16 15:15:36.433807: I tensorflow/core/common_runtime/gpu/gpu_device.cc:1120] Creating TensorFlow device (/device:GPU:0) -> (device: 0, name: Tesla K80, pci bus id: 0000:04:00.0, compute capability: 3.7)
2018-05-16 15:19:03.180425: I tensorflow/core/common_runtime/gpu/gpu_device.cc:1120] Creating TensorFlow device (/device:GPU:0) -> (device: 0, name: Tesla K80, pci bus id: 0000:04:00.0, compute capability: 3.7)
2018-05-16 15:22:24.398151: I tensorflow/core/common_runtime/gpu/gpu_device.cc:1120] Creating TensorFlow device (/device:GPU:0) -> (device: 0, name: Tesla K80, pci bus id: 0000:04:00.0, compute capability: 3.7)
2018-05-16 15:25:52.971335: I tensorflow/core/common_runtime/gpu/gpu_device.cc:1120] Creating TensorFlow device (/device:GPU:0) -> (device: 0, name: Tesla K80, pci bus id: 0000:04:00.0, compute capability: 3.7)
2018-05-16 15:29:19.761474: I tensorflow/core/common_runtime/gpu/gpu_device.cc:1120] Creating TensorFlow device (/device:GPU:0) -> (device: 0, name: Tesla K80, pci bus id: 0000:04:00.0, compute capability: 3.7)
2018-05-16 15:32:47.263890: I tensorflow/core/common_runtime/gpu/gpu_device.cc:1120] Creating TensorFlow device (/device:GPU:0) -> (device: 0, name: Tesla K80, pci bus id: 0000:04:00.0, compute capability: 3.7)
2018-05-16 15:36:14.155883: I tensorflow/core/common_runtime/gpu/gpu_device.cc:1120] Creating TensorFlow device (/device:GPU:0) -> (device: 0, name: Tesla K80, pci bus id: 0000:04:00.0, compute capability: 3.7)
2018-05-16 15:39:41.605969: I tensorflow/core/common_runtime/gpu/gpu_device.cc:1120] Creating TensorFlow device (/device:GPU:0) -> (device: 0, name: Tesla K80, pci bus id: 0000:04:00.0, compute capability: 3.7)
2018-05-16 15:43:06.340463: I tensorflow/core/common_runtime/gpu/gpu_device.cc:1120] Creating TensorFlow device (/device:GPU:0) -> (device: 0, name: Tesla K80, pci bus id: 0000:04:00.0, compute capability: 3.7)
2018-05-16 15:46:34.974067: I tensorflow/core/common_runtime/gpu/gpu_device.cc:1120] Creating TensorFlow device (/device:GPU:0) -> (device: 0, name: Tesla K80, pci bus id: 0000:04:00.0, compute capability: 3.7)
2018-05-16 15:50:05.146694: I tensorflow/core/common_runtime/gpu/gpu_device.cc:1120] Creating TensorFlow device (/device:GPU:0) -> (device: 0, name: Tesla K80, pci bus id: 0000:04:00.0, compute capability: 3.7)
2018-05-16 15:53:31.667556: I tensorflow/core/common_runtime/gpu/gpu_device.cc:1120] Creating TensorFlow device (/device:GPU:0) -> (device: 0, name: Tesla K80, pci bus id: 0000:04:00.0, compute capability: 3.7)
2018-05-16 15:56:55.600341: I tensorflow/core/common_runtime/gpu/gpu_device.cc:1120] Creating TensorFlow device (/device:GPU:0) -> (device: 0, name: Tesla K80, pci bus id: 0000:04:00.0, compute capability: 3.7)
2018-05-16 16:00:26.811810: I tensorflow/core/common_runtime/gpu/gpu_device.cc:1120] Creating TensorFlow device (/device:GPU:0) -> (device: 0, name: Tesla K80, pci bus id: 0000:04:00.0, compute capability: 3.7)
2018-05-16 16:03:56.720777: I tensorflow/core/common_runtime/gpu/gpu_device.cc:1120] Creating TensorFlow device (/device:GPU:0) -> (device: 0, name: Tesla K80, pci bus id: 0000:04:00.0, compute capability: 3.7)
2018-05-16 16:07:27.973593: I tensorflow/core/common_runtime/gpu/gpu_device.cc:1120] Creating TensorFlow device (/device:GPU:0) -> (device: 0, name: Tesla K80, pci bus id: 0000:04:00.0, compute capability: 3.7)
2018-05-16 16:10:51.826652: I tensorflow/core/common_runtime/gpu/gpu_device.cc:1120] Creating TensorFlow device (/device:GPU:0) -> (device: 0, name: Tesla K80, pci bus id: 0000:04:00.0, compute capability: 3.7)
2018-05-16 16:14:23.462618: I tensorflow/core/common_runtime/gpu/gpu_device.cc:1120] Creating TensorFlow device (/device:GPU:0) -> (device: 0, name: Tesla K80, pci bus id: 0000:04:00.0, compute capability: 3.7)
2018-05-16 16:17:54.742931: I tensorflow/core/common_runtime/gpu/gpu_device.cc:1120] Creating TensorFlow device (/device:GPU:0) -> (device: 0, name: Tesla K80, pci bus id: 0000:04:00.0, compute capability: 3.7)
2018-05-16 16:21:21.797441: I tensorflow/core/common_runtime/gpu/gpu_device.cc:1120] Creating TensorFlow device (/device:GPU:0) -> (device: 0, name: Tesla K80, pci bus id: 0000:04:00.0, compute capability: 3.7)
2018-05-16 16:24:45.047994: I tensorflow/core/common_runtime/gpu/gpu_device.cc:1120] Creating TensorFlow device (/device:GPU:0) -> (device: 0, name: Tesla K80, pci bus id: 0000:04:00.0, compute capability: 3.7)
2018-05-16 16:28:14.600758: I tensorflow/core/common_runtime/gpu/gpu_device.cc:1120] Creating TensorFlow device (/device:GPU:0) -> (device: 0, name: Tesla K80, pci bus id: 0000:04:00.0, compute capability: 3.7)
2018-05-16 16:31:40.653063: I tensorflow/core/common_runtime/gpu/gpu_device.cc:1120] Creating TensorFlow device (/device:GPU:0) -> (device: 0, name: Tesla K80, pci bus id: 0000:04:00.0, compute capability: 3.7)
2018-05-16 16:35:07.368987: I tensorflow/core/common_runtime/gpu/gpu_device.cc:1120] Creating TensorFlow device (/device:GPU:0) -> (device: 0, name: Tesla K80, pci bus id: 0000:04:00.0, compute capability: 3.7)
2018-05-16 16:38:34.500186: I tensorflow/core/common_runtime/gpu/gpu_device.cc:1120] Creating TensorFlow device (/device:GPU:0) -> (device: 0, name: Tesla K80, pci bus id: 0000:04:00.0, compute capability: 3.7)
2018-05-16 16:42:03.544429: I tensorflow/core/common_runtime/gpu/gpu_device.cc:1120] Creating TensorFlow device (/device:GPU:0) -> (device: 0, name: Tesla K80, pci bus id: 0000:04:00.0, compute capability: 3.7)
2018-05-16 16:45:29.266285: I tensorflow/core/common_runtime/gpu/gpu_device.cc:1120] Creating TensorFlow device (/device:GPU:0) -> (device: 0, name: Tesla K80, pci bus id: 0000:04:00.0, compute capability: 3.7)
2018-05-16 16:49:00.546363: I tensorflow/core/common_runtime/gpu/gpu_device.cc:1120] Creating TensorFlow device (/device:GPU:0) -> (device: 0, name: Tesla K80, pci bus id: 0000:04:00.0, compute capability: 3.7)
2018-05-16 16:52:29.757231: I tensorflow/core/common_runtime/gpu/gpu_device.cc:1120] Creating TensorFlow device (/device:GPU:0) -> (device: 0, name: Tesla K80, pci bus id: 0000:04:00.0, compute capability: 3.7)
2018-05-16 16:55:58.284130: I tensorflow/core/common_runtime/gpu/gpu_device.cc:1120] Creating TensorFlow device (/device:GPU:0) -> (device: 0, name: Tesla K80, pci bus id: 0000:04:00.0, compute capability: 3.7)
2018-05-16 16:59:22.650214: I tensorflow/core/common_runtime/gpu/gpu_device.cc:1120] Creating TensorFlow device (/device:GPU:0) -> (device: 0, name: Tesla K80, pci bus id: 0000:04:00.0, compute capability: 3.7)
2018-05-16 17:02:52.734288: I tensorflow/core/common_runtime/gpu/gpu_device.cc:1120] Creating TensorFlow device (/device:GPU:0) -> (device: 0, name: Tesla K80, pci bus id: 0000:04:00.0, compute capability: 3.7)
2018-05-16 17:06:19.866980: I tensorflow/core/common_runtime/gpu/gpu_device.cc:1120] Creating TensorFlow device (/device:GPU:0) -> (device: 0, name: Tesla K80, pci bus id: 0000:04:00.0, compute capability: 3.7)
2018-05-16 17:09:50.502248: I tensorflow/core/common_runtime/gpu/gpu_device.cc:1120] Creating TensorFlow device (/device:GPU:0) -> (device: 0, name: Tesla K80, pci bus id: 0000:04:00.0, compute capability: 3.7)
2018-05-16 17:13:11.552044: I tensorflow/core/common_runtime/gpu/gpu_device.cc:1120] Creating TensorFlow device (/device:GPU:0) -> (device: 0, name: Tesla K80, pci bus id: 0000:04:00.0, compute capability: 3.7)
2018-05-16 17:16:43.127650: I tensorflow/core/common_runtime/gpu/gpu_device.cc:1120] Creating TensorFlow device (/device:GPU:0) -> (device: 0, name: Tesla K80, pci bus id: 0000:04:00.0, compute capability: 3.7)
2018-05-16 17:20:10.613778: I tensorflow/core/common_runtime/gpu/gpu_device.cc:1120] Creating TensorFlow device (/device:GPU:0) -> (device: 0, name: Tesla K80, pci bus id: 0000:04:00.0, compute capability: 3.7)
2018-05-16 17:23:37.527860: I tensorflow/core/common_runtime/gpu/gpu_device.cc:1120] Creating TensorFlow device (/device:GPU:0) -> (device: 0, name: Tesla K80, pci bus id: 0000:04:00.0, compute capability: 3.7)
2018-05-16 17:26:59.694756: I tensorflow/core/common_runtime/gpu/gpu_device.cc:1120] Creating TensorFlow device (/device:GPU:0) -> (device: 0, name: Tesla K80, pci bus id: 0000:04:00.0, compute capability: 3.7)
2018-05-16 17:30:27.979340: I tensorflow/core/common_runtime/gpu/gpu_device.cc:1120] Creating TensorFlow device (/device:GPU:0) -> (device: 0, name: Tesla K80, pci bus id: 0000:04:00.0, compute capability: 3.7)
2018-05-16 17:33:53.804787: I tensorflow/core/common_runtime/gpu/gpu_device.cc:1120] Creating TensorFlow device (/device:GPU:0) -> (device: 0, name: Tesla K80, pci bus id: 0000:04:00.0, compute capability: 3.7)
2018-05-16 17:37:21.317317: I tensorflow/core/common_runtime/gpu/gpu_device.cc:1120] Creating TensorFlow device (/device:GPU:0) -> (device: 0, name: Tesla K80, pci bus id: 0000:04:00.0, compute capability: 3.7)
2018-05-16 17:40:48.775871: I tensorflow/core/common_runtime/gpu/gpu_device.cc:1120] Creating TensorFlow device (/device:GPU:0) -> (device: 0, name: Tesla K80, pci bus id: 0000:04:00.0, compute capability: 3.7)
2018-05-16 17:44:17.103166: I tensorflow/core/common_runtime/gpu/gpu_device.cc:1120] Creating TensorFlow device (/device:GPU:0) -> (device: 0, name: Tesla K80, pci bus id: 0000:04:00.0, compute capability: 3.7)
2018-05-16 17:47:42.803618: I tensorflow/core/common_runtime/gpu/gpu_device.cc:1120] Creating TensorFlow device (/device:GPU:0) -> (device: 0, name: Tesla K80, pci bus id: 0000:04:00.0, compute capability: 3.7)
2018-05-16 17:51:12.611825: I tensorflow/core/common_runtime/gpu/gpu_device.cc:1120] Creating TensorFlow device (/device:GPU:0) -> (device: 0, name: Tesla K80, pci bus id: 0000:04:00.0, compute capability: 3.7)
2018-05-16 17:54:43.143659: I tensorflow/core/common_runtime/gpu/gpu_device.cc:1120] Creating TensorFlow device (/device:GPU:0) -> (device: 0, name: Tesla K80, pci bus id: 0000:04:00.0, compute capability: 3.7)
2018-05-16 17:58:11.750139: I tensorflow/core/common_runtime/gpu/gpu_device.cc:1120] Creating TensorFlow device (/device:GPU:0) -> (device: 0, name: Tesla K80, pci bus id: 0000:04:00.0, compute capability: 3.7)
2018-05-16 18:01:36.899549: I tensorflow/core/common_runtime/gpu/gpu_device.cc:1120] Creating TensorFlow device (/device:GPU:0) -> (device: 0, name: Tesla K80, pci bus id: 0000:04:00.0, compute capability: 3.7)
2018-05-16 18:05:08.986051: I tensorflow/core/common_runtime/gpu/gpu_device.cc:1120] Creating TensorFlow device (/device:GPU:0) -> (device: 0, name: Tesla K80, pci bus id: 0000:04:00.0, compute capability: 3.7)
2018-05-16 18:08:39.873845: I tensorflow/core/common_runtime/gpu/gpu_device.cc:1120] Creating TensorFlow device (/device:GPU:0) -> (device: 0, name: Tesla K80, pci bus id: 0000:04:00.0, compute capability: 3.7)
2018-05-16 18:12:13.816864: I tensorflow/core/common_runtime/gpu/gpu_device.cc:1120] Creating TensorFlow device (/device:GPU:0) -> (device: 0, name: Tesla K80, pci bus id: 0000:04:00.0, compute capability: 3.7)
2018-05-16 18:15:38.791999: I tensorflow/core/common_runtime/gpu/gpu_device.cc:1120] Creating TensorFlow device (/device:GPU:0) -> (device: 0, name: Tesla K80, pci bus id: 0000:04:00.0, compute capability: 3.7)
2018-05-16 18:19:11.443734: I tensorflow/core/common_runtime/gpu/gpu_device.cc:1120] Creating TensorFlow device (/device:GPU:0) -> (device: 0, name: Tesla K80, pci bus id: 0000:04:00.0, compute capability: 3.7)
2018-05-16 18:22:42.636733: I tensorflow/core/common_runtime/gpu/gpu_device.cc:1120] Creating TensorFlow device (/device:GPU:0) -> (device: 0, name: Tesla K80, pci bus id: 0000:04:00.0, compute capability: 3.7)
2018-05-16 18:26:10.858775: I tensorflow/core/common_runtime/gpu/gpu_device.cc:1120] Creating TensorFlow device (/device:GPU:0) -> (device: 0, name: Tesla K80, pci bus id: 0000:04:00.0, compute capability: 3.7)
2018-05-16 18:29:36.998374: I tensorflow/core/common_runtime/gpu/gpu_device.cc:1120] Creating TensorFlow device (/device:GPU:0) -> (device: 0, name: Tesla K80, pci bus id: 0000:04:00.0, compute capability: 3.7)
2018-05-16 18:33:08.426886: I tensorflow/core/common_runtime/gpu/gpu_device.cc:1120] Creating TensorFlow device (/device:GPU:0) -> (device: 0, name: Tesla K80, pci bus id: 0000:04:00.0, compute capability: 3.7)
2018-05-16 18:36:34.820083: I tensorflow/core/common_runtime/gpu/gpu_device.cc:1120] Creating TensorFlow device (/device:GPU:0) -> (device: 0, name: Tesla K80, pci bus id: 0000:04:00.0, compute capability: 3.7)
2018-05-16 18:40:01.467688: I tensorflow/core/common_runtime/gpu/gpu_device.cc:1120] Creating TensorFlow device (/device:GPU:0) -> (device: 0, name: Tesla K80, pci bus id: 0000:04:00.0, compute capability: 3.7)
2018-05-16 18:43:28.287312: I tensorflow/core/common_runtime/gpu/gpu_device.cc:1120] Creating TensorFlow device (/device:GPU:0) -> (device: 0, name: Tesla K80, pci bus id: 0000:04:00.0, compute capability: 3.7)
2018-05-16 18:46:56.748985: I tensorflow/core/common_runtime/gpu/gpu_device.cc:1120] Creating TensorFlow device (/device:GPU:0) -> (device: 0, name: Tesla K80, pci bus id: 0000:04:00.0, compute capability: 3.7)
2018-05-16 18:50:20.475350: I tensorflow/core/common_runtime/gpu/gpu_device.cc:1120] Creating TensorFlow device (/device:GPU:0) -> (device: 0, name: Tesla K80, pci bus id: 0000:04:00.0, compute capability: 3.7)
2018-05-16 18:53:50.149624: I tensorflow/core/common_runtime/gpu/gpu_device.cc:1120] Creating TensorFlow device (/device:GPU:0) -> (device: 0, name: Tesla K80, pci bus id: 0000:04:00.0, compute capability: 3.7)
2018-05-16 18:57:19.441675: I tensorflow/core/common_runtime/gpu/gpu_device.cc:1120] Creating TensorFlow device (/device:GPU:0) -> (device: 0, name: Tesla K80, pci bus id: 0000:04:00.0, compute capability: 3.7)
2018-05-16 19:00:47.551864: I tensorflow/core/common_runtime/gpu/gpu_device.cc:1120] Creating TensorFlow device (/device:GPU:0) -> (device: 0, name: Tesla K80, pci bus id: 0000:04:00.0, compute capability: 3.7)
2018-05-16 19:04:11.872398: I tensorflow/core/common_runtime/gpu/gpu_device.cc:1120] Creating TensorFlow device (/device:GPU:0) -> (device: 0, name: Tesla K80, pci bus id: 0000:04:00.0, compute capability: 3.7)
2018-05-16 19:07:44.192538: I tensorflow/core/common_runtime/gpu/gpu_device.cc:1120] Creating TensorFlow device (/device:GPU:0) -> (device: 0, name: Tesla K80, pci bus id: 0000:04:00.0, compute capability: 3.7)
2018-05-16 19:11:11.164254: I tensorflow/core/common_runtime/gpu/gpu_device.cc:1120] Creating TensorFlow device (/device:GPU:0) -> (device: 0, name: Tesla K80, pci bus id: 0000:04:00.0, compute capability: 3.7)
2018-05-16 19:14:42.274283: I tensorflow/core/common_runtime/gpu/gpu_device.cc:1120] Creating TensorFlow device (/device:GPU:0) -> (device: 0, name: Tesla K80, pci bus id: 0000:04:00.0, compute capability: 3.7)
2018-05-16 19:18:05.221769: I tensorflow/core/common_runtime/gpu/gpu_device.cc:1120] Creating TensorFlow device (/device:GPU:0) -> (device: 0, name: Tesla K80, pci bus id: 0000:04:00.0, compute capability: 3.7)
2018-05-16 19:21:38.348968: I tensorflow/core/common_runtime/gpu/gpu_device.cc:1120] Creating TensorFlow device (/device:GPU:0) -> (device: 0, name: Tesla K80, pci bus id: 0000:04:00.0, compute capability: 3.7)
2018-05-16 19:25:07.954019: I tensorflow/core/common_runtime/gpu/gpu_device.cc:1120] Creating TensorFlow device (/device:GPU:0) -> (device: 0, name: Tesla K80, pci bus id: 0000:04:00.0, compute capability: 3.7)
2018-05-16 19:28:35.068466: I tensorflow/core/common_runtime/gpu/gpu_device.cc:1120] Creating TensorFlow device (/device:GPU:0) -> (device: 0, name: Tesla K80, pci bus id: 0000:04:00.0, compute capability: 3.7)
2018-05-16 19:31:58.075047: I tensorflow/core/common_runtime/gpu/gpu_device.cc:1120] Creating TensorFlow device (/device:GPU:0) -> (device: 0, name: Tesla K80, pci bus id: 0000:04:00.0, compute capability: 3.7)
2018-05-16 19:35:27.673611: I tensorflow/core/common_runtime/gpu/gpu_device.cc:1120] Creating TensorFlow device (/device:GPU:0) -> (device: 0, name: Tesla K80, pci bus id: 0000:04:00.0, compute capability: 3.7)
2018-05-16 19:38:53.959672: I tensorflow/core/common_runtime/gpu/gpu_device.cc:1120] Creating TensorFlow device (/device:GPU:0) -> (device: 0, name: Tesla K80, pci bus id: 0000:04:00.0, compute capability: 3.7)
2018-05-16 19:42:21.737895: I tensorflow/core/common_runtime/gpu/gpu_device.cc:1120] Creating TensorFlow device (/device:GPU:0) -> (device: 0, name: Tesla K80, pci bus id: 0000:04:00.0, compute capability: 3.7)
2018-05-16 19:45:48.607950: I tensorflow/core/common_runtime/gpu/gpu_device.cc:1120] Creating TensorFlow device (/device:GPU:0) -> (device: 0, name: Tesla K80, pci bus id: 0000:04:00.0, compute capability: 3.7)
2018-05-16 19:49:18.726263: I tensorflow/core/common_runtime/gpu/gpu_device.cc:1120] Creating TensorFlow device (/device:GPU:0) -> (device: 0, name: Tesla K80, pci bus id: 0000:04:00.0, compute capability: 3.7)
2018-05-16 19:52:47.127268: I tensorflow/core/common_runtime/gpu/gpu_device.cc:1120] Creating TensorFlow device (/device:GPU:0) -> (device: 0, name: Tesla K80, pci bus id: 0000:04:00.0, compute capability: 3.7)
2018-05-16 19:56:17.321672: I tensorflow/core/common_runtime/gpu/gpu_device.cc:1120] Creating TensorFlow device (/device:GPU:0) -> (device: 0, name: Tesla K80, pci bus id: 0000:04:00.0, compute capability: 3.7)
2018-05-16 19:59:48.990942: I tensorflow/core/common_runtime/gpu/gpu_device.cc:1120] Creating TensorFlow device (/device:GPU:0) -> (device: 0, name: Tesla K80, pci bus id: 0000:04:00.0, compute capability: 3.7)
2018-05-16 20:03:16.450983: I tensorflow/core/common_runtime/gpu/gpu_device.cc:1120] Creating TensorFlow device (/device:GPU:0) -> (device: 0, name: Tesla K80, pci bus id: 0000:04:00.0, compute capability: 3.7)
2018-05-16 20:06:41.473374: I tensorflow/core/common_runtime/gpu/gpu_device.cc:1120] Creating TensorFlow device (/device:GPU:0) -> (device: 0, name: Tesla K80, pci bus id: 0000:04:00.0, compute capability: 3.7)
2018-05-16 20:10:13.001160: I tensorflow/core/common_runtime/gpu/gpu_device.cc:1120] Creating TensorFlow device (/device:GPU:0) -> (device: 0, name: Tesla K80, pci bus id: 0000:04:00.0, compute capability: 3.7)
2018-05-16 20:13:42.414739: I tensorflow/core/common_runtime/gpu/gpu_device.cc:1120] Creating TensorFlow device (/device:GPU:0) -> (device: 0, name: Tesla K80, pci bus id: 0000:04:00.0, compute capability: 3.7)
2018-05-16 20:17:15.613930: I tensorflow/core/common_runtime/gpu/gpu_device.cc:1120] Creating TensorFlow device (/device:GPU:0) -> (device: 0, name: Tesla K80, pci bus id: 0000:04:00.0, compute capability: 3.7)
2018-05-16 20:20:39.066104: I tensorflow/core/common_runtime/gpu/gpu_device.cc:1120] Creating TensorFlow device (/device:GPU:0) -> (device: 0, name: Tesla K80, pci bus id: 0000:04:00.0, compute capability: 3.7)
2018-05-16 20:24:11.307968: I tensorflow/core/common_runtime/gpu/gpu_device.cc:1120] Creating TensorFlow device (/device:GPU:0) -> (device: 0, name: Tesla K80, pci bus id: 0000:04:00.0, compute capability: 3.7)
2018-05-16 20:27:42.885725: I tensorflow/core/common_runtime/gpu/gpu_device.cc:1120] Creating TensorFlow device (/device:GPU:0) -> (device: 0, name: Tesla K80, pci bus id: 0000:04:00.0, compute capability: 3.7)
2018-05-16 20:31:10.907610: I tensorflow/core/common_runtime/gpu/gpu_device.cc:1120] Creating TensorFlow device (/device:GPU:0) -> (device: 0, name: Tesla K80, pci bus id: 0000:04:00.0, compute capability: 3.7)
2018-05-16 20:34:35.174544: I tensorflow/core/common_runtime/gpu/gpu_device.cc:1120] Creating TensorFlow device (/device:GPU:0) -> (device: 0, name: Tesla K80, pci bus id: 0000:04:00.0, compute capability: 3.7)
2018-05-16 20:38:04.126561: I tensorflow/core/common_runtime/gpu/gpu_device.cc:1120] Creating TensorFlow device (/device:GPU:0) -> (device: 0, name: Tesla K80, pci bus id: 0000:04:00.0, compute capability: 3.7)
2018-05-16 20:41:30.935494: I tensorflow/core/common_runtime/gpu/gpu_device.cc:1120] Creating TensorFlow device (/device:GPU:0) -> (device: 0, name: Tesla K80, pci bus id: 0000:04:00.0, compute capability: 3.7)
2018-05-16 20:44:58.756727: I tensorflow/core/common_runtime/gpu/gpu_device.cc:1120] Creating TensorFlow device (/device:GPU:0) -> (device: 0, name: Tesla K80, pci bus id: 0000:04:00.0, compute capability: 3.7)
2018-05-16 20:48:26.358992: I tensorflow/core/common_runtime/gpu/gpu_device.cc:1120] Creating TensorFlow device (/device:GPU:0) -> (device: 0, name: Tesla K80, pci bus id: 0000:04:00.0, compute capability: 3.7)
2018-05-16 20:51:54.982027: I tensorflow/core/common_runtime/gpu/gpu_device.cc:1120] Creating TensorFlow device (/device:GPU:0) -> (device: 0, name: Tesla K80, pci bus id: 0000:04:00.0, compute capability: 3.7)
2018-05-16 20:55:20.469742: I tensorflow/core/common_runtime/gpu/gpu_device.cc:1120] Creating TensorFlow device (/device:GPU:0) -> (device: 0, name: Tesla K80, pci bus id: 0000:04:00.0, compute capability: 3.7)
2018-05-16 20:58:50.807357: I tensorflow/core/common_runtime/gpu/gpu_device.cc:1120] Creating TensorFlow device (/device:GPU:0) -> (device: 0, name: Tesla K80, pci bus id: 0000:04:00.0, compute capability: 3.7)
2018-05-16 21:02:21.013142: I tensorflow/core/common_runtime/gpu/gpu_device.cc:1120] Creating TensorFlow device (/device:GPU:0) -> (device: 0, name: Tesla K80, pci bus id: 0000:04:00.0, compute capability: 3.7)
2018-05-16 21:05:50.071692: I tensorflow/core/common_runtime/gpu/gpu_device.cc:1120] Creating TensorFlow device (/device:GPU:0) -> (device: 0, name: Tesla K80, pci bus id: 0000:04:00.0, compute capability: 3.7)
2018-05-16 21:09:13.594072: I tensorflow/core/common_runtime/gpu/gpu_device.cc:1120] Creating TensorFlow device (/device:GPU:0) -> (device: 0, name: Tesla K80, pci bus id: 0000:04:00.0, compute capability: 3.7)
2018-05-16 21:12:44.426661: I tensorflow/core/common_runtime/gpu/gpu_device.cc:1120] Creating TensorFlow device (/device:GPU:0) -> (device: 0, name: Tesla K80, pci bus id: 0000:04:00.0, compute capability: 3.7)
2018-05-16 21:16:11.499442: I tensorflow/core/common_runtime/gpu/gpu_device.cc:1120] Creating TensorFlow device (/device:GPU:0) -> (device: 0, name: Tesla K80, pci bus id: 0000:04:00.0, compute capability: 3.7)
2018-05-16 21:19:43.276335: I tensorflow/core/common_runtime/gpu/gpu_device.cc:1120] Creating TensorFlow device (/device:GPU:0) -> (device: 0, name: Tesla K80, pci bus id: 0000:04:00.0, compute capability: 3.7)
2018-05-16 21:23:05.953060: I tensorflow/core/common_runtime/gpu/gpu_device.cc:1120] Creating TensorFlow device (/device:GPU:0) -> (device: 0, name: Tesla K80, pci bus id: 0000:04:00.0, compute capability: 3.7)
2018-05-16 21:26:39.186995: I tensorflow/core/common_runtime/gpu/gpu_device.cc:1120] Creating TensorFlow device (/device:GPU:0) -> (device: 0, name: Tesla K80, pci bus id: 0000:04:00.0, compute capability: 3.7)
2018-05-16 21:30:08.784614: I tensorflow/core/common_runtime/gpu/gpu_device.cc:1120] Creating TensorFlow device (/device:GPU:0) -> (device: 0, name: Tesla K80, pci bus id: 0000:04:00.0, compute capability: 3.7)
2018-05-16 21:33:35.290962: I tensorflow/core/common_runtime/gpu/gpu_device.cc:1120] Creating TensorFlow device (/device:GPU:0) -> (device: 0, name: Tesla K80, pci bus id: 0000:04:00.0, compute capability: 3.7)
/home/albheim/.conda/envs/test/lib/python3.6/site-packages/h5py/__init__.py:36: FutureWarning: Conversion of the second argument of issubdtype from `float` to `np.floating` is deprecated. In future, it will be treated as `np.float64 == np.dtype(float).type`.
  from ._conv import register_converters as _register_converters
Using TensorFlow backend.
[name: "/device:CPU:0"
device_type: "CPU"
memory_limit: 268435456
locality {
}
incarnation: 8512530592828489729
, name: "/device:GPU:0"
device_type: "GPU"
memory_limit: 11325135258
locality {
  bus_id: 1
}
incarnation: 10446799687867819499
physical_device_desc: "device: 0, name: Tesla K80, pci bus id: 0000:04:00.0, compute capability: 3.7"
]
loading:  Subj01_CleanData_study_FA
loading:  Subj01_CleanData_study_LM
loading:  Subj01_CleanData_study_OB
loading:  Subj02_CleanData_study_FA
loading:  Subj02_CleanData_study_LM
loading:  Subj02_CleanData_study_OB
loading:  Subj03_CleanData_study_FA
loading:  Subj03_CleanData_study_LM
loading:  Subj03_CleanData_study_OB
loading:  Subj04_CleanData_study_FA
loading:  Subj04_CleanData_study_LM
loading:  Subj04_CleanData_study_OB
loading:  Subj05_CleanData_study_FA
loading:  Subj05_CleanData_study_LM
loading:  Subj05_CleanData_study_OB
loading:  Subj06_CleanData_study_FA
loading:  Subj06_CleanData_study_LM
loading:  Subj06_CleanData_study_OB
loading:  Subj07_CleanData_study_FA
loading:  Subj07_CleanData_study_LM
loading:  Subj07_CleanData_study_OB
loading:  Subj08_CleanData_study_FA
loading:  Subj08_CleanData_study_LM
loading:  Subj08_CleanData_study_OB
loading:  Subj09_CleanData_study_FA
loading:  Subj09_CleanData_study_LM
loading:  Subj09_CleanData_study_OB
loading:  Subj11_CleanData_study_FA
loading:  Subj11_CleanData_study_LM
loading:  Subj11_CleanData_study_OB
loading:  Subj12_CleanData_study_FA
loading:  Subj12_CleanData_study_LM
loading:  Subj12_CleanData_study_OB
loading:  Subj13_CleanData_study_FA
loading:  Subj13_CleanData_study_LM
loading:  Subj13_CleanData_study_OB
loading:  Subj14_CleanData_study_FA
loading:  Subj14_CleanData_study_LM
loading:  Subj14_CleanData_study_OB
loading:  Subj15_CleanData_study_FA
loading:  Subj15_CleanData_study_LM
loading:  Subj15_CleanData_study_OB
loading:  Subj16_CleanData_study_FA
loading:  Subj16_CleanData_study_LM
loading:  Subj16_CleanData_study_OB
loading:  Subj17_CleanData_study_FA
loading:  Subj17_CleanData_study_LM
loading:  Subj17_CleanData_study_OB
loading:  Subj18_CleanData_study_FA
loading:  Subj18_CleanData_study_LM
loading:  Subj18_CleanData_study_OB
loading:  Subj19_CleanData_study_FA
loading:  Subj19_CleanData_study_LM
loading:  Subj19_CleanData_study_OB
loading:  Subj01_CleanData_test_FA_visual
loading:  Subj01_CleanData_test_LM_visual
loading:  Subj01_CleanData_test_OB_visual
loading:  Subj02_CleanData_test_FA_visual
loading:  Subj02_CleanData_test_LM_visual
loading:  Subj02_CleanData_test_OB_visual
loading:  Subj03_CleanData_test_FA_visual
loading:  Subj03_CleanData_test_LM_visual
loading:  Subj03_CleanData_test_OB_visual
loading:  Subj04_CleanData_test_FA_visual
loading:  Subj04_CleanData_test_LM_visual
loading:  Subj04_CleanData_test_OB_visual
loading:  Subj05_CleanData_test_FA_visual
loading:  Subj05_CleanData_test_LM_visual
loading:  Subj05_CleanData_test_OB_visual
loading:  Subj06_CleanData_test_FA_visual
loading:  Subj06_CleanData_test_LM_visual
loading:  Subj06_CleanData_test_OB_visual
loading:  Subj07_CleanData_test_FA_visual
loading:  Subj07_CleanData_test_LM_visual
loading:  Subj07_CleanData_test_OB_visual
loading:  Subj08_CleanData_test_FA_visual
loading:  Subj08_CleanData_test_LM_visual
loading:  Subj08_CleanData_test_OB_visual
loading:  Subj09_CleanData_test_FA_visual
loading:  Subj09_CleanData_test_LM_visual
loading:  Subj09_CleanData_test_OB_visual
loading:  Subj11_CleanData_test_FA_visual
loading:  Subj11_CleanData_test_LM_visual
loading:  Subj11_CleanData_test_OB_visual
loading:  Subj12_CleanData_test_FA_visual
loading:  Subj12_CleanData_test_LM_visual
loading:  Subj12_CleanData_test_OB_visual
loading:  Subj13_CleanData_test_FA_visual
loading:  Subj13_CleanData_test_LM_visual
loading:  Subj13_CleanData_test_OB_visual
loading:  Subj14_CleanData_test_FA_visual
loading:  Subj14_CleanData_test_LM_visual
loading:  Subj14_CleanData_test_OB_visual
loading:  Subj15_CleanData_test_FA_visual
loading:  Subj15_CleanData_test_LM_visual
loading:  Subj15_CleanData_test_OB_visual
loading:  Subj16_CleanData_test_FA_visual
loading:  Subj16_CleanData_test_LM_visual
loading:  Subj16_CleanData_test_OB_visual
loading:  Subj17_CleanData_test_FA_visual
loading:  Subj17_CleanData_test_LM_visual
loading:  Subj17_CleanData_test_OB_visual
loading:  Subj18_CleanData_test_FA_visual
loading:  Subj18_CleanData_test_LM_visual
loading:  Subj18_CleanData_test_OB_visual
loading:  Subj19_CleanData_test_FA_visual
loading:  Subj19_CleanData_test_LM_visual
loading:  Subj19_CleanData_test_OB_visual
(185, 768, 31) (90, 768, 31)
_________________________________________________________________
Layer (type)                 Output Shape              Param #   
=================================================================
input_1 (InputLayer)         (None, 768, 31)           0         
_________________________________________________________________
lambda_1 (Lambda)            (None, 630, 31)           0         
_________________________________________________________________
gaussian_noise_1 (GaussianNo (None, 630, 31)           0         
_________________________________________________________________
conv1d_1 (Conv1D)            (None, 630, 30)           59550     
_________________________________________________________________
batch_normalization_1 (Batch (None, 630, 30)           120       
_________________________________________________________________
elu_1 (ELU)                  (None, 630, 30)           0         
_________________________________________________________________
max_pooling1d_1 (MaxPooling1 (None, 315, 30)           0         
_________________________________________________________________
dropout_1 (Dropout)          (None, 315, 30)           0         
_________________________________________________________________
conv1d_2 (Conv1D)            (None, 315, 15)           14415     
_________________________________________________________________
batch_normalization_2 (Batch (None, 315, 15)           60        
_________________________________________________________________
elu_2 (ELU)                  (None, 315, 15)           0         
_________________________________________________________________
max_pooling1d_2 (MaxPooling1 (None, 157, 15)           0         
_________________________________________________________________
dropout_2 (Dropout)          (None, 157, 15)           0         
_________________________________________________________________
conv1d_3 (Conv1D)            (None, 157, 10)           2410      
_________________________________________________________________
batch_normalization_3 (Batch (None, 157, 10)           40        
_________________________________________________________________
elu_3 (ELU)                  (None, 157, 10)           0         
_________________________________________________________________
max_pooling1d_3 (MaxPooling1 (None, 78, 10)            0         
_________________________________________________________________
dropout_3 (Dropout)          (None, 78, 10)            0         
_________________________________________________________________
flatten_1 (Flatten)          (None, 780)               0         
_________________________________________________________________
dense_1 (Dense)              (None, 15)                11715     
_________________________________________________________________
batch_normalization_4 (Batch (None, 15)                60        
_________________________________________________________________
activation_1 (Activation)    (None, 15)                0         
_________________________________________________________________
dense_2 (Dense)              (None, 3)                 48        
=================================================================
Total params: 88,418
Trainable params: 88,278
Non-trainable params: 140
_________________________________________________________________
(64, 31, 30)
(64, 31, 30)
(64, 31, 30)
(64, 31, 30)
(64, 31, 30)
(64, 31, 30)
(64, 31, 30)
(64, 31, 30)
(64, 31, 30)
(64, 31, 30)
subject 1, avg accuracy 0.7628655016422272/0.3233333349227906 over 10 splits
(64, 31, 30)
(64, 31, 30)
(64, 31, 30)
(64, 31, 30)
(64, 31, 30)
(64, 31, 30)
(64, 31, 30)
(64, 31, 30)
(64, 31, 30)
(64, 31, 30)
subject 2, avg accuracy 0.7008771955966949/0.4378378386634427 over 10 splits
(64, 31, 30)
(64, 31, 30)
(64, 31, 30)
(64, 31, 30)
(64, 31, 30)
(64, 31, 30)
(64, 31, 30)
(64, 31, 30)
(64, 31, 30)
(64, 31, 30)
subject 3, avg accuracy 0.8932748556137085/0.3684615384615385 over 10 splits
(64, 31, 30)
(64, 31, 30)
(64, 31, 30)
(64, 31, 30)
(64, 31, 30)
(64, 31, 30)
(64, 31, 30)
(64, 31, 30)
(64, 31, 30)
(64, 31, 30)
subject 4, avg accuracy 0.8157894730567932/0.39375 over 10 splits
(64, 31, 30)
(64, 31, 30)
(64, 31, 30)
(64, 31, 30)
(64, 31, 30)
(64, 31, 30)
(64, 31, 30)
(64, 31, 30)
(64, 31, 30)
(64, 31, 30)
subject 5, avg accuracy 0.8444444417953492/0.34403669779453805 over 10 splits
(64, 31, 30)
(64, 31, 30)
(64, 31, 30)
(64, 31, 30)
(64, 31, 30)
(64, 31, 30)
(64, 31, 30)
(64, 31, 30)
(64, 31, 30)
(64, 31, 30)
subject 6, avg accuracy 0.7830409407615662/0.32892561983471075 over 10 splits
(64, 31, 30)
(64, 31, 30)
(64, 31, 30)
(64, 31, 30)
(64, 31, 30)
(64, 31, 30)
(64, 31, 30)
(64, 31, 30)
(64, 31, 30)
(64, 31, 30)
subject 7, avg accuracy 0.7877192854881286/0.3034482755366413 over 10 splits
(64, 31, 30)
(64, 31, 30)
(64, 31, 30)
(64, 31, 30)
(64, 31, 30)
(64, 31, 30)
(64, 31, 30)
(64, 31, 30)
(64, 31, 30)
(64, 31, 30)
subject 8, avg accuracy 0.8473684251308441/0.3646017713356862 over 10 splits
(64, 31, 30)
(64, 31, 30)
(64, 31, 30)
(64, 31, 30)
(64, 31, 30)
(64, 31, 30)
(64, 31, 30)
(64, 31, 30)
(64, 31, 30)
(64, 31, 30)
subject 9, avg accuracy 0.7915204644203186/0.33373493957950406 over 10 splits
(64, 31, 30)
(64, 31, 30)
(64, 31, 30)
(64, 31, 30)
(64, 31, 30)
(64, 31, 30)
(64, 31, 30)
(64, 31, 30)
(64, 31, 30)
(64, 31, 30)
subject 11, avg accuracy 0.7684210538864136/0.3693877551020408 over 10 splits
(64, 31, 30)
(64, 31, 30)
(64, 31, 30)
(64, 31, 30)
(64, 31, 30)
(64, 31, 30)
(64, 31, 30)
(64, 31, 30)
(64, 31, 30)
(64, 31, 30)
subject 12, avg accuracy 0.8421052694320679/0.3399999966433174 over 10 splits
(64, 31, 30)
(64, 31, 30)
(64, 31, 30)
(64, 31, 30)
(64, 31, 30)
(64, 31, 30)
(64, 31, 30)
(64, 31, 30)
(64, 31, 30)
(64, 31, 30)
subject 13, avg accuracy 0.7555555641651154/0.2938053107235284 over 10 splits
(64, 31, 30)
(64, 31, 30)
(64, 31, 30)
(64, 31, 30)
(64, 31, 30)
(64, 31, 30)
(64, 31, 30)
(64, 31, 30)
(64, 31, 30)
(64, 31, 30)
subject 14, avg accuracy 0.8121052622795105/0.36486486544882923 over 10 splits
(64, 31, 30)
(64, 31, 30)
(64, 31, 30)
(64, 31, 30)
(64, 31, 30)
(64, 31, 30)
(64, 31, 30)
(64, 31, 30)
(64, 31, 30)
(64, 31, 30)
subject 15, avg accuracy 0.7400584816932678/0.3655999983787537 over 10 splits
(64, 31, 30)
(64, 31, 30)
(64, 31, 30)
(64, 31, 30)
(64, 31, 30)
(64, 31, 30)
(64, 31, 30)
(64, 31, 30)
(64, 31, 30)
(64, 31, 30)
subject 16, avg accuracy 0.7660526365041733/0.3467741972496433 over 10 splits
(64, 31, 30)
(64, 31, 30)
(64, 31, 30)
(64, 31, 30)
(64, 31, 30)
(64, 31, 30)
(64, 31, 30)
(64, 31, 30)
(64, 31, 30)
(64, 31, 30)
subject 17, avg accuracy 0.7631579101085663/0.30735294117647055 over 10 splits
(64, 31, 30)
(64, 31, 30)
(64, 31, 30)
(64, 31, 30)
(64, 31, 30)
(64, 31, 30)
(64, 31, 30)
(64, 31, 30)
(64, 31, 30)
(64, 31, 30)
subject 18, avg accuracy 0.8114035189151764/0.35857142916747503 over 10 splits
(64, 31, 30)
(64, 31, 30)
(64, 31, 30)
(64, 31, 30)
(64, 31, 30)
(64, 31, 30)
(64, 31, 30)
(64, 31, 30)
(64, 31, 30)
(64, 31, 30)
subject 19, avg accuracy 0.7842105269432068/0.3307692302124841 over 10 splits
avg accuracy over all subjects 0.792776155968507/0.3486253189017441
(64, 31, 30)
(64, 31, 30)
(64, 31, 30)
(64, 31, 30)
(64, 31, 30)
(64, 31, 30)
(64, 31, 30)
(64, 31, 30)
(64, 31, 30)
(64, 31, 30)
subject 1, avg accuracy 0.7564327538013458/0.3088888911075062 over 10 splits
(64, 31, 30)
(64, 31, 30)
(64, 31, 30)
(64, 31, 30)
(64, 31, 30)
(64, 31, 30)
(64, 31, 30)
(64, 31, 30)
(64, 31, 30)
(64, 31, 30)
subject 2, avg accuracy 0.7055555671453476/0.4243243252103393 over 10 splits
(64, 31, 30)
(64, 31, 30)
(64, 31, 30)
(64, 31, 30)
(64, 31, 30)
(64, 31, 30)
(64, 31, 30)
(64, 31, 30)
(64, 31, 30)
(64, 31, 30)
subject 3, avg accuracy 0.8543859601020813/0.37153846153846154 over 10 splits
(64, 31, 30)
(64, 31, 30)
(64, 31, 30)
(64, 31, 30)
(64, 31, 30)
(64, 31, 30)
(64, 31, 30)
(64, 31, 30)
(64, 31, 30)
(64, 31, 30)
subject 4, avg accuracy 0.8336257338523865/0.3979166666666667 over 10 splits
(64, 31, 30)
(64, 31, 30)
(64, 31, 30)
(64, 31, 30)
(64, 31, 30)
(64, 31, 30)
(64, 31, 30)
(64, 31, 30)
(64, 31, 30)
(64, 31, 30)
subject 5, avg accuracy 0.8400584757328033/0.3256880742284136 over 10 splits
(64, 31, 30)
(64, 31, 30)
(64, 31, 30)
(64, 31, 30)
(64, 31, 30)
(64, 31, 30)
(64, 31, 30)
(64, 31, 30)
(64, 31, 30)
(64, 31, 30)
subject 6, avg accuracy 0.7377193093299865/0.3157024798314434 over 10 splits
(64, 31, 30)
(64, 31, 30)
(64, 31, 30)
(64, 31, 30)
(64, 31, 30)
(64, 31, 30)
(64, 31, 30)
(64, 31, 30)
(64, 31, 30)
(64, 31, 30)
subject 7, avg accuracy 0.8292397618293762/0.3011494241483595 over 10 splits
(64, 31, 30)
(64, 31, 30)
(64, 31, 30)
(64, 31, 30)
(64, 31, 30)
(64, 31, 30)
(64, 31, 30)
(64, 31, 30)
(64, 31, 30)
(64, 31, 30)
subject 8, avg accuracy 0.8421052634716034/0.36017699302297784 over 10 splits
(64, 31, 30)
(64, 31, 30)
(64, 31, 30)
(64, 31, 30)
(64, 31, 30)
(64, 31, 30)
(64, 31, 30)
(64, 31, 30)
(64, 31, 30)
(64, 31, 30)
subject 9, avg accuracy 0.7847953200340271/0.34698795317167264 over 10 splits
(64, 31, 30)
(64, 31, 30)
(64, 31, 30)
(64, 31, 30)
(64, 31, 30)
(64, 31, 30)
(64, 31, 30)
(64, 31, 30)
(64, 31, 30)
(64, 31, 30)
subject 11, avg accuracy 0.7964912295341492/0.3673469387755102 over 10 splits
(64, 31, 30)
(64, 31, 30)
(64, 31, 30)
(64, 31, 30)
(64, 31, 30)
(64, 31, 30)
(64, 31, 30)
(64, 31, 30)
(64, 31, 30)
(64, 31, 30)
subject 12, avg accuracy 0.8210526406764984/0.3326315754338315 over 10 splits
(64, 31, 30)
(64, 31, 30)
(64, 31, 30)
(64, 31, 30)
(64, 31, 30)
(64, 31, 30)
(64, 31, 30)
(64, 31, 30)
(64, 31, 30)
(64, 31, 30)
subject 13, avg accuracy 0.7815789520740509/0.2707964613769962 over 10 splits
(64, 31, 30)
(64, 31, 30)
(64, 31, 30)
(64, 31, 30)
(64, 31, 30)
(64, 31, 30)
(64, 31, 30)
(64, 31, 30)
(64, 31, 30)
(64, 31, 30)
subject 14, avg accuracy 0.7960526347160339/0.37702702787276854 over 10 splits
(64, 31, 30)
(64, 31, 30)
(64, 31, 30)
(64, 31, 30)
(64, 31, 30)
(64, 31, 30)
(64, 31, 30)
(64, 31, 30)
(64, 31, 30)
(64, 31, 30)
subject 15, avg accuracy 0.7894736766815186/0.3695999978303909 over 10 splits
(64, 31, 30)
(64, 31, 30)
(64, 31, 30)
(64, 31, 30)
(64, 31, 30)
(64, 31, 30)
(64, 31, 30)
(64, 31, 30)
(64, 31, 30)
(64, 31, 30)
subject 16, avg accuracy 0.7557894945144653/0.3677419378392158 over 10 splits
(64, 31, 30)
(64, 31, 30)
(64, 31, 30)
(64, 31, 30)
(64, 31, 30)
(64, 31, 30)
(64, 31, 30)
(64, 31, 30)
(64, 31, 30)
(64, 31, 30)
subject 17, avg accuracy 0.7000000029802322/0.31176470588235294 over 10 splits
(64, 31, 30)
(64, 31, 30)
(64, 31, 30)
(64, 31, 30)
(64, 31, 30)
(64, 31, 30)
(64, 31, 30)
(64, 31, 30)
(64, 31, 30)
(64, 31, 30)
subject 18, avg accuracy 0.7941520512104034/0.35000000025544853 over 10 splits
(64, 31, 30)
(64, 31, 30)
(64, 31, 30)
(64, 31, 30)
(64, 31, 30)
(64, 31, 30)
(64, 31, 30)
(64, 31, 30)
(64, 31, 30)
(64, 31, 30)
subject 19, avg accuracy 0.7961988270282745/0.30219780118255823 over 10 splits
avg accuracy over all subjects 0.789705980817477/0.34452665085416184
(64, 31, 30)
(64, 31, 30)
(64, 31, 30)
(64, 31, 30)
(64, 31, 30)
(64, 31, 30)
(64, 31, 30)
(64, 31, 30)
(64, 31, 30)
(64, 31, 30)
subject 1, avg accuracy 0.7514619886875152/0.3222222233480878 over 10 splits
(64, 31, 30)
(64, 31, 30)
(64, 31, 30)
(64, 31, 30)
(64, 31, 30)
(64, 31, 30)
(64, 31, 30)
(64, 31, 30)
(64, 31, 30)
(64, 31, 30)
subject 2, avg accuracy 0.7333333313465118/0.42972973013246385 over 10 splits
(64, 31, 30)
(64, 31, 30)
(64, 31, 30)
(64, 31, 30)
(64, 31, 30)
(64, 31, 30)
(64, 31, 30)
(64, 31, 30)
(64, 31, 30)
(64, 31, 30)
subject 3, avg accuracy 0.8187134504318238/0.3646153846153847 over 10 splits
(64, 31, 30)
(64, 31, 30)
(64, 31, 30)
(64, 31, 30)
(64, 31, 30)
(64, 31, 30)
(64, 31, 30)
(64, 31, 30)
(64, 31, 30)
(64, 31, 30)
subject 4, avg accuracy 0.8377192974090576/0.39895833333333336 over 10 splits
(64, 31, 30)
(64, 31, 30)
(64, 31, 30)
(64, 31, 30)
(64, 31, 30)
(64, 31, 30)
(64, 31, 30)
(64, 31, 30)
(64, 31, 30)
(64, 31, 30)
subject 5, avg accuracy 0.7970760285854339/0.3284403678747492 over 10 splits
(64, 31, 30)
(64, 31, 30)
(64, 31, 30)
(64, 31, 30)
(64, 31, 30)
(64, 31, 30)
(64, 31, 30)
(64, 31, 30)
(64, 31, 30)
(64, 31, 30)
subject 6, avg accuracy 0.7815789580345154/0.3132231406313329 over 10 splits
(64, 31, 30)
(64, 31, 30)
(64, 31, 30)
(64, 31, 30)
(64, 31, 30)
(64, 31, 30)
(64, 31, 30)
(64, 31, 30)
(64, 31, 30)
(64, 31, 30)
subject 7, avg accuracy 0.7710526406764984/0.28390804564301997 over 10 splits
(64, 31, 30)
(64, 31, 30)
(64, 31, 30)
(64, 31, 30)
(64, 31, 30)
(64, 31, 30)
(64, 31, 30)
(64, 31, 30)
(64, 31, 30)
(64, 31, 30)
subject 8, avg accuracy 0.7736842066049576/0.37876106317328145 over 10 splits
(64, 31, 30)
(64, 31, 30)
(64, 31, 30)
(64, 31, 30)
(64, 31, 30)
(64, 31, 30)
(64, 31, 30)
(64, 31, 30)
(64, 31, 30)
(64, 31, 30)
subject 9, avg accuracy 0.7950292348861694/0.36265060230191937 over 10 splits
(64, 31, 30)
(64, 31, 30)
(64, 31, 30)
(64, 31, 30)
(64, 31, 30)
(64, 31, 30)
(64, 31, 30)
(64, 31, 30)
(64, 31, 30)
(64, 31, 30)
subject 11, avg accuracy 0.7473684191703797/0.37551020408163266 over 10 splits
(64, 31, 30)
(64, 31, 30)
(64, 31, 30)
(64, 31, 30)
(64, 31, 30)
(64, 31, 30)
(64, 31, 30)
(64, 31, 30)
(64, 31, 30)
(64, 31, 30)
subject 12, avg accuracy 0.810526317358017/0.33052631237004937 over 10 splits
(64, 31, 30)
(64, 31, 30)
(64, 31, 30)
(64, 31, 30)
(64, 31, 30)
(64, 31, 30)
(64, 31, 30)
(64, 31, 30)
(64, 31, 30)
(64, 31, 30)
subject 13, avg accuracy 0.7923976600170135/0.2902654874377546 over 10 splits
(64, 31, 30)
(64, 31, 30)
(64, 31, 30)
(64, 31, 30)
(64, 31, 30)
(64, 31, 30)
(64, 31, 30)
(64, 31, 30)
(64, 31, 30)
(64, 31, 30)
subject 14, avg accuracy 0.8115789532661438/0.3689189197646605 over 10 splits
(64, 31, 30)
(64, 31, 30)
(64, 31, 30)
(64, 31, 30)
(64, 31, 30)
(64, 31, 30)
(64, 31, 30)
(64, 31, 30)
(64, 31, 30)
(64, 31, 30)
subject 15, avg accuracy 0.8122806906700134/0.3528000002145767 over 10 splits
(64, 31, 30)
(64, 31, 30)
(64, 31, 30)
(64, 31, 30)
(64, 31, 30)
(64, 31, 30)
(64, 31, 30)
(64, 31, 30)
(64, 31, 30)
(64, 31, 30)
subject 16, avg accuracy 0.7192105233669281/0.369354842122524 over 10 splits
(64, 31, 30)
(64, 31, 30)
(64, 31, 30)
(64, 31, 30)
(64, 31, 30)
(64, 31, 30)
(64, 31, 30)
(64, 31, 30)
(64, 31, 30)
(64, 31, 30)
subject 17, avg accuracy 0.721052634716034/0.31911764705882356 over 10 splits
(64, 31, 30)
(64, 31, 30)
(64, 31, 30)
(64, 31, 30)
(64, 31, 30)
(64, 31, 30)
(64, 31, 30)
(64, 31, 30)
(64, 31, 30)
(64, 31, 30)
subject 18, avg accuracy 0.7611111044883728/0.3342857145837375 over 10 splits
(64, 31, 30)
(64, 31, 30)
(64, 31, 30)
(64, 31, 30)
(64, 31, 30)
(64, 31, 30)
(64, 31, 30)
(64, 31, 30)
(64, 31, 30)
(64, 31, 30)
subject 19, avg accuracy 0.8292397558689117/0.31868131917256576 over 10 splits
avg accuracy over all subjects 0.7813563997546833/0.34677607432554985
(64, 31, 30)
(64, 31, 30)
(64, 31, 30)
(64, 31, 30)
(64, 31, 30)
(64, 31, 30)
(64, 31, 30)
(64, 31, 30)
(64, 31, 30)
(64, 31, 30)
subject 1, avg accuracy 0.7614035129547119/0.32222222427527114 over 10 splits
(64, 31, 30)
(64, 31, 30)
(64, 31, 30)
(64, 31, 30)
(64, 31, 30)
(64, 31, 30)
(64, 31, 30)
(64, 31, 30)
(64, 31, 30)
(64, 31, 30)
subject 2, avg accuracy 0.7116959154605865/0.4351351361822438 over 10 splits
(64, 31, 30)
(64, 31, 30)
(64, 31, 30)
(64, 31, 30)
(64, 31, 30)
(64, 31, 30)
(64, 31, 30)
(64, 31, 30)
(64, 31, 30)
(64, 31, 30)
subject 3, avg accuracy 0.866374272108078/0.3792307692307692 over 10 splits
(64, 31, 30)
(64, 31, 30)
(64, 31, 30)
(64, 31, 30)
(64, 31, 30)
(64, 31, 30)
(64, 31, 30)
(64, 31, 30)
(64, 31, 30)
(64, 31, 30)
subject 4, avg accuracy 0.7690058529376984/0.39687500000000003 over 10 splits
(64, 31, 30)
(64, 31, 30)
(64, 31, 30)
(64, 31, 30)
(64, 31, 30)
(64, 31, 30)
(64, 31, 30)
(64, 31, 30)
(64, 31, 30)
(64, 31, 30)
subject 5, avg accuracy 0.8391812860965728/0.31743119363117656 over 10 splits
(64, 31, 30)
(64, 31, 30)
(64, 31, 30)
(64, 31, 30)
(64, 31, 30)
(64, 31, 30)
(64, 31, 30)
(64, 31, 30)
(64, 31, 30)
(64, 31, 30)
subject 6, avg accuracy 0.8213450253009796/0.32479338744455133 over 10 splits
(64, 31, 30)
(64, 31, 30)
(64, 31, 30)
(64, 31, 30)
(64, 31, 30)
(64, 31, 30)
(64, 31, 30)
(64, 31, 30)
(64, 31, 30)
(64, 31, 30)
subject 7, avg accuracy 0.7230994194746018/0.28045976931850114 over 10 splits
(64, 31, 30)
(64, 31, 30)
(64, 31, 30)
(64, 31, 30)
(64, 31, 30)
(64, 31, 30)
(64, 31, 30)
(64, 31, 30)
(64, 31, 30)
(64, 31, 30)
subject 8, avg accuracy 0.8052631556987763/0.3646017713620599 over 10 splits
(64, 31, 30)
(64, 31, 30)
(64, 31, 30)
(64, 31, 30)
(64, 31, 30)
(64, 31, 30)
(64, 31, 30)
(64, 31, 30)
(64, 31, 30)
(64, 31, 30)
subject 9, avg accuracy 0.8277777791023254/0.3445783137916082 over 10 splits
(64, 31, 30)
(64, 31, 30)
(64, 31, 30)
(64, 31, 30)
(64, 31, 30)
(64, 31, 30)
(64, 31, 30)
(64, 31, 30)
(64, 31, 30)
(64, 31, 30)
subject 11, avg accuracy 0.7850877225399018/0.35102040816326524 over 10 splits
(64, 31, 30)
(64, 31, 30)
(64, 31, 30)
(64, 31, 30)
(64, 31, 30)
(64, 31, 30)
(64, 31, 30)
(64, 31, 30)
(64, 31, 30)
(64, 31, 30)
subject 12, avg accuracy 0.8263158023357391/0.3368421018437336 over 10 splits
(64, 31, 30)
(64, 31, 30)
(64, 31, 30)
(64, 31, 30)
(64, 31, 30)
(64, 31, 30)
(64, 31, 30)
(64, 31, 30)
(64, 31, 30)
(64, 31, 30)
subject 13, avg accuracy 0.7552631616592407/0.2663716822862625 over 10 splits
(64, 31, 30)
(64, 31, 30)
(64, 31, 30)
(64, 31, 30)
(64, 31, 30)
(64, 31, 30)
(64, 31, 30)
(64, 31, 30)
(64, 31, 30)
(64, 31, 30)
subject 14, avg accuracy 0.8165789544582367/0.36891891974452384 over 10 splits
(64, 31, 30)
(64, 31, 30)
(64, 31, 30)
(64, 31, 30)
(64, 31, 30)
(64, 31, 30)
(64, 31, 30)
(64, 31, 30)
(64, 31, 30)
(64, 31, 30)
subject 15, avg accuracy 0.7730994105339051/0.3591999985694885 over 10 splits
(64, 31, 30)
(64, 31, 30)
(64, 31, 30)
(64, 31, 30)
(64, 31, 30)
(64, 31, 30)
(64, 31, 30)
(64, 31, 30)
(64, 31, 30)
(64, 31, 30)
subject 16, avg accuracy 0.7647368431091308/0.3629032293154347 over 10 splits
(64, 31, 30)
(64, 31, 30)
(64, 31, 30)
(64, 31, 30)
(64, 31, 30)
(64, 31, 30)
(64, 31, 30)
(64, 31, 30)
(64, 31, 30)
(64, 31, 30)
subject 17, avg accuracy 0.7736842095851898/0.29999999999999993 over 10 splits
(64, 31, 30)
(64, 31, 30)
(64, 31, 30)
(64, 31, 30)
(64, 31, 30)
(64, 31, 30)
(64, 31, 30)
(64, 31, 30)
(64, 31, 30)
(64, 31, 30)
subject 18, avg accuracy 0.7988304078578949/0.3085714291249003 over 10 splits
(64, 31, 30)
(64, 31, 30)
(64, 31, 30)
(64, 31, 30)
(64, 31, 30)
(64, 31, 30)
(64, 31, 30)
(64, 31, 30)
(64, 31, 30)
(64, 31, 30)
subject 19, avg accuracy 0.8230994045734406/0.3109890111036353 over 10 splits
avg accuracy over all subjects 0.7912134519881673/0.3405635747437459
(64, 31, 30)
(64, 31, 30)
(64, 31, 30)
(64, 31, 30)
(64, 31, 30)
(64, 31, 30)
(64, 31, 30)
(64, 31, 30)
(64, 31, 30)
(64, 31, 30)
subject 1, avg accuracy 0.7570175528526306/0.32555555873446995 over 10 splits
(64, 31, 30)
(64, 31, 30)
(64, 31, 30)
(64, 31, 30)
(64, 31, 30)
(64, 31, 30)
(64, 31, 30)
(64, 31, 30)
(64, 31, 30)
(64, 31, 30)
subject 2, avg accuracy 0.6573099434375763/0.43513513602115006 over 10 splits
(64, 31, 30)
(64, 31, 30)
(64, 31, 30)
(64, 31, 30)
(64, 31, 30)
(64, 31, 30)
(64, 31, 30)
(64, 31, 30)
(64, 31, 30)
(64, 31, 30)
subject 3, avg accuracy 0.8704678416252136/0.3792307692307692 over 10 splits
(64, 31, 30)
(64, 31, 30)
(64, 31, 30)
(64, 31, 30)
(64, 31, 30)
(64, 31, 30)
(64, 31, 30)
(64, 31, 30)
(64, 31, 30)
(64, 31, 30)
subject 4, avg accuracy 0.8163742661476135/0.38437499999999997 over 10 splits
(64, 31, 30)
(64, 31, 30)
(64, 31, 30)
(64, 31, 30)
(64, 31, 30)
(64, 31, 30)
(64, 31, 30)
(64, 31, 30)
(64, 31, 30)
(64, 31, 30)
subject 5, avg accuracy 0.8403508782386779/0.314678899984841 over 10 splits
(64, 31, 30)
(64, 31, 30)
(64, 31, 30)
(64, 31, 30)
(64, 31, 30)
(64, 31, 30)
(64, 31, 30)
(64, 31, 30)
(64, 31, 30)
(64, 31, 30)
subject 6, avg accuracy 0.7883040964603424/0.34132231424662696 over 10 splits
(64, 31, 30)
(64, 31, 30)
(64, 31, 30)
(64, 31, 30)
(64, 31, 30)
(64, 31, 30)
(64, 31, 30)
(64, 31, 30)
(64, 31, 30)
(64, 31, 30)
subject 7, avg accuracy 0.7871345043182373/0.282758620398483 over 10 splits
(64, 31, 30)
(64, 31, 30)
(64, 31, 30)
(64, 31, 30)
(64, 31, 30)
(64, 31, 30)
(64, 31, 30)
(64, 31, 30)
(64, 31, 30)
(64, 31, 30)
subject 8, avg accuracy 0.842105257511139/0.366371682233515 over 10 splits
(64, 31, 30)
(64, 31, 30)
(64, 31, 30)
(64, 31, 30)
(64, 31, 30)
(64, 31, 30)
(64, 31, 30)
(64, 31, 30)
(64, 31, 30)
(64, 31, 30)
subject 9, avg accuracy 0.8283625721931458/0.350602411792939 over 10 splits
(64, 31, 30)
(64, 31, 30)
(64, 31, 30)
(64, 31, 30)
(64, 31, 30)
(64, 31, 30)
(64, 31, 30)
(64, 31, 30)
(64, 31, 30)
(64, 31, 30)
subject 11, avg accuracy 0.7631578862667083/0.3948979591836735 over 10 splits
(64, 31, 30)
(64, 31, 30)
(64, 31, 30)
(64, 31, 30)
(64, 31, 30)
(64, 31, 30)
(64, 31, 30)
(64, 31, 30)
(64, 31, 30)
(64, 31, 30)
subject 12, avg accuracy 0.8368421018123626/0.3199999967688008 over 10 splits
(64, 31, 30)
(64, 31, 30)
(64, 31, 30)
(64, 31, 30)
(64, 31, 30)
(64, 31, 30)
(64, 31, 30)
(64, 31, 30)
(64, 31, 30)
(64, 31, 30)
subject 13, avg accuracy 0.7654970824718476/0.2876106208009003 over 10 splits
(64, 31, 30)
(64, 31, 30)
(64, 31, 30)
(64, 31, 30)
(64, 31, 30)
(64, 31, 30)
(64, 31, 30)
(64, 31, 30)
(64, 31, 30)
(64, 31, 30)
subject 14, avg accuracy 0.8107894778251648/0.37432432492842543 over 10 splits
(64, 31, 30)
(64, 31, 30)
(64, 31, 30)
(64, 31, 30)
(64, 31, 30)
(64, 31, 30)
(64, 31, 30)
(64, 31, 30)
(64, 31, 30)
(64, 31, 30)
subject 15, avg accuracy 0.8008771955966949/0.37280000004768366 over 10 splits
(64, 31, 30)
(64, 31, 30)
(64, 31, 30)
(64, 31, 30)
(64, 31, 30)
(64, 31, 30)
(64, 31, 30)
(64, 31, 30)
(64, 31, 30)
(64, 31, 30)
subject 16, avg accuracy 0.7618421137332916/0.36935484269934316 over 10 splits
(64, 31, 30)
(64, 31, 30)
(64, 31, 30)
(64, 31, 30)
(64, 31, 30)
(64, 31, 30)
(64, 31, 30)
(64, 31, 30)
(64, 31, 30)
(64, 31, 30)
subject 17, avg accuracy 0.7421052664518356/0.3205882352941177 over 10 splits
(64, 31, 30)
(64, 31, 30)
(64, 31, 30)
(64, 31, 30)
(64, 31, 30)
(64, 31, 30)
(64, 31, 30)
(64, 31, 30)
(64, 31, 30)
(64, 31, 30)
subject 18, avg accuracy 0.7938596606254578/0.33857142933777407 over 10 splits
(64, 31, 30)
(64, 31, 30)
(64, 31, 30)
(64, 31, 30)
(64, 31, 30)
(64, 31, 30)
(64, 31, 30)
(64, 31, 30)
(64, 31, 30)
(64, 31, 30)
subject 19, avg accuracy 0.8061403512954712/0.3021978020504281 over 10 splits
avg accuracy over all subjects 0.7926965582701894/0.34779864465299665
(64, 31, 30)
(64, 31, 30)
(64, 31, 30)
(64, 31, 30)
(64, 31, 30)
(64, 31, 30)
(64, 31, 30)
(64, 31, 30)
(64, 31, 30)
(64, 31, 30)
subject 1, avg accuracy 0.7456140339374542/0.31555555664830737 over 10 splits
(64, 31, 30)
(64, 31, 30)
(64, 31, 30)
(64, 31, 30)
(64, 31, 30)
(64, 31, 30)
(64, 31, 30)
(64, 31, 30)
(64, 31, 30)
(64, 31, 30)
subject 2, avg accuracy 0.7532163798809052/0.4270270276714016 over 10 splits
(64, 31, 30)
(64, 31, 30)
(64, 31, 30)
(64, 31, 30)
(64, 31, 30)
(64, 31, 30)
(64, 31, 30)
(64, 31, 30)
(64, 31, 30)
(64, 31, 30)
subject 3, avg accuracy 0.8976608276367187/0.35076923076923083 over 10 splits
(64, 31, 30)
(64, 31, 30)
(64, 31, 30)
(64, 31, 30)
(64, 31, 30)
(64, 31, 30)
(64, 31, 30)
(64, 31, 30)
(64, 31, 30)
(64, 31, 30)
subject 4, avg accuracy 0.7786549806594849/0.421875 over 10 splits
(64, 31, 30)
(64, 31, 30)
(64, 31, 30)
(64, 31, 30)
(64, 31, 30)
(64, 31, 30)
(64, 31, 30)
(64, 31, 30)
(64, 31, 30)
(64, 31, 30)
subject 5, avg accuracy 0.7964912295341492/0.3266055055441113 over 10 splits
(64, 31, 30)
(64, 31, 30)
(64, 31, 30)
(64, 31, 30)
(64, 31, 30)
(64, 31, 30)
(64, 31, 30)
(64, 31, 30)
(64, 31, 30)
(64, 31, 30)
subject 6, avg accuracy 0.7289473652839661/0.330578512150394 over 10 splits
(64, 31, 30)
(64, 31, 30)
(64, 31, 30)
(64, 31, 30)
(64, 31, 30)
(64, 31, 30)
(64, 31, 30)
(64, 31, 30)
(64, 31, 30)
(64, 31, 30)
subject 7, avg accuracy 0.7505847990512848/0.30229885026641273 over 10 splits
(64, 31, 30)
(64, 31, 30)
(64, 31, 30)
(64, 31, 30)
(64, 31, 30)
(64, 31, 30)
(64, 31, 30)
(64, 31, 30)
(64, 31, 30)
(64, 31, 30)
subject 8, avg accuracy 0.8052631556987763/0.3663716827609898 over 10 splits
(64, 31, 30)
(64, 31, 30)
(64, 31, 30)
(64, 31, 30)
(64, 31, 30)
(64, 31, 30)
(64, 31, 30)
(64, 31, 30)
(64, 31, 30)
(64, 31, 30)
subject 9, avg accuracy 0.837719303369522/0.3397590363241104 over 10 splits
(64, 31, 30)
(64, 31, 30)
(64, 31, 30)
(64, 31, 30)
(64, 31, 30)
(64, 31, 30)
(64, 31, 30)
(64, 31, 30)
(64, 31, 30)
(64, 31, 30)
subject 11, avg accuracy 0.7529239773750305/0.3755102040816326 over 10 splits
(64, 31, 30)
(64, 31, 30)
(64, 31, 30)
(64, 31, 30)
(64, 31, 30)
(64, 31, 30)
(64, 31, 30)
(64, 31, 30)
(64, 31, 30)
(64, 31, 30)
subject 12, avg accuracy 0.8315789461135864/0.32421052295910685 over 10 splits
(64, 31, 30)
(64, 31, 30)
(64, 31, 30)
(64, 31, 30)
(64, 31, 30)
(64, 31, 30)
(64, 31, 30)
(64, 31, 30)
(64, 31, 30)
(64, 31, 30)
subject 13, avg accuracy 0.7611111104488373/0.25663716938115855 over 10 splits
(64, 31, 30)
(64, 31, 30)
(64, 31, 30)
(64, 31, 30)
(64, 31, 30)
(64, 31, 30)
(64, 31, 30)
(64, 31, 30)
(64, 31, 30)
(64, 31, 30)
subject 14, avg accuracy 0.8221052706241607/0.3513513519151791 over 10 splits
(64, 31, 30)
(64, 31, 30)
(64, 31, 30)
(64, 31, 30)
(64, 31, 30)
(64, 31, 30)
(64, 31, 30)
(64, 31, 30)
(64, 31, 30)
(64, 31, 30)
subject 15, avg accuracy 0.8286549687385559/0.33919999929666517 over 10 splits
(64, 31, 30)
(64, 31, 30)
(64, 31, 30)
(64, 31, 30)
(64, 31, 30)
(64, 31, 30)
(64, 31, 30)
(64, 31, 30)
(64, 31, 30)
(64, 31, 30)
subject 16, avg accuracy 0.8076315820217133/0.37741935844382934 over 10 splits
(64, 31, 30)
(64, 31, 30)
(64, 31, 30)
(64, 31, 30)
(64, 31, 30)
(64, 31, 30)
(64, 31, 30)
(64, 31, 30)
(64, 31, 30)
(64, 31, 30)
subject 17, avg accuracy 0.7473684310913086/0.311764705882353 over 10 splits
(64, 31, 30)
(64, 31, 30)
(64, 31, 30)
(64, 31, 30)
(64, 31, 30)
(64, 31, 30)
(64, 31, 30)
(64, 31, 30)
(64, 31, 30)
(64, 31, 30)
subject 18, avg accuracy 0.8102339208126068/0.33428571517978395 over 10 splits
(64, 31, 30)
(64, 31, 30)
(64, 31, 30)
(64, 31, 30)
(64, 31, 30)
(64, 31, 30)
(64, 31, 30)
(64, 31, 30)
(64, 31, 30)
(64, 31, 30)
subject 19, avg accuracy 0.823099410533905/0.30769230819992965 over 10 splits
avg accuracy over all subjects 0.7932699829339981/0.3421617631930331
(64, 31, 30)
(64, 31, 30)
(64, 31, 30)
(64, 31, 30)
(64, 31, 30)
(64, 31, 30)
(64, 31, 30)
(64, 31, 30)
(64, 31, 30)
(64, 31, 30)
subject 1, avg accuracy 0.7236842215061188/0.3166666697793537 over 10 splits
(64, 31, 30)
(64, 31, 30)
(64, 31, 30)
(64, 31, 30)
(64, 31, 30)
(64, 31, 30)
(64, 31, 30)
(64, 31, 30)
(64, 31, 30)
(64, 31, 30)
subject 2, avg accuracy 0.6894736886024475/0.4040540546178818 over 10 splits
(64, 31, 30)
(64, 31, 30)
(64, 31, 30)
(64, 31, 30)
(64, 31, 30)
(64, 31, 30)
(64, 31, 30)
(64, 31, 30)
(64, 31, 30)
(64, 31, 30)
subject 3, avg accuracy 0.8976608157157898/0.37 over 10 splits
(64, 31, 30)
(64, 31, 30)
(64, 31, 30)
(64, 31, 30)
(64, 31, 30)
(64, 31, 30)
(64, 31, 30)
(64, 31, 30)
(64, 31, 30)
(64, 31, 30)
subject 4, avg accuracy 0.8046783626079559/0.3916666666666666 over 10 splits
(64, 31, 30)
(64, 31, 30)
(64, 31, 30)
(64, 31, 30)
(64, 31, 30)
(64, 31, 30)
(64, 31, 30)
(64, 31, 30)
(64, 31, 30)
(64, 31, 30)
subject 5, avg accuracy 0.7973684310913086/0.31559633116383073 over 10 splits
(64, 31, 30)
(64, 31, 30)
(64, 31, 30)
(64, 31, 30)
(64, 31, 30)
(64, 31, 30)
(64, 31, 30)
(64, 31, 30)
(64, 31, 30)
(64, 31, 30)
subject 6, avg accuracy 0.7871345043182373/0.3429752072519507 over 10 splits
(64, 31, 30)
(64, 31, 30)
(64, 31, 30)
(64, 31, 30)
(64, 31, 30)
(64, 31, 30)
(64, 31, 30)
(64, 31, 30)
(64, 31, 30)
(64, 31, 30)
subject 7, avg accuracy 0.7821637451648712/0.26666666610145023 over 10 splits
(64, 31, 30)
(64, 31, 30)
(64, 31, 30)
(64, 31, 30)
(64, 31, 30)
(64, 31, 30)
(64, 31, 30)
(64, 31, 30)
(64, 31, 30)
(64, 31, 30)
subject 8, avg accuracy 0.7842105329036713/0.3690265504791673 over 10 splits
(64, 31, 30)
(64, 31, 30)
(64, 31, 30)
(64, 31, 30)
(64, 31, 30)
(64, 31, 30)
(64, 31, 30)
(64, 31, 30)
(64, 31, 30)
(64, 31, 30)
subject 9, avg accuracy 0.8131578981876373/0.3590361452964415 over 10 splits
(64, 31, 30)
(64, 31, 30)
(64, 31, 30)
(64, 31, 30)
(64, 31, 30)
(64, 31, 30)
(64, 31, 30)
(64, 31, 30)
(64, 31, 30)
(64, 31, 30)
subject 11, avg accuracy 0.763450288772583/0.3928571428571428 over 10 splits
(64, 31, 30)
(64, 31, 30)
(64, 31, 30)
(64, 31, 30)
(64, 31, 30)
(64, 31, 30)
(64, 31, 30)
(64, 31, 30)
(64, 31, 30)
(64, 31, 30)
subject 12, avg accuracy 0.8578947484493256/0.3263157858660347 over 10 splits
(64, 31, 30)
(64, 31, 30)
(64, 31, 30)
(64, 31, 30)
(64, 31, 30)
(64, 31, 30)
(64, 31, 30)
(64, 31, 30)
(64, 31, 30)
(64, 31, 30)
subject 13, avg accuracy 0.7660818755626678/0.268141594120359 over 10 splits
(64, 31, 30)
(64, 31, 30)
(64, 31, 30)
(64, 31, 30)
(64, 31, 30)
(64, 31, 30)
(64, 31, 30)
(64, 31, 30)
(64, 31, 30)
(64, 31, 30)
subject 14, avg accuracy 0.8589473724365234/0.3716216226687302 over 10 splits
(64, 31, 30)
(64, 31, 30)
(64, 31, 30)
(64, 31, 30)
(64, 31, 30)
(64, 31, 30)
(64, 31, 30)
(64, 31, 30)
(64, 31, 30)
(64, 31, 30)
subject 15, avg accuracy 0.7514619827270508/0.3543999983787537 over 10 splits
(64, 31, 30)
(64, 31, 30)
(64, 31, 30)
(64, 31, 30)
(64, 31, 30)
(64, 31, 30)
(64, 31, 30)
(64, 31, 30)
(64, 31, 30)
(64, 31, 30)
subject 16, avg accuracy 0.7547368466854095/0.3322580681212487 over 10 splits
(64, 31, 30)
(64, 31, 30)
(64, 31, 30)
(64, 31, 30)
(64, 31, 30)
(64, 31, 30)
(64, 31, 30)
(64, 31, 30)
(64, 31, 30)
(64, 31, 30)
subject 17, avg accuracy 0.678947365283966/0.3205882352941176 over 10 splits
(64, 31, 30)
(64, 31, 30)
(64, 31, 30)
(64, 31, 30)
(64, 31, 30)
(64, 31, 30)
(64, 31, 30)
(64, 31, 30)
(64, 31, 30)
(64, 31, 30)
subject 18, avg accuracy 0.8225146114826203/0.34000000059604646 over 10 splits
(64, 31, 30)
(64, 31, 30)
(64, 31, 30)
(64, 31, 30)
(64, 31, 30)
(64, 31, 30)
(64, 31, 30)
(64, 31, 30)
(64, 31, 30)
(64, 31, 30)
subject 19, avg accuracy 0.7894736856222153/0.3164835172531369 over 10 splits
avg accuracy over all subjects 0.7846133876178/0.3421307920284618
(64, 31, 30)
(64, 31, 30)
(64, 31, 30)
(64, 31, 30)
(64, 31, 30)
(64, 31, 30)
(64, 31, 30)
(64, 31, 30)
(64, 31, 30)
(64, 31, 30)
subject 1, avg accuracy 0.7894736766815186/0.3133333344260852 over 10 splits
(64, 31, 30)
(64, 31, 30)
(64, 31, 30)
(64, 31, 30)
(64, 31, 30)
(64, 31, 30)
(64, 31, 30)
(64, 31, 30)
(64, 31, 30)
(64, 31, 30)
subject 2, avg accuracy 0.6792397648096085/0.4189189194827466 over 10 splits
(64, 31, 30)
(64, 31, 30)
(64, 31, 30)
(64, 31, 30)
(64, 31, 30)
(64, 31, 30)
(64, 31, 30)
(64, 31, 30)
(64, 31, 30)
(64, 31, 30)
subject 3, avg accuracy 0.8596491158008576/0.3615384615384615 over 10 splits
(64, 31, 30)
(64, 31, 30)
(64, 31, 30)
(64, 31, 30)
(64, 31, 30)
(64, 31, 30)
(64, 31, 30)
(64, 31, 30)
(64, 31, 30)
(64, 31, 30)
subject 4, avg accuracy 0.8757310032844543/0.4 over 10 splits
(64, 31, 30)
(64, 31, 30)
(64, 31, 30)
(64, 31, 30)
(64, 31, 30)
(64, 31, 30)
(64, 31, 30)
(64, 31, 30)
(64, 31, 30)
(64, 31, 30)
subject 5, avg accuracy 0.8391812980175019/0.3128440374764828 over 10 splits
(64, 31, 30)
(64, 31, 30)
(64, 31, 30)
(64, 31, 30)
(64, 31, 30)
(64, 31, 30)
(64, 31, 30)
(64, 31, 30)
(64, 31, 30)
(64, 31, 30)
subject 6, avg accuracy 0.7883040964603424/0.30743801673828075 over 10 splits
(64, 31, 30)
(64, 31, 30)
(64, 31, 30)
(64, 31, 30)
(64, 31, 30)
(64, 31, 30)
(64, 31, 30)
(64, 31, 30)
(64, 31, 30)
(64, 31, 30)
subject 7, avg accuracy 0.8295321643352509/0.30459770016457843 over 10 splits
(64, 31, 30)
(64, 31, 30)
(64, 31, 30)
(64, 31, 30)
(64, 31, 30)
(64, 31, 30)
(64, 31, 30)
(64, 31, 30)
(64, 31, 30)
(64, 31, 30)
subject 8, avg accuracy 0.8526315867900849/0.37522124104795207 over 10 splits
(64, 31, 30)
(64, 31, 30)
(64, 31, 30)
(64, 31, 30)
(64, 31, 30)
(64, 31, 30)
(64, 31, 30)
(64, 31, 30)
(64, 31, 30)
(64, 31, 30)
subject 9, avg accuracy 0.8497076034545898/0.3493975916181702 over 10 splits
(64, 31, 30)
(64, 31, 30)
(64, 31, 30)
(64, 31, 30)
(64, 31, 30)
(64, 31, 30)
(64, 31, 30)
(64, 31, 30)
(64, 31, 30)
(64, 31, 30)
subject 11, avg accuracy 0.8307017505168914/0.386734693877551 over 10 splits
(64, 31, 30)
(64, 31, 30)
(64, 31, 30)
(64, 31, 30)
(64, 31, 30)
(64, 31, 30)
(64, 31, 30)
(64, 31, 30)
(64, 31, 30)
(64, 31, 30)
subject 12, avg accuracy 0.8157894790172577/0.3273684176645781 over 10 splits
(64, 31, 30)
(64, 31, 30)
(64, 31, 30)
(64, 31, 30)
(64, 31, 30)
(64, 31, 30)
(64, 31, 30)
(64, 31, 30)
(64, 31, 30)
(64, 31, 30)
subject 13, avg accuracy 0.7871345102787017/0.26194690413179655 over 10 splits
(64, 31, 30)
(64, 31, 30)
(64, 31, 30)
(64, 31, 30)
(64, 31, 30)
(64, 31, 30)
(64, 31, 30)
(64, 31, 30)
(64, 31, 30)
(64, 31, 30)
subject 14, avg accuracy 0.8113157987594605/0.3810810819268227 over 10 splits
(64, 31, 30)
(64, 31, 30)
(64, 31, 30)
(64, 31, 30)
(64, 31, 30)
(64, 31, 30)
(64, 31, 30)
(64, 31, 30)
(64, 31, 30)
(64, 31, 30)
subject 15, avg accuracy 0.8228070139884949/0.37919999833107 over 10 splits
(64, 31, 30)
(64, 31, 30)
(64, 31, 30)
(64, 31, 30)
(64, 31, 30)
(64, 31, 30)
(64, 31, 30)
(64, 31, 30)
(64, 31, 30)
(64, 31, 30)
subject 16, avg accuracy 0.7602631628513337/0.3435483916151908 over 10 splits
(64, 31, 30)
(64, 31, 30)
(64, 31, 30)
(64, 31, 30)
(64, 31, 30)
(64, 31, 30)
(64, 31, 30)
(64, 31, 30)
(64, 31, 30)
(64, 31, 30)
subject 17, avg accuracy 0.7789473712444306/0.28970588235294115 over 10 splits
(64, 31, 30)
(64, 31, 30)
(64, 31, 30)
(64, 31, 30)
(64, 31, 30)
(64, 31, 30)
(64, 31, 30)
(64, 31, 30)
(64, 31, 30)
(64, 31, 30)
subject 18, avg accuracy 0.7833333432674408/0.34142857236521584 over 10 splits
(64, 31, 30)
(64, 31, 30)
(64, 31, 30)
(64, 31, 30)
(64, 31, 30)
(64, 31, 30)
(64, 31, 30)
(64, 31, 30)
(64, 31, 30)
(64, 31, 30)
subject 19, avg accuracy 0.823099410533905/0.304395604461104 over 10 splits
avg accuracy over all subjects 0.8098245638940069/0.3421499360677238
(64, 31, 30)
(64, 31, 30)
(64, 31, 30)
(64, 31, 30)
(64, 31, 30)
(64, 31, 30)
(64, 31, 30)
(64, 31, 30)
(64, 31, 30)
(64, 31, 30)
subject 1, avg accuracy 0.7564327538013458/0.3200000010596381 over 10 splits
(64, 31, 30)
(64, 31, 30)
(64, 31, 30)
(64, 31, 30)
(64, 31, 30)
(64, 31, 30)
(64, 31, 30)
(64, 31, 30)
(64, 31, 30)
(64, 31, 30)
subject 2, avg accuracy 0.6883040994405747/0.4243243254519798 over 10 splits
(64, 31, 30)
(64, 31, 30)
(64, 31, 30)
(64, 31, 30)
(64, 31, 30)
(64, 31, 30)
(64, 31, 30)
(64, 31, 30)
(64, 31, 30)
(64, 31, 30)
subject 3, avg accuracy 0.8815789580345154/0.33769230769230774 over 10 splits
(64, 31, 30)
(64, 31, 30)
(64, 31, 30)
(64, 31, 30)
(64, 31, 30)
(64, 31, 30)
(64, 31, 30)
(64, 31, 30)
(64, 31, 30)
(64, 31, 30)
subject 4, avg accuracy 0.8160818755626679/0.38958333333333334 over 10 splits
(64, 31, 30)
(64, 31, 30)
(64, 31, 30)
(64, 31, 30)
(64, 31, 30)
(64, 31, 30)
(64, 31, 30)
(64, 31, 30)
(64, 31, 30)
(64, 31, 30)
subject 5, avg accuracy 0.8187134623527527/0.31559633099978124 over 10 splits
(64, 31, 30)
(64, 31, 30)
(64, 31, 30)
(64, 31, 30)
(64, 31, 30)
(64, 31, 30)
(64, 31, 30)
(64, 31, 30)
(64, 31, 30)
(64, 31, 30)
subject 6, avg accuracy 0.766374260187149/0.3363636356247358 over 10 splits
(64, 31, 30)
(64, 31, 30)
(64, 31, 30)
(64, 31, 30)
(64, 31, 30)
(64, 31, 30)
(64, 31, 30)
(64, 31, 30)
(64, 31, 30)
(64, 31, 30)
subject 7, avg accuracy 0.7608187317848205/0.3126436777755447 over 10 splits
(64, 31, 30)
(64, 31, 30)
(64, 31, 30)
(64, 31, 30)
(64, 31, 30)
(64, 31, 30)
(64, 31, 30)
(64, 31, 30)
(64, 31, 30)
(64, 31, 30)
subject 8, avg accuracy 0.8368421077728272/0.3681415943313489 over 10 splits
(64, 31, 30)
(64, 31, 30)
(64, 31, 30)
(64, 31, 30)
(64, 31, 30)
(64, 31, 30)
(64, 31, 30)
(64, 31, 30)
(64, 31, 30)
(64, 31, 30)
subject 9, avg accuracy 0.8233918070793151/0.35180723017238713 over 10 splits
(64, 31, 30)
(64, 31, 30)
(64, 31, 30)
(64, 31, 30)
(64, 31, 30)
(64, 31, 30)
(64, 31, 30)
(64, 31, 30)
(64, 31, 30)
(64, 31, 30)
subject 11, avg accuracy 0.7476608157157898/0.37653061224489787 over 10 splits
(64, 31, 30)
(64, 31, 30)
(64, 31, 30)
(64, 31, 30)
(64, 31, 30)
(64, 31, 30)
(64, 31, 30)
(64, 31, 30)
(64, 31, 30)
(64, 31, 30)
subject 12, avg accuracy 0.8263157963752746/0.3115789442313345 over 10 splits
(64, 31, 30)
(64, 31, 30)
(64, 31, 30)
(64, 31, 30)
(64, 31, 30)
(64, 31, 30)
(64, 31, 30)
(64, 31, 30)
(64, 31, 30)
(64, 31, 30)
subject 13, avg accuracy 0.7923976659774781/0.2637168152538021 over 10 splits
(64, 31, 30)
(64, 31, 30)
(64, 31, 30)
(64, 31, 30)
(64, 31, 30)
(64, 31, 30)
(64, 31, 30)
(64, 31, 30)
(64, 31, 30)
(64, 31, 30)
subject 14, avg accuracy 0.8071052670478821/0.37297297442281563 over 10 splits
(64, 31, 30)
(64, 31, 30)
(64, 31, 30)
(64, 31, 30)
(64, 31, 30)
(64, 31, 30)
(64, 31, 30)
(64, 31, 30)
(64, 31, 30)
(64, 31, 30)
subject 15, avg accuracy 0.7897660732269287/0.36959999957084655 over 10 splits
(64, 31, 30)
(64, 31, 30)
(64, 31, 30)
(64, 31, 30)
(64, 31, 30)
(64, 31, 30)
(64, 31, 30)
(64, 31, 30)
(64, 31, 30)
(64, 31, 30)
subject 16, avg accuracy 0.7497368454933167/0.34193548790870176 over 10 splits
(64, 31, 30)
(64, 31, 30)
(64, 31, 30)
(64, 31, 30)
(64, 31, 30)
(64, 31, 30)
(64, 31, 30)
(64, 31, 30)
(64, 31, 30)
(64, 31, 30)
subject 17, avg accuracy 0.7894736886024475/0.2941176470588235 over 10 splits
(64, 31, 30)
(64, 31, 30)
(64, 31, 30)
(64, 31, 30)
(64, 31, 30)
(64, 31, 30)
(64, 31, 30)
(64, 31, 30)
(64, 31, 30)
(64, 31, 30)
subject 18, avg accuracy 0.8447368383407593/0.3400000005534717 over 10 splits
(64, 31, 30)
(64, 31, 30)
(64, 31, 30)
(64, 31, 30)
(64, 31, 30)
(64, 31, 30)
(64, 31, 30)
(64, 31, 30)
(64, 31, 30)
(64, 31, 30)
subject 19, avg accuracy 0.7850877165794372/0.30439560516522485 over 10 splits
avg accuracy over all subjects 0.7933788201875157/0.3406111401583875
(64, 31, 30)
(64, 31, 30)
(64, 31, 30)
(64, 31, 30)
(64, 31, 30)
(64, 31, 30)
(64, 31, 30)
(64, 31, 30)
(64, 31, 30)
(64, 31, 30)
subject 1, avg accuracy 0.8002923965454102/0.31888888981607233 over 10 splits
(64, 31, 30)
(64, 31, 30)
(64, 31, 30)
(64, 31, 30)
(64, 31, 30)
(64, 31, 30)
(64, 31, 30)
(64, 31, 30)
(64, 31, 30)
(64, 31, 30)
subject 2, avg accuracy 0.7187134563922882/0.41486486615361395 over 10 splits
(64, 31, 30)
(64, 31, 30)
(64, 31, 30)
(64, 31, 30)
(64, 31, 30)
(64, 31, 30)
(64, 31, 30)
(64, 31, 30)
(64, 31, 30)
(64, 31, 30)
subject 3, avg accuracy 0.8505847990512848/0.35692307692307695 over 10 splits
(64, 31, 30)
(64, 31, 30)
(64, 31, 30)
(64, 31, 30)
(64, 31, 30)
(64, 31, 30)
(64, 31, 30)
(64, 31, 30)
(64, 31, 30)
(64, 31, 30)
subject 4, avg accuracy 0.8821637451648712/0.3947916666666666 over 10 splits
(64, 31, 30)
(64, 31, 30)
(64, 31, 30)
(64, 31, 30)
(64, 31, 30)
(64, 31, 30)
(64, 31, 30)
(64, 31, 30)
(64, 31, 30)
(64, 31, 30)
subject 5, avg accuracy 0.7906432807445526/0.3073394500744452 over 10 splits
(64, 31, 30)
(64, 31, 30)
(64, 31, 30)
(64, 31, 30)
(64, 31, 30)
(64, 31, 30)
(64, 31, 30)
(64, 31, 30)
(64, 31, 30)
(64, 31, 30)
subject 6, avg accuracy 0.7885964930057525/0.33636363594492613 over 10 splits
(64, 31, 30)
(64, 31, 30)
(64, 31, 30)
(64, 31, 30)
(64, 31, 30)
(64, 31, 30)
(64, 31, 30)
(64, 31, 30)
(64, 31, 30)
(64, 31, 30)
subject 7, avg accuracy 0.7722222328186035/0.2931034477320554 over 10 splits
(64, 31, 30)
(64, 31, 30)
(64, 31, 30)
(64, 31, 30)
(64, 31, 30)
(64, 31, 30)
(64, 31, 30)
(64, 31, 30)
(64, 31, 30)
(64, 31, 30)
subject 8, avg accuracy 0.7736842155456543/0.36371681472632733 over 10 splits
(64, 31, 30)
(64, 31, 30)
(64, 31, 30)
(64, 31, 30)
(64, 31, 30)
(64, 31, 30)
(64, 31, 30)
(64, 31, 30)
(64, 31, 30)
(64, 31, 30)
subject 9, avg accuracy 0.8286549746990204/0.343373494622219 over 10 splits
(64, 31, 30)
(64, 31, 30)
(64, 31, 30)
(64, 31, 30)
(64, 31, 30)
(64, 31, 30)
(64, 31, 30)
(64, 31, 30)
(64, 31, 30)
(64, 31, 30)
subject 11, avg accuracy 0.7906432747840881/0.3755102040816326 over 10 splits
(64, 31, 30)
(64, 31, 30)
(64, 31, 30)
(64, 31, 30)
(64, 31, 30)
(64, 31, 30)
(64, 31, 30)
(64, 31, 30)
(64, 31, 30)
(64, 31, 30)
subject 12, avg accuracy 0.8526315808296203/0.3294736808852146 over 10 splits
(64, 31, 30)
(64, 31, 30)
(64, 31, 30)
(64, 31, 30)
(64, 31, 30)
(64, 31, 30)
(64, 31, 30)
(64, 31, 30)
(64, 31, 30)
(64, 31, 30)
subject 13, avg accuracy 0.7660818696022034/0.2920353991531693 over 10 splits
(64, 31, 30)
(64, 31, 30)
(64, 31, 30)
(64, 31, 30)
(64, 31, 30)
(64, 31, 30)
(64, 31, 30)
(64, 31, 30)
(64, 31, 30)
(64, 31, 30)
subject 14, avg accuracy 0.7902631521224975/0.37297297422144865 over 10 splits
(64, 31, 30)
(64, 31, 30)
(64, 31, 30)
(64, 31, 30)
(64, 31, 30)
(64, 31, 30)
(64, 31, 30)
(64, 31, 30)
(64, 31, 30)
(64, 31, 30)
subject 15, avg accuracy 0.7798245549201965/0.38160000026226043 over 10 splits
(64, 31, 30)
(64, 31, 30)
(64, 31, 30)
(64, 31, 30)
(64, 31, 30)
(64, 31, 30)
(64, 31, 30)
(64, 31, 30)
(64, 31, 30)
(64, 31, 30)
subject 16, avg accuracy 0.7239473640918732/0.3564516179984616 over 10 splits
(64, 31, 30)
(64, 31, 30)
(64, 31, 30)
(64, 31, 30)
(64, 31, 30)
(64, 31, 30)
(64, 31, 30)
(64, 31, 30)
(64, 31, 30)
(64, 31, 30)
subject 17, avg accuracy 0.7947368323802948/0.2735294117647059 over 10 splits
(64, 31, 30)
(64, 31, 30)
(64, 31, 30)
(64, 31, 30)
(64, 31, 30)
(64, 31, 30)
(64, 31, 30)
(64, 31, 30)
(64, 31, 30)
(64, 31, 30)
subject 18, avg accuracy 0.7134502977132797/0.31571428622518266 over 10 splits
(64, 31, 30)
(64, 31, 30)
(64, 31, 30)
(64, 31, 30)
(64, 31, 30)
(64, 31, 30)
(64, 31, 30)
(64, 31, 30)
(64, 31, 30)
(64, 31, 30)
subject 19, avg accuracy 0.7684210479259491/0.3142857125990993 over 10 splits
avg accuracy over all subjects 0.7880864204631912/0.341163257213921
channel values
0.04323017988808836
0.04299140137612036
0.0442238580642208
0.04316112741632131
0.042304532451014364
0.04359574061795945
0.0440295937149613
0.04407179425694182
0.04212184951809572
0.04227543141081342
0.042334413815570134
0.04451222420422407
0.04400701636994611
0.04307071058895426
0.042593379361370275
0.04314325593563249
0.044124351018361006
0.043373295940093815
0.04230723337061801
0.042628361220000896
0.04392551888815676
0.045348497898917615
0.043345972571606564
0.04335195930143696
0.043878793096599325
0.04651997420380477
0.046398597336726945
0.04517343090198658
0.045776737960578434
0.04671147013337239
0.04610129910586413
acc 0.7813563997546833/0.34677607432554985

acc 0.7846133876178/0.3421307920284618

acc 0.7880864204631912/0.341163257213921

acc 0.789705980817477/0.34452665085416184

acc 0.7912134519881673/0.3405635747437459

acc 0.7926965582701894/0.34779864465299665

acc 0.792776155968507/0.3486253189017441

acc 0.7932699829339981/0.3421617631930331

acc 0.7933788201875157/0.3406111401583875

acc 0.8098245638940069/0.3421499360677238

avg over all trials and subjects 0.7916921721895537/0.3436507152139726
end time
Wed May 16 21:37:01 CEST 2018
