data dir
/lunarc/nobackup/users/albheim/EEG-klassificering
script
#!/bin/sh
#SBATCH -t 40:00:00
#SBATCH -J nn_worse
#SBATCH -A lu2018-2-3
#// SBATCH -o stdout_%j.out
#// SBATCH -e stderr_%j.err

# shold be lu or gpu
#SBATCH -p gpu

# how many gpus, 4 per node, using many seems to crash more often so stick with 1
#SBATCH --gres=gpu:1

# use 5 cores per GPU
#SBATCH -n 5
#SBATCH --mem-per-cpu=3100

DATA_DIR="$(cat ../data_location.txt)"
echo "data dir"
echo $DATA_DIR

echo "script"
cat $0

PY_FILE="best.py"
echo "py file"
cat $PY_FILE

echo "nvidia smi"
nvidia-smi

echo "start time"
date

CURR_DIR="$(pwd)"
cd $DATA_DIR
cp -r --parents DATA/Visual $SNIC_TMP
cp -r --parents DATA/Verbal $SNIC_TMP
cd $CURR_DIR
ls $SNIC_TMP
du -h "${SNIC_TMP}/DATA"

echo "copy done time"
date

python $PY_FILE $SNIC_TMP

echo "end time"
date
py file
import sys
from datetime import datetime

import numpy as np
from scipy import io
from scipy.signal import decimate

import tensorflow as tf

from keras.models import Sequential, Model
from keras.layers import Dense, Dropout, Input, GaussianNoise, BatchNormalization
from keras.layers import TimeDistributed, Lambda, AlphaDropout
from keras.layers import SimpleRNN, RNN, LSTM, GRU
from keras.layers import Conv1D, MaxPooling1D, Flatten
from keras.layers import ELU, PReLU, Activation, AveragePooling1D

from keras.optimizers import SGD, Adam, RMSprop, Nadam
from keras import regularizers as rg
from keras import backend as K

from tensorflow.python.client import device_lib
print(device_lib.list_local_devices())

import data
import util


x, y = data.load_single(cut=False, visual=False, transpose=True)
xt, yt = data.load_single(cut=False, visual=False, study=False, transpose=True)
    
print(x[0].shape, xt[0].shape)

splits = 10
n_subs = len(x)
n_models = 5
msets = [None for j in range(n_models)]
accs = [0 for j in range(n_models)]
accs2 = [0 for j in range(n_models)]
vals = np.zeros((31, ))

channels = [4, 8, 10]
ds = 1
for i in range(n_subs):
    x[i] = x[i][:, :, channels]
    xt[i] = xt[i][:, :, channels]
    #x[i] = decimate(x[i], ds, axis=1)
    #xt[i] = decimate(xt[i], ds, axis=1)


def offset_slice(inputs):
    w = 630 // 5
    r = np.random.randint(inputs.shape[1] - w + 1)
    return inputs[:, r:r + w, :]

for j in range(n_models):

    msets[j] = " " # mset

    m_in = Input(shape=x[0][0].shape)
    # m_off = Lambda(offset_slice)(m_in)
    # m_noise = GaussianNoise(np.std(x[0][0] / 100))(m_off) # how much noice to have????

    m_t = Conv1D(30, 64, padding='causal')(m_in)
    m_t = BatchNormalization()(m_t)
    m_t = ELU()(m_t)
    m_t = AveragePooling1D(2)(m_t)
    m_t = Dropout(0.2)(m_t)

    m_t = Conv1D(15, 32, padding='causal')(m_t)
    m_t = BatchNormalization()(m_t)
    m_t = ELU()(m_t)
    m_t = AveragePooling1D(2)(m_t)
    m_t = Dropout(0.3)(m_t)

    m_t = Conv1D(10, 16, padding='causal')(m_t)
    m_t = BatchNormalization()(m_t)
    m_t = ELU()(m_t)
    m_t = AveragePooling1D(2)(m_t)
    m_t = Dropout(0.4)(m_t)

    m_t = Flatten()(m_t)
    # m_t = Dense(35)(m_t)
    # m_t = BatchNormalization()(m_t)
    # m_t = Activation('tanh')(m_t)
    m_t = Dense(15)(m_t)
    m_t = BatchNormalization()(m_t)
    m_t = Activation('tanh')(m_t)
    m_out = Dense(3, activation='softmax')(m_t)

    model = Model(inputs=m_in, outputs=m_out)

    m_save = model.get_config()
    if j == 0:
        model.summary()

    avgacc = 0
    avgacc2 = 0
    for i in range(n_subs):
        xm = np.mean(x[i], axis=(0, 1))[np.newaxis, np.newaxis, :]
        xs = np.std(x[i], axis=(0, 1))[np.newaxis, np.newaxis, :]
        xi = (x[i] - xm) / xs
        xti = (xt[i] - xm) / xs
        
        n = x[i].shape[0]
        acc = 0
        acc2 = 0
        for tr, val in util.kfold(n, splits, shuffle=True):
            # recreate model
            model = Model.from_config(m_save)
            model.compile(loss='categorical_crossentropy',
                          optimizer='adam',
                          metrics=['accuracy'])
            # print(len(model.get_weights()))
            # print(model.get_weights()[0].shape)

            # fit with next kfold data
            h = model.fit(xi[tr], y[i][tr],
                          # validation_data=(x[i][val], y[i][val]),
                          batch_size=64, epochs=200, verbose=0)
            h = h.history

            # vals += np.sum(np.absolute(model.get_weights()[0]), (0, 2))
            _, a = model.evaluate(xi[val], y[i][val], verbose=0)
            _, a2 = model.evaluate(xti, yt[i], verbose=0)
            acc += a
            acc2 += a2

        K.clear_session()

        acc /= splits
        acc2 /= splits
        avgacc += acc
        avgacc2 += acc2

        print("subject {}, avg accuracy {}/{} over {} splits".format(i + 1 if i + 1 < 10 else i + 2,
                                                                     acc, acc2, splits))

    avgacc /= n_subs
    accs[j] = avgacc
    avgacc2 /= n_subs
    accs2[j] = avgacc2
    print("avg accuracy over all subjects {}/{}".format(avgacc, avgacc2))

# print("channel values")
# for v in vals:
#     print(v / (n_models * n_subs * splits * 30 * 64))

for a, a2 in sorted(zip(accs, accs2)):
    print("acc {}/{}\n".format(a, a2))

print("avg over all trials and subjects {}/{}".format(sum(accs) / len(accs), sum(accs2) / len(accs2)))
nvidia smi
Sat Jun  9 22:46:50 2018       
+-----------------------------------------------------------------------------+
| NVIDIA-SMI 390.46                 Driver Version: 390.46                    |
|-------------------------------+----------------------+----------------------+
| GPU  Name        Persistence-M| Bus-Id        Disp.A | Volatile Uncorr. ECC |
| Fan  Temp  Perf  Pwr:Usage/Cap|         Memory-Usage | GPU-Util  Compute M. |
|===============================+======================+======================|
|   0  Tesla K80           On   | 00000000:04:00.0 Off |                    0 |
| N/A   22C    P8    26W / 149W |      0MiB / 11441MiB |      0%      Default |
+-------------------------------+----------------------+----------------------+
|   1  Tesla K80           On   | 00000000:05:00.0 Off |                    0 |
| N/A   28C    P8    29W / 149W |      0MiB / 11441MiB |      0%      Default |
+-------------------------------+----------------------+----------------------+
|   2  Tesla K80           On   | 00000000:84:00.0 Off |                    0 |
| N/A   24C    P8    27W / 149W |      0MiB / 11441MiB |      0%      Default |
+-------------------------------+----------------------+----------------------+
|   3  Tesla K80           On   | 00000000:85:00.0 Off |                    0 |
| N/A   28C    P8    29W / 149W |      0MiB / 11441MiB |      0%      Default |
+-------------------------------+----------------------+----------------------+
                                                                               
+-----------------------------------------------------------------------------+
| Processes:                                                       GPU Memory |
|  GPU       PID   Type   Process name                             Usage      |
|=============================================================================|
|  No running processes found                                                 |
+-----------------------------------------------------------------------------+
start time
Sat Jun  9 22:46:50 CEST 2018
DATA
2.4G	/local/slurmtmp.887322/DATA/Visual
2.4G	/local/slurmtmp.887322/DATA/Verbal
4.7G	/local/slurmtmp.887322/DATA
copy done time
Sat Jun  9 22:47:03 CEST 2018
2018-06-09 22:47:04.695851: I tensorflow/core/platform/cpu_feature_guard.cc:137] Your CPU supports instructions that this TensorFlow binary was not compiled to use: SSE4.1 SSE4.2 AVX AVX2 FMA
2018-06-09 22:47:04.876564: I tensorflow/core/common_runtime/gpu/gpu_device.cc:1030] Found device 0 with properties: 
name: Tesla K80 major: 3 minor: 7 memoryClockRate(GHz): 0.8235
pciBusID: 0000:04:00.0
totalMemory: 11.17GiB freeMemory: 11.10GiB
2018-06-09 22:47:04.876665: I tensorflow/core/common_runtime/gpu/gpu_device.cc:1120] Creating TensorFlow device (/device:GPU:0) -> (device: 0, name: Tesla K80, pci bus id: 0000:04:00.0, compute capability: 3.7)
2018-06-09 22:47:24.695648: I tensorflow/core/common_runtime/gpu/gpu_device.cc:1120] Creating TensorFlow device (/device:GPU:0) -> (device: 0, name: Tesla K80, pci bus id: 0000:04:00.0, compute capability: 3.7)
2018-06-09 22:51:02.190856: I tensorflow/core/common_runtime/gpu/gpu_device.cc:1120] Creating TensorFlow device (/device:GPU:0) -> (device: 0, name: Tesla K80, pci bus id: 0000:04:00.0, compute capability: 3.7)
2018-06-09 22:54:48.330513: I tensorflow/core/common_runtime/gpu/gpu_device.cc:1120] Creating TensorFlow device (/device:GPU:0) -> (device: 0, name: Tesla K80, pci bus id: 0000:04:00.0, compute capability: 3.7)
2018-06-09 22:58:33.731440: I tensorflow/core/common_runtime/gpu/gpu_device.cc:1120] Creating TensorFlow device (/device:GPU:0) -> (device: 0, name: Tesla K80, pci bus id: 0000:04:00.0, compute capability: 3.7)
2018-06-09 23:02:20.808846: I tensorflow/core/common_runtime/gpu/gpu_device.cc:1120] Creating TensorFlow device (/device:GPU:0) -> (device: 0, name: Tesla K80, pci bus id: 0000:04:00.0, compute capability: 3.7)
2018-06-09 23:06:12.877787: I tensorflow/core/common_runtime/gpu/gpu_device.cc:1120] Creating TensorFlow device (/device:GPU:0) -> (device: 0, name: Tesla K80, pci bus id: 0000:04:00.0, compute capability: 3.7)
2018-06-09 23:10:03.206055: I tensorflow/core/common_runtime/gpu/gpu_device.cc:1120] Creating TensorFlow device (/device:GPU:0) -> (device: 0, name: Tesla K80, pci bus id: 0000:04:00.0, compute capability: 3.7)
2018-06-09 23:13:44.524609: I tensorflow/core/common_runtime/gpu/gpu_device.cc:1120] Creating TensorFlow device (/device:GPU:0) -> (device: 0, name: Tesla K80, pci bus id: 0000:04:00.0, compute capability: 3.7)
2018-06-09 23:17:35.888705: I tensorflow/core/common_runtime/gpu/gpu_device.cc:1120] Creating TensorFlow device (/device:GPU:0) -> (device: 0, name: Tesla K80, pci bus id: 0000:04:00.0, compute capability: 3.7)
2018-06-09 23:21:25.196142: I tensorflow/core/common_runtime/gpu/gpu_device.cc:1120] Creating TensorFlow device (/device:GPU:0) -> (device: 0, name: Tesla K80, pci bus id: 0000:04:00.0, compute capability: 3.7)
2018-06-09 23:25:13.753665: I tensorflow/core/common_runtime/gpu/gpu_device.cc:1120] Creating TensorFlow device (/device:GPU:0) -> (device: 0, name: Tesla K80, pci bus id: 0000:04:00.0, compute capability: 3.7)
2018-06-09 23:28:58.550127: I tensorflow/core/common_runtime/gpu/gpu_device.cc:1120] Creating TensorFlow device (/device:GPU:0) -> (device: 0, name: Tesla K80, pci bus id: 0000:04:00.0, compute capability: 3.7)
2018-06-09 23:32:44.313665: I tensorflow/core/common_runtime/gpu/gpu_device.cc:1120] Creating TensorFlow device (/device:GPU:0) -> (device: 0, name: Tesla K80, pci bus id: 0000:04:00.0, compute capability: 3.7)
2018-06-09 23:36:32.712599: I tensorflow/core/common_runtime/gpu/gpu_device.cc:1120] Creating TensorFlow device (/device:GPU:0) -> (device: 0, name: Tesla K80, pci bus id: 0000:04:00.0, compute capability: 3.7)
2018-06-09 23:40:23.491295: I tensorflow/core/common_runtime/gpu/gpu_device.cc:1120] Creating TensorFlow device (/device:GPU:0) -> (device: 0, name: Tesla K80, pci bus id: 0000:04:00.0, compute capability: 3.7)
2018-06-09 23:44:08.507222: I tensorflow/core/common_runtime/gpu/gpu_device.cc:1120] Creating TensorFlow device (/device:GPU:0) -> (device: 0, name: Tesla K80, pci bus id: 0000:04:00.0, compute capability: 3.7)
2018-06-09 23:47:59.824531: I tensorflow/core/common_runtime/gpu/gpu_device.cc:1120] Creating TensorFlow device (/device:GPU:0) -> (device: 0, name: Tesla K80, pci bus id: 0000:04:00.0, compute capability: 3.7)
2018-06-09 23:51:46.864076: I tensorflow/core/common_runtime/gpu/gpu_device.cc:1120] Creating TensorFlow device (/device:GPU:0) -> (device: 0, name: Tesla K80, pci bus id: 0000:04:00.0, compute capability: 3.7)
2018-06-09 23:55:39.433678: I tensorflow/core/common_runtime/gpu/gpu_device.cc:1120] Creating TensorFlow device (/device:GPU:0) -> (device: 0, name: Tesla K80, pci bus id: 0000:04:00.0, compute capability: 3.7)
2018-06-09 23:59:15.742672: I tensorflow/core/common_runtime/gpu/gpu_device.cc:1120] Creating TensorFlow device (/device:GPU:0) -> (device: 0, name: Tesla K80, pci bus id: 0000:04:00.0, compute capability: 3.7)
2018-06-10 00:03:01.417215: I tensorflow/core/common_runtime/gpu/gpu_device.cc:1120] Creating TensorFlow device (/device:GPU:0) -> (device: 0, name: Tesla K80, pci bus id: 0000:04:00.0, compute capability: 3.7)
2018-06-10 00:06:45.201825: I tensorflow/core/common_runtime/gpu/gpu_device.cc:1120] Creating TensorFlow device (/device:GPU:0) -> (device: 0, name: Tesla K80, pci bus id: 0000:04:00.0, compute capability: 3.7)
2018-06-10 00:10:31.553416: I tensorflow/core/common_runtime/gpu/gpu_device.cc:1120] Creating TensorFlow device (/device:GPU:0) -> (device: 0, name: Tesla K80, pci bus id: 0000:04:00.0, compute capability: 3.7)
2018-06-10 00:14:20.456477: I tensorflow/core/common_runtime/gpu/gpu_device.cc:1120] Creating TensorFlow device (/device:GPU:0) -> (device: 0, name: Tesla K80, pci bus id: 0000:04:00.0, compute capability: 3.7)
2018-06-10 00:18:09.539869: I tensorflow/core/common_runtime/gpu/gpu_device.cc:1120] Creating TensorFlow device (/device:GPU:0) -> (device: 0, name: Tesla K80, pci bus id: 0000:04:00.0, compute capability: 3.7)
2018-06-10 00:21:49.155194: I tensorflow/core/common_runtime/gpu/gpu_device.cc:1120] Creating TensorFlow device (/device:GPU:0) -> (device: 0, name: Tesla K80, pci bus id: 0000:04:00.0, compute capability: 3.7)
2018-06-10 00:25:40.974272: I tensorflow/core/common_runtime/gpu/gpu_device.cc:1120] Creating TensorFlow device (/device:GPU:0) -> (device: 0, name: Tesla K80, pci bus id: 0000:04:00.0, compute capability: 3.7)
2018-06-10 00:29:29.254333: I tensorflow/core/common_runtime/gpu/gpu_device.cc:1120] Creating TensorFlow device (/device:GPU:0) -> (device: 0, name: Tesla K80, pci bus id: 0000:04:00.0, compute capability: 3.7)
2018-06-10 00:33:17.868456: I tensorflow/core/common_runtime/gpu/gpu_device.cc:1120] Creating TensorFlow device (/device:GPU:0) -> (device: 0, name: Tesla K80, pci bus id: 0000:04:00.0, compute capability: 3.7)
2018-06-10 00:37:03.039055: I tensorflow/core/common_runtime/gpu/gpu_device.cc:1120] Creating TensorFlow device (/device:GPU:0) -> (device: 0, name: Tesla K80, pci bus id: 0000:04:00.0, compute capability: 3.7)
2018-06-10 00:40:48.876511: I tensorflow/core/common_runtime/gpu/gpu_device.cc:1120] Creating TensorFlow device (/device:GPU:0) -> (device: 0, name: Tesla K80, pci bus id: 0000:04:00.0, compute capability: 3.7)
2018-06-10 00:44:35.891095: I tensorflow/core/common_runtime/gpu/gpu_device.cc:1120] Creating TensorFlow device (/device:GPU:0) -> (device: 0, name: Tesla K80, pci bus id: 0000:04:00.0, compute capability: 3.7)
2018-06-10 00:48:27.934321: I tensorflow/core/common_runtime/gpu/gpu_device.cc:1120] Creating TensorFlow device (/device:GPU:0) -> (device: 0, name: Tesla K80, pci bus id: 0000:04:00.0, compute capability: 3.7)
2018-06-10 00:52:13.191535: I tensorflow/core/common_runtime/gpu/gpu_device.cc:1120] Creating TensorFlow device (/device:GPU:0) -> (device: 0, name: Tesla K80, pci bus id: 0000:04:00.0, compute capability: 3.7)
2018-06-10 00:56:05.418321: I tensorflow/core/common_runtime/gpu/gpu_device.cc:1120] Creating TensorFlow device (/device:GPU:0) -> (device: 0, name: Tesla K80, pci bus id: 0000:04:00.0, compute capability: 3.7)
2018-06-10 00:59:51.680288: I tensorflow/core/common_runtime/gpu/gpu_device.cc:1120] Creating TensorFlow device (/device:GPU:0) -> (device: 0, name: Tesla K80, pci bus id: 0000:04:00.0, compute capability: 3.7)
2018-06-10 01:03:44.330505: I tensorflow/core/common_runtime/gpu/gpu_device.cc:1120] Creating TensorFlow device (/device:GPU:0) -> (device: 0, name: Tesla K80, pci bus id: 0000:04:00.0, compute capability: 3.7)
2018-06-10 01:07:21.356962: I tensorflow/core/common_runtime/gpu/gpu_device.cc:1120] Creating TensorFlow device (/device:GPU:0) -> (device: 0, name: Tesla K80, pci bus id: 0000:04:00.0, compute capability: 3.7)
2018-06-10 01:11:06.899975: I tensorflow/core/common_runtime/gpu/gpu_device.cc:1120] Creating TensorFlow device (/device:GPU:0) -> (device: 0, name: Tesla K80, pci bus id: 0000:04:00.0, compute capability: 3.7)
2018-06-10 01:14:51.036612: I tensorflow/core/common_runtime/gpu/gpu_device.cc:1120] Creating TensorFlow device (/device:GPU:0) -> (device: 0, name: Tesla K80, pci bus id: 0000:04:00.0, compute capability: 3.7)
2018-06-10 01:18:36.303308: I tensorflow/core/common_runtime/gpu/gpu_device.cc:1120] Creating TensorFlow device (/device:GPU:0) -> (device: 0, name: Tesla K80, pci bus id: 0000:04:00.0, compute capability: 3.7)
2018-06-10 01:22:27.551180: I tensorflow/core/common_runtime/gpu/gpu_device.cc:1120] Creating TensorFlow device (/device:GPU:0) -> (device: 0, name: Tesla K80, pci bus id: 0000:04:00.0, compute capability: 3.7)
2018-06-10 01:26:15.377068: I tensorflow/core/common_runtime/gpu/gpu_device.cc:1120] Creating TensorFlow device (/device:GPU:0) -> (device: 0, name: Tesla K80, pci bus id: 0000:04:00.0, compute capability: 3.7)
2018-06-10 01:29:56.300853: I tensorflow/core/common_runtime/gpu/gpu_device.cc:1120] Creating TensorFlow device (/device:GPU:0) -> (device: 0, name: Tesla K80, pci bus id: 0000:04:00.0, compute capability: 3.7)
2018-06-10 01:33:46.324617: I tensorflow/core/common_runtime/gpu/gpu_device.cc:1120] Creating TensorFlow device (/device:GPU:0) -> (device: 0, name: Tesla K80, pci bus id: 0000:04:00.0, compute capability: 3.7)
2018-06-10 01:37:36.499977: I tensorflow/core/common_runtime/gpu/gpu_device.cc:1120] Creating TensorFlow device (/device:GPU:0) -> (device: 0, name: Tesla K80, pci bus id: 0000:04:00.0, compute capability: 3.7)
2018-06-10 01:41:24.613911: I tensorflow/core/common_runtime/gpu/gpu_device.cc:1120] Creating TensorFlow device (/device:GPU:0) -> (device: 0, name: Tesla K80, pci bus id: 0000:04:00.0, compute capability: 3.7)
2018-06-10 01:45:11.917217: I tensorflow/core/common_runtime/gpu/gpu_device.cc:1120] Creating TensorFlow device (/device:GPU:0) -> (device: 0, name: Tesla K80, pci bus id: 0000:04:00.0, compute capability: 3.7)
2018-06-10 01:48:56.405976: I tensorflow/core/common_runtime/gpu/gpu_device.cc:1120] Creating TensorFlow device (/device:GPU:0) -> (device: 0, name: Tesla K80, pci bus id: 0000:04:00.0, compute capability: 3.7)
2018-06-10 01:52:44.486196: I tensorflow/core/common_runtime/gpu/gpu_device.cc:1120] Creating TensorFlow device (/device:GPU:0) -> (device: 0, name: Tesla K80, pci bus id: 0000:04:00.0, compute capability: 3.7)
2018-06-10 01:56:36.487448: I tensorflow/core/common_runtime/gpu/gpu_device.cc:1120] Creating TensorFlow device (/device:GPU:0) -> (device: 0, name: Tesla K80, pci bus id: 0000:04:00.0, compute capability: 3.7)
2018-06-10 02:00:21.863152: I tensorflow/core/common_runtime/gpu/gpu_device.cc:1120] Creating TensorFlow device (/device:GPU:0) -> (device: 0, name: Tesla K80, pci bus id: 0000:04:00.0, compute capability: 3.7)
2018-06-10 02:04:12.862913: I tensorflow/core/common_runtime/gpu/gpu_device.cc:1120] Creating TensorFlow device (/device:GPU:0) -> (device: 0, name: Tesla K80, pci bus id: 0000:04:00.0, compute capability: 3.7)
2018-06-10 02:08:00.318941: I tensorflow/core/common_runtime/gpu/gpu_device.cc:1120] Creating TensorFlow device (/device:GPU:0) -> (device: 0, name: Tesla K80, pci bus id: 0000:04:00.0, compute capability: 3.7)
2018-06-10 02:11:53.373793: I tensorflow/core/common_runtime/gpu/gpu_device.cc:1120] Creating TensorFlow device (/device:GPU:0) -> (device: 0, name: Tesla K80, pci bus id: 0000:04:00.0, compute capability: 3.7)
2018-06-10 02:15:30.267828: I tensorflow/core/common_runtime/gpu/gpu_device.cc:1120] Creating TensorFlow device (/device:GPU:0) -> (device: 0, name: Tesla K80, pci bus id: 0000:04:00.0, compute capability: 3.7)
2018-06-10 02:19:16.293920: I tensorflow/core/common_runtime/gpu/gpu_device.cc:1120] Creating TensorFlow device (/device:GPU:0) -> (device: 0, name: Tesla K80, pci bus id: 0000:04:00.0, compute capability: 3.7)
2018-06-10 02:22:59.983220: I tensorflow/core/common_runtime/gpu/gpu_device.cc:1120] Creating TensorFlow device (/device:GPU:0) -> (device: 0, name: Tesla K80, pci bus id: 0000:04:00.0, compute capability: 3.7)
2018-06-10 02:26:45.321321: I tensorflow/core/common_runtime/gpu/gpu_device.cc:1120] Creating TensorFlow device (/device:GPU:0) -> (device: 0, name: Tesla K80, pci bus id: 0000:04:00.0, compute capability: 3.7)
2018-06-10 02:30:35.457279: I tensorflow/core/common_runtime/gpu/gpu_device.cc:1120] Creating TensorFlow device (/device:GPU:0) -> (device: 0, name: Tesla K80, pci bus id: 0000:04:00.0, compute capability: 3.7)
2018-06-10 02:34:24.271768: I tensorflow/core/common_runtime/gpu/gpu_device.cc:1120] Creating TensorFlow device (/device:GPU:0) -> (device: 0, name: Tesla K80, pci bus id: 0000:04:00.0, compute capability: 3.7)
2018-06-10 02:38:05.411943: I tensorflow/core/common_runtime/gpu/gpu_device.cc:1120] Creating TensorFlow device (/device:GPU:0) -> (device: 0, name: Tesla K80, pci bus id: 0000:04:00.0, compute capability: 3.7)
2018-06-10 02:41:57.290830: I tensorflow/core/common_runtime/gpu/gpu_device.cc:1120] Creating TensorFlow device (/device:GPU:0) -> (device: 0, name: Tesla K80, pci bus id: 0000:04:00.0, compute capability: 3.7)
2018-06-10 02:45:46.893288: I tensorflow/core/common_runtime/gpu/gpu_device.cc:1120] Creating TensorFlow device (/device:GPU:0) -> (device: 0, name: Tesla K80, pci bus id: 0000:04:00.0, compute capability: 3.7)
2018-06-10 02:49:36.045388: I tensorflow/core/common_runtime/gpu/gpu_device.cc:1120] Creating TensorFlow device (/device:GPU:0) -> (device: 0, name: Tesla K80, pci bus id: 0000:04:00.0, compute capability: 3.7)
2018-06-10 02:53:22.028144: I tensorflow/core/common_runtime/gpu/gpu_device.cc:1120] Creating TensorFlow device (/device:GPU:0) -> (device: 0, name: Tesla K80, pci bus id: 0000:04:00.0, compute capability: 3.7)
2018-06-10 02:57:07.984072: I tensorflow/core/common_runtime/gpu/gpu_device.cc:1120] Creating TensorFlow device (/device:GPU:0) -> (device: 0, name: Tesla K80, pci bus id: 0000:04:00.0, compute capability: 3.7)
2018-06-10 03:00:56.144534: I tensorflow/core/common_runtime/gpu/gpu_device.cc:1120] Creating TensorFlow device (/device:GPU:0) -> (device: 0, name: Tesla K80, pci bus id: 0000:04:00.0, compute capability: 3.7)
2018-06-10 03:04:46.942281: I tensorflow/core/common_runtime/gpu/gpu_device.cc:1120] Creating TensorFlow device (/device:GPU:0) -> (device: 0, name: Tesla K80, pci bus id: 0000:04:00.0, compute capability: 3.7)
2018-06-10 03:08:32.155503: I tensorflow/core/common_runtime/gpu/gpu_device.cc:1120] Creating TensorFlow device (/device:GPU:0) -> (device: 0, name: Tesla K80, pci bus id: 0000:04:00.0, compute capability: 3.7)
2018-06-10 03:12:23.656330: I tensorflow/core/common_runtime/gpu/gpu_device.cc:1120] Creating TensorFlow device (/device:GPU:0) -> (device: 0, name: Tesla K80, pci bus id: 0000:04:00.0, compute capability: 3.7)
2018-06-10 03:16:10.509782: I tensorflow/core/common_runtime/gpu/gpu_device.cc:1120] Creating TensorFlow device (/device:GPU:0) -> (device: 0, name: Tesla K80, pci bus id: 0000:04:00.0, compute capability: 3.7)
2018-06-10 03:20:02.304880: I tensorflow/core/common_runtime/gpu/gpu_device.cc:1120] Creating TensorFlow device (/device:GPU:0) -> (device: 0, name: Tesla K80, pci bus id: 0000:04:00.0, compute capability: 3.7)
2018-06-10 03:23:39.266321: I tensorflow/core/common_runtime/gpu/gpu_device.cc:1120] Creating TensorFlow device (/device:GPU:0) -> (device: 0, name: Tesla K80, pci bus id: 0000:04:00.0, compute capability: 3.7)
2018-06-10 03:27:25.305609: I tensorflow/core/common_runtime/gpu/gpu_device.cc:1120] Creating TensorFlow device (/device:GPU:0) -> (device: 0, name: Tesla K80, pci bus id: 0000:04:00.0, compute capability: 3.7)
2018-06-10 03:31:09.104622: I tensorflow/core/common_runtime/gpu/gpu_device.cc:1120] Creating TensorFlow device (/device:GPU:0) -> (device: 0, name: Tesla K80, pci bus id: 0000:04:00.0, compute capability: 3.7)
2018-06-10 03:34:55.318340: I tensorflow/core/common_runtime/gpu/gpu_device.cc:1120] Creating TensorFlow device (/device:GPU:0) -> (device: 0, name: Tesla K80, pci bus id: 0000:04:00.0, compute capability: 3.7)
2018-06-10 03:38:43.820041: I tensorflow/core/common_runtime/gpu/gpu_device.cc:1120] Creating TensorFlow device (/device:GPU:0) -> (device: 0, name: Tesla K80, pci bus id: 0000:04:00.0, compute capability: 3.7)
2018-06-10 03:42:32.830443: I tensorflow/core/common_runtime/gpu/gpu_device.cc:1120] Creating TensorFlow device (/device:GPU:0) -> (device: 0, name: Tesla K80, pci bus id: 0000:04:00.0, compute capability: 3.7)
2018-06-10 03:46:12.698069: I tensorflow/core/common_runtime/gpu/gpu_device.cc:1120] Creating TensorFlow device (/device:GPU:0) -> (device: 0, name: Tesla K80, pci bus id: 0000:04:00.0, compute capability: 3.7)
2018-06-10 03:50:04.308485: I tensorflow/core/common_runtime/gpu/gpu_device.cc:1120] Creating TensorFlow device (/device:GPU:0) -> (device: 0, name: Tesla K80, pci bus id: 0000:04:00.0, compute capability: 3.7)
2018-06-10 03:53:52.453343: I tensorflow/core/common_runtime/gpu/gpu_device.cc:1120] Creating TensorFlow device (/device:GPU:0) -> (device: 0, name: Tesla K80, pci bus id: 0000:04:00.0, compute capability: 3.7)
2018-06-10 03:57:41.046289: I tensorflow/core/common_runtime/gpu/gpu_device.cc:1120] Creating TensorFlow device (/device:GPU:0) -> (device: 0, name: Tesla K80, pci bus id: 0000:04:00.0, compute capability: 3.7)
2018-06-10 04:01:26.561880: I tensorflow/core/common_runtime/gpu/gpu_device.cc:1120] Creating TensorFlow device (/device:GPU:0) -> (device: 0, name: Tesla K80, pci bus id: 0000:04:00.0, compute capability: 3.7)
2018-06-10 04:05:12.526984: I tensorflow/core/common_runtime/gpu/gpu_device.cc:1120] Creating TensorFlow device (/device:GPU:0) -> (device: 0, name: Tesla K80, pci bus id: 0000:04:00.0, compute capability: 3.7)
2018-06-10 04:08:59.163856: I tensorflow/core/common_runtime/gpu/gpu_device.cc:1120] Creating TensorFlow device (/device:GPU:0) -> (device: 0, name: Tesla K80, pci bus id: 0000:04:00.0, compute capability: 3.7)
2018-06-10 04:12:50.622618: I tensorflow/core/common_runtime/gpu/gpu_device.cc:1120] Creating TensorFlow device (/device:GPU:0) -> (device: 0, name: Tesla K80, pci bus id: 0000:04:00.0, compute capability: 3.7)
2018-06-10 04:16:34.321999: I tensorflow/core/common_runtime/gpu/gpu_device.cc:1120] Creating TensorFlow device (/device:GPU:0) -> (device: 0, name: Tesla K80, pci bus id: 0000:04:00.0, compute capability: 3.7)
2018-06-10 04:20:26.156948: I tensorflow/core/common_runtime/gpu/gpu_device.cc:1120] Creating TensorFlow device (/device:GPU:0) -> (device: 0, name: Tesla K80, pci bus id: 0000:04:00.0, compute capability: 3.7)
2018-06-10 04:24:12.158182: I tensorflow/core/common_runtime/gpu/gpu_device.cc:1120] Creating TensorFlow device (/device:GPU:0) -> (device: 0, name: Tesla K80, pci bus id: 0000:04:00.0, compute capability: 3.7)
/home/albheim/.conda/envs/test/lib/python3.6/site-packages/h5py/__init__.py:36: FutureWarning: Conversion of the second argument of issubdtype from `float` to `np.floating` is deprecated. In future, it will be treated as `np.float64 == np.dtype(float).type`.
  from ._conv import register_converters as _register_converters
Using TensorFlow backend.
[name: "/device:CPU:0"
device_type: "CPU"
memory_limit: 268435456
locality {
}
incarnation: 13885727570919024825
, name: "/device:GPU:0"
device_type: "GPU"
memory_limit: 11325135258
locality {
  bus_id: 1
}
incarnation: 17452573503876563746
physical_device_desc: "device: 0, name: Tesla K80, pci bus id: 0000:04:00.0, compute capability: 3.7"
]
loading:  Subj01_CleanData_study_FA
loading:  Subj01_CleanData_study_LM
loading:  Subj01_CleanData_study_OB
loading:  Subj02_CleanData_study_FA
loading:  Subj02_CleanData_study_LM
loading:  Subj02_CleanData_study_OB
loading:  Subj06_CleanData_study_FA
loading:  Subj06_CleanData_study_LM
loading:  Subj06_CleanData_study_OB
loading:  Subj07_CleanData_study_FA
loading:  Subj07_CleanData_study_LM
loading:  Subj07_CleanData_study_OB
loading:  Subj08_CleanData_study_FA
loading:  Subj08_CleanData_study_LM
loading:  Subj08_CleanData_study_OB
loading:  Subj09_CleanData_study_FA
loading:  Subj09_CleanData_study_LM
loading:  Subj09_CleanData_study_OB
loading:  Subj10_CleanData_study_FA
loading:  Subj10_CleanData_study_LM
loading:  Subj10_CleanData_study_OB
loading:  Subj11_CleanData_study_FA
loading:  Subj11_CleanData_study_LM
loading:  Subj11_CleanData_study_OB
loading:  Subj12_CleanData_study_FA
loading:  Subj12_CleanData_study_LM
loading:  Subj12_CleanData_study_OB
loading:  Subj14_CleanData_study_FA
loading:  Subj14_CleanData_study_LM
loading:  Subj14_CleanData_study_OB
loading:  Subj15_CleanData_study_FA
loading:  Subj15_CleanData_study_LM
loading:  Subj15_CleanData_study_OB
loading:  Subj16_CleanData_study_FA
loading:  Subj16_CleanData_study_LM
loading:  Subj16_CleanData_study_OB
loading:  Subj17_CleanData_study_FA
loading:  Subj17_CleanData_study_LM
loading:  Subj17_CleanData_study_OB
loading:  Subj18_CleanData_study_FA
loading:  Subj18_CleanData_study_LM
loading:  Subj18_CleanData_study_OB
loading:  Subj19_CleanData_study_FA
loading:  Subj19_CleanData_study_LM
loading:  Subj19_CleanData_study_OB
loading:  Subj20_CleanData_study_FA
loading:  Subj20_CleanData_study_LM
loading:  Subj20_CleanData_study_OB
loading:  Subj21_CleanData_study_FA
loading:  Subj21_CleanData_study_LM
loading:  Subj21_CleanData_study_OB
loading:  Subj22_CleanData_study_FA
loading:  Subj22_CleanData_study_LM
loading:  Subj22_CleanData_study_OB
loading:  Subj01_CleanData_test_FA_lexical
loading:  Subj01_CleanData_test_LM_lexical
loading:  Subj01_CleanData_test_OB_lexical
loading:  Subj02_CleanData_test_FA_lexical
loading:  Subj02_CleanData_test_LM_lexical
loading:  Subj02_CleanData_test_OB_lexical
loading:  Subj06_CleanData_test_FA_lexical
loading:  Subj06_CleanData_test_LM_lexical
loading:  Subj06_CleanData_test_OB_lexical
loading:  Subj07_CleanData_test_FA_lexical
loading:  Subj07_CleanData_test_LM_lexical
loading:  Subj07_CleanData_test_OB_lexical
loading:  Subj08_CleanData_test_FA_lexical
loading:  Subj08_CleanData_test_LM_lexical
loading:  Subj08_CleanData_test_OB_lexical
loading:  Subj09_CleanData_test_FA_lexical
loading:  Subj09_CleanData_test_LM_lexical
loading:  Subj09_CleanData_test_OB_lexical
loading:  Subj10_CleanData_test_FA_lexical
loading:  Subj10_CleanData_test_LM_lexical
loading:  Subj10_CleanData_test_OB_lexical
loading:  Subj11_CleanData_test_FA_lexical
loading:  Subj11_CleanData_test_LM_lexical
loading:  Subj11_CleanData_test_OB_lexical
loading:  Subj12_CleanData_test_FA_lexical
loading:  Subj12_CleanData_test_LM_lexical
loading:  Subj12_CleanData_test_OB_lexical
loading:  Subj14_CleanData_test_FA_lexical
loading:  Subj14_CleanData_test_LM_lexical
loading:  Subj14_CleanData_test_OB_lexical
loading:  Subj15_CleanData_test_FA_lexical
loading:  Subj15_CleanData_test_LM_lexical
loading:  Subj15_CleanData_test_OB_lexical
loading:  Subj16_CleanData_test_FA_lexical
loading:  Subj16_CleanData_test_LM_lexical
loading:  Subj16_CleanData_test_OB_lexical
loading:  Subj17_CleanData_test_FA_lexical
loading:  Subj17_CleanData_test_LM_lexical
loading:  Subj17_CleanData_test_OB_lexical
loading:  Subj18_CleanData_test_FA_lexical
loading:  Subj18_CleanData_test_LM_lexical
loading:  Subj18_CleanData_test_OB_lexical
loading:  Subj19_CleanData_test_FA_lexical
loading:  Subj19_CleanData_test_LM_lexical
loading:  Subj19_CleanData_test_OB_lexical
loading:  Subj20_CleanData_test_FA_lexical
loading:  Subj20_CleanData_test_LM_lexical
loading:  Subj20_CleanData_test_OB_lexical
loading:  Subj21_CleanData_test_FA_lexical
loading:  Subj21_CleanData_test_LM_lexical
loading:  Subj21_CleanData_test_OB_lexical
loading:  Subj22_CleanData_test_FA_lexical
loading:  Subj22_CleanData_test_LM_lexical
loading:  Subj22_CleanData_test_OB_lexical
(175, 2049, 31) (90, 2049, 31)
_________________________________________________________________
Layer (type)                 Output Shape              Param #   
=================================================================
input_1 (InputLayer)         (None, 2049, 3)           0         
_________________________________________________________________
conv1d_1 (Conv1D)            (None, 2049, 30)          5790      
_________________________________________________________________
batch_normalization_1 (Batch (None, 2049, 30)          120       
_________________________________________________________________
elu_1 (ELU)                  (None, 2049, 30)          0         
_________________________________________________________________
average_pooling1d_1 (Average (None, 1024, 30)          0         
_________________________________________________________________
dropout_1 (Dropout)          (None, 1024, 30)          0         
_________________________________________________________________
conv1d_2 (Conv1D)            (None, 1024, 15)          14415     
_________________________________________________________________
batch_normalization_2 (Batch (None, 1024, 15)          60        
_________________________________________________________________
elu_2 (ELU)                  (None, 1024, 15)          0         
_________________________________________________________________
average_pooling1d_2 (Average (None, 512, 15)           0         
_________________________________________________________________
dropout_2 (Dropout)          (None, 512, 15)           0         
_________________________________________________________________
conv1d_3 (Conv1D)            (None, 512, 10)           2410      
_________________________________________________________________
batch_normalization_3 (Batch (None, 512, 10)           40        
_________________________________________________________________
elu_3 (ELU)                  (None, 512, 10)           0         
_________________________________________________________________
average_pooling1d_3 (Average (None, 256, 10)           0         
_________________________________________________________________
dropout_3 (Dropout)          (None, 256, 10)           0         
_________________________________________________________________
flatten_1 (Flatten)          (None, 2560)              0         
_________________________________________________________________
dense_1 (Dense)              (None, 15)                38415     
_________________________________________________________________
batch_normalization_4 (Batch (None, 15)                60        
_________________________________________________________________
activation_1 (Activation)    (None, 15)                0         
_________________________________________________________________
dense_2 (Dense)              (None, 3)                 48        
=================================================================
Total params: 61,358
Trainable params: 61,218
Non-trainable params: 140
_________________________________________________________________
subject 1, avg accuracy 0.40032680332660675/0.3366666690674093 over 10 splits
subject 2, avg accuracy 0.4859649121761322/0.3375 over 10 splits
subject 3, avg accuracy 0.42748538553714754/0.26952381011985593 over 10 splits
subject 4, avg accuracy 0.5017543837428093/0.3158878514142794 over 10 splits
subject 5, avg accuracy 0.510526317358017/0.36944444444444446 over 10 splits
subject 6, avg accuracy 0.5526315689086914/0.3183006532733736 over 10 splits
subject 7, avg accuracy 0.5761437982320785/0.35036496400398065 over 10 splits
subject 8, avg accuracy 0.6247368395328522/0.39705882352941174 over 10 splits
subject 9, avg accuracy 0.47543859779834746/0.3136054428459025 over 10 splits
subject 11, avg accuracy 0.6099415212869644/0.31698113241285647 over 10 splits
subject 12, avg accuracy 0.4576023489236832/0.3121951222662034 over 10 splits
subject 13, avg accuracy 0.45000000298023224/0.32234042787805517 over 10 splits
subject 14, avg accuracy 0.49561403691768646/0.36185567010309283 over 10 splits
subject 15, avg accuracy 0.5255263239145279/0.275 over 10 splits
subject 16, avg accuracy 0.519298255443573/0.4039215695624258 over 10 splits
subject 17, avg accuracy 0.44263158440589906/0.31304347929747206 over 10 splits
subject 18, avg accuracy 0.5032163798809052/0.3373626376246358 over 10 splits
subject 19, avg accuracy 0.5892105251550674/0.3323809531614894 over 10 splits
avg accuracy over all subjects 0.5082249769734013/0.3324129806113827
subject 1, avg accuracy 0.36993464566767215/0.3122222244739532 over 10 splits
subject 2, avg accuracy 0.4593567281961441/0.35416666666666663 over 10 splits
subject 3, avg accuracy 0.43742690682411195/0.2809523816761516 over 10 splits
subject 4, avg accuracy 0.509064331650734/0.30560747758250373 over 10 splits
subject 5, avg accuracy 0.5315789520740509/0.3708333333333333 over 10 splits
subject 6, avg accuracy 0.5362573117017746/0.3104575156094202 over 10 splits
subject 7, avg accuracy 0.525490203499794/0.36350364997765444 over 10 splits
subject 8, avg accuracy 0.5736842036247254/0.3955882352941176 over 10 splits
subject 9, avg accuracy 0.5304093569517135/0.32585034135247576 over 10 splits
subject 11, avg accuracy 0.5912280768156052/0.3320754726540368 over 10 splits
subject 12, avg accuracy 0.4684210568666458/0.3040650400204387 over 10 splits
subject 13, avg accuracy 0.40555556416511535/0.3202127679865411 over 10 splits
subject 14, avg accuracy 0.5362573117017746/0.3711340206185567 over 10 splits
subject 15, avg accuracy 0.49578947126865386/0.25277777777777777 over 10 splits
subject 16, avg accuracy 0.5728070259094238/0.3941176487534654 over 10 splits
subject 17, avg accuracy 0.42789473235607145/0.3163043482148129 over 10 splits
subject 18, avg accuracy 0.4754386067390442/0.3439560442507922 over 10 splits
subject 19, avg accuracy 0.6221052676439285/0.3209523814207032 over 10 splits
avg accuracy over all subjects 0.5038166529809435/0.33193207375907785
subject 1, avg accuracy 0.353921577334404/0.32777778039375943 over 10 splits
subject 2, avg accuracy 0.43245614767074586/0.3291666666666667 over 10 splits
subject 3, avg accuracy 0.38771930411458017/0.2676190482150941 over 10 splits
subject 4, avg accuracy 0.5619883149862289/0.309345795423071 over 10 splits
subject 5, avg accuracy 0.5368421047925949/0.36388888888888893 over 10 splits
subject 6, avg accuracy 0.521345031261444/0.32026143792797535 over 10 splits
subject 7, avg accuracy 0.5310457617044448/0.3715328470579464 over 10 splits
subject 8, avg accuracy 0.578684213757515/0.39411764705882346 over 10 splits
subject 9, avg accuracy 0.45614035725593566/0.30000000072985283 over 10 splits
subject 11, avg accuracy 0.5967836290597915/0.33773584933775774 over 10 splits
subject 12, avg accuracy 0.48918129205703736/0.30406504083212804 over 10 splits
subject 13, avg accuracy 0.4216374337673187/0.3212765984078671 over 10 splits
subject 14, avg accuracy 0.5520467877388/0.3762886597938145 over 10 splits
subject 15, avg accuracy 0.5265789538621902/0.2513888888888889 over 10 splits
subject 16, avg accuracy 0.5251462072134018/0.37450980731085237 over 10 splits
subject 17, avg accuracy 0.3965789467096329/0.3130434792326844 over 10 splits
subject 18, avg accuracy 0.5078947424888611/0.32747252776727576 over 10 splits
subject 19, avg accuracy 0.5942105203866959/0.3285714293022951 over 10 splits
avg accuracy over all subjects 0.4983445181200902/0.3287812440686468
subject 1, avg accuracy 0.4111111208796501/0.3233333359824287 over 10 splits
subject 2, avg accuracy 0.4988304078578949/0.36041666666666666 over 10 splits
subject 3, avg accuracy 0.3985380157828331/0.28380952422107963 over 10 splits
subject 4, avg accuracy 0.48654971122741697/0.3028037392925993 over 10 splits
subject 5, avg accuracy 0.5315789550542831/0.37777777777777777 over 10 splits
subject 6, avg accuracy 0.5108187168836593/0.3222222225436198 over 10 splits
subject 7, avg accuracy 0.5088235408067703/0.3700729932010609 over 10 splits
subject 8, avg accuracy 0.5107894837856293/0.40294117647058825 over 10 splits
subject 9, avg accuracy 0.540350878238678/0.3176870757625217 over 10 splits
subject 11, avg accuracy 0.6374269008636475/0.3405660379607722 over 10 splits
subject 12, avg accuracy 0.4140350878238678/0.3138211380781197 over 10 splits
subject 13, avg accuracy 0.3409356728196144/0.3297872363252843 over 10 splits
subject 14, avg accuracy 0.5222222298383713/0.3701030927835051 over 10 splits
subject 15, avg accuracy 0.5263157963752747/0.2444444444444444 over 10 splits
subject 16, avg accuracy 0.49269006252288816/0.4058823521815095 over 10 splits
subject 17, avg accuracy 0.4431578993797302/0.3206521741721941 over 10 splits
subject 18, avg accuracy 0.5292397618293763/0.3417582422494888 over 10 splits
subject 19, avg accuracy 0.6315789431333542/0.30666666698597733 over 10 splits
avg accuracy over all subjects 0.4963885102834966/0.33526366094997984
subject 1, avg accuracy 0.36993464827537537/0.32111111356152433 over 10 splits
subject 2, avg accuracy 0.5184210538864136/0.3416666666666667 over 10 splits
subject 3, avg accuracy 0.44298245906829836/0.27047619119996114 over 10 splits
subject 4, avg accuracy 0.4906432777643204/0.29065420663802427 over 10 splits
subject 5, avg accuracy 0.4947368413209915/0.36944444444444446 over 10 splits
subject 6, avg accuracy 0.5488304138183594/0.3261437905477543 over 10 splits
subject 7, avg accuracy 0.5640522927045822/0.37737226306739513 over 10 splits
subject 8, avg accuracy 0.5726315766572952/0.39117647058823535 over 10 splits
subject 9, avg accuracy 0.5286549806594849/0.30680272191965663 over 10 splits
subject 11, avg accuracy 0.6327485382556916/0.328301887017376 over 10 splits
subject 12, avg accuracy 0.48450293242931364/0.3097560979971071 over 10 splits
subject 13, avg accuracy 0.4052631616592407/0.31276596004658563 over 10 splits
subject 14, avg accuracy 0.5312865495681762/0.3711340206185567 over 10 splits
subject 15, avg accuracy 0.5781578898429871/0.24861111111111117 over 10 splits
subject 16, avg accuracy 0.5263157963752747/0.38431373051568574 over 10 splits
subject 17, avg accuracy 0.4113157883286476/0.3152173916930738 over 10 splits
subject 18, avg accuracy 0.5140350967645645/0.3571428573393559 over 10 splits
subject 19, avg accuracy 0.6089473694562912/0.3104761908451716 over 10 splits
avg accuracy over all subjects 0.5124144814908504/0.32958706198987137
acc 0.4963885102834966/0.33526366094997984

acc 0.4983445181200902/0.3287812440686468

acc 0.5038166529809435/0.33193207375907785

acc 0.5082249769734013/0.3324129806113827

acc 0.5124144814908504/0.32958706198987137

avg over all trials and subjects 0.5038378279697564/0.3315954042757917
end time
Sun Jun 10 04:28:03 CEST 2018
