data dir
/lunarc/nobackup/users/albheim/EEG-klassificering
script
#!/bin/sh
#SBATCH -t 60:00:00
#SBATCH -J avgwnorm
#SBATCH -A lu2018-2-3
#// SBATCH -o stdout_%j.out
#// SBATCH -e stderr_%j.err

# shold be lu or gpu
#SBATCH -p gpu

# how many gpus, 4 per node, using many seems to crash more often so stick with 1
#SBATCH --gres=gpu:1

# use 5 cores per GPU
#SBATCH -n 5
#SBATCH --mem-per-cpu=3100

DATA_DIR="$(cat ../data_location.txt)"
echo "data dir"
echo $DATA_DIR

echo "script"
cat $0

PY_FILE="best.py"
echo "py file"
cat $PY_FILE

echo "nvidia smi"
nvidia-smi

echo "start time"
date

CURR_DIR="$(pwd)"
cd $DATA_DIR
cp -r --parents DATA/Visual $SNIC_TMP
cd $CURR_DIR
ls $SNIC_TMP
du -h "${SNIC_TMP}/DATA"

echo "copy done time"
date

python $PY_FILE $SNIC_TMP

echo "end time"
date
py file
import sys
from datetime import datetime

import numpy as np
from scipy import io

import tensorflow as tf

from keras.models import Sequential, Model
from keras.layers import Dense, Dropout, Input, GaussianNoise, BatchNormalization
from keras.layers import TimeDistributed, Lambda, AlphaDropout
from keras.layers import SimpleRNN, RNN, LSTM, GRU
from keras.layers import Conv1D, MaxPooling1D, Flatten
from keras.layers import ELU, PReLU, Activation, AveragePooling1D

from keras.optimizers import SGD, Adam, RMSprop, Nadam
from keras import regularizers as rg
from keras import backend as K

from tensorflow.python.client import device_lib
print(device_lib.list_local_devices())

import data
import util


x, y = data.load_single(cut=True, visual=True, transpose=True)
xt, yt = data.load_single(cut=True, visual=True, study=False, transpose=True)
    
print(x[0].shape, xt[0].shape)

splits = 10
n_subs = len(x)
n_models = 10
msets = [None for j in range(n_models)]
accs = [0 for j in range(n_models)]
accs2 = [0 for j in range(n_models)]
vals = np.zeros((31, ))

#channels = [25, 26, 29]
#for i in range(n_subs):
#    x[i] = x[i][:, :, channels]
#    xt[i] = xt[i][:, :, channels]


def offset_slice(inputs):
    w = 630
    r = np.random.randint(inputs.shape[1] - w + 1)
    return inputs[:, r:r + w, :]

for j in range(n_models):

    msets[j] = " " # mset

    m_in = Input(shape=x[0][0].shape)
    #m_off = Lambda(offset_slice)(m_in)
    #m_noise = GaussianNoise(np.std(x[0][0] / 100))(m_off) # how much noice to have????

    m_t = Conv1D(30, 64, padding='causal')(m_in)
    m_t = BatchNormalization()(m_t)
    m_t = ELU()(m_t)
    m_t = AveragePooling1D(2)(m_t)
    m_t = Dropout(0.2)(m_t)

    m_t = Conv1D(15, 32, padding='causal')(m_t)
    m_t = BatchNormalization()(m_t)
    m_t = ELU()(m_t)
    m_t = AveragePooling1D(2)(m_t)
    m_t = Dropout(0.3)(m_t)

    m_t = Conv1D(10, 16, padding='causal')(m_t)
    m_t = BatchNormalization()(m_t)
    m_t = ELU()(m_t)
    m_t = AveragePooling1D(2)(m_t)
    m_t = Dropout(0.4)(m_t)

    m_t = Flatten()(m_t)
    # m_t = Dense(35)(m_t)
    # m_t = BatchNormalization()(m_t)
    # m_t = Activation('tanh')(m_t)
    m_t = Dense(15)(m_t)
    m_t = BatchNormalization()(m_t)
    m_t = Activation('tanh')(m_t)
    m_out = Dense(3, activation='softmax')(m_t)

    model = Model(inputs=m_in, outputs=m_out)

    m_save = model.get_config()
    if j == 0:
        model.summary()

    avgacc = 0
    avgacc2 = 0
    for i in range(n_subs):
        n = x[i].shape[0]
        acc = 0
        acc2 = 0
        for tr, val in util.kfold(n, splits, shuffle=True):
            # recreate model
            model = Model.from_config(m_save)
            model.compile(loss='categorical_crossentropy',
                          optimizer='adam',
                          metrics=['accuracy'])
            # print(len(model.get_weights()))
            print(model.get_weights()[0].shape)

            # fit with next kfold data
            h = model.fit(x[i][tr], y[i][tr],
                          # validation_data=(x[i][val], y[i][val]),
                          batch_size=64, epochs=200, verbose=0)
            h = h.history

            vals += np.sum(np.absolute(model.get_weights()[0]), (0, 2))
            _, a = model.evaluate(x[i][val], y[i][val], verbose=0)
            _, a2 = model.evaluate(xt[i], yt[i], verbose=0)
            acc += a
            acc2 += a2

        K.clear_session()

        acc /= splits
        acc2 /= splits
        avgacc += acc
        avgacc2 += acc2

        print("subject {}, avg accuracy {}/{} over {} splits".format(i + 1 if i + 1 < 10 else i + 2,
                                                                     acc, acc2, splits))

    avgacc /= n_subs
    accs[j] = avgacc
    avgacc2 /= n_subs
    accs2[j] = avgacc2
    print("avg accuracy over all subjects {}/{}".format(avgacc, avgacc2))

print("channel values")
for v in vals:
    print(v / (n_models * n_subs * splits * 30 * 31))

for a, a2 in sorted(zip(accs, accs2)):
    print("acc {}/{}\n".format(a, a2))

print("avg over all trials and subjects {}/{}".format(sum(accs) / len(accs), sum(accs2) / len(accs2)))
nvidia smi
Tue May 15 11:07:18 2018       
+-----------------------------------------------------------------------------+
| NVIDIA-SMI 390.46                 Driver Version: 390.46                    |
|-------------------------------+----------------------+----------------------+
| GPU  Name        Persistence-M| Bus-Id        Disp.A | Volatile Uncorr. ECC |
| Fan  Temp  Perf  Pwr:Usage/Cap|         Memory-Usage | GPU-Util  Compute M. |
|===============================+======================+======================|
|   0  Tesla K80           On   | 00000000:04:00.0 Off |                    0 |
| N/A   24C    P8    27W / 149W |      0MiB / 11441MiB |      0%      Default |
+-------------------------------+----------------------+----------------------+
|   1  Tesla K80           On   | 00000000:05:00.0 Off |                    0 |
| N/A   30C    P8    31W / 149W |      0MiB / 11441MiB |      0%      Default |
+-------------------------------+----------------------+----------------------+
|   2  Tesla K80           On   | 00000000:84:00.0 Off |                    0 |
| N/A   24C    P8    26W / 149W |      0MiB / 11441MiB |      0%      Default |
+-------------------------------+----------------------+----------------------+
|   3  Tesla K80           On   | 00000000:85:00.0 Off |                    0 |
| N/A   30C    P8    30W / 149W |      0MiB / 11441MiB |      0%      Default |
+-------------------------------+----------------------+----------------------+
                                                                               
+-----------------------------------------------------------------------------+
| Processes:                                                       GPU Memory |
|  GPU       PID   Type   Process name                             Usage      |
|=============================================================================|
|  No running processes found                                                 |
+-----------------------------------------------------------------------------+
start time
Tue May 15 11:07:18 CEST 2018
DATA
2.4G	/local/slurmtmp.768419/DATA/Visual
2.4G	/local/slurmtmp.768419/DATA
copy done time
Tue May 15 11:07:27 CEST 2018
2018-05-15 11:07:28.907748: I tensorflow/core/platform/cpu_feature_guard.cc:137] Your CPU supports instructions that this TensorFlow binary was not compiled to use: SSE4.1 SSE4.2 AVX AVX2 FMA
2018-05-15 11:07:29.094801: I tensorflow/core/common_runtime/gpu/gpu_device.cc:1030] Found device 0 with properties: 
name: Tesla K80 major: 3 minor: 7 memoryClockRate(GHz): 0.8235
pciBusID: 0000:04:00.0
totalMemory: 11.17GiB freeMemory: 11.10GiB
2018-05-15 11:07:29.094979: I tensorflow/core/common_runtime/gpu/gpu_device.cc:1120] Creating TensorFlow device (/device:GPU:0) -> (device: 0, name: Tesla K80, pci bus id: 0000:04:00.0, compute capability: 3.7)
2018-05-15 11:07:46.500278: I tensorflow/core/common_runtime/gpu/gpu_device.cc:1120] Creating TensorFlow device (/device:GPU:0) -> (device: 0, name: Tesla K80, pci bus id: 0000:04:00.0, compute capability: 3.7)
2018-05-15 11:11:18.846788: I tensorflow/core/common_runtime/gpu/gpu_device.cc:1120] Creating TensorFlow device (/device:GPU:0) -> (device: 0, name: Tesla K80, pci bus id: 0000:04:00.0, compute capability: 3.7)
2018-05-15 11:14:50.835438: I tensorflow/core/common_runtime/gpu/gpu_device.cc:1120] Creating TensorFlow device (/device:GPU:0) -> (device: 0, name: Tesla K80, pci bus id: 0000:04:00.0, compute capability: 3.7)
2018-05-15 11:18:23.599589: I tensorflow/core/common_runtime/gpu/gpu_device.cc:1120] Creating TensorFlow device (/device:GPU:0) -> (device: 0, name: Tesla K80, pci bus id: 0000:04:00.0, compute capability: 3.7)
2018-05-15 11:21:55.775301: I tensorflow/core/common_runtime/gpu/gpu_device.cc:1120] Creating TensorFlow device (/device:GPU:0) -> (device: 0, name: Tesla K80, pci bus id: 0000:04:00.0, compute capability: 3.7)
2018-05-15 11:25:29.179187: I tensorflow/core/common_runtime/gpu/gpu_device.cc:1120] Creating TensorFlow device (/device:GPU:0) -> (device: 0, name: Tesla K80, pci bus id: 0000:04:00.0, compute capability: 3.7)
2018-05-15 11:29:01.219616: I tensorflow/core/common_runtime/gpu/gpu_device.cc:1120] Creating TensorFlow device (/device:GPU:0) -> (device: 0, name: Tesla K80, pci bus id: 0000:04:00.0, compute capability: 3.7)
2018-05-15 11:32:34.849649: I tensorflow/core/common_runtime/gpu/gpu_device.cc:1120] Creating TensorFlow device (/device:GPU:0) -> (device: 0, name: Tesla K80, pci bus id: 0000:04:00.0, compute capability: 3.7)
2018-05-15 11:36:11.241994: I tensorflow/core/common_runtime/gpu/gpu_device.cc:1120] Creating TensorFlow device (/device:GPU:0) -> (device: 0, name: Tesla K80, pci bus id: 0000:04:00.0, compute capability: 3.7)
2018-05-15 11:39:44.338948: I tensorflow/core/common_runtime/gpu/gpu_device.cc:1120] Creating TensorFlow device (/device:GPU:0) -> (device: 0, name: Tesla K80, pci bus id: 0000:04:00.0, compute capability: 3.7)
2018-05-15 11:43:13.741624: I tensorflow/core/common_runtime/gpu/gpu_device.cc:1120] Creating TensorFlow device (/device:GPU:0) -> (device: 0, name: Tesla K80, pci bus id: 0000:04:00.0, compute capability: 3.7)
2018-05-15 11:46:47.810052: I tensorflow/core/common_runtime/gpu/gpu_device.cc:1120] Creating TensorFlow device (/device:GPU:0) -> (device: 0, name: Tesla K80, pci bus id: 0000:04:00.0, compute capability: 3.7)
2018-05-15 11:50:20.996603: I tensorflow/core/common_runtime/gpu/gpu_device.cc:1120] Creating TensorFlow device (/device:GPU:0) -> (device: 0, name: Tesla K80, pci bus id: 0000:04:00.0, compute capability: 3.7)
2018-05-15 11:53:56.385669: I tensorflow/core/common_runtime/gpu/gpu_device.cc:1120] Creating TensorFlow device (/device:GPU:0) -> (device: 0, name: Tesla K80, pci bus id: 0000:04:00.0, compute capability: 3.7)
2018-05-15 11:57:24.469747: I tensorflow/core/common_runtime/gpu/gpu_device.cc:1120] Creating TensorFlow device (/device:GPU:0) -> (device: 0, name: Tesla K80, pci bus id: 0000:04:00.0, compute capability: 3.7)
2018-05-15 12:01:00.923205: I tensorflow/core/common_runtime/gpu/gpu_device.cc:1120] Creating TensorFlow device (/device:GPU:0) -> (device: 0, name: Tesla K80, pci bus id: 0000:04:00.0, compute capability: 3.7)
2018-05-15 12:04:35.694135: I tensorflow/core/common_runtime/gpu/gpu_device.cc:1120] Creating TensorFlow device (/device:GPU:0) -> (device: 0, name: Tesla K80, pci bus id: 0000:04:00.0, compute capability: 3.7)
2018-05-15 12:08:06.841298: I tensorflow/core/common_runtime/gpu/gpu_device.cc:1120] Creating TensorFlow device (/device:GPU:0) -> (device: 0, name: Tesla K80, pci bus id: 0000:04:00.0, compute capability: 3.7)
2018-05-15 12:11:35.316283: I tensorflow/core/common_runtime/gpu/gpu_device.cc:1120] Creating TensorFlow device (/device:GPU:0) -> (device: 0, name: Tesla K80, pci bus id: 0000:04:00.0, compute capability: 3.7)
2018-05-15 12:15:08.806452: I tensorflow/core/common_runtime/gpu/gpu_device.cc:1120] Creating TensorFlow device (/device:GPU:0) -> (device: 0, name: Tesla K80, pci bus id: 0000:04:00.0, compute capability: 3.7)
2018-05-15 12:18:40.366493: I tensorflow/core/common_runtime/gpu/gpu_device.cc:1120] Creating TensorFlow device (/device:GPU:0) -> (device: 0, name: Tesla K80, pci bus id: 0000:04:00.0, compute capability: 3.7)
2018-05-15 12:22:12.785404: I tensorflow/core/common_runtime/gpu/gpu_device.cc:1120] Creating TensorFlow device (/device:GPU:0) -> (device: 0, name: Tesla K80, pci bus id: 0000:04:00.0, compute capability: 3.7)
2018-05-15 12:25:44.620978: I tensorflow/core/common_runtime/gpu/gpu_device.cc:1120] Creating TensorFlow device (/device:GPU:0) -> (device: 0, name: Tesla K80, pci bus id: 0000:04:00.0, compute capability: 3.7)
2018-05-15 12:29:17.270680: I tensorflow/core/common_runtime/gpu/gpu_device.cc:1120] Creating TensorFlow device (/device:GPU:0) -> (device: 0, name: Tesla K80, pci bus id: 0000:04:00.0, compute capability: 3.7)
2018-05-15 12:32:48.335133: I tensorflow/core/common_runtime/gpu/gpu_device.cc:1120] Creating TensorFlow device (/device:GPU:0) -> (device: 0, name: Tesla K80, pci bus id: 0000:04:00.0, compute capability: 3.7)
2018-05-15 12:36:22.333264: I tensorflow/core/common_runtime/gpu/gpu_device.cc:1120] Creating TensorFlow device (/device:GPU:0) -> (device: 0, name: Tesla K80, pci bus id: 0000:04:00.0, compute capability: 3.7)
2018-05-15 12:39:57.067547: I tensorflow/core/common_runtime/gpu/gpu_device.cc:1120] Creating TensorFlow device (/device:GPU:0) -> (device: 0, name: Tesla K80, pci bus id: 0000:04:00.0, compute capability: 3.7)
2018-05-15 12:43:29.518855: I tensorflow/core/common_runtime/gpu/gpu_device.cc:1120] Creating TensorFlow device (/device:GPU:0) -> (device: 0, name: Tesla K80, pci bus id: 0000:04:00.0, compute capability: 3.7)
2018-05-15 12:46:58.924602: I tensorflow/core/common_runtime/gpu/gpu_device.cc:1120] Creating TensorFlow device (/device:GPU:0) -> (device: 0, name: Tesla K80, pci bus id: 0000:04:00.0, compute capability: 3.7)
2018-05-15 12:50:34.048132: I tensorflow/core/common_runtime/gpu/gpu_device.cc:1120] Creating TensorFlow device (/device:GPU:0) -> (device: 0, name: Tesla K80, pci bus id: 0000:04:00.0, compute capability: 3.7)
2018-05-15 12:54:07.829540: I tensorflow/core/common_runtime/gpu/gpu_device.cc:1120] Creating TensorFlow device (/device:GPU:0) -> (device: 0, name: Tesla K80, pci bus id: 0000:04:00.0, compute capability: 3.7)
2018-05-15 12:57:43.105597: I tensorflow/core/common_runtime/gpu/gpu_device.cc:1120] Creating TensorFlow device (/device:GPU:0) -> (device: 0, name: Tesla K80, pci bus id: 0000:04:00.0, compute capability: 3.7)
2018-05-15 13:01:13.091798: I tensorflow/core/common_runtime/gpu/gpu_device.cc:1120] Creating TensorFlow device (/device:GPU:0) -> (device: 0, name: Tesla K80, pci bus id: 0000:04:00.0, compute capability: 3.7)
2018-05-15 13:04:50.203211: I tensorflow/core/common_runtime/gpu/gpu_device.cc:1120] Creating TensorFlow device (/device:GPU:0) -> (device: 0, name: Tesla K80, pci bus id: 0000:04:00.0, compute capability: 3.7)
2018-05-15 13:08:26.533515: I tensorflow/core/common_runtime/gpu/gpu_device.cc:1120] Creating TensorFlow device (/device:GPU:0) -> (device: 0, name: Tesla K80, pci bus id: 0000:04:00.0, compute capability: 3.7)
2018-05-15 13:11:59.949670: I tensorflow/core/common_runtime/gpu/gpu_device.cc:1120] Creating TensorFlow device (/device:GPU:0) -> (device: 0, name: Tesla K80, pci bus id: 0000:04:00.0, compute capability: 3.7)
2018-05-15 13:15:29.478786: I tensorflow/core/common_runtime/gpu/gpu_device.cc:1120] Creating TensorFlow device (/device:GPU:0) -> (device: 0, name: Tesla K80, pci bus id: 0000:04:00.0, compute capability: 3.7)
2018-05-15 13:19:04.494296: I tensorflow/core/common_runtime/gpu/gpu_device.cc:1120] Creating TensorFlow device (/device:GPU:0) -> (device: 0, name: Tesla K80, pci bus id: 0000:04:00.0, compute capability: 3.7)
2018-05-15 13:22:37.328186: I tensorflow/core/common_runtime/gpu/gpu_device.cc:1120] Creating TensorFlow device (/device:GPU:0) -> (device: 0, name: Tesla K80, pci bus id: 0000:04:00.0, compute capability: 3.7)
2018-05-15 13:26:09.959501: I tensorflow/core/common_runtime/gpu/gpu_device.cc:1120] Creating TensorFlow device (/device:GPU:0) -> (device: 0, name: Tesla K80, pci bus id: 0000:04:00.0, compute capability: 3.7)
2018-05-15 13:29:42.311079: I tensorflow/core/common_runtime/gpu/gpu_device.cc:1120] Creating TensorFlow device (/device:GPU:0) -> (device: 0, name: Tesla K80, pci bus id: 0000:04:00.0, compute capability: 3.7)
2018-05-15 13:33:15.855715: I tensorflow/core/common_runtime/gpu/gpu_device.cc:1120] Creating TensorFlow device (/device:GPU:0) -> (device: 0, name: Tesla K80, pci bus id: 0000:04:00.0, compute capability: 3.7)
2018-05-15 13:36:47.790541: I tensorflow/core/common_runtime/gpu/gpu_device.cc:1120] Creating TensorFlow device (/device:GPU:0) -> (device: 0, name: Tesla K80, pci bus id: 0000:04:00.0, compute capability: 3.7)
2018-05-15 13:40:22.314278: I tensorflow/core/common_runtime/gpu/gpu_device.cc:1120] Creating TensorFlow device (/device:GPU:0) -> (device: 0, name: Tesla K80, pci bus id: 0000:04:00.0, compute capability: 3.7)
2018-05-15 13:43:57.883992: I tensorflow/core/common_runtime/gpu/gpu_device.cc:1120] Creating TensorFlow device (/device:GPU:0) -> (device: 0, name: Tesla K80, pci bus id: 0000:04:00.0, compute capability: 3.7)
2018-05-15 13:47:31.320951: I tensorflow/core/common_runtime/gpu/gpu_device.cc:1120] Creating TensorFlow device (/device:GPU:0) -> (device: 0, name: Tesla K80, pci bus id: 0000:04:00.0, compute capability: 3.7)
2018-05-15 13:51:01.036817: I tensorflow/core/common_runtime/gpu/gpu_device.cc:1120] Creating TensorFlow device (/device:GPU:0) -> (device: 0, name: Tesla K80, pci bus id: 0000:04:00.0, compute capability: 3.7)
2018-05-15 13:54:35.929902: I tensorflow/core/common_runtime/gpu/gpu_device.cc:1120] Creating TensorFlow device (/device:GPU:0) -> (device: 0, name: Tesla K80, pci bus id: 0000:04:00.0, compute capability: 3.7)
2018-05-15 13:58:10.738377: I tensorflow/core/common_runtime/gpu/gpu_device.cc:1120] Creating TensorFlow device (/device:GPU:0) -> (device: 0, name: Tesla K80, pci bus id: 0000:04:00.0, compute capability: 3.7)
2018-05-15 14:01:46.915989: I tensorflow/core/common_runtime/gpu/gpu_device.cc:1120] Creating TensorFlow device (/device:GPU:0) -> (device: 0, name: Tesla K80, pci bus id: 0000:04:00.0, compute capability: 3.7)
2018-05-15 14:05:17.027137: I tensorflow/core/common_runtime/gpu/gpu_device.cc:1120] Creating TensorFlow device (/device:GPU:0) -> (device: 0, name: Tesla K80, pci bus id: 0000:04:00.0, compute capability: 3.7)
2018-05-15 14:08:54.192374: I tensorflow/core/common_runtime/gpu/gpu_device.cc:1120] Creating TensorFlow device (/device:GPU:0) -> (device: 0, name: Tesla K80, pci bus id: 0000:04:00.0, compute capability: 3.7)
2018-05-15 14:12:29.364434: I tensorflow/core/common_runtime/gpu/gpu_device.cc:1120] Creating TensorFlow device (/device:GPU:0) -> (device: 0, name: Tesla K80, pci bus id: 0000:04:00.0, compute capability: 3.7)
2018-05-15 14:16:01.298118: I tensorflow/core/common_runtime/gpu/gpu_device.cc:1120] Creating TensorFlow device (/device:GPU:0) -> (device: 0, name: Tesla K80, pci bus id: 0000:04:00.0, compute capability: 3.7)
2018-05-15 14:19:31.940398: I tensorflow/core/common_runtime/gpu/gpu_device.cc:1120] Creating TensorFlow device (/device:GPU:0) -> (device: 0, name: Tesla K80, pci bus id: 0000:04:00.0, compute capability: 3.7)
2018-05-15 14:23:06.988776: I tensorflow/core/common_runtime/gpu/gpu_device.cc:1120] Creating TensorFlow device (/device:GPU:0) -> (device: 0, name: Tesla K80, pci bus id: 0000:04:00.0, compute capability: 3.7)
2018-05-15 14:26:38.907538: I tensorflow/core/common_runtime/gpu/gpu_device.cc:1120] Creating TensorFlow device (/device:GPU:0) -> (device: 0, name: Tesla K80, pci bus id: 0000:04:00.0, compute capability: 3.7)
2018-05-15 14:30:11.325038: I tensorflow/core/common_runtime/gpu/gpu_device.cc:1120] Creating TensorFlow device (/device:GPU:0) -> (device: 0, name: Tesla K80, pci bus id: 0000:04:00.0, compute capability: 3.7)
2018-05-15 14:33:43.858184: I tensorflow/core/common_runtime/gpu/gpu_device.cc:1120] Creating TensorFlow device (/device:GPU:0) -> (device: 0, name: Tesla K80, pci bus id: 0000:04:00.0, compute capability: 3.7)
2018-05-15 14:37:16.964987: I tensorflow/core/common_runtime/gpu/gpu_device.cc:1120] Creating TensorFlow device (/device:GPU:0) -> (device: 0, name: Tesla K80, pci bus id: 0000:04:00.0, compute capability: 3.7)
2018-05-15 14:40:49.047348: I tensorflow/core/common_runtime/gpu/gpu_device.cc:1120] Creating TensorFlow device (/device:GPU:0) -> (device: 0, name: Tesla K80, pci bus id: 0000:04:00.0, compute capability: 3.7)
2018-05-15 14:44:23.569477: I tensorflow/core/common_runtime/gpu/gpu_device.cc:1120] Creating TensorFlow device (/device:GPU:0) -> (device: 0, name: Tesla K80, pci bus id: 0000:04:00.0, compute capability: 3.7)
2018-05-15 14:47:58.431570: I tensorflow/core/common_runtime/gpu/gpu_device.cc:1120] Creating TensorFlow device (/device:GPU:0) -> (device: 0, name: Tesla K80, pci bus id: 0000:04:00.0, compute capability: 3.7)
2018-05-15 14:51:31.482226: I tensorflow/core/common_runtime/gpu/gpu_device.cc:1120] Creating TensorFlow device (/device:GPU:0) -> (device: 0, name: Tesla K80, pci bus id: 0000:04:00.0, compute capability: 3.7)
2018-05-15 14:55:01.794860: I tensorflow/core/common_runtime/gpu/gpu_device.cc:1120] Creating TensorFlow device (/device:GPU:0) -> (device: 0, name: Tesla K80, pci bus id: 0000:04:00.0, compute capability: 3.7)
2018-05-15 14:58:37.053127: I tensorflow/core/common_runtime/gpu/gpu_device.cc:1120] Creating TensorFlow device (/device:GPU:0) -> (device: 0, name: Tesla K80, pci bus id: 0000:04:00.0, compute capability: 3.7)
2018-05-15 15:02:11.225811: I tensorflow/core/common_runtime/gpu/gpu_device.cc:1120] Creating TensorFlow device (/device:GPU:0) -> (device: 0, name: Tesla K80, pci bus id: 0000:04:00.0, compute capability: 3.7)
2018-05-15 15:05:47.725659: I tensorflow/core/common_runtime/gpu/gpu_device.cc:1120] Creating TensorFlow device (/device:GPU:0) -> (device: 0, name: Tesla K80, pci bus id: 0000:04:00.0, compute capability: 3.7)
2018-05-15 15:09:17.028763: I tensorflow/core/common_runtime/gpu/gpu_device.cc:1120] Creating TensorFlow device (/device:GPU:0) -> (device: 0, name: Tesla K80, pci bus id: 0000:04:00.0, compute capability: 3.7)
2018-05-15 15:12:54.159542: I tensorflow/core/common_runtime/gpu/gpu_device.cc:1120] Creating TensorFlow device (/device:GPU:0) -> (device: 0, name: Tesla K80, pci bus id: 0000:04:00.0, compute capability: 3.7)
2018-05-15 15:16:28.754133: I tensorflow/core/common_runtime/gpu/gpu_device.cc:1120] Creating TensorFlow device (/device:GPU:0) -> (device: 0, name: Tesla K80, pci bus id: 0000:04:00.0, compute capability: 3.7)
2018-05-15 15:20:00.968019: I tensorflow/core/common_runtime/gpu/gpu_device.cc:1120] Creating TensorFlow device (/device:GPU:0) -> (device: 0, name: Tesla K80, pci bus id: 0000:04:00.0, compute capability: 3.7)
2018-05-15 15:23:31.059985: I tensorflow/core/common_runtime/gpu/gpu_device.cc:1120] Creating TensorFlow device (/device:GPU:0) -> (device: 0, name: Tesla K80, pci bus id: 0000:04:00.0, compute capability: 3.7)
2018-05-15 15:27:06.416321: I tensorflow/core/common_runtime/gpu/gpu_device.cc:1120] Creating TensorFlow device (/device:GPU:0) -> (device: 0, name: Tesla K80, pci bus id: 0000:04:00.0, compute capability: 3.7)
2018-05-15 15:30:38.512076: I tensorflow/core/common_runtime/gpu/gpu_device.cc:1120] Creating TensorFlow device (/device:GPU:0) -> (device: 0, name: Tesla K80, pci bus id: 0000:04:00.0, compute capability: 3.7)
2018-05-15 15:34:11.554537: I tensorflow/core/common_runtime/gpu/gpu_device.cc:1120] Creating TensorFlow device (/device:GPU:0) -> (device: 0, name: Tesla K80, pci bus id: 0000:04:00.0, compute capability: 3.7)
2018-05-15 15:37:43.829705: I tensorflow/core/common_runtime/gpu/gpu_device.cc:1120] Creating TensorFlow device (/device:GPU:0) -> (device: 0, name: Tesla K80, pci bus id: 0000:04:00.0, compute capability: 3.7)
2018-05-15 15:41:17.329850: I tensorflow/core/common_runtime/gpu/gpu_device.cc:1120] Creating TensorFlow device (/device:GPU:0) -> (device: 0, name: Tesla K80, pci bus id: 0000:04:00.0, compute capability: 3.7)
2018-05-15 15:44:48.906759: I tensorflow/core/common_runtime/gpu/gpu_device.cc:1120] Creating TensorFlow device (/device:GPU:0) -> (device: 0, name: Tesla K80, pci bus id: 0000:04:00.0, compute capability: 3.7)
2018-05-15 15:48:22.939446: I tensorflow/core/common_runtime/gpu/gpu_device.cc:1120] Creating TensorFlow device (/device:GPU:0) -> (device: 0, name: Tesla K80, pci bus id: 0000:04:00.0, compute capability: 3.7)
2018-05-15 15:51:58.312207: I tensorflow/core/common_runtime/gpu/gpu_device.cc:1120] Creating TensorFlow device (/device:GPU:0) -> (device: 0, name: Tesla K80, pci bus id: 0000:04:00.0, compute capability: 3.7)
2018-05-15 15:55:31.707377: I tensorflow/core/common_runtime/gpu/gpu_device.cc:1120] Creating TensorFlow device (/device:GPU:0) -> (device: 0, name: Tesla K80, pci bus id: 0000:04:00.0, compute capability: 3.7)
2018-05-15 15:59:01.866433: I tensorflow/core/common_runtime/gpu/gpu_device.cc:1120] Creating TensorFlow device (/device:GPU:0) -> (device: 0, name: Tesla K80, pci bus id: 0000:04:00.0, compute capability: 3.7)
2018-05-15 16:02:37.273092: I tensorflow/core/common_runtime/gpu/gpu_device.cc:1120] Creating TensorFlow device (/device:GPU:0) -> (device: 0, name: Tesla K80, pci bus id: 0000:04:00.0, compute capability: 3.7)
2018-05-15 16:06:11.059153: I tensorflow/core/common_runtime/gpu/gpu_device.cc:1120] Creating TensorFlow device (/device:GPU:0) -> (device: 0, name: Tesla K80, pci bus id: 0000:04:00.0, compute capability: 3.7)
2018-05-15 16:09:47.506275: I tensorflow/core/common_runtime/gpu/gpu_device.cc:1120] Creating TensorFlow device (/device:GPU:0) -> (device: 0, name: Tesla K80, pci bus id: 0000:04:00.0, compute capability: 3.7)
2018-05-15 16:13:16.677514: I tensorflow/core/common_runtime/gpu/gpu_device.cc:1120] Creating TensorFlow device (/device:GPU:0) -> (device: 0, name: Tesla K80, pci bus id: 0000:04:00.0, compute capability: 3.7)
2018-05-15 16:16:53.469480: I tensorflow/core/common_runtime/gpu/gpu_device.cc:1120] Creating TensorFlow device (/device:GPU:0) -> (device: 0, name: Tesla K80, pci bus id: 0000:04:00.0, compute capability: 3.7)
2018-05-15 16:20:28.734408: I tensorflow/core/common_runtime/gpu/gpu_device.cc:1120] Creating TensorFlow device (/device:GPU:0) -> (device: 0, name: Tesla K80, pci bus id: 0000:04:00.0, compute capability: 3.7)
2018-05-15 16:24:01.045640: I tensorflow/core/common_runtime/gpu/gpu_device.cc:1120] Creating TensorFlow device (/device:GPU:0) -> (device: 0, name: Tesla K80, pci bus id: 0000:04:00.0, compute capability: 3.7)
2018-05-15 16:27:29.879642: I tensorflow/core/common_runtime/gpu/gpu_device.cc:1120] Creating TensorFlow device (/device:GPU:0) -> (device: 0, name: Tesla K80, pci bus id: 0000:04:00.0, compute capability: 3.7)
2018-05-15 16:31:05.429136: I tensorflow/core/common_runtime/gpu/gpu_device.cc:1120] Creating TensorFlow device (/device:GPU:0) -> (device: 0, name: Tesla K80, pci bus id: 0000:04:00.0, compute capability: 3.7)
2018-05-15 16:34:38.049047: I tensorflow/core/common_runtime/gpu/gpu_device.cc:1120] Creating TensorFlow device (/device:GPU:0) -> (device: 0, name: Tesla K80, pci bus id: 0000:04:00.0, compute capability: 3.7)
2018-05-15 16:38:10.840509: I tensorflow/core/common_runtime/gpu/gpu_device.cc:1120] Creating TensorFlow device (/device:GPU:0) -> (device: 0, name: Tesla K80, pci bus id: 0000:04:00.0, compute capability: 3.7)
2018-05-15 16:41:43.223185: I tensorflow/core/common_runtime/gpu/gpu_device.cc:1120] Creating TensorFlow device (/device:GPU:0) -> (device: 0, name: Tesla K80, pci bus id: 0000:04:00.0, compute capability: 3.7)
2018-05-15 16:45:17.351013: I tensorflow/core/common_runtime/gpu/gpu_device.cc:1120] Creating TensorFlow device (/device:GPU:0) -> (device: 0, name: Tesla K80, pci bus id: 0000:04:00.0, compute capability: 3.7)
2018-05-15 16:48:49.571689: I tensorflow/core/common_runtime/gpu/gpu_device.cc:1120] Creating TensorFlow device (/device:GPU:0) -> (device: 0, name: Tesla K80, pci bus id: 0000:04:00.0, compute capability: 3.7)
2018-05-15 16:52:24.253158: I tensorflow/core/common_runtime/gpu/gpu_device.cc:1120] Creating TensorFlow device (/device:GPU:0) -> (device: 0, name: Tesla K80, pci bus id: 0000:04:00.0, compute capability: 3.7)
2018-05-15 16:56:00.586660: I tensorflow/core/common_runtime/gpu/gpu_device.cc:1120] Creating TensorFlow device (/device:GPU:0) -> (device: 0, name: Tesla K80, pci bus id: 0000:04:00.0, compute capability: 3.7)
2018-05-15 16:59:34.002713: I tensorflow/core/common_runtime/gpu/gpu_device.cc:1120] Creating TensorFlow device (/device:GPU:0) -> (device: 0, name: Tesla K80, pci bus id: 0000:04:00.0, compute capability: 3.7)
2018-05-15 17:03:04.221080: I tensorflow/core/common_runtime/gpu/gpu_device.cc:1120] Creating TensorFlow device (/device:GPU:0) -> (device: 0, name: Tesla K80, pci bus id: 0000:04:00.0, compute capability: 3.7)
2018-05-15 17:06:40.172788: I tensorflow/core/common_runtime/gpu/gpu_device.cc:1120] Creating TensorFlow device (/device:GPU:0) -> (device: 0, name: Tesla K80, pci bus id: 0000:04:00.0, compute capability: 3.7)
2018-05-15 17:10:14.797785: I tensorflow/core/common_runtime/gpu/gpu_device.cc:1120] Creating TensorFlow device (/device:GPU:0) -> (device: 0, name: Tesla K80, pci bus id: 0000:04:00.0, compute capability: 3.7)
2018-05-15 17:13:50.731784: I tensorflow/core/common_runtime/gpu/gpu_device.cc:1120] Creating TensorFlow device (/device:GPU:0) -> (device: 0, name: Tesla K80, pci bus id: 0000:04:00.0, compute capability: 3.7)
2018-05-15 17:17:20.458650: I tensorflow/core/common_runtime/gpu/gpu_device.cc:1120] Creating TensorFlow device (/device:GPU:0) -> (device: 0, name: Tesla K80, pci bus id: 0000:04:00.0, compute capability: 3.7)
2018-05-15 17:20:57.483116: I tensorflow/core/common_runtime/gpu/gpu_device.cc:1120] Creating TensorFlow device (/device:GPU:0) -> (device: 0, name: Tesla K80, pci bus id: 0000:04:00.0, compute capability: 3.7)
2018-05-15 17:24:33.399678: I tensorflow/core/common_runtime/gpu/gpu_device.cc:1120] Creating TensorFlow device (/device:GPU:0) -> (device: 0, name: Tesla K80, pci bus id: 0000:04:00.0, compute capability: 3.7)
2018-05-15 17:28:05.954622: I tensorflow/core/common_runtime/gpu/gpu_device.cc:1120] Creating TensorFlow device (/device:GPU:0) -> (device: 0, name: Tesla K80, pci bus id: 0000:04:00.0, compute capability: 3.7)
2018-05-15 17:31:35.799709: I tensorflow/core/common_runtime/gpu/gpu_device.cc:1120] Creating TensorFlow device (/device:GPU:0) -> (device: 0, name: Tesla K80, pci bus id: 0000:04:00.0, compute capability: 3.7)
2018-05-15 17:35:10.755809: I tensorflow/core/common_runtime/gpu/gpu_device.cc:1120] Creating TensorFlow device (/device:GPU:0) -> (device: 0, name: Tesla K80, pci bus id: 0000:04:00.0, compute capability: 3.7)
2018-05-15 17:38:43.161780: I tensorflow/core/common_runtime/gpu/gpu_device.cc:1120] Creating TensorFlow device (/device:GPU:0) -> (device: 0, name: Tesla K80, pci bus id: 0000:04:00.0, compute capability: 3.7)
2018-05-15 17:42:16.112808: I tensorflow/core/common_runtime/gpu/gpu_device.cc:1120] Creating TensorFlow device (/device:GPU:0) -> (device: 0, name: Tesla K80, pci bus id: 0000:04:00.0, compute capability: 3.7)
2018-05-15 17:45:48.889695: I tensorflow/core/common_runtime/gpu/gpu_device.cc:1120] Creating TensorFlow device (/device:GPU:0) -> (device: 0, name: Tesla K80, pci bus id: 0000:04:00.0, compute capability: 3.7)
2018-05-15 17:49:23.752350: I tensorflow/core/common_runtime/gpu/gpu_device.cc:1120] Creating TensorFlow device (/device:GPU:0) -> (device: 0, name: Tesla K80, pci bus id: 0000:04:00.0, compute capability: 3.7)
2018-05-15 17:52:56.000642: I tensorflow/core/common_runtime/gpu/gpu_device.cc:1120] Creating TensorFlow device (/device:GPU:0) -> (device: 0, name: Tesla K80, pci bus id: 0000:04:00.0, compute capability: 3.7)
2018-05-15 17:56:30.540457: I tensorflow/core/common_runtime/gpu/gpu_device.cc:1120] Creating TensorFlow device (/device:GPU:0) -> (device: 0, name: Tesla K80, pci bus id: 0000:04:00.0, compute capability: 3.7)
2018-05-15 18:00:06.414223: I tensorflow/core/common_runtime/gpu/gpu_device.cc:1120] Creating TensorFlow device (/device:GPU:0) -> (device: 0, name: Tesla K80, pci bus id: 0000:04:00.0, compute capability: 3.7)
2018-05-15 18:03:40.039335: I tensorflow/core/common_runtime/gpu/gpu_device.cc:1120] Creating TensorFlow device (/device:GPU:0) -> (device: 0, name: Tesla K80, pci bus id: 0000:04:00.0, compute capability: 3.7)
2018-05-15 18:07:10.313555: I tensorflow/core/common_runtime/gpu/gpu_device.cc:1120] Creating TensorFlow device (/device:GPU:0) -> (device: 0, name: Tesla K80, pci bus id: 0000:04:00.0, compute capability: 3.7)
2018-05-15 18:10:46.714000: I tensorflow/core/common_runtime/gpu/gpu_device.cc:1120] Creating TensorFlow device (/device:GPU:0) -> (device: 0, name: Tesla K80, pci bus id: 0000:04:00.0, compute capability: 3.7)
2018-05-15 18:14:20.275427: I tensorflow/core/common_runtime/gpu/gpu_device.cc:1120] Creating TensorFlow device (/device:GPU:0) -> (device: 0, name: Tesla K80, pci bus id: 0000:04:00.0, compute capability: 3.7)
2018-05-15 18:17:56.968740: I tensorflow/core/common_runtime/gpu/gpu_device.cc:1120] Creating TensorFlow device (/device:GPU:0) -> (device: 0, name: Tesla K80, pci bus id: 0000:04:00.0, compute capability: 3.7)
2018-05-15 18:21:27.574136: I tensorflow/core/common_runtime/gpu/gpu_device.cc:1120] Creating TensorFlow device (/device:GPU:0) -> (device: 0, name: Tesla K80, pci bus id: 0000:04:00.0, compute capability: 3.7)
2018-05-15 18:25:05.306554: I tensorflow/core/common_runtime/gpu/gpu_device.cc:1120] Creating TensorFlow device (/device:GPU:0) -> (device: 0, name: Tesla K80, pci bus id: 0000:04:00.0, compute capability: 3.7)
2018-05-15 18:28:41.418483: I tensorflow/core/common_runtime/gpu/gpu_device.cc:1120] Creating TensorFlow device (/device:GPU:0) -> (device: 0, name: Tesla K80, pci bus id: 0000:04:00.0, compute capability: 3.7)
2018-05-15 18:32:13.303690: I tensorflow/core/common_runtime/gpu/gpu_device.cc:1120] Creating TensorFlow device (/device:GPU:0) -> (device: 0, name: Tesla K80, pci bus id: 0000:04:00.0, compute capability: 3.7)
2018-05-15 18:35:42.758532: I tensorflow/core/common_runtime/gpu/gpu_device.cc:1120] Creating TensorFlow device (/device:GPU:0) -> (device: 0, name: Tesla K80, pci bus id: 0000:04:00.0, compute capability: 3.7)
2018-05-15 18:39:17.539308: I tensorflow/core/common_runtime/gpu/gpu_device.cc:1120] Creating TensorFlow device (/device:GPU:0) -> (device: 0, name: Tesla K80, pci bus id: 0000:04:00.0, compute capability: 3.7)
2018-05-15 18:42:49.806990: I tensorflow/core/common_runtime/gpu/gpu_device.cc:1120] Creating TensorFlow device (/device:GPU:0) -> (device: 0, name: Tesla K80, pci bus id: 0000:04:00.0, compute capability: 3.7)
2018-05-15 18:46:23.149990: I tensorflow/core/common_runtime/gpu/gpu_device.cc:1120] Creating TensorFlow device (/device:GPU:0) -> (device: 0, name: Tesla K80, pci bus id: 0000:04:00.0, compute capability: 3.7)
2018-05-15 18:49:55.778147: I tensorflow/core/common_runtime/gpu/gpu_device.cc:1120] Creating TensorFlow device (/device:GPU:0) -> (device: 0, name: Tesla K80, pci bus id: 0000:04:00.0, compute capability: 3.7)
2018-05-15 18:53:29.729612: I tensorflow/core/common_runtime/gpu/gpu_device.cc:1120] Creating TensorFlow device (/device:GPU:0) -> (device: 0, name: Tesla K80, pci bus id: 0000:04:00.0, compute capability: 3.7)
2018-05-15 18:57:01.903102: I tensorflow/core/common_runtime/gpu/gpu_device.cc:1120] Creating TensorFlow device (/device:GPU:0) -> (device: 0, name: Tesla K80, pci bus id: 0000:04:00.0, compute capability: 3.7)
2018-05-15 19:00:36.741082: I tensorflow/core/common_runtime/gpu/gpu_device.cc:1120] Creating TensorFlow device (/device:GPU:0) -> (device: 0, name: Tesla K80, pci bus id: 0000:04:00.0, compute capability: 3.7)
2018-05-15 19:04:12.828315: I tensorflow/core/common_runtime/gpu/gpu_device.cc:1120] Creating TensorFlow device (/device:GPU:0) -> (device: 0, name: Tesla K80, pci bus id: 0000:04:00.0, compute capability: 3.7)
2018-05-15 19:07:46.295329: I tensorflow/core/common_runtime/gpu/gpu_device.cc:1120] Creating TensorFlow device (/device:GPU:0) -> (device: 0, name: Tesla K80, pci bus id: 0000:04:00.0, compute capability: 3.7)
2018-05-15 19:11:16.759406: I tensorflow/core/common_runtime/gpu/gpu_device.cc:1120] Creating TensorFlow device (/device:GPU:0) -> (device: 0, name: Tesla K80, pci bus id: 0000:04:00.0, compute capability: 3.7)
2018-05-15 19:14:52.775300: I tensorflow/core/common_runtime/gpu/gpu_device.cc:1120] Creating TensorFlow device (/device:GPU:0) -> (device: 0, name: Tesla K80, pci bus id: 0000:04:00.0, compute capability: 3.7)
2018-05-15 19:18:26.880579: I tensorflow/core/common_runtime/gpu/gpu_device.cc:1120] Creating TensorFlow device (/device:GPU:0) -> (device: 0, name: Tesla K80, pci bus id: 0000:04:00.0, compute capability: 3.7)
2018-05-15 19:22:03.648536: I tensorflow/core/common_runtime/gpu/gpu_device.cc:1120] Creating TensorFlow device (/device:GPU:0) -> (device: 0, name: Tesla K80, pci bus id: 0000:04:00.0, compute capability: 3.7)
2018-05-15 19:25:33.798059: I tensorflow/core/common_runtime/gpu/gpu_device.cc:1120] Creating TensorFlow device (/device:GPU:0) -> (device: 0, name: Tesla K80, pci bus id: 0000:04:00.0, compute capability: 3.7)
2018-05-15 19:29:11.394199: I tensorflow/core/common_runtime/gpu/gpu_device.cc:1120] Creating TensorFlow device (/device:GPU:0) -> (device: 0, name: Tesla K80, pci bus id: 0000:04:00.0, compute capability: 3.7)
2018-05-15 19:32:47.082740: I tensorflow/core/common_runtime/gpu/gpu_device.cc:1120] Creating TensorFlow device (/device:GPU:0) -> (device: 0, name: Tesla K80, pci bus id: 0000:04:00.0, compute capability: 3.7)
2018-05-15 19:36:19.200827: I tensorflow/core/common_runtime/gpu/gpu_device.cc:1120] Creating TensorFlow device (/device:GPU:0) -> (device: 0, name: Tesla K80, pci bus id: 0000:04:00.0, compute capability: 3.7)
2018-05-15 19:39:49.535407: I tensorflow/core/common_runtime/gpu/gpu_device.cc:1120] Creating TensorFlow device (/device:GPU:0) -> (device: 0, name: Tesla K80, pci bus id: 0000:04:00.0, compute capability: 3.7)
2018-05-15 19:43:24.602226: I tensorflow/core/common_runtime/gpu/gpu_device.cc:1120] Creating TensorFlow device (/device:GPU:0) -> (device: 0, name: Tesla K80, pci bus id: 0000:04:00.0, compute capability: 3.7)
2018-05-15 19:46:57.305206: I tensorflow/core/common_runtime/gpu/gpu_device.cc:1120] Creating TensorFlow device (/device:GPU:0) -> (device: 0, name: Tesla K80, pci bus id: 0000:04:00.0, compute capability: 3.7)
2018-05-15 19:50:30.412686: I tensorflow/core/common_runtime/gpu/gpu_device.cc:1120] Creating TensorFlow device (/device:GPU:0) -> (device: 0, name: Tesla K80, pci bus id: 0000:04:00.0, compute capability: 3.7)
2018-05-15 19:54:02.765319: I tensorflow/core/common_runtime/gpu/gpu_device.cc:1120] Creating TensorFlow device (/device:GPU:0) -> (device: 0, name: Tesla K80, pci bus id: 0000:04:00.0, compute capability: 3.7)
2018-05-15 19:57:36.544571: I tensorflow/core/common_runtime/gpu/gpu_device.cc:1120] Creating TensorFlow device (/device:GPU:0) -> (device: 0, name: Tesla K80, pci bus id: 0000:04:00.0, compute capability: 3.7)
2018-05-15 20:01:08.797122: I tensorflow/core/common_runtime/gpu/gpu_device.cc:1120] Creating TensorFlow device (/device:GPU:0) -> (device: 0, name: Tesla K80, pci bus id: 0000:04:00.0, compute capability: 3.7)
2018-05-15 20:04:43.020675: I tensorflow/core/common_runtime/gpu/gpu_device.cc:1120] Creating TensorFlow device (/device:GPU:0) -> (device: 0, name: Tesla K80, pci bus id: 0000:04:00.0, compute capability: 3.7)
2018-05-15 20:08:18.628927: I tensorflow/core/common_runtime/gpu/gpu_device.cc:1120] Creating TensorFlow device (/device:GPU:0) -> (device: 0, name: Tesla K80, pci bus id: 0000:04:00.0, compute capability: 3.7)
2018-05-15 20:11:52.613316: I tensorflow/core/common_runtime/gpu/gpu_device.cc:1120] Creating TensorFlow device (/device:GPU:0) -> (device: 0, name: Tesla K80, pci bus id: 0000:04:00.0, compute capability: 3.7)
2018-05-15 20:15:23.201678: I tensorflow/core/common_runtime/gpu/gpu_device.cc:1120] Creating TensorFlow device (/device:GPU:0) -> (device: 0, name: Tesla K80, pci bus id: 0000:04:00.0, compute capability: 3.7)
2018-05-15 20:18:58.894142: I tensorflow/core/common_runtime/gpu/gpu_device.cc:1120] Creating TensorFlow device (/device:GPU:0) -> (device: 0, name: Tesla K80, pci bus id: 0000:04:00.0, compute capability: 3.7)
2018-05-15 20:22:33.141212: I tensorflow/core/common_runtime/gpu/gpu_device.cc:1120] Creating TensorFlow device (/device:GPU:0) -> (device: 0, name: Tesla K80, pci bus id: 0000:04:00.0, compute capability: 3.7)
2018-05-15 20:26:08.816605: I tensorflow/core/common_runtime/gpu/gpu_device.cc:1120] Creating TensorFlow device (/device:GPU:0) -> (device: 0, name: Tesla K80, pci bus id: 0000:04:00.0, compute capability: 3.7)
2018-05-15 20:29:38.212639: I tensorflow/core/common_runtime/gpu/gpu_device.cc:1120] Creating TensorFlow device (/device:GPU:0) -> (device: 0, name: Tesla K80, pci bus id: 0000:04:00.0, compute capability: 3.7)
2018-05-15 20:33:15.311355: I tensorflow/core/common_runtime/gpu/gpu_device.cc:1120] Creating TensorFlow device (/device:GPU:0) -> (device: 0, name: Tesla K80, pci bus id: 0000:04:00.0, compute capability: 3.7)
2018-05-15 20:36:50.833148: I tensorflow/core/common_runtime/gpu/gpu_device.cc:1120] Creating TensorFlow device (/device:GPU:0) -> (device: 0, name: Tesla K80, pci bus id: 0000:04:00.0, compute capability: 3.7)
2018-05-15 20:40:22.985734: I tensorflow/core/common_runtime/gpu/gpu_device.cc:1120] Creating TensorFlow device (/device:GPU:0) -> (device: 0, name: Tesla K80, pci bus id: 0000:04:00.0, compute capability: 3.7)
2018-05-15 20:43:52.214450: I tensorflow/core/common_runtime/gpu/gpu_device.cc:1120] Creating TensorFlow device (/device:GPU:0) -> (device: 0, name: Tesla K80, pci bus id: 0000:04:00.0, compute capability: 3.7)
2018-05-15 20:47:27.710251: I tensorflow/core/common_runtime/gpu/gpu_device.cc:1120] Creating TensorFlow device (/device:GPU:0) -> (device: 0, name: Tesla K80, pci bus id: 0000:04:00.0, compute capability: 3.7)
2018-05-15 20:51:00.433939: I tensorflow/core/common_runtime/gpu/gpu_device.cc:1120] Creating TensorFlow device (/device:GPU:0) -> (device: 0, name: Tesla K80, pci bus id: 0000:04:00.0, compute capability: 3.7)
2018-05-15 20:54:33.431049: I tensorflow/core/common_runtime/gpu/gpu_device.cc:1120] Creating TensorFlow device (/device:GPU:0) -> (device: 0, name: Tesla K80, pci bus id: 0000:04:00.0, compute capability: 3.7)
2018-05-15 20:58:06.661941: I tensorflow/core/common_runtime/gpu/gpu_device.cc:1120] Creating TensorFlow device (/device:GPU:0) -> (device: 0, name: Tesla K80, pci bus id: 0000:04:00.0, compute capability: 3.7)
2018-05-15 21:01:41.197701: I tensorflow/core/common_runtime/gpu/gpu_device.cc:1120] Creating TensorFlow device (/device:GPU:0) -> (device: 0, name: Tesla K80, pci bus id: 0000:04:00.0, compute capability: 3.7)
2018-05-15 21:05:13.028720: I tensorflow/core/common_runtime/gpu/gpu_device.cc:1120] Creating TensorFlow device (/device:GPU:0) -> (device: 0, name: Tesla K80, pci bus id: 0000:04:00.0, compute capability: 3.7)
2018-05-15 21:08:47.490470: I tensorflow/core/common_runtime/gpu/gpu_device.cc:1120] Creating TensorFlow device (/device:GPU:0) -> (device: 0, name: Tesla K80, pci bus id: 0000:04:00.0, compute capability: 3.7)
2018-05-15 21:12:23.181755: I tensorflow/core/common_runtime/gpu/gpu_device.cc:1120] Creating TensorFlow device (/device:GPU:0) -> (device: 0, name: Tesla K80, pci bus id: 0000:04:00.0, compute capability: 3.7)
2018-05-15 21:15:56.384183: I tensorflow/core/common_runtime/gpu/gpu_device.cc:1120] Creating TensorFlow device (/device:GPU:0) -> (device: 0, name: Tesla K80, pci bus id: 0000:04:00.0, compute capability: 3.7)
2018-05-15 21:19:27.188264: I tensorflow/core/common_runtime/gpu/gpu_device.cc:1120] Creating TensorFlow device (/device:GPU:0) -> (device: 0, name: Tesla K80, pci bus id: 0000:04:00.0, compute capability: 3.7)
2018-05-15 21:23:03.243121: I tensorflow/core/common_runtime/gpu/gpu_device.cc:1120] Creating TensorFlow device (/device:GPU:0) -> (device: 0, name: Tesla K80, pci bus id: 0000:04:00.0, compute capability: 3.7)
2018-05-15 21:26:37.831031: I tensorflow/core/common_runtime/gpu/gpu_device.cc:1120] Creating TensorFlow device (/device:GPU:0) -> (device: 0, name: Tesla K80, pci bus id: 0000:04:00.0, compute capability: 3.7)
2018-05-15 21:30:14.587864: I tensorflow/core/common_runtime/gpu/gpu_device.cc:1120] Creating TensorFlow device (/device:GPU:0) -> (device: 0, name: Tesla K80, pci bus id: 0000:04:00.0, compute capability: 3.7)
2018-05-15 21:33:44.053839: I tensorflow/core/common_runtime/gpu/gpu_device.cc:1120] Creating TensorFlow device (/device:GPU:0) -> (device: 0, name: Tesla K80, pci bus id: 0000:04:00.0, compute capability: 3.7)
2018-05-15 21:37:20.580460: I tensorflow/core/common_runtime/gpu/gpu_device.cc:1120] Creating TensorFlow device (/device:GPU:0) -> (device: 0, name: Tesla K80, pci bus id: 0000:04:00.0, compute capability: 3.7)
2018-05-15 21:40:56.178055: I tensorflow/core/common_runtime/gpu/gpu_device.cc:1120] Creating TensorFlow device (/device:GPU:0) -> (device: 0, name: Tesla K80, pci bus id: 0000:04:00.0, compute capability: 3.7)
2018-05-15 21:44:29.338445: I tensorflow/core/common_runtime/gpu/gpu_device.cc:1120] Creating TensorFlow device (/device:GPU:0) -> (device: 0, name: Tesla K80, pci bus id: 0000:04:00.0, compute capability: 3.7)
/home/albheim/.conda/envs/test/lib/python3.6/site-packages/h5py/__init__.py:36: FutureWarning: Conversion of the second argument of issubdtype from `float` to `np.floating` is deprecated. In future, it will be treated as `np.float64 == np.dtype(float).type`.
  from ._conv import register_converters as _register_converters
Using TensorFlow backend.
[name: "/device:CPU:0"
device_type: "CPU"
memory_limit: 268435456
locality {
}
incarnation: 2469097783325641391
, name: "/device:GPU:0"
device_type: "GPU"
memory_limit: 11325135258
locality {
  bus_id: 1
}
incarnation: 8753027966139512739
physical_device_desc: "device: 0, name: Tesla K80, pci bus id: 0000:04:00.0, compute capability: 3.7"
]
loading:  Subj01_CleanData_study_FA
loading:  Subj01_CleanData_study_LM
loading:  Subj01_CleanData_study_OB
loading:  Subj02_CleanData_study_FA
loading:  Subj02_CleanData_study_LM
loading:  Subj02_CleanData_study_OB
loading:  Subj03_CleanData_study_FA
loading:  Subj03_CleanData_study_LM
loading:  Subj03_CleanData_study_OB
loading:  Subj04_CleanData_study_FA
loading:  Subj04_CleanData_study_LM
loading:  Subj04_CleanData_study_OB
loading:  Subj05_CleanData_study_FA
loading:  Subj05_CleanData_study_LM
loading:  Subj05_CleanData_study_OB
loading:  Subj06_CleanData_study_FA
loading:  Subj06_CleanData_study_LM
loading:  Subj06_CleanData_study_OB
loading:  Subj07_CleanData_study_FA
loading:  Subj07_CleanData_study_LM
loading:  Subj07_CleanData_study_OB
loading:  Subj08_CleanData_study_FA
loading:  Subj08_CleanData_study_LM
loading:  Subj08_CleanData_study_OB
loading:  Subj09_CleanData_study_FA
loading:  Subj09_CleanData_study_LM
loading:  Subj09_CleanData_study_OB
loading:  Subj11_CleanData_study_FA
loading:  Subj11_CleanData_study_LM
loading:  Subj11_CleanData_study_OB
loading:  Subj12_CleanData_study_FA
loading:  Subj12_CleanData_study_LM
loading:  Subj12_CleanData_study_OB
loading:  Subj13_CleanData_study_FA
loading:  Subj13_CleanData_study_LM
loading:  Subj13_CleanData_study_OB
loading:  Subj14_CleanData_study_FA
loading:  Subj14_CleanData_study_LM
loading:  Subj14_CleanData_study_OB
loading:  Subj15_CleanData_study_FA
loading:  Subj15_CleanData_study_LM
loading:  Subj15_CleanData_study_OB
loading:  Subj16_CleanData_study_FA
loading:  Subj16_CleanData_study_LM
loading:  Subj16_CleanData_study_OB
loading:  Subj17_CleanData_study_FA
loading:  Subj17_CleanData_study_LM
loading:  Subj17_CleanData_study_OB
loading:  Subj18_CleanData_study_FA
loading:  Subj18_CleanData_study_LM
loading:  Subj18_CleanData_study_OB
loading:  Subj19_CleanData_study_FA
loading:  Subj19_CleanData_study_LM
loading:  Subj19_CleanData_study_OB
loading:  Subj01_CleanData_test_FA_visual
loading:  Subj01_CleanData_test_LM_visual
loading:  Subj01_CleanData_test_OB_visual
loading:  Subj02_CleanData_test_FA_visual
loading:  Subj02_CleanData_test_LM_visual
loading:  Subj02_CleanData_test_OB_visual
loading:  Subj03_CleanData_test_FA_visual
loading:  Subj03_CleanData_test_LM_visual
loading:  Subj03_CleanData_test_OB_visual
loading:  Subj04_CleanData_test_FA_visual
loading:  Subj04_CleanData_test_LM_visual
loading:  Subj04_CleanData_test_OB_visual
loading:  Subj05_CleanData_test_FA_visual
loading:  Subj05_CleanData_test_LM_visual
loading:  Subj05_CleanData_test_OB_visual
loading:  Subj06_CleanData_test_FA_visual
loading:  Subj06_CleanData_test_LM_visual
loading:  Subj06_CleanData_test_OB_visual
loading:  Subj07_CleanData_test_FA_visual
loading:  Subj07_CleanData_test_LM_visual
loading:  Subj07_CleanData_test_OB_visual
loading:  Subj08_CleanData_test_FA_visual
loading:  Subj08_CleanData_test_LM_visual
loading:  Subj08_CleanData_test_OB_visual
loading:  Subj09_CleanData_test_FA_visual
loading:  Subj09_CleanData_test_LM_visual
loading:  Subj09_CleanData_test_OB_visual
loading:  Subj11_CleanData_test_FA_visual
loading:  Subj11_CleanData_test_LM_visual
loading:  Subj11_CleanData_test_OB_visual
loading:  Subj12_CleanData_test_FA_visual
loading:  Subj12_CleanData_test_LM_visual
loading:  Subj12_CleanData_test_OB_visual
loading:  Subj13_CleanData_test_FA_visual
loading:  Subj13_CleanData_test_LM_visual
loading:  Subj13_CleanData_test_OB_visual
loading:  Subj14_CleanData_test_FA_visual
loading:  Subj14_CleanData_test_LM_visual
loading:  Subj14_CleanData_test_OB_visual
loading:  Subj15_CleanData_test_FA_visual
loading:  Subj15_CleanData_test_LM_visual
loading:  Subj15_CleanData_test_OB_visual
loading:  Subj16_CleanData_test_FA_visual
loading:  Subj16_CleanData_test_LM_visual
loading:  Subj16_CleanData_test_OB_visual
loading:  Subj17_CleanData_test_FA_visual
loading:  Subj17_CleanData_test_LM_visual
loading:  Subj17_CleanData_test_OB_visual
loading:  Subj18_CleanData_test_FA_visual
loading:  Subj18_CleanData_test_LM_visual
loading:  Subj18_CleanData_test_OB_visual
loading:  Subj19_CleanData_test_FA_visual
loading:  Subj19_CleanData_test_LM_visual
loading:  Subj19_CleanData_test_OB_visual
(185, 768, 31) (90, 768, 31)
_________________________________________________________________
Layer (type)                 Output Shape              Param #   
=================================================================
input_1 (InputLayer)         (None, 768, 31)           0         
_________________________________________________________________
conv1d_1 (Conv1D)            (None, 768, 30)           59550     
_________________________________________________________________
batch_normalization_1 (Batch (None, 768, 30)           120       
_________________________________________________________________
elu_1 (ELU)                  (None, 768, 30)           0         
_________________________________________________________________
average_pooling1d_1 (Average (None, 384, 30)           0         
_________________________________________________________________
dropout_1 (Dropout)          (None, 384, 30)           0         
_________________________________________________________________
conv1d_2 (Conv1D)            (None, 384, 15)           14415     
_________________________________________________________________
batch_normalization_2 (Batch (None, 384, 15)           60        
_________________________________________________________________
elu_2 (ELU)                  (None, 384, 15)           0         
_________________________________________________________________
average_pooling1d_2 (Average (None, 192, 15)           0         
_________________________________________________________________
dropout_2 (Dropout)          (None, 192, 15)           0         
_________________________________________________________________
conv1d_3 (Conv1D)            (None, 192, 10)           2410      
_________________________________________________________________
batch_normalization_3 (Batch (None, 192, 10)           40        
_________________________________________________________________
elu_3 (ELU)                  (None, 192, 10)           0         
_________________________________________________________________
average_pooling1d_3 (Average (None, 96, 10)            0         
_________________________________________________________________
dropout_3 (Dropout)          (None, 96, 10)            0         
_________________________________________________________________
flatten_1 (Flatten)          (None, 960)               0         
_________________________________________________________________
dense_1 (Dense)              (None, 15)                14415     
_________________________________________________________________
batch_normalization_4 (Batch (None, 15)                60        
_________________________________________________________________
activation_1 (Activation)    (None, 15)                0         
_________________________________________________________________
dense_2 (Dense)              (None, 3)                 48        
=================================================================
Total params: 91,118
Trainable params: 90,978
Non-trainable params: 140
_________________________________________________________________
(64, 31, 30)
(64, 31, 30)
(64, 31, 30)
(64, 31, 30)
(64, 31, 30)
(64, 31, 30)
(64, 31, 30)
(64, 31, 30)
(64, 31, 30)
(64, 31, 30)
subject 1, avg accuracy 0.8128654956817627/0.3155555575754907 over 10 splits
(64, 31, 30)
(64, 31, 30)
(64, 31, 30)
(64, 31, 30)
(64, 31, 30)
(64, 31, 30)
(64, 31, 30)
(64, 31, 30)
(64, 31, 30)
(64, 31, 30)
subject 2, avg accuracy 0.7865497171878815/0.42702702855741653 over 10 splits
(64, 31, 30)
(64, 31, 30)
(64, 31, 30)
(64, 31, 30)
(64, 31, 30)
(64, 31, 30)
(64, 31, 30)
(64, 31, 30)
(64, 31, 30)
(64, 31, 30)
subject 3, avg accuracy 0.8587719380855561/0.32461538461538464 over 10 splits
(64, 31, 30)
(64, 31, 30)
(64, 31, 30)
(64, 31, 30)
(64, 31, 30)
(64, 31, 30)
(64, 31, 30)
(64, 31, 30)
(64, 31, 30)
(64, 31, 30)
subject 4, avg accuracy 0.8315789520740509/0.39062500000000006 over 10 splits
(64, 31, 30)
(64, 31, 30)
(64, 31, 30)
(64, 31, 30)
(64, 31, 30)
(64, 31, 30)
(64, 31, 30)
(64, 31, 30)
(64, 31, 30)
(64, 31, 30)
subject 5, avg accuracy 0.8347953200340271/0.3238532117405616 over 10 splits
(64, 31, 30)
(64, 31, 30)
(64, 31, 30)
(64, 31, 30)
(64, 31, 30)
(64, 31, 30)
(64, 31, 30)
(64, 31, 30)
(64, 31, 30)
(64, 31, 30)
subject 6, avg accuracy 0.8049707651138306/0.3619834715177205 over 10 splits
(64, 31, 30)
(64, 31, 30)
(64, 31, 30)
(64, 31, 30)
(64, 31, 30)
(64, 31, 30)
(64, 31, 30)
(64, 31, 30)
(64, 31, 30)
(64, 31, 30)
subject 7, avg accuracy 0.8292397618293762/0.3011494244309678 over 10 splits
(64, 31, 30)
(64, 31, 30)
(64, 31, 30)
(64, 31, 30)
(64, 31, 30)
(64, 31, 30)
(64, 31, 30)
(64, 31, 30)
(64, 31, 30)
(64, 31, 30)
subject 8, avg accuracy 0.8000000059604645/0.3575221252652397 over 10 splits
(64, 31, 30)
(64, 31, 30)
(64, 31, 30)
(64, 31, 30)
(64, 31, 30)
(64, 31, 30)
(64, 31, 30)
(64, 31, 30)
(64, 31, 30)
(64, 31, 30)
subject 9, avg accuracy 0.860526317358017/0.3855421683515411 over 10 splits
(64, 31, 30)
(64, 31, 30)
(64, 31, 30)
(64, 31, 30)
(64, 31, 30)
(64, 31, 30)
(64, 31, 30)
(64, 31, 30)
(64, 31, 30)
(64, 31, 30)
subject 11, avg accuracy 0.8137426793575286/0.39591836734693875 over 10 splits
(64, 31, 30)
(64, 31, 30)
(64, 31, 30)
(64, 31, 30)
(64, 31, 30)
(64, 31, 30)
(64, 31, 30)
(64, 31, 30)
(64, 31, 30)
(64, 31, 30)
subject 12, avg accuracy 0.8105263113975525/0.31578947045301137 over 10 splits
(64, 31, 30)
(64, 31, 30)
(64, 31, 30)
(64, 31, 30)
(64, 31, 30)
(64, 31, 30)
(64, 31, 30)
(64, 31, 30)
(64, 31, 30)
(64, 31, 30)
subject 13, avg accuracy 0.8093567371368409/0.2743362836111172 over 10 splits
(64, 31, 30)
(64, 31, 30)
(64, 31, 30)
(64, 31, 30)
(64, 31, 30)
(64, 31, 30)
(64, 31, 30)
(64, 31, 30)
(64, 31, 30)
(64, 31, 30)
subject 14, avg accuracy 0.8381579041481018/0.4108108121398333 over 10 splits
(64, 31, 30)
(64, 31, 30)
(64, 31, 30)
(64, 31, 30)
(64, 31, 30)
(64, 31, 30)
(64, 31, 30)
(64, 31, 30)
(64, 31, 30)
(64, 31, 30)
subject 15, avg accuracy 0.8119883000850677/0.3392000011086464 over 10 splits
(64, 31, 30)
(64, 31, 30)
(64, 31, 30)
(64, 31, 30)
(64, 31, 30)
(64, 31, 30)
(64, 31, 30)
(64, 31, 30)
(64, 31, 30)
(64, 31, 30)
subject 16, avg accuracy 0.8028947353363037/0.3838709714912599 over 10 splits
(64, 31, 30)
(64, 31, 30)
(64, 31, 30)
(64, 31, 30)
(64, 31, 30)
(64, 31, 30)
(64, 31, 30)
(64, 31, 30)
(64, 31, 30)
(64, 31, 30)
subject 17, avg accuracy 0.8105263233184814/0.3044117647058823 over 10 splits
(64, 31, 30)
(64, 31, 30)
(64, 31, 30)
(64, 31, 30)
(64, 31, 30)
(64, 31, 30)
(64, 31, 30)
(64, 31, 30)
(64, 31, 30)
(64, 31, 30)
subject 18, avg accuracy 0.8330409407615662/0.30285714362348837 over 10 splits
(64, 31, 30)
(64, 31, 30)
(64, 31, 30)
(64, 31, 30)
(64, 31, 30)
(64, 31, 30)
(64, 31, 30)
(64, 31, 30)
(64, 31, 30)
(64, 31, 30)
subject 19, avg accuracy 0.8175438582897187/0.29340659339021846 over 10 splits
avg accuracy over all subjects 0.8203931146197849/0.3449152655513733
(64, 31, 30)
(64, 31, 30)
(64, 31, 30)
(64, 31, 30)
(64, 31, 30)
(64, 31, 30)
(64, 31, 30)
(64, 31, 30)
(64, 31, 30)
(64, 31, 30)
subject 1, avg accuracy 0.7915204584598541/0.3133333352870411 over 10 splits
(64, 31, 30)
(64, 31, 30)
(64, 31, 30)
(64, 31, 30)
(64, 31, 30)
(64, 31, 30)
(64, 31, 30)
(64, 31, 30)
(64, 31, 30)
(64, 31, 30)
subject 2, avg accuracy 0.7915204644203186/0.45810810851084227 over 10 splits
(64, 31, 30)
(64, 31, 30)
(64, 31, 30)
(64, 31, 30)
(64, 31, 30)
(64, 31, 30)
(64, 31, 30)
(64, 31, 30)
(64, 31, 30)
(64, 31, 30)
subject 3, avg accuracy 0.8707602322101593/0.3453846153846154 over 10 splits
(64, 31, 30)
(64, 31, 30)
(64, 31, 30)
(64, 31, 30)
(64, 31, 30)
(64, 31, 30)
(64, 31, 30)
(64, 31, 30)
(64, 31, 30)
(64, 31, 30)
subject 4, avg accuracy 0.8707602262496948/0.4010416666666667 over 10 splits
(64, 31, 30)
(64, 31, 30)
(64, 31, 30)
(64, 31, 30)
(64, 31, 30)
(64, 31, 30)
(64, 31, 30)
(64, 31, 30)
(64, 31, 30)
(64, 31, 30)
subject 5, avg accuracy 0.8719298243522644/0.3229357806094196 over 10 splits
(64, 31, 30)
(64, 31, 30)
(64, 31, 30)
(64, 31, 30)
(64, 31, 30)
(64, 31, 30)
(64, 31, 30)
(64, 31, 30)
(64, 31, 30)
(64, 31, 30)
subject 6, avg accuracy 0.7988304138183594/0.33636363652373147 over 10 splits
(64, 31, 30)
(64, 31, 30)
(64, 31, 30)
(64, 31, 30)
(64, 31, 30)
(64, 31, 30)
(64, 31, 30)
(64, 31, 30)
(64, 31, 30)
(64, 31, 30)
subject 7, avg accuracy 0.830701756477356/0.2827586201330026 over 10 splits
(64, 31, 30)
(64, 31, 30)
(64, 31, 30)
(64, 31, 30)
(64, 31, 30)
(64, 31, 30)
(64, 31, 30)
(64, 31, 30)
(64, 31, 30)
(64, 31, 30)
subject 8, avg accuracy 0.8368421137332916/0.3530973465569251 over 10 splits
(64, 31, 30)
(64, 31, 30)
(64, 31, 30)
(64, 31, 30)
(64, 31, 30)
(64, 31, 30)
(64, 31, 30)
(64, 31, 30)
(64, 31, 30)
(64, 31, 30)
subject 9, avg accuracy 0.8824561357498169/0.3734939746109836 over 10 splits
(64, 31, 30)
(64, 31, 30)
(64, 31, 30)
(64, 31, 30)
(64, 31, 30)
(64, 31, 30)
(64, 31, 30)
(64, 31, 30)
(64, 31, 30)
(64, 31, 30)
subject 11, avg accuracy 0.7701754331588745/0.3948979591836735 over 10 splits
(64, 31, 30)
(64, 31, 30)
(64, 31, 30)
(64, 31, 30)
(64, 31, 30)
(64, 31, 30)
(64, 31, 30)
(64, 31, 30)
(64, 31, 30)
(64, 31, 30)
subject 12, avg accuracy 0.8421052634716034/0.3094736815126319 over 10 splits
(64, 31, 30)
(64, 31, 30)
(64, 31, 30)
(64, 31, 30)
(64, 31, 30)
(64, 31, 30)
(64, 31, 30)
(64, 31, 30)
(64, 31, 30)
(64, 31, 30)
subject 13, avg accuracy 0.845321637392044/0.2858407086898795 over 10 splits
(64, 31, 30)
(64, 31, 30)
(64, 31, 30)
(64, 31, 30)
(64, 31, 30)
(64, 31, 30)
(64, 31, 30)
(64, 31, 30)
(64, 31, 30)
(64, 31, 30)
subject 14, avg accuracy 0.8115789592266083/0.41621621730359826 over 10 splits
(64, 31, 30)
(64, 31, 30)
(64, 31, 30)
(64, 31, 30)
(64, 31, 30)
(64, 31, 30)
(64, 31, 30)
(64, 31, 30)
(64, 31, 30)
(64, 31, 30)
subject 15, avg accuracy 0.8616959035396576/0.34879999927282335 over 10 splits
(64, 31, 30)
(64, 31, 30)
(64, 31, 30)
(64, 31, 30)
(64, 31, 30)
(64, 31, 30)
(64, 31, 30)
(64, 31, 30)
(64, 31, 30)
(64, 31, 30)
subject 16, avg accuracy 0.7923684239387512/0.3870967770776441 over 10 splits
(64, 31, 30)
(64, 31, 30)
(64, 31, 30)
(64, 31, 30)
(64, 31, 30)
(64, 31, 30)
(64, 31, 30)
(64, 31, 30)
(64, 31, 30)
(64, 31, 30)
subject 17, avg accuracy 0.8105263233184814/0.29558823529411765 over 10 splits
(64, 31, 30)
(64, 31, 30)
(64, 31, 30)
(64, 31, 30)
(64, 31, 30)
(64, 31, 30)
(64, 31, 30)
(64, 31, 30)
(64, 31, 30)
(64, 31, 30)
subject 18, avg accuracy 0.8257310032844544/0.3014285720671926 over 10 splits
(64, 31, 30)
(64, 31, 30)
(64, 31, 30)
(64, 31, 30)
(64, 31, 30)
(64, 31, 30)
(64, 31, 30)
(64, 31, 30)
(64, 31, 30)
(64, 31, 30)
subject 19, avg accuracy 0.8283625602722168/0.30109890167202263 over 10 splits
avg accuracy over all subjects 0.8296215073929892/0.3459421186864895
(64, 31, 30)
(64, 31, 30)
(64, 31, 30)
(64, 31, 30)
(64, 31, 30)
(64, 31, 30)
(64, 31, 30)
(64, 31, 30)
(64, 31, 30)
(64, 31, 30)
subject 1, avg accuracy 0.7736842095851898/0.3200000013576613 over 10 splits
(64, 31, 30)
(64, 31, 30)
(64, 31, 30)
(64, 31, 30)
(64, 31, 30)
(64, 31, 30)
(64, 31, 30)
(64, 31, 30)
(64, 31, 30)
(64, 31, 30)
subject 2, avg accuracy 0.7698830485343933/0.46486486526759896 over 10 splits
(64, 31, 30)
(64, 31, 30)
(64, 31, 30)
(64, 31, 30)
(64, 31, 30)
(64, 31, 30)
(64, 31, 30)
(64, 31, 30)
(64, 31, 30)
(64, 31, 30)
subject 3, avg accuracy 0.8602339267730713/0.3507692307692308 over 10 splits
(64, 31, 30)
(64, 31, 30)
(64, 31, 30)
(64, 31, 30)
(64, 31, 30)
(64, 31, 30)
(64, 31, 30)
(64, 31, 30)
(64, 31, 30)
(64, 31, 30)
subject 4, avg accuracy 0.8654970765113831/0.4083333333333334 over 10 splits
(64, 31, 30)
(64, 31, 30)
(64, 31, 30)
(64, 31, 30)
(64, 31, 30)
(64, 31, 30)
(64, 31, 30)
(64, 31, 30)
(64, 31, 30)
(64, 31, 30)
subject 5, avg accuracy 0.856725150346756/0.33211009238564637 over 10 splits
(64, 31, 30)
(64, 31, 30)
(64, 31, 30)
(64, 31, 30)
(64, 31, 30)
(64, 31, 30)
(64, 31, 30)
(64, 31, 30)
(64, 31, 30)
(64, 31, 30)
subject 6, avg accuracy 0.7660818755626678/0.3487603316376032 over 10 splits
(64, 31, 30)
(64, 31, 30)
(64, 31, 30)
(64, 31, 30)
(64, 31, 30)
(64, 31, 30)
(64, 31, 30)
(64, 31, 30)
(64, 31, 30)
(64, 31, 30)
subject 7, avg accuracy 0.8295321643352509/0.2885057466554231 over 10 splits
(64, 31, 30)
(64, 31, 30)
(64, 31, 30)
(64, 31, 30)
(64, 31, 30)
(64, 31, 30)
(64, 31, 30)
(64, 31, 30)
(64, 31, 30)
(64, 31, 30)
subject 8, avg accuracy 0.8631578922271729/0.3522123911475713 over 10 splits
(64, 31, 30)
(64, 31, 30)
(64, 31, 30)
(64, 31, 30)
(64, 31, 30)
(64, 31, 30)
(64, 31, 30)
(64, 31, 30)
(64, 31, 30)
(64, 31, 30)
subject 9, avg accuracy 0.8225146234035492/0.3542168681880078 over 10 splits
(64, 31, 30)
(64, 31, 30)
(64, 31, 30)
(64, 31, 30)
(64, 31, 30)
(64, 31, 30)
(64, 31, 30)
(64, 31, 30)
(64, 31, 30)
(64, 31, 30)
subject 11, avg accuracy 0.7646198868751526/0.4153061224489796 over 10 splits
(64, 31, 30)
(64, 31, 30)
(64, 31, 30)
(64, 31, 30)
(64, 31, 30)
(64, 31, 30)
(64, 31, 30)
(64, 31, 30)
(64, 31, 30)
(64, 31, 30)
subject 12, avg accuracy 0.8368421018123626/0.3252631547262794 over 10 splits
(64, 31, 30)
(64, 31, 30)
(64, 31, 30)
(64, 31, 30)
(64, 31, 30)
(64, 31, 30)
(64, 31, 30)
(64, 31, 30)
(64, 31, 30)
(64, 31, 30)
subject 13, avg accuracy 0.8198830366134644/0.2814159298727734 over 10 splits
(64, 31, 30)
(64, 31, 30)
(64, 31, 30)
(64, 31, 30)
(64, 31, 30)
(64, 31, 30)
(64, 31, 30)
(64, 31, 30)
(64, 31, 30)
(64, 31, 30)
subject 14, avg accuracy 0.8328947424888611/0.4013513526401004 over 10 splits
(64, 31, 30)
(64, 31, 30)
(64, 31, 30)
(64, 31, 30)
(64, 31, 30)
(64, 31, 30)
(64, 31, 30)
(64, 31, 30)
(64, 31, 30)
(64, 31, 30)
subject 15, avg accuracy 0.8456140398979187/0.3527999997258186 over 10 splits
(64, 31, 30)
(64, 31, 30)
(64, 31, 30)
(64, 31, 30)
(64, 31, 30)
(64, 31, 30)
(64, 31, 30)
(64, 31, 30)
(64, 31, 30)
(64, 31, 30)
subject 16, avg accuracy 0.7971052587032318/0.3870967768853711 over 10 splits
(64, 31, 30)
(64, 31, 30)
(64, 31, 30)
(64, 31, 30)
(64, 31, 30)
(64, 31, 30)
(64, 31, 30)
(64, 31, 30)
(64, 31, 30)
(64, 31, 30)
subject 17, avg accuracy 0.8421052634716034/0.31617647058823534 over 10 splits
(64, 31, 30)
(64, 31, 30)
(64, 31, 30)
(64, 31, 30)
(64, 31, 30)
(64, 31, 30)
(64, 31, 30)
(64, 31, 30)
(64, 31, 30)
(64, 31, 30)
subject 18, avg accuracy 0.8643274784088135/0.3214285717691694 over 10 splits
(64, 31, 30)
(64, 31, 30)
(64, 31, 30)
(64, 31, 30)
(64, 31, 30)
(64, 31, 30)
(64, 31, 30)
(64, 31, 30)
(64, 31, 30)
(64, 31, 30)
subject 19, avg accuracy 0.8067251443862915/0.323076923093298 over 10 splits
avg accuracy over all subjects 0.8231903844409519/0.3524271201384501
(64, 31, 30)
(64, 31, 30)
(64, 31, 30)
(64, 31, 30)
(64, 31, 30)
(64, 31, 30)
(64, 31, 30)
(64, 31, 30)
(64, 31, 30)
(64, 31, 30)
subject 1, avg accuracy 0.7941520512104034/0.31777778016196356 over 10 splits
(64, 31, 30)
(64, 31, 30)
(64, 31, 30)
(64, 31, 30)
(64, 31, 30)
(64, 31, 30)
(64, 31, 30)
(64, 31, 30)
(64, 31, 30)
(64, 31, 30)
subject 2, avg accuracy 0.813450288772583/0.4378378387238529 over 10 splits
(64, 31, 30)
(64, 31, 30)
(64, 31, 30)
(64, 31, 30)
(64, 31, 30)
(64, 31, 30)
(64, 31, 30)
(64, 31, 30)
(64, 31, 30)
(64, 31, 30)
subject 3, avg accuracy 0.8821637332439423/0.34692307692307695 over 10 splits
(64, 31, 30)
(64, 31, 30)
(64, 31, 30)
(64, 31, 30)
(64, 31, 30)
(64, 31, 30)
(64, 31, 30)
(64, 31, 30)
(64, 31, 30)
(64, 31, 30)
subject 4, avg accuracy 0.8657894670963288/0.4072916666666666 over 10 splits
(64, 31, 30)
(64, 31, 30)
(64, 31, 30)
(64, 31, 30)
(64, 31, 30)
(64, 31, 30)
(64, 31, 30)
(64, 31, 30)
(64, 31, 30)
(64, 31, 30)
subject 5, avg accuracy 0.8505847990512848/0.32385321154917046 over 10 splits
(64, 31, 30)
(64, 31, 30)
(64, 31, 30)
(64, 31, 30)
(64, 31, 30)
(64, 31, 30)
(64, 31, 30)
(64, 31, 30)
(64, 31, 30)
(64, 31, 30)
subject 6, avg accuracy 0.7929824590682983/0.3305785128154045 over 10 splits
(64, 31, 30)
(64, 31, 30)
(64, 31, 30)
(64, 31, 30)
(64, 31, 30)
(64, 31, 30)
(64, 31, 30)
(64, 31, 30)
(64, 31, 30)
(64, 31, 30)
subject 7, avg accuracy 0.8032163739204407/0.29540229790854733 over 10 splits
(64, 31, 30)
(64, 31, 30)
(64, 31, 30)
(64, 31, 30)
(64, 31, 30)
(64, 31, 30)
(64, 31, 30)
(64, 31, 30)
(64, 31, 30)
(64, 31, 30)
subject 8, avg accuracy 0.8105263233184814/0.3584070811493207 over 10 splits
(64, 31, 30)
(64, 31, 30)
(64, 31, 30)
(64, 31, 30)
(64, 31, 30)
(64, 31, 30)
(64, 31, 30)
(64, 31, 30)
(64, 31, 30)
(64, 31, 30)
subject 9, avg accuracy 0.8769005835056305/0.35542168620839176 over 10 splits
(64, 31, 30)
(64, 31, 30)
(64, 31, 30)
(64, 31, 30)
(64, 31, 30)
(64, 31, 30)
(64, 31, 30)
(64, 31, 30)
(64, 31, 30)
(64, 31, 30)
subject 11, avg accuracy 0.8137426912784577/0.3959183673469388 over 10 splits
(64, 31, 30)
(64, 31, 30)
(64, 31, 30)
(64, 31, 30)
(64, 31, 30)
(64, 31, 30)
(64, 31, 30)
(64, 31, 30)
(64, 31, 30)
(64, 31, 30)
subject 12, avg accuracy 0.8105263233184814/0.3221052602090334 over 10 splits
(64, 31, 30)
(64, 31, 30)
(64, 31, 30)
(64, 31, 30)
(64, 31, 30)
(64, 31, 30)
(64, 31, 30)
(64, 31, 30)
(64, 31, 30)
(64, 31, 30)
subject 13, avg accuracy 0.7713450193405151/0.2823008853810287 over 10 splits
(64, 31, 30)
(64, 31, 30)
(64, 31, 30)
(64, 31, 30)
(64, 31, 30)
(64, 31, 30)
(64, 31, 30)
(64, 31, 30)
(64, 31, 30)
(64, 31, 30)
subject 14, avg accuracy 0.8215789496898651/0.4094594603857479 over 10 splits
(64, 31, 30)
(64, 31, 30)
(64, 31, 30)
(64, 31, 30)
(64, 31, 30)
(64, 31, 30)
(64, 31, 30)
(64, 31, 30)
(64, 31, 30)
(64, 31, 30)
subject 15, avg accuracy 0.7900584757328033/0.3704000003933906 over 10 splits
(64, 31, 30)
(64, 31, 30)
(64, 31, 30)
(64, 31, 30)
(64, 31, 30)
(64, 31, 30)
(64, 31, 30)
(64, 31, 30)
(64, 31, 30)
(64, 31, 30)
subject 16, avg accuracy 0.7868421077728271/0.3887096812648158 over 10 splits
(64, 31, 30)
(64, 31, 30)
(64, 31, 30)
(64, 31, 30)
(64, 31, 30)
(64, 31, 30)
(64, 31, 30)
(64, 31, 30)
(64, 31, 30)
(64, 31, 30)
subject 17, avg accuracy 0.8368421077728272/0.3161764705882353 over 10 splits
(64, 31, 30)
(64, 31, 30)
(64, 31, 30)
(64, 31, 30)
(64, 31, 30)
(64, 31, 30)
(64, 31, 30)
(64, 31, 30)
(64, 31, 30)
(64, 31, 30)
subject 18, avg accuracy 0.8269005835056304/0.30285714341061454 over 10 splits
(64, 31, 30)
(64, 31, 30)
(64, 31, 30)
(64, 31, 30)
(64, 31, 30)
(64, 31, 30)
(64, 31, 30)
(64, 31, 30)
(64, 31, 30)
(64, 31, 30)
subject 19, avg accuracy 0.8502923965454101/0.3010989010989011 over 10 splits
avg accuracy over all subjects 0.8221052630080116/0.3479177401213945
(64, 31, 30)
(64, 31, 30)
(64, 31, 30)
(64, 31, 30)
(64, 31, 30)
(64, 31, 30)
(64, 31, 30)
(64, 31, 30)
(64, 31, 30)
(64, 31, 30)
subject 1, avg accuracy 0.7891812860965729/0.31444444679551664 over 10 splits
(64, 31, 30)
(64, 31, 30)
(64, 31, 30)
(64, 31, 30)
(64, 31, 30)
(64, 31, 30)
(64, 31, 30)
(64, 31, 30)
(64, 31, 30)
(64, 31, 30)
subject 2, avg accuracy 0.7801169693470001/0.45135135223736633 over 10 splits
(64, 31, 30)
(64, 31, 30)
(64, 31, 30)
(64, 31, 30)
(64, 31, 30)
(64, 31, 30)
(64, 31, 30)
(64, 31, 30)
(64, 31, 30)
(64, 31, 30)
subject 3, avg accuracy 0.9032163798809052/0.3423076923076923 over 10 splits
(64, 31, 30)
(64, 31, 30)
(64, 31, 30)
(64, 31, 30)
(64, 31, 30)
(64, 31, 30)
(64, 31, 30)
(64, 31, 30)
(64, 31, 30)
(64, 31, 30)
subject 4, avg accuracy 0.858771926164627/0.4145833333333333 over 10 splits
(64, 31, 30)
(64, 31, 30)
(64, 31, 30)
(64, 31, 30)
(64, 31, 30)
(64, 31, 30)
(64, 31, 30)
(64, 31, 30)
(64, 31, 30)
(64, 31, 30)
subject 5, avg accuracy 0.8599415242671966/0.33669724858818795 over 10 splits
(64, 31, 30)
(64, 31, 30)
(64, 31, 30)
(64, 31, 30)
(64, 31, 30)
(64, 31, 30)
(64, 31, 30)
(64, 31, 30)
(64, 31, 30)
(64, 31, 30)
subject 6, avg accuracy 0.7833333283662796/0.3347107441957332 over 10 splits
(64, 31, 30)
(64, 31, 30)
(64, 31, 30)
(64, 31, 30)
(64, 31, 30)
(64, 31, 30)
(64, 31, 30)
(64, 31, 30)
(64, 31, 30)
(64, 31, 30)
subject 7, avg accuracy 0.8035087764263154/0.2885057461501538 over 10 splits
(64, 31, 30)
(64, 31, 30)
(64, 31, 30)
(64, 31, 30)
(64, 31, 30)
(64, 31, 30)
(64, 31, 30)
(64, 31, 30)
(64, 31, 30)
(64, 31, 30)
subject 8, avg accuracy 0.8263157963752746/0.3592920367169169 over 10 splits
(64, 31, 30)
(64, 31, 30)
(64, 31, 30)
(64, 31, 30)
(64, 31, 30)
(64, 31, 30)
(64, 31, 30)
(64, 31, 30)
(64, 31, 30)
(64, 31, 30)
subject 9, avg accuracy 0.8172514736652374/0.35421686772122446 over 10 splits
(64, 31, 30)
(64, 31, 30)
(64, 31, 30)
(64, 31, 30)
(64, 31, 30)
(64, 31, 30)
(64, 31, 30)
(64, 31, 30)
(64, 31, 30)
(64, 31, 30)
subject 11, avg accuracy 0.8064327478408814/0.4040816326530612 over 10 splits
(64, 31, 30)
(64, 31, 30)
(64, 31, 30)
(64, 31, 30)
(64, 31, 30)
(64, 31, 30)
(64, 31, 30)
(64, 31, 30)
(64, 31, 30)
(64, 31, 30)
subject 12, avg accuracy 0.8157894790172577/0.3063157864620811 over 10 splits
(64, 31, 30)
(64, 31, 30)
(64, 31, 30)
(64, 31, 30)
(64, 31, 30)
(64, 31, 30)
(64, 31, 30)
(64, 31, 30)
(64, 31, 30)
(64, 31, 30)
subject 13, avg accuracy 0.8292397677898407/0.3017699122264058 over 10 splits
(64, 31, 30)
(64, 31, 30)
(64, 31, 30)
(64, 31, 30)
(64, 31, 30)
(64, 31, 30)
(64, 31, 30)
(64, 31, 30)
(64, 31, 30)
(64, 31, 30)
subject 14, avg accuracy 0.8326315820217133/0.39189189293900045 over 10 splits
(64, 31, 30)
(64, 31, 30)
(64, 31, 30)
(64, 31, 30)
(64, 31, 30)
(64, 31, 30)
(64, 31, 30)
(64, 31, 30)
(64, 31, 30)
(64, 31, 30)
subject 15, avg accuracy 0.8280701816082001/0.35199999860525133 over 10 splits
(64, 31, 30)
(64, 31, 30)
(64, 31, 30)
(64, 31, 30)
(64, 31, 30)
(64, 31, 30)
(64, 31, 30)
(64, 31, 30)
(64, 31, 30)
(64, 31, 30)
subject 16, avg accuracy 0.7650000154972076/0.3870967780390094 over 10 splits
(64, 31, 30)
(64, 31, 30)
(64, 31, 30)
(64, 31, 30)
(64, 31, 30)
(64, 31, 30)
(64, 31, 30)
(64, 31, 30)
(64, 31, 30)
(64, 31, 30)
subject 17, avg accuracy 0.8421052694320679/0.32794117647058824 over 10 splits
(64, 31, 30)
(64, 31, 30)
(64, 31, 30)
(64, 31, 30)
(64, 31, 30)
(64, 31, 30)
(64, 31, 30)
(64, 31, 30)
(64, 31, 30)
(64, 31, 30)
subject 18, avg accuracy 0.7994152069091797/0.3271428574408804 over 10 splits
(64, 31, 30)
(64, 31, 30)
(64, 31, 30)
(64, 31, 30)
(64, 31, 30)
(64, 31, 30)
(64, 31, 30)
(64, 31, 30)
(64, 31, 30)
(64, 31, 30)
subject 19, avg accuracy 0.8178362548351288/0.2999999995578776 over 10 splits
avg accuracy over all subjects 0.8198976647522715/0.3496860834689045
(64, 31, 30)
(64, 31, 30)
(64, 31, 30)
(64, 31, 30)
(64, 31, 30)
(64, 31, 30)
(64, 31, 30)
(64, 31, 30)
(64, 31, 30)
(64, 31, 30)
subject 1, avg accuracy 0.815497076511383/0.32555555883381104 over 10 splits
(64, 31, 30)
(64, 31, 30)
(64, 31, 30)
(64, 31, 30)
(64, 31, 30)
(64, 31, 30)
(64, 31, 30)
(64, 31, 30)
(64, 31, 30)
(64, 31, 30)
subject 2, avg accuracy 0.8289473593235016/0.46756756901741026 over 10 splits
(64, 31, 30)
(64, 31, 30)
(64, 31, 30)
(64, 31, 30)
(64, 31, 30)
(64, 31, 30)
(64, 31, 30)
(64, 31, 30)
(64, 31, 30)
(64, 31, 30)
subject 3, avg accuracy 0.8812865495681763/0.34307692307692317 over 10 splits
(64, 31, 30)
(64, 31, 30)
(64, 31, 30)
(64, 31, 30)
(64, 31, 30)
(64, 31, 30)
(64, 31, 30)
(64, 31, 30)
(64, 31, 30)
(64, 31, 30)
subject 4, avg accuracy 0.8543859601020813/0.4010416666666667 over 10 splits
(64, 31, 30)
(64, 31, 30)
(64, 31, 30)
(64, 31, 30)
(64, 31, 30)
(64, 31, 30)
(64, 31, 30)
(64, 31, 30)
(64, 31, 30)
(64, 31, 30)
subject 5, avg accuracy 0.866374272108078/0.330275230444626 over 10 splits
(64, 31, 30)
(64, 31, 30)
(64, 31, 30)
(64, 31, 30)
(64, 31, 30)
(64, 31, 30)
(64, 31, 30)
(64, 31, 30)
(64, 31, 30)
(64, 31, 30)
subject 6, avg accuracy 0.7546783566474915/0.33223140417051705 over 10 splits
(64, 31, 30)
(64, 31, 30)
(64, 31, 30)
(64, 31, 30)
(64, 31, 30)
(64, 31, 30)
(64, 31, 30)
(64, 31, 30)
(64, 31, 30)
(64, 31, 30)
subject 7, avg accuracy 0.8038011729717255/0.3160919530895249 over 10 splits
(64, 31, 30)
(64, 31, 30)
(64, 31, 30)
(64, 31, 30)
(64, 31, 30)
(64, 31, 30)
(64, 31, 30)
(64, 31, 30)
(64, 31, 30)
(64, 31, 30)
subject 8, avg accuracy 0.8263158023357391/0.3575221259509568 over 10 splits
(64, 31, 30)
(64, 31, 30)
(64, 31, 30)
(64, 31, 30)
(64, 31, 30)
(64, 31, 30)
(64, 31, 30)
(64, 31, 30)
(64, 31, 30)
(64, 31, 30)
subject 9, avg accuracy 0.8502923965454101/0.36506023934806686 over 10 splits
(64, 31, 30)
(64, 31, 30)
(64, 31, 30)
(64, 31, 30)
(64, 31, 30)
(64, 31, 30)
(64, 31, 30)
(64, 31, 30)
(64, 31, 30)
(64, 31, 30)
subject 11, avg accuracy 0.818421047925949/0.40306122448979587 over 10 splits
(64, 31, 30)
(64, 31, 30)
(64, 31, 30)
(64, 31, 30)
(64, 31, 30)
(64, 31, 30)
(64, 31, 30)
(64, 31, 30)
(64, 31, 30)
(64, 31, 30)
subject 12, avg accuracy 0.8473684191703796/0.3168421020947005 over 10 splits
(64, 31, 30)
(64, 31, 30)
(64, 31, 30)
(64, 31, 30)
(64, 31, 30)
(64, 31, 30)
(64, 31, 30)
(64, 31, 30)
(64, 31, 30)
(64, 31, 30)
subject 13, avg accuracy 0.8409356772899628/0.2840707967173209 over 10 splits
(64, 31, 30)
(64, 31, 30)
(64, 31, 30)
(64, 31, 30)
(64, 31, 30)
(64, 31, 30)
(64, 31, 30)
(64, 31, 30)
(64, 31, 30)
(64, 31, 30)
subject 14, avg accuracy 0.8213157951831818/0.41216216316899734 over 10 splits
(64, 31, 30)
(64, 31, 30)
(64, 31, 30)
(64, 31, 30)
(64, 31, 30)
(64, 31, 30)
(64, 31, 30)
(64, 31, 30)
(64, 31, 30)
(64, 31, 30)
subject 15, avg accuracy 0.8894736766815186/0.3695999992847442 over 10 splits
(64, 31, 30)
(64, 31, 30)
(64, 31, 30)
(64, 31, 30)
(64, 31, 30)
(64, 31, 30)
(64, 31, 30)
(64, 31, 30)
(64, 31, 30)
(64, 31, 30)
subject 16, avg accuracy 0.8065789580345154/0.37741936022235506 over 10 splits
(64, 31, 30)
(64, 31, 30)
(64, 31, 30)
(64, 31, 30)
(64, 31, 30)
(64, 31, 30)
(64, 31, 30)
(64, 31, 30)
(64, 31, 30)
(64, 31, 30)
subject 17, avg accuracy 0.8263157963752746/0.30588235294117655 over 10 splits
(64, 31, 30)
(64, 31, 30)
(64, 31, 30)
(64, 31, 30)
(64, 31, 30)
(64, 31, 30)
(64, 31, 30)
(64, 31, 30)
(64, 31, 30)
(64, 31, 30)
subject 18, avg accuracy 0.8374269008636475/0.3085714289120266 over 10 splits
(64, 31, 30)
(64, 31, 30)
(64, 31, 30)
(64, 31, 30)
(64, 31, 30)
(64, 31, 30)
(64, 31, 30)
(64, 31, 30)
(64, 31, 30)
(64, 31, 30)
subject 19, avg accuracy 0.823099410533905/0.3109890102521403 over 10 splits
avg accuracy over all subjects 0.8329174793428844/0.35150117270454223
(64, 31, 30)
(64, 31, 30)
(64, 31, 30)
(64, 31, 30)
(64, 31, 30)
(64, 31, 30)
(64, 31, 30)
(64, 31, 30)
(64, 31, 30)
(64, 31, 30)
subject 1, avg accuracy 0.7941520512104034/0.3122222247554196 over 10 splits
(64, 31, 30)
(64, 31, 30)
(64, 31, 30)
(64, 31, 30)
(64, 31, 30)
(64, 31, 30)
(64, 31, 30)
(64, 31, 30)
(64, 31, 30)
(64, 31, 30)
subject 2, avg accuracy 0.8073099434375763/0.45270270310543675 over 10 splits
(64, 31, 30)
(64, 31, 30)
(64, 31, 30)
(64, 31, 30)
(64, 31, 30)
(64, 31, 30)
(64, 31, 30)
(64, 31, 30)
(64, 31, 30)
(64, 31, 30)
subject 3, avg accuracy 0.8757309913635254/0.36076923076923084 over 10 splits
(64, 31, 30)
(64, 31, 30)
(64, 31, 30)
(64, 31, 30)
(64, 31, 30)
(64, 31, 30)
(64, 31, 30)
(64, 31, 30)
(64, 31, 30)
(64, 31, 30)
subject 4, avg accuracy 0.8812865436077117/0.4020833333333334 over 10 splits
(64, 31, 30)
(64, 31, 30)
(64, 31, 30)
(64, 31, 30)
(64, 31, 30)
(64, 31, 30)
(64, 31, 30)
(64, 31, 30)
(64, 31, 30)
(64, 31, 30)
subject 5, avg accuracy 0.8549707651138305/0.33486238598413426 over 10 splits
(64, 31, 30)
(64, 31, 30)
(64, 31, 30)
(64, 31, 30)
(64, 31, 30)
(64, 31, 30)
(64, 31, 30)
(64, 31, 30)
(64, 31, 30)
(64, 31, 30)
subject 6, avg accuracy 0.776900589466095/0.34132231370476646 over 10 splits
(64, 31, 30)
(64, 31, 30)
(64, 31, 30)
(64, 31, 30)
(64, 31, 30)
(64, 31, 30)
(64, 31, 30)
(64, 31, 30)
(64, 31, 30)
(64, 31, 30)
subject 7, avg accuracy 0.7921052694320678/0.2540229882359847 over 10 splits
(64, 31, 30)
(64, 31, 30)
(64, 31, 30)
(64, 31, 30)
(64, 31, 30)
(64, 31, 30)
(64, 31, 30)
(64, 31, 30)
(64, 31, 30)
(64, 31, 30)
subject 8, avg accuracy 0.8842105388641357/0.35840708091195705 over 10 splits
(64, 31, 30)
(64, 31, 30)
(64, 31, 30)
(64, 31, 30)
(64, 31, 30)
(64, 31, 30)
(64, 31, 30)
(64, 31, 30)
(64, 31, 30)
(64, 31, 30)
subject 9, avg accuracy 0.8342105269432067/0.3493975904332586 over 10 splits
(64, 31, 30)
(64, 31, 30)
(64, 31, 30)
(64, 31, 30)
(64, 31, 30)
(64, 31, 30)
(64, 31, 30)
(64, 31, 30)
(64, 31, 30)
(64, 31, 30)
subject 11, avg accuracy 0.7964912295341492/0.4091836734693878 over 10 splits
(64, 31, 30)
(64, 31, 30)
(64, 31, 30)
(64, 31, 30)
(64, 31, 30)
(64, 31, 30)
(64, 31, 30)
(64, 31, 30)
(64, 31, 30)
(64, 31, 30)
subject 12, avg accuracy 0.821052634716034/0.31263157590439444 over 10 splits
(64, 31, 30)
(64, 31, 30)
(64, 31, 30)
(64, 31, 30)
(64, 31, 30)
(64, 31, 30)
(64, 31, 30)
(64, 31, 30)
(64, 31, 30)
(64, 31, 30)
subject 13, avg accuracy 0.8350877285003662/0.2911504426690857 over 10 splits
(64, 31, 30)
(64, 31, 30)
(64, 31, 30)
(64, 31, 30)
(64, 31, 30)
(64, 31, 30)
(64, 31, 30)
(64, 31, 30)
(64, 31, 30)
(64, 31, 30)
subject 14, avg accuracy 0.8110526382923127/0.39864864997767113 over 10 splits
(64, 31, 30)
(64, 31, 30)
(64, 31, 30)
(64, 31, 30)
(64, 31, 30)
(64, 31, 30)
(64, 31, 30)
(64, 31, 30)
(64, 31, 30)
(64, 31, 30)
subject 15, avg accuracy 0.7956140398979187/0.34879999930858613 over 10 splits
(64, 31, 30)
(64, 31, 30)
(64, 31, 30)
(64, 31, 30)
(64, 31, 30)
(64, 31, 30)
(64, 31, 30)
(64, 31, 30)
(64, 31, 30)
(64, 31, 30)
subject 16, avg accuracy 0.8068421065807343/0.39354838921177776 over 10 splits
(64, 31, 30)
(64, 31, 30)
(64, 31, 30)
(64, 31, 30)
(64, 31, 30)
(64, 31, 30)
(64, 31, 30)
(64, 31, 30)
(64, 31, 30)
(64, 31, 30)
subject 17, avg accuracy 0.810526317358017/0.2941176470588235 over 10 splits
(64, 31, 30)
(64, 31, 30)
(64, 31, 30)
(64, 31, 30)
(64, 31, 30)
(64, 31, 30)
(64, 31, 30)
(64, 31, 30)
(64, 31, 30)
(64, 31, 30)
subject 18, avg accuracy 0.8368421018123626/0.3171428578240531 over 10 splits
(64, 31, 30)
(64, 31, 30)
(64, 31, 30)
(64, 31, 30)
(64, 31, 30)
(64, 31, 30)
(64, 31, 30)
(64, 31, 30)
(64, 31, 30)
(64, 31, 30)
subject 19, avg accuracy 0.8397660851478577/0.3021978019194288 over 10 splits
avg accuracy over all subjects 0.8252306722932392/0.34628949380981827
(64, 31, 30)
(64, 31, 30)
(64, 31, 30)
(64, 31, 30)
(64, 31, 30)
(64, 31, 30)
(64, 31, 30)
(64, 31, 30)
(64, 31, 30)
(64, 31, 30)
subject 1, avg accuracy 0.7897660791873932/0.32000000261598166 over 10 splits
(64, 31, 30)
(64, 31, 30)
(64, 31, 30)
(64, 31, 30)
(64, 31, 30)
(64, 31, 30)
(64, 31, 30)
(64, 31, 30)
(64, 31, 30)
(64, 31, 30)
subject 2, avg accuracy 0.7757309973239899/0.43243243372118145 over 10 splits
(64, 31, 30)
(64, 31, 30)
(64, 31, 30)
(64, 31, 30)
(64, 31, 30)
(64, 31, 30)
(64, 31, 30)
(64, 31, 30)
(64, 31, 30)
(64, 31, 30)
subject 3, avg accuracy 0.9087719261646271/0.3415384615384616 over 10 splits
(64, 31, 30)
(64, 31, 30)
(64, 31, 30)
(64, 31, 30)
(64, 31, 30)
(64, 31, 30)
(64, 31, 30)
(64, 31, 30)
(64, 31, 30)
(64, 31, 30)
subject 4, avg accuracy 0.8760233879089355/0.390625 over 10 splits
(64, 31, 30)
(64, 31, 30)
(64, 31, 30)
(64, 31, 30)
(64, 31, 30)
(64, 31, 30)
(64, 31, 30)
(64, 31, 30)
(64, 31, 30)
(64, 31, 30)
subject 5, avg accuracy 0.8195906460285187/0.3256880741122119 over 10 splits
(64, 31, 30)
(64, 31, 30)
(64, 31, 30)
(64, 31, 30)
(64, 31, 30)
(64, 31, 30)
(64, 31, 30)
(64, 31, 30)
(64, 31, 30)
(64, 31, 30)
subject 6, avg accuracy 0.7599415242671966/0.34132231419736686 over 10 splits
(64, 31, 30)
(64, 31, 30)
(64, 31, 30)
(64, 31, 30)
(64, 31, 30)
(64, 31, 30)
(64, 31, 30)
(64, 31, 30)
(64, 31, 30)
(64, 31, 30)
subject 7, avg accuracy 0.8195906519889832/0.2758620681776398 over 10 splits
(64, 31, 30)
(64, 31, 30)
(64, 31, 30)
(64, 31, 30)
(64, 31, 30)
(64, 31, 30)
(64, 31, 30)
(64, 31, 30)
(64, 31, 30)
(64, 31, 30)
subject 8, avg accuracy 0.821052634716034/0.33362831961264655 over 10 splits
(64, 31, 30)
(64, 31, 30)
(64, 31, 30)
(64, 31, 30)
(64, 31, 30)
(64, 31, 30)
(64, 31, 30)
(64, 31, 30)
(64, 31, 30)
(64, 31, 30)
subject 9, avg accuracy 0.8444444477558136/0.3421686742320118 over 10 splits
(64, 31, 30)
(64, 31, 30)
(64, 31, 30)
(64, 31, 30)
(64, 31, 30)
(64, 31, 30)
(64, 31, 30)
(64, 31, 30)
(64, 31, 30)
(64, 31, 30)
subject 11, avg accuracy 0.7748538017272949/0.4112244897959184 over 10 splits
(64, 31, 30)
(64, 31, 30)
(64, 31, 30)
(64, 31, 30)
(64, 31, 30)
(64, 31, 30)
(64, 31, 30)
(64, 31, 30)
(64, 31, 30)
(64, 31, 30)
subject 12, avg accuracy 0.7894736945629119/0.33157894413722194 over 10 splits
(64, 31, 30)
(64, 31, 30)
(64, 31, 30)
(64, 31, 30)
(64, 31, 30)
(64, 31, 30)
(64, 31, 30)
(64, 31, 30)
(64, 31, 30)
(64, 31, 30)
subject 13, avg accuracy 0.7976608157157898/0.27079646065171836 over 10 splits
(64, 31, 30)
(64, 31, 30)
(64, 31, 30)
(64, 31, 30)
(64, 31, 30)
(64, 31, 30)
(64, 31, 30)
(64, 31, 30)
(64, 31, 30)
(64, 31, 30)
subject 14, avg accuracy 0.7805263221263885/0.38918919047793826 over 10 splits
(64, 31, 30)
(64, 31, 30)
(64, 31, 30)
(64, 31, 30)
(64, 31, 30)
(64, 31, 30)
(64, 31, 30)
(64, 31, 30)
(64, 31, 30)
(64, 31, 30)
subject 15, avg accuracy 0.8616959035396576/0.34640000005960464 over 10 splits
(64, 31, 30)
(64, 31, 30)
(64, 31, 30)
(64, 31, 30)
(64, 31, 30)
(64, 31, 30)
(64, 31, 30)
(64, 31, 30)
(64, 31, 30)
(64, 31, 30)
subject 16, avg accuracy 0.7489473640918731/0.377419356184621 over 10 splits
(64, 31, 30)
(64, 31, 30)
(64, 31, 30)
(64, 31, 30)
(64, 31, 30)
(64, 31, 30)
(64, 31, 30)
(64, 31, 30)
(64, 31, 30)
(64, 31, 30)
subject 17, avg accuracy 0.8263157963752746/0.3044117647058823 over 10 splits
(64, 31, 30)
(64, 31, 30)
(64, 31, 30)
(64, 31, 30)
(64, 31, 30)
(64, 31, 30)
(64, 31, 30)
(64, 31, 30)
(64, 31, 30)
(64, 31, 30)
subject 18, avg accuracy 0.8219298303127289/0.28714285765375414 over 10 splits
(64, 31, 30)
(64, 31, 30)
(64, 31, 30)
(64, 31, 30)
(64, 31, 30)
(64, 31, 30)
(64, 31, 30)
(64, 31, 30)
(64, 31, 30)
(64, 31, 30)
subject 19, avg accuracy 0.7953216373920441/0.3065934065934066 over 10 splits
avg accuracy over all subjects 0.8117576367325253/0.34044565658153153
(64, 31, 30)
(64, 31, 30)
(64, 31, 30)
(64, 31, 30)
(64, 31, 30)
(64, 31, 30)
(64, 31, 30)
(64, 31, 30)
(64, 31, 30)
(64, 31, 30)
subject 1, avg accuracy 0.7561403512954712/0.3033333360817697 over 10 splits
(64, 31, 30)
(64, 31, 30)
(64, 31, 30)
(64, 31, 30)
(64, 31, 30)
(64, 31, 30)
(64, 31, 30)
(64, 31, 30)
(64, 31, 30)
(64, 31, 30)
subject 2, avg accuracy 0.7915204703807831/0.4243243256130733 over 10 splits
(64, 31, 30)
(64, 31, 30)
(64, 31, 30)
(64, 31, 30)
(64, 31, 30)
(64, 31, 30)
(64, 31, 30)
(64, 31, 30)
(64, 31, 30)
(64, 31, 30)
subject 3, avg accuracy 0.8918128609657288/0.3523076923076923 over 10 splits
(64, 31, 30)
(64, 31, 30)
(64, 31, 30)
(64, 31, 30)
(64, 31, 30)
(64, 31, 30)
(64, 31, 30)
(64, 31, 30)
(64, 31, 30)
(64, 31, 30)
subject 4, avg accuracy 0.8809941470623016/0.39895833333333336 over 10 splits
(64, 31, 30)
(64, 31, 30)
(64, 31, 30)
(64, 31, 30)
(64, 31, 30)
(64, 31, 30)
(64, 31, 30)
(64, 31, 30)
(64, 31, 30)
(64, 31, 30)
subject 5, avg accuracy 0.8654970765113831/0.32568807413271805 over 10 splits
(64, 31, 30)
(64, 31, 30)
(64, 31, 30)
(64, 31, 30)
(64, 31, 30)
(64, 31, 30)
(64, 31, 30)
(64, 31, 30)
(64, 31, 30)
(64, 31, 30)
subject 6, avg accuracy 0.7505847990512848/0.35454545344941873 over 10 splits
(64, 31, 30)
(64, 31, 30)
(64, 31, 30)
(64, 31, 30)
(64, 31, 30)
(64, 31, 30)
(64, 31, 30)
(64, 31, 30)
(64, 31, 30)
(64, 31, 30)
subject 7, avg accuracy 0.8301169574260712/0.2931034475950332 over 10 splits
(64, 31, 30)
(64, 31, 30)
(64, 31, 30)
(64, 31, 30)
(64, 31, 30)
(64, 31, 30)
(64, 31, 30)
(64, 31, 30)
(64, 31, 30)
(64, 31, 30)
subject 8, avg accuracy 0.8736842155456543/0.36017699315484647 over 10 splits
(64, 31, 30)
(64, 31, 30)
(64, 31, 30)
(64, 31, 30)
(64, 31, 30)
(64, 31, 30)
(64, 31, 30)
(64, 31, 30)
(64, 31, 30)
(64, 31, 30)
subject 9, avg accuracy 0.8757309913635254/0.36867469890289994 over 10 splits
(64, 31, 30)
(64, 31, 30)
(64, 31, 30)
(64, 31, 30)
(64, 31, 30)
(64, 31, 30)
(64, 31, 30)
(64, 31, 30)
(64, 31, 30)
(64, 31, 30)
subject 11, avg accuracy 0.7912280678749084/0.40102040816326523 over 10 splits
(64, 31, 30)
(64, 31, 30)
(64, 31, 30)
(64, 31, 30)
(64, 31, 30)
(64, 31, 30)
(64, 31, 30)
(64, 31, 30)
(64, 31, 30)
(64, 31, 30)
subject 12, avg accuracy 0.8631579101085662/0.3221052599894373 over 10 splits
(64, 31, 30)
(64, 31, 30)
(64, 31, 30)
(64, 31, 30)
(64, 31, 30)
(64, 31, 30)
(64, 31, 30)
(64, 31, 30)
(64, 31, 30)
(64, 31, 30)
subject 13, avg accuracy 0.828947377204895/0.2628318585356516 over 10 splits
(64, 31, 30)
(64, 31, 30)
(64, 31, 30)
(64, 31, 30)
(64, 31, 30)
(64, 31, 30)
(64, 31, 30)
(64, 31, 30)
(64, 31, 30)
(64, 31, 30)
subject 14, avg accuracy 0.7692105352878571/0.4013513526803738 over 10 splits
(64, 31, 30)
(64, 31, 30)
(64, 31, 30)
(64, 31, 30)
(64, 31, 30)
(64, 31, 30)
(64, 31, 30)
(64, 31, 30)
(64, 31, 30)
(64, 31, 30)
subject 15, avg accuracy 0.8450292348861694/0.3623999992847443 over 10 splits
(64, 31, 30)
(64, 31, 30)
(64, 31, 30)
(64, 31, 30)
(64, 31, 30)
(64, 31, 30)
(64, 31, 30)
(64, 31, 30)
(64, 31, 30)
(64, 31, 30)
subject 16, avg accuracy 0.7860526382923126/0.4209677451079892 over 10 splits
(64, 31, 30)
(64, 31, 30)
(64, 31, 30)
(64, 31, 30)
(64, 31, 30)
(64, 31, 30)
(64, 31, 30)
(64, 31, 30)
(64, 31, 30)
(64, 31, 30)
subject 17, avg accuracy 0.8000000059604645/0.3014705882352941 over 10 splits
(64, 31, 30)
(64, 31, 30)
(64, 31, 30)
(64, 31, 30)
(64, 31, 30)
(64, 31, 30)
(64, 31, 30)
(64, 31, 30)
(64, 31, 30)
(64, 31, 30)
subject 18, avg accuracy 0.8593567252159119/0.3057142860974584 over 10 splits
(64, 31, 30)
(64, 31, 30)
(64, 31, 30)
(64, 31, 30)
(64, 31, 30)
(64, 31, 30)
(64, 31, 30)
(64, 31, 30)
(64, 31, 30)
(64, 31, 30)
subject 19, avg accuracy 0.8345029175281524/0.2934065935539675 over 10 splits
avg accuracy over all subjects 0.8274204045534134/0.34735446923438706
(64, 31, 30)
(64, 31, 30)
(64, 31, 30)
(64, 31, 30)
(64, 31, 30)
(64, 31, 30)
(64, 31, 30)
(64, 31, 30)
(64, 31, 30)
(64, 31, 30)
subject 1, avg accuracy 0.7950292468070984/0.31777777949968977 over 10 splits
(64, 31, 30)
(64, 31, 30)
(64, 31, 30)
(64, 31, 30)
(64, 31, 30)
(64, 31, 30)
(64, 31, 30)
(64, 31, 30)
(64, 31, 30)
(64, 31, 30)
subject 2, avg accuracy 0.747076028585434/0.4378378387238528 over 10 splits
(64, 31, 30)
(64, 31, 30)
(64, 31, 30)
(64, 31, 30)
(64, 31, 30)
(64, 31, 30)
(64, 31, 30)
(64, 31, 30)
(64, 31, 30)
(64, 31, 30)
subject 3, avg accuracy 0.8880116879940033/0.3576923076923077 over 10 splits
(64, 31, 30)
(64, 31, 30)
(64, 31, 30)
(64, 31, 30)
(64, 31, 30)
(64, 31, 30)
(64, 31, 30)
(64, 31, 30)
(64, 31, 30)
(64, 31, 30)
subject 4, avg accuracy 0.827777773141861/0.38020833333333337 over 10 splits
(64, 31, 30)
(64, 31, 30)
(64, 31, 30)
(64, 31, 30)
(64, 31, 30)
(64, 31, 30)
(64, 31, 30)
(64, 31, 30)
(64, 31, 30)
(64, 31, 30)
subject 5, avg accuracy 0.8611111164093017/0.3339449547162843 over 10 splits
(64, 31, 30)
(64, 31, 30)
(64, 31, 30)
(64, 31, 30)
(64, 31, 30)
(64, 31, 30)
(64, 31, 30)
(64, 31, 30)
(64, 31, 30)
(64, 31, 30)
subject 6, avg accuracy 0.7716374278068543/0.3603305786232318 over 10 splits
(64, 31, 30)
(64, 31, 30)
(64, 31, 30)
(64, 31, 30)
(64, 31, 30)
(64, 31, 30)
(64, 31, 30)
(64, 31, 30)
(64, 31, 30)
(64, 31, 30)
subject 7, avg accuracy 0.7979532301425933/0.2816091950768712 over 10 splits
(64, 31, 30)
(64, 31, 30)
(64, 31, 30)
(64, 31, 30)
(64, 31, 30)
(64, 31, 30)
(64, 31, 30)
(64, 31, 30)
(64, 31, 30)
(64, 31, 30)
subject 8, avg accuracy 0.800000011920929/0.346902656739792 over 10 splits
(64, 31, 30)
(64, 31, 30)
(64, 31, 30)
(64, 31, 30)
(64, 31, 30)
(64, 31, 30)
(64, 31, 30)
(64, 31, 30)
(64, 31, 30)
(64, 31, 30)
subject 9, avg accuracy 0.8213450312614441/0.3698795188981366 over 10 splits
(64, 31, 30)
(64, 31, 30)
(64, 31, 30)
(64, 31, 30)
(64, 31, 30)
(64, 31, 30)
(64, 31, 30)
(64, 31, 30)
(64, 31, 30)
(64, 31, 30)
subject 11, avg accuracy 0.7804093539714814/0.43061224489795913 over 10 splits
(64, 31, 30)
(64, 31, 30)
(64, 31, 30)
(64, 31, 30)
(64, 31, 30)
(64, 31, 30)
(64, 31, 30)
(64, 31, 30)
(64, 31, 30)
(64, 31, 30)
subject 12, avg accuracy 0.8421052694320679/0.33578947013930266 over 10 splits
(64, 31, 30)
(64, 31, 30)
(64, 31, 30)
(64, 31, 30)
(64, 31, 30)
(64, 31, 30)
(64, 31, 30)
(64, 31, 30)
(64, 31, 30)
(64, 31, 30)
subject 13, avg accuracy 0.8181286573410034/0.2823008852095994 over 10 splits
(64, 31, 30)
(64, 31, 30)
(64, 31, 30)
(64, 31, 30)
(64, 31, 30)
(64, 31, 30)
(64, 31, 30)
(64, 31, 30)
(64, 31, 30)
(64, 31, 30)
subject 14, avg accuracy 0.7957894742488861/0.3932432446125391 over 10 splits
(64, 31, 30)
(64, 31, 30)
(64, 31, 30)
(64, 31, 30)
(64, 31, 30)
(64, 31, 30)
(64, 31, 30)
(64, 31, 30)
(64, 31, 30)
(64, 31, 30)
subject 15, avg accuracy 0.8456140339374543/0.34800000108480456 over 10 splits
(64, 31, 30)
(64, 31, 30)
(64, 31, 30)
(64, 31, 30)
(64, 31, 30)
(64, 31, 30)
(64, 31, 30)
(64, 31, 30)
(64, 31, 30)
(64, 31, 30)
subject 16, avg accuracy 0.7550000071525573/0.38387097158739647 over 10 splits
(64, 31, 30)
(64, 31, 30)
(64, 31, 30)
(64, 31, 30)
(64, 31, 30)
(64, 31, 30)
(64, 31, 30)
(64, 31, 30)
(64, 31, 30)
(64, 31, 30)
subject 17, avg accuracy 0.7631579041481018/0.29705882352941176 over 10 splits
(64, 31, 30)
(64, 31, 30)
(64, 31, 30)
(64, 31, 30)
(64, 31, 30)
(64, 31, 30)
(64, 31, 30)
(64, 31, 30)
(64, 31, 30)
(64, 31, 30)
subject 18, avg accuracy 0.7891812801361084/0.3128571431977408 over 10 splits
(64, 31, 30)
(64, 31, 30)
(64, 31, 30)
(64, 31, 30)
(64, 31, 30)
(64, 31, 30)
(64, 31, 30)
(64, 31, 30)
(64, 31, 30)
(64, 31, 30)
subject 19, avg accuracy 0.8020467758178711/0.3054945048886341 over 10 splits
avg accuracy over all subjects 0.8056319061252807/0.34863391402504923
channel values
0.04303240292958176
0.04285304840890025
0.04381414796517029
0.042692993086583586
0.04200057959243246
0.042982753343479604
0.04361063903662751
0.04330979608606409
0.04187945646197138
0.04193499457109786
0.04203264798855981
0.04372124071930187
0.044123266272504985
0.04265791694978374
0.04233372271502459
0.04269999570174314
0.04437188654618166
0.04317263639443237
0.042096109613580374
0.04237164345835842
0.043588397268753326
0.04528500669062351
0.04305653570487365
0.04303174012023488
0.04352997898571238
0.046950352145779514
0.04593843159738265
0.044884347649030785
0.04535206974535433
0.0463128750822735
0.04600411177650005
acc 0.8056319061252807/0.34863391402504923

acc 0.8117576367325253/0.34044565658153153

acc 0.8198976647522715/0.3496860834689045

acc 0.8203931146197849/0.3449152655513733

acc 0.8221052630080116/0.3479177401213945

acc 0.8231903844409519/0.3524271201384501

acc 0.8252306722932392/0.34628949380981827

acc 0.8274204045534134/0.34735446923438706

acc 0.8296215073929892/0.3459421186864895

acc 0.8329174793428844/0.35150117270454223

avg over all trials and subjects 0.8218166033261353/0.34751130343219405
end time
Tue May 15 21:48:01 CEST 2018
