start time
Fri Apr 13 13:33:45 CEST 2018

                            < M A T L A B (R) >
                  Copyright 1984-2017 The MathWorks, Inc.
                   R2017b (9.3.0.713579) 64-bit (glnxa64)
                             September 14, 2017

 
To get started, type one of these: helpwin, helpdesk, or demo.
For product information, visit www.mathworks.com.
 

method = 

    "spec"


ans =

    96   512    31


method = 

    "wig"


ans =

   768   512    31

{Undefined function or variable 'quadamb'.

Error in aux_transform (line 85)
                out{i}(j,:,:) = quadamb(hilbert(in{i}(j,:))',...

Error in savetf (line 15)
    Xt = aux_transform(X, method, param);

Error in run (line 91)
evalin('caller', strcat(script, ';'));
} 
>> end time
Fri Apr 13 14:09:09 CEST 2018
